[0.469s] Invoking command in '/home/ubuntu/ros2_ws/build/cv_bridge': CMAKE_PREFIX_PATH=${CMAKE_PREFIX_PATH}:/home/ubuntu/ros2_ws/install/opencv_tests:/home/ubuntu/ros2_ws/install/camera_calibration:/home/ubuntu/turtlebot3_ws/install/turtlebot3_teleop:/home/ubuntu/turtlebot3_ws/install/turtlebot3_example:/opt/ros/foxy /usr/bin/cmake --build /home/ubuntu/ros2_ws/build/cv_bridge -- -j4 -l4
[2.459s] [ 12%] Built target gtest_main
[2.688s] [ 25%] Built target gtest
[2.864s] [ 43%] Built target cv_bridge
[4.266s] [100%] Built target cv_bridge-utest
[4.269s] [ 93%] Built target cv_bridge_boost
[4.630s] Invoked command in '/home/ubuntu/ros2_ws/build/cv_bridge' returned '0': CMAKE_PREFIX_PATH=${CMAKE_PREFIX_PATH}:/home/ubuntu/ros2_ws/install/opencv_tests:/home/ubuntu/ros2_ws/install/camera_calibration:/home/ubuntu/turtlebot3_ws/install/turtlebot3_teleop:/home/ubuntu/turtlebot3_ws/install/turtlebot3_example:/opt/ros/foxy /usr/bin/cmake --build /home/ubuntu/ros2_ws/build/cv_bridge -- -j4 -l4
[5.697s] Invoking command in '/home/ubuntu/ros2_ws/build/cv_bridge': CMAKE_PREFIX_PATH=${CMAKE_PREFIX_PATH}:/home/ubuntu/ros2_ws/install/opencv_tests:/home/ubuntu/ros2_ws/install/camera_calibration:/home/ubuntu/turtlebot3_ws/install/turtlebot3_teleop:/home/ubuntu/turtlebot3_ws/install/turtlebot3_example:/opt/ros/foxy /usr/bin/cmake --install /home/ubuntu/ros2_ws/build/cv_bridge
[5.875s] -- Install configuration: ""
[5.881s] -- Execute custom install script
[5.886s] -- Up-to-date symlink: /home/ubuntu/ros2_ws/install/cv_bridge/share/cv_bridge/environment/pythonpath.sh
[5.924s] -- Up-to-date symlink: /home/ubuntu/ros2_ws/install/cv_bridge/share/cv_bridge/environment/pythonpath.dsv
[5.931s] -- Up-to-date symlink: /home/ubuntu/ros2_ws/install/cv_bridge/lib/python3.8/site-packages/cv_bridge/__init__.py
[5.934s] -- Up-to-date symlink: /home/ubuntu/ros2_ws/install/cv_bridge/lib/python3.8/site-packages/cv_bridge/core.py
[5.935s] -- Up-to-date symlink: /home/ubuntu/ros2_ws/install/cv_bridge/lib/libcv_bridge.so
[5.954s] -- Up-to-date symlink: /home/ubuntu/ros2_ws/install/cv_bridge/include/cv_bridge/cv_bridge_export.h
[5.956s] -- Up-to-date symlink: /home/ubuntu/ros2_ws/install/cv_bridge/lib/python3.8/site-packages/cv_bridge/boost//cv_bridge_boost.so
[5.957s] -- Up-to-date symlink: /home/ubuntu/ros2_ws/install/cv_bridge/share/cv_bridge/environment/library_path.sh
[5.959s] -- Up-to-date symlink: /home/ubuntu/ros2_ws/install/cv_bridge/share/cv_bridge/environment/library_path.dsv
[5.961s] -- Up-to-date symlink: /home/ubuntu/ros2_ws/install/cv_bridge/include/cv_bridge/cv_bridge.h
[5.966s] -- Up-to-date symlink: /home/ubuntu/ros2_ws/install/cv_bridge/include/cv_bridge/rgb_colors.h
[5.967s] -- Up-to-date symlink: /home/ubuntu/ros2_ws/install/cv_bridge/lib/libcv_bridge.so
[5.970s] -- Up-to-date symlink: /home/ubuntu/ros2_ws/install/cv_bridge/share/ament_index/resource_index/package_run_dependencies/cv_bridge
[5.975s] -- Up-to-date symlink: /home/ubuntu/ros2_ws/install/cv_bridge/share/ament_index/resource_index/parent_prefix_path/cv_bridge
[5.989s] -- Up-to-date symlink: /home/ubuntu/ros2_ws/install/cv_bridge/share/cv_bridge/environment/ament_prefix_path.sh
[6.004s] -- Up-to-date symlink: /home/ubuntu/ros2_ws/install/cv_bridge/share/cv_bridge/environment/ament_prefix_path.dsv
[6.006s] -- Up-to-date symlink: /home/ubuntu/ros2_ws/install/cv_bridge/share/cv_bridge/environment/path.sh
[6.009s] -- Up-to-date symlink: /home/ubuntu/ros2_ws/install/cv_bridge/share/cv_bridge/environment/path.dsv
[6.020s] -- Up-to-date symlink: /home/ubuntu/ros2_ws/install/cv_bridge/share/cv_bridge/local_setup.bash
[6.034s] -- Up-to-date symlink: /home/ubuntu/ros2_ws/install/cv_bridge/share/cv_bridge/local_setup.sh
[6.035s] -- Up-to-date symlink: /home/ubuntu/ros2_ws/install/cv_bridge/share/cv_bridge/local_setup.zsh
[6.044s] -- Up-to-date symlink: /home/ubuntu/ros2_ws/install/cv_bridge/share/cv_bridge/local_setup.dsv
[6.047s] -- Symlinking: /home/ubuntu/ros2_ws/install/cv_bridge/share/cv_bridge/package.dsv
[6.246s] -- Up-to-date symlink: /home/ubuntu/ros2_ws/install/cv_bridge/share/ament_index/resource_index/packages/cv_bridge
[6.255s] -- Up-to-date symlink: /home/ubuntu/ros2_ws/install/cv_bridge/share/cv_bridge/cmake/cv_bridge-extras.cmake
[6.261s] -- Up-to-date symlink: /home/ubuntu/ros2_ws/install/cv_bridge/share/cv_bridge/cmake/ament_cmake_export_dependencies-extras.cmake
[6.268s] -- Up-to-date symlink: /home/ubuntu/ros2_ws/install/cv_bridge/share/cv_bridge/cmake/ament_cmake_export_include_directories-extras.cmake
[6.276s] -- Up-to-date symlink: /home/ubuntu/ros2_ws/install/cv_bridge/share/cv_bridge/cmake/ament_cmake_export_libraries-extras.cmake
[6.282s] -- Up-to-date symlink: /home/ubuntu/ros2_ws/install/cv_bridge/share/cv_bridge/cmake/cv_bridgeConfig.cmake
[6.295s] -- Up-to-date symlink: /home/ubuntu/ros2_ws/install/cv_bridge/share/cv_bridge/cmake/cv_bridgeConfig-version.cmake
[6.302s] -- Up-to-date symlink: /home/ubuntu/ros2_ws/install/cv_bridge/share/cv_bridge/package.xml
[6.854s] Listing '/home/ubuntu/ros2_ws/install/cv_bridge/lib/python3.8/site-packages/cv_bridge'...
[6.855s] Listing '/home/ubuntu/ros2_ws/install/cv_bridge/lib/python3.8/site-packages/cv_bridge/boost'...
[6.959s] Invoked command in '/home/ubuntu/ros2_ws/build/cv_bridge' returned '0': CMAKE_PREFIX_PATH=${CMAKE_PREFIX_PATH}:/home/ubuntu/ros2_ws/install/opencv_tests:/home/ubuntu/ros2_ws/install/camera_calibration:/home/ubuntu/turtlebot3_ws/install/turtlebot3_teleop:/home/ubuntu/turtlebot3_ws/install/turtlebot3_example:/opt/ros/foxy /usr/bin/cmake --install /home/ubuntu/ros2_ws/build/cv_bridge
