[3.130s] Invoking command in '/home/ubuntu/ros2_ws/src/image_pipeline/camera_calibration': CMAKE_PREFIX_PATH=/home/ubuntu/ros2_ws/install/image_geometry:/home/ubuntu/ros2_ws/install/cv_bridge:/home/ubuntu/ros2_ws/install/vision_opencv:/home/ubuntu/ros2_ws/install/v4l2_camera:/home/ubuntu/ros2_ws/install/image_pipeline:/home/ubuntu/ros2_ws/install/stereo_image_proc:/home/ubuntu/ros2_ws/install/image_proc:/home/ubuntu/ros2_ws/install/tracetools_image_pipeline:/home/ubuntu/ros2_ws/install/image_transport_plugins:/home/ubuntu/ros2_ws/install/theora_image_transport:/home/ubuntu/ros2_ws/install/image_view:/home/ubuntu/ros2_ws/install/image_rotate:/home/ubuntu/ros2_ws/install/image_publisher:/home/ubuntu/ros2_ws/install/image_common:/home/ubuntu/ros2_ws/install/depth_image_proc:/home/ubuntu/ros2_ws/install/compressed_image_transport:/home/ubuntu/ros2_ws/install/compressed_depth_image_transport:/home/ubuntu/ros2_ws/install/image_transport:/home/ubuntu/ros2_ws/install/camera_info_manager:/home/ubuntu/ros2_ws/install/camera_calibration_parsers:/home/ubuntu/cv_cam_ws/install/opencv_cam:/home/ubuntu/cv_cam_ws/install/ros2_shared:/home/ubuntu/turtlebot3_ws/install/turtlebot3:/home/ubuntu/turtlebot3_ws/install/turtlebot3_bringup:/home/ubuntu/turtlebot3_ws/install/turtlebot3_node:/home/ubuntu/turtlebot3_ws/install/turtlebot3_description:/home/ubuntu/turtlebot3_ws/install/ld08_driver LD_LIBRARY_PATH=/home/ubuntu/ros2_ws/install/image_geometry/lib:/home/ubuntu/ros2_ws/install/cv_bridge/lib:/home/ubuntu/ros2_ws/install/v4l2_camera/lib:/home/ubuntu/ros2_ws/install/stereo_image_proc/lib:/home/ubuntu/ros2_ws/install/image_proc/lib:/home/ubuntu/ros2_ws/install/tracetools_image_pipeline/lib:/home/ubuntu/ros2_ws/install/theora_image_transport/lib:/home/ubuntu/ros2_ws/install/image_view/lib:/home/ubuntu/ros2_ws/install/image_rotate/lib:/home/ubuntu/ros2_ws/install/image_publisher/lib:/home/ubuntu/ros2_ws/install/depth_image_proc/lib:/home/ubuntu/ros2_ws/install/compressed_image_transport/lib:/home/ubuntu/ros2_ws/install/compressed_depth_image_transport/lib:/home/ubuntu/ros2_ws/install/image_transport/lib:/home/ubuntu/ros2_ws/install/camera_info_manager/lib:/home/ubuntu/ros2_ws/install/camera_calibration_parsers/lib:/home/ubuntu/cv_cam_ws/install/opencv_cam/lib:/opt/ros/foxy/opt/yaml_cpp_vendor/lib:/opt/ros/foxy/lib/aarch64-linux-gnu:/opt/ros/foxy/lib PYTHONPATH=/home/ubuntu/ros2_ws/install/camera_calibration/lib/python3.8/site-packages:/home/ubuntu/ros2_ws/install/image_geometry/lib/python3.8/site-packages:/home/ubuntu/ros2_ws/install/cv_bridge/lib/python3.8/site-packages:/home/ubuntu/ros2_ws/install/theora_image_transport/lib/python3.8/site-packages:/home/ubuntu/ros2_ws/build/opencv_tests:/home/ubuntu/ros2_ws/install/opencv_tests/lib/python3.8/site-packages:/home/ubuntu/ros2_ws/build/camera_calibration/src:/home/ubuntu/ros2_ws/install/camera_calibration/lib/python3.8/site-packages:/home/ubuntu/turtlebot3_ws/build/turtlebot3_teleop:/home/ubuntu/turtlebot3_ws/install/turtlebot3_teleop/lib/python3.8/site-packages:/home/ubuntu/turtlebot3_ws/build/turtlebot3_example:/home/ubuntu/turtlebot3_ws/install/turtlebot3_example/lib/python3.8/site-packages:/opt/ros/foxy/lib/python3.8/site-packages /usr/bin/python3 setup.py egg_info --egg-base ../../../build/camera_calibration build --build-base /home/ubuntu/ros2_ws/build/camera_calibration/build install --prefix /home/ubuntu/ros2_ws/install/camera_calibration --record /home/ubuntu/ros2_ws/build/camera_calibration/install.log --single-version-externally-managed
[5.665s] running egg_info
[5.670s] creating ../../../build/camera_calibration/camera_calibration.egg-info
[5.671s] writing ../../../build/camera_calibration/camera_calibration.egg-info/PKG-INFO
[5.673s] writing dependency_links to ../../../build/camera_calibration/camera_calibration.egg-info/dependency_links.txt
[5.675s] writing entry points to ../../../build/camera_calibration/camera_calibration.egg-info/entry_points.txt
[5.678s] writing requirements to ../../../build/camera_calibration/camera_calibration.egg-info/requires.txt
[5.680s] writing top-level names to ../../../build/camera_calibration/camera_calibration.egg-info/top_level.txt
[5.693s] writing manifest file '../../../build/camera_calibration/camera_calibration.egg-info/SOURCES.txt'
[6.055s] reading manifest file '../../../build/camera_calibration/camera_calibration.egg-info/SOURCES.txt'
[6.065s] writing manifest file '../../../build/camera_calibration/camera_calibration.egg-info/SOURCES.txt'
[6.067s] running build
[6.069s] running build_py
[6.071s] creating /home/ubuntu/ros2_ws/build/camera_calibration/build
[6.073s] creating /home/ubuntu/ros2_ws/build/camera_calibration/build/lib
[6.074s] creating /home/ubuntu/ros2_ws/build/camera_calibration/build/lib/camera_calibration
[6.075s] copying src/camera_calibration/camera_calibrator.py -> /home/ubuntu/ros2_ws/build/camera_calibration/build/lib/camera_calibration
[6.076s] copying src/camera_calibration/__init__.py -> /home/ubuntu/ros2_ws/build/camera_calibration/build/lib/camera_calibration
[6.077s] copying src/camera_calibration/calibrator.py -> /home/ubuntu/ros2_ws/build/camera_calibration/build/lib/camera_calibration
[6.083s] copying src/camera_calibration/camera_checker.py -> /home/ubuntu/ros2_ws/build/camera_calibration/build/lib/camera_calibration
[6.089s] creating /home/ubuntu/ros2_ws/build/camera_calibration/build/lib/camera_calibration/nodes
[6.092s] copying src/camera_calibration/nodes/__init__.py -> /home/ubuntu/ros2_ws/build/camera_calibration/build/lib/camera_calibration/nodes
[6.093s] copying src/camera_calibration/nodes/cameracalibrator.py -> /home/ubuntu/ros2_ws/build/camera_calibration/build/lib/camera_calibration/nodes
[6.095s] copying src/camera_calibration/nodes/cameracheck.py -> /home/ubuntu/ros2_ws/build/camera_calibration/build/lib/camera_calibration/nodes
[6.101s] running install
[6.110s] running install_lib
[6.119s] creating /home/ubuntu/ros2_ws/install/camera_calibration/lib/python3.8/site-packages/camera_calibration
[6.121s] copying /home/ubuntu/ros2_ws/build/camera_calibration/build/lib/camera_calibration/camera_calibrator.py -> /home/ubuntu/ros2_ws/install/camera_calibration/lib/python3.8/site-packages/camera_calibration
[6.122s] copying /home/ubuntu/ros2_ws/build/camera_calibration/build/lib/camera_calibration/__init__.py -> /home/ubuntu/ros2_ws/install/camera_calibration/lib/python3.8/site-packages/camera_calibration
[6.125s] creating /home/ubuntu/ros2_ws/install/camera_calibration/lib/python3.8/site-packages/camera_calibration/nodes
[6.127s] copying /home/ubuntu/ros2_ws/build/camera_calibration/build/lib/camera_calibration/nodes/__init__.py -> /home/ubuntu/ros2_ws/install/camera_calibration/lib/python3.8/site-packages/camera_calibration/nodes
[6.128s] copying /home/ubuntu/ros2_ws/build/camera_calibration/build/lib/camera_calibration/nodes/cameracalibrator.py -> /home/ubuntu/ros2_ws/install/camera_calibration/lib/python3.8/site-packages/camera_calibration/nodes
[6.130s] copying /home/ubuntu/ros2_ws/build/camera_calibration/build/lib/camera_calibration/nodes/cameracheck.py -> /home/ubuntu/ros2_ws/install/camera_calibration/lib/python3.8/site-packages/camera_calibration/nodes
[6.131s] copying /home/ubuntu/ros2_ws/build/camera_calibration/build/lib/camera_calibration/calibrator.py -> /home/ubuntu/ros2_ws/install/camera_calibration/lib/python3.8/site-packages/camera_calibration
[6.136s] copying /home/ubuntu/ros2_ws/build/camera_calibration/build/lib/camera_calibration/camera_checker.py -> /home/ubuntu/ros2_ws/install/camera_calibration/lib/python3.8/site-packages/camera_calibration
[6.141s] byte-compiling /home/ubuntu/ros2_ws/install/camera_calibration/lib/python3.8/site-packages/camera_calibration/camera_calibrator.py to camera_calibrator.cpython-38.pyc
[6.173s] byte-compiling /home/ubuntu/ros2_ws/install/camera_calibration/lib/python3.8/site-packages/camera_calibration/__init__.py to __init__.cpython-38.pyc
[6.176s] byte-compiling /home/ubuntu/ros2_ws/install/camera_calibration/lib/python3.8/site-packages/camera_calibration/nodes/__init__.py to __init__.cpython-38.pyc
[6.178s] byte-compiling /home/ubuntu/ros2_ws/install/camera_calibration/lib/python3.8/site-packages/camera_calibration/nodes/cameracalibrator.py to cameracalibrator.cpython-38.pyc
[6.187s] byte-compiling /home/ubuntu/ros2_ws/install/camera_calibration/lib/python3.8/site-packages/camera_calibration/nodes/cameracheck.py to cameracheck.cpython-38.pyc
[6.191s] byte-compiling /home/ubuntu/ros2_ws/install/camera_calibration/lib/python3.8/site-packages/camera_calibration/calibrator.py to calibrator.cpython-38.pyc
[6.266s] byte-compiling /home/ubuntu/ros2_ws/install/camera_calibration/lib/python3.8/site-packages/camera_calibration/camera_checker.py to camera_checker.cpython-38.pyc
[6.277s] running install_data
[6.282s] running install_egg_info
[6.300s] Copying ../../../build/camera_calibration/camera_calibration.egg-info to /home/ubuntu/ros2_ws/install/camera_calibration/lib/python3.8/site-packages/camera_calibration-2.3.0-py3.8.egg-info
[6.314s] running install_scripts
[6.500s] Installing cameracalibrator script to /home/ubuntu/ros2_ws/install/camera_calibration/lib/camera_calibration
[6.502s] Installing cameracheck script to /home/ubuntu/ros2_ws/install/camera_calibration/lib/camera_calibration
[6.508s] writing list of installed files to '/home/ubuntu/ros2_ws/build/camera_calibration/install.log'
[6.749s] Invoked command in '/home/ubuntu/ros2_ws/src/image_pipeline/camera_calibration' returned '0': CMAKE_PREFIX_PATH=/home/ubuntu/ros2_ws/install/image_geometry:/home/ubuntu/ros2_ws/install/cv_bridge:/home/ubuntu/ros2_ws/install/vision_opencv:/home/ubuntu/ros2_ws/install/v4l2_camera:/home/ubuntu/ros2_ws/install/image_pipeline:/home/ubuntu/ros2_ws/install/stereo_image_proc:/home/ubuntu/ros2_ws/install/image_proc:/home/ubuntu/ros2_ws/install/tracetools_image_pipeline:/home/ubuntu/ros2_ws/install/image_transport_plugins:/home/ubuntu/ros2_ws/install/theora_image_transport:/home/ubuntu/ros2_ws/install/image_view:/home/ubuntu/ros2_ws/install/image_rotate:/home/ubuntu/ros2_ws/install/image_publisher:/home/ubuntu/ros2_ws/install/image_common:/home/ubuntu/ros2_ws/install/depth_image_proc:/home/ubuntu/ros2_ws/install/compressed_image_transport:/home/ubuntu/ros2_ws/install/compressed_depth_image_transport:/home/ubuntu/ros2_ws/install/image_transport:/home/ubuntu/ros2_ws/install/camera_info_manager:/home/ubuntu/ros2_ws/install/camera_calibration_parsers:/home/ubuntu/cv_cam_ws/install/opencv_cam:/home/ubuntu/cv_cam_ws/install/ros2_shared:/home/ubuntu/turtlebot3_ws/install/turtlebot3:/home/ubuntu/turtlebot3_ws/install/turtlebot3_bringup:/home/ubuntu/turtlebot3_ws/install/turtlebot3_node:/home/ubuntu/turtlebot3_ws/install/turtlebot3_description:/home/ubuntu/turtlebot3_ws/install/ld08_driver LD_LIBRARY_PATH=/home/ubuntu/ros2_ws/install/image_geometry/lib:/home/ubuntu/ros2_ws/install/cv_bridge/lib:/home/ubuntu/ros2_ws/install/v4l2_camera/lib:/home/ubuntu/ros2_ws/install/stereo_image_proc/lib:/home/ubuntu/ros2_ws/install/image_proc/lib:/home/ubuntu/ros2_ws/install/tracetools_image_pipeline/lib:/home/ubuntu/ros2_ws/install/theora_image_transport/lib:/home/ubuntu/ros2_ws/install/image_view/lib:/home/ubuntu/ros2_ws/install/image_rotate/lib:/home/ubuntu/ros2_ws/install/image_publisher/lib:/home/ubuntu/ros2_ws/install/depth_image_proc/lib:/home/ubuntu/ros2_ws/install/compressed_image_transport/lib:/home/ubuntu/ros2_ws/install/compressed_depth_image_transport/lib:/home/ubuntu/ros2_ws/install/image_transport/lib:/home/ubuntu/ros2_ws/install/camera_info_manager/lib:/home/ubuntu/ros2_ws/install/camera_calibration_parsers/lib:/home/ubuntu/cv_cam_ws/install/opencv_cam/lib:/opt/ros/foxy/opt/yaml_cpp_vendor/lib:/opt/ros/foxy/lib/aarch64-linux-gnu:/opt/ros/foxy/lib PYTHONPATH=/home/ubuntu/ros2_ws/install/camera_calibration/lib/python3.8/site-packages:/home/ubuntu/ros2_ws/install/image_geometry/lib/python3.8/site-packages:/home/ubuntu/ros2_ws/install/cv_bridge/lib/python3.8/site-packages:/home/ubuntu/ros2_ws/install/theora_image_transport/lib/python3.8/site-packages:/home/ubuntu/ros2_ws/build/opencv_tests:/home/ubuntu/ros2_ws/install/opencv_tests/lib/python3.8/site-packages:/home/ubuntu/ros2_ws/build/camera_calibration/src:/home/ubuntu/ros2_ws/install/camera_calibration/lib/python3.8/site-packages:/home/ubuntu/turtlebot3_ws/build/turtlebot3_teleop:/home/ubuntu/turtlebot3_ws/install/turtlebot3_teleop/lib/python3.8/site-packages:/home/ubuntu/turtlebot3_ws/build/turtlebot3_example:/home/ubuntu/turtlebot3_ws/install/turtlebot3_example/lib/python3.8/site-packages:/opt/ros/foxy/lib/python3.8/site-packages /usr/bin/python3 setup.py egg_info --egg-base ../../../build/camera_calibration build --build-base /home/ubuntu/ros2_ws/build/camera_calibration/build install --prefix /home/ubuntu/ros2_ws/install/camera_calibration --record /home/ubuntu/ros2_ws/build/camera_calibration/install.log --single-version-externally-managed
