[0.284s] Invoking command in '/home/ubuntu/ros2_ws/build/image_geometry': CMAKE_PREFIX_PATH=${CMAKE_PREFIX_PATH}:/home/ubuntu/ros2_ws/install/opencv_tests:/home/ubuntu/turtlebot3_ws/install/turtlebot3_teleop:/home/ubuntu/turtlebot3_ws/install/turtlebot3_example:/opt/ros/foxy /usr/bin/cmake --build /home/ubuntu/ros2_ws/build/image_geometry -- -j4 -l4
[2.094s] [  9%] [32mBuilding CXX object gtest/CMakeFiles/gtest.dir/src/gtest-all.cc.o[0m
[2.188s] [ 27%] Built target gtest_main
[2.424s] [ 54%] Built target image_geometry
[1419.817s] [ 63%] [32m[1mLinking CXX static library libgtest.a[0m
[1419.833s] [ 63%] Built target gtest
[1419.835s] [35m[1mScanning dependencies of target image_geometry-utest-equi[0m
[1421.222s] [ 72%] [32mBuilding CXX object test/CMakeFiles/image_geometry-utest-equi.dir/utest_equi.cpp.o[0m
[1438.203s] [ 81%] [32m[1mLinking CXX executable image_geometry-utest-equi[0m
[1440.690s] [ 81%] Built target image_geometry-utest-equi
[1440.799s] [35m[1mScanning dependencies of target image_geometry-utest[0m
[1441.080s] [ 90%] [32mBuilding CXX object test/CMakeFiles/image_geometry-utest.dir/utest.cpp.o[0m
[1466.746s] [100%] [32m[1mLinking CXX executable image_geometry-utest[0m
[1469.603s] [100%] Built target image_geometry-utest
[1472.269s] Invoked command in '/home/ubuntu/ros2_ws/build/image_geometry' returned '0': CMAKE_PREFIX_PATH=${CMAKE_PREFIX_PATH}:/home/ubuntu/ros2_ws/install/opencv_tests:/home/ubuntu/turtlebot3_ws/install/turtlebot3_teleop:/home/ubuntu/turtlebot3_ws/install/turtlebot3_example:/opt/ros/foxy /usr/bin/cmake --build /home/ubuntu/ros2_ws/build/image_geometry -- -j4 -l4
[1474.074s] Invoking command in '/home/ubuntu/ros2_ws/build/image_geometry': CMAKE_PREFIX_PATH=${CMAKE_PREFIX_PATH}:/home/ubuntu/ros2_ws/install/opencv_tests:/home/ubuntu/turtlebot3_ws/install/turtlebot3_teleop:/home/ubuntu/turtlebot3_ws/install/turtlebot3_example:/opt/ros/foxy /usr/bin/cmake --install /home/ubuntu/ros2_ws/build/image_geometry
[1474.242s] -- Install configuration: ""
[1474.244s] -- Execute custom install script
[1474.252s] -- Symlinking: /home/ubuntu/ros2_ws/install/image_geometry/share/image_geometry/environment/pythonpath.sh
[1474.317s] -- Symlinking: /home/ubuntu/ros2_ws/install/image_geometry/share/image_geometry/environment/pythonpath.dsv
[1474.405s] -- Symlinking: /home/ubuntu/ros2_ws/install/image_geometry/lib/python3.8/site-packages/image_geometry/__init__.py
[1474.472s] -- Symlinking: /home/ubuntu/ros2_ws/install/image_geometry/lib/python3.8/site-packages/image_geometry/cameramodels.py
[1474.544s] -- Symlinking: /home/ubuntu/ros2_ws/install/image_geometry/include/image_geometry/pinhole_camera_model.h
[1474.613s] -- Symlinking: /home/ubuntu/ros2_ws/install/image_geometry/include/image_geometry/stereo_camera_model.h
[1474.676s] -- Symlinking: /home/ubuntu/ros2_ws/install/image_geometry/include/image_geometry/visibility_control.hpp
[1474.743s] -- Symlinking: /home/ubuntu/ros2_ws/install/image_geometry/lib/libimage_geometry.so
[1474.834s] -- Symlinking: /home/ubuntu/ros2_ws/install/image_geometry/share/image_geometry/environment/library_path.sh
[1474.904s] -- Symlinking: /home/ubuntu/ros2_ws/install/image_geometry/share/image_geometry/environment/library_path.dsv
[1474.989s] -- Symlinking: /home/ubuntu/ros2_ws/install/image_geometry/share/ament_index/resource_index/package_run_dependencies/image_geometry
[1475.063s] -- Symlinking: /home/ubuntu/ros2_ws/install/image_geometry/share/ament_index/resource_index/parent_prefix_path/image_geometry
[1475.334s] -- Symlinking: /home/ubuntu/ros2_ws/install/image_geometry/share/image_geometry/environment/ament_prefix_path.sh
[1475.347s] -- Symlinking: /home/ubuntu/ros2_ws/install/image_geometry/share/image_geometry/environment/ament_prefix_path.dsv
[1475.412s] -- Symlinking: /home/ubuntu/ros2_ws/install/image_geometry/share/image_geometry/environment/path.sh
[1475.472s] -- Symlinking: /home/ubuntu/ros2_ws/install/image_geometry/share/image_geometry/environment/path.dsv
[1475.531s] -- Symlinking: /home/ubuntu/ros2_ws/install/image_geometry/share/image_geometry/local_setup.bash
[1475.589s] -- Symlinking: /home/ubuntu/ros2_ws/install/image_geometry/share/image_geometry/local_setup.sh
[1475.648s] -- Symlinking: /home/ubuntu/ros2_ws/install/image_geometry/share/image_geometry/local_setup.zsh
[1475.706s] -- Symlinking: /home/ubuntu/ros2_ws/install/image_geometry/share/image_geometry/local_setup.dsv
[1475.764s] -- Symlinking: /home/ubuntu/ros2_ws/install/image_geometry/share/image_geometry/package.dsv
[1475.979s] -- Symlinking: /home/ubuntu/ros2_ws/install/image_geometry/share/ament_index/resource_index/packages/image_geometry
[1476.047s] -- Symlinking: /home/ubuntu/ros2_ws/install/image_geometry/share/image_geometry/cmake/ament_cmake_export_libraries-extras.cmake
[1476.116s] -- Symlinking: /home/ubuntu/ros2_ws/install/image_geometry/share/image_geometry/cmake/ament_cmake_export_dependencies-extras.cmake
[1476.186s] -- Symlinking: /home/ubuntu/ros2_ws/install/image_geometry/share/image_geometry/cmake/ament_cmake_export_include_directories-extras.cmake
[1476.253s] -- Symlinking: /home/ubuntu/ros2_ws/install/image_geometry/share/image_geometry/cmake/image_geometryConfig.cmake
[1476.320s] -- Symlinking: /home/ubuntu/ros2_ws/install/image_geometry/share/image_geometry/cmake/image_geometryConfig-version.cmake
[1476.386s] -- Symlinking: /home/ubuntu/ros2_ws/install/image_geometry/share/image_geometry/package.xml
[1477.436s] Listing '/home/ubuntu/ros2_ws/install/image_geometry/lib/python3.8/site-packages/image_geometry'...
[1477.437s] Compiling '/home/ubuntu/ros2_ws/install/image_geometry/lib/python3.8/site-packages/image_geometry/__init__.py'...
[1477.438s] Compiling '/home/ubuntu/ros2_ws/install/image_geometry/lib/python3.8/site-packages/image_geometry/cameramodels.py'...
[1477.543s] Invoked command in '/home/ubuntu/ros2_ws/build/image_geometry' returned '0': CMAKE_PREFIX_PATH=${CMAKE_PREFIX_PATH}:/home/ubuntu/ros2_ws/install/opencv_tests:/home/ubuntu/turtlebot3_ws/install/turtlebot3_teleop:/home/ubuntu/turtlebot3_ws/install/turtlebot3_example:/opt/ros/foxy /usr/bin/cmake --install /home/ubuntu/ros2_ws/build/image_geometry
