-- The C compiler identification is GNU 9.4.0
-- The CXX compiler identification is GNU 9.4.0
-- Check for working C compiler: /usr/bin/cc
-- Check for working C compiler: /usr/bin/cc -- works
-- Detecting C compiler ABI info
-- Detecting C compiler ABI info - done
-- Detecting C compile features
-- Detecting C compile features - done
-- Check for working CXX compiler: /usr/bin/c++
-- Check for working CXX compiler: /usr/bin/c++ -- works
-- Detecting CXX compiler ABI info
-- Detecting CXX compiler ABI info - done
-- Detecting CXX compile features
-- Detecting CXX compile features - done
-- Found ament_cmake_auto: 0.9.8 (/opt/ros/foxy/share/ament_cmake_auto/cmake)
-- Found PythonInterp: /usr/bin/python3 (found suitable version "3.8.10", minimum required is "3") 
-- Using PYTHON_EXECUTABLE: /usr/bin/python3
-- Override CMake install command with custom implementation using symlinks instead of copying resources
-- Using all available rosidl_typesupport_c: rosidl_typesupport_fastrtps_c;rosidl_typesupport_introspection_c
-- Found rosidl_adapter: 1.2.1 (/opt/ros/foxy/share/rosidl_adapter/cmake)
-- Found OpenSSL: /usr/lib/aarch64-linux-gnu/libcrypto.so (found version "1.1.1f")  
-- Found FastRTPS: /opt/ros/foxy/include  
-- Using all available rosidl_typesupport_cpp: rosidl_typesupport_fastrtps_cpp;rosidl_typesupport_introspection_cpp
-- Found rmw_implementation_cmake: 1.0.3 (/opt/ros/foxy/share/rmw_implementation_cmake/cmake)
-- Using RMW implementation 'rmw_fastrtps_cpp' as default
-- Looking for pthread.h
-- Looking for pthread.h - found
-- Performing Test CMAKE_HAVE_LIBC_PTHREAD
-- Performing Test CMAKE_HAVE_LIBC_PTHREAD - Failed
-- Looking for pthread_create in pthreads
-- Looking for pthread_create in pthreads - not found
-- Looking for pthread_create in pthread
-- Looking for pthread_create in pthread - found
-- Found Threads: TRUE  
-- Setting yaml-cpp_DIR to: '/opt/ros/foxy/share/yaml_cpp_vendor/cmake/../../../opt/yaml_cpp_vendor/lib/cmake/yaml-cpp'
-- Found Boost: /usr/lib/aarch64-linux-gnu/cmake/Boost-1.71.0/BoostConfig.cmake (found version "1.71.0")  
-- Found OpenCV: /usr (found version "4.2.0") 
-- Found ament_lint_auto: 0.9.6 (/opt/ros/foxy/share/ament_lint_auto/cmake)
-- Added test 'copyright' to check source files copyright and LICENSE
-- Added test 'cppcheck' to perform static code analysis on C / C++ code
-- Configured cppcheck include dirs: /home/ubuntu/ros2_ws/src/image_pipeline/image_view/include
-- Configured cppcheck exclude dirs and/or files: 
-- Added test 'cpplint' to check C / C++ code against the Google style
-- Configured cpplint exclude dirs and/or files: 
-- Added test 'lint_cmake' to check CMake code style
-- Added test 'uncrustify' to check C / C++ code style
-- Configured uncrustify additional arguments: 
-- Added test 'xmllint' to check XML markup files
-- Configuring done
-- Generating done
-- Build files have been written to: /home/ubuntu/ros2_ws/build/image_view
Scanning dependencies of target image_view_nodes
[  5%] Building CXX object CMakeFiles/image_view_nodes.dir/src/disparity_view_node.cpp.o
[ 10%] Building CXX object CMakeFiles/image_view_nodes.dir/src/image_saver_node.cpp.o
[ 15%] Building CXX object CMakeFiles/image_view_nodes.dir/src/stereo_view_node.cpp.o
[ 21%] Building CXX object CMakeFiles/image_view_nodes.dir/src/video_recorder_node.cpp.o
[ 26%] Building CXX object CMakeFiles/image_view_nodes.dir/src/image_view_node.cpp.o
[ 31%] Building CXX object CMakeFiles/image_view_nodes.dir/src/extract_images_node.cpp.o
[ 36%] Linking CXX shared library libimage_view_nodes.so
[ 36%] Built target image_view_nodes
Scanning dependencies of target disparity_view
[ 42%] Building CXX object CMakeFiles/disparity_view.dir/src/disparity_view.cpp.o
[ 47%] Linking CXX executable disparity_view
[ 47%] Built target disparity_view
Scanning dependencies of target stereo_view
[ 52%] Building CXX object CMakeFiles/stereo_view.dir/src/stereo_view.cpp.o
[ 57%] Linking CXX executable stereo_view
[ 57%] Built target stereo_view
Scanning dependencies of target image_saver
[ 63%] Building CXX object CMakeFiles/image_saver.dir/src/image_saver.cpp.o
[ 68%] Linking CXX executable image_saver
[ 68%] Built target image_saver
Scanning dependencies of target video_recorder
[ 73%] Building CXX object CMakeFiles/video_recorder.dir/src/video_recorder.cpp.o
[ 78%] Linking CXX executable video_recorder
[ 78%] Built target video_recorder
Scanning dependencies of target extract_images
[ 84%] Building CXX object CMakeFiles/extract_images.dir/src/extract_images.cpp.o
[ 89%] Linking CXX executable extract_images
[ 89%] Built target extract_images
Scanning dependencies of target image_view
[ 94%] Building CXX object CMakeFiles/image_view.dir/src/image_view.cpp.o
[100%] Linking CXX executable image_view
[100%] Built target image_view
-- Install configuration: ""
-- Execute custom install script
-- Symlinking: /home/ubuntu/ros2_ws/install/image_view/include/image_view/disparity_view_node.hpp
-- Symlinking: /home/ubuntu/ros2_ws/install/image_view/include/image_view/extract_images_node.hpp
-- Symlinking: /home/ubuntu/ros2_ws/install/image_view/include/image_view/image_saver_node.hpp
-- Symlinking: /home/ubuntu/ros2_ws/install/image_view/include/image_view/image_view_node.hpp
-- Symlinking: /home/ubuntu/ros2_ws/install/image_view/include/image_view/stereo_view_node.hpp
-- Symlinking: /home/ubuntu/ros2_ws/install/image_view/include/image_view/video_recorder_node.hpp
-- Symlinking: /home/ubuntu/ros2_ws/install/image_view/share/image_view/environment/library_path.sh
-- Symlinking: /home/ubuntu/ros2_ws/install/image_view/share/image_view/environment/library_path.dsv
-- Symlinking: /home/ubuntu/ros2_ws/install/image_view/lib/libimage_view_nodes.so
-- Symlinking: /home/ubuntu/ros2_ws/install/image_view/lib/image_view/disparity_view
-- Symlinking: /home/ubuntu/ros2_ws/install/image_view/lib/image_view/image_view
-- Symlinking: /home/ubuntu/ros2_ws/install/image_view/lib/image_view/stereo_view
-- Symlinking: /home/ubuntu/ros2_ws/install/image_view/lib/image_view/extract_images
-- Symlinking: /home/ubuntu/ros2_ws/install/image_view/lib/image_view/image_saver
-- Symlinking: /home/ubuntu/ros2_ws/install/image_view/lib/image_view/video_recorder
-- Symlinking: /home/ubuntu/ros2_ws/install/image_view/share/ament_index/resource_index/package_run_dependencies/image_view
-- Symlinking: /home/ubuntu/ros2_ws/install/image_view/share/ament_index/resource_index/parent_prefix_path/image_view
-- Symlinking: /home/ubuntu/ros2_ws/install/image_view/share/image_view/environment/ament_prefix_path.sh
-- Symlinking: /home/ubuntu/ros2_ws/install/image_view/share/image_view/environment/ament_prefix_path.dsv
-- Symlinking: /home/ubuntu/ros2_ws/install/image_view/share/image_view/environment/path.sh
-- Symlinking: /home/ubuntu/ros2_ws/install/image_view/share/image_view/environment/path.dsv
-- Symlinking: /home/ubuntu/ros2_ws/install/image_view/share/image_view/local_setup.bash
-- Symlinking: /home/ubuntu/ros2_ws/install/image_view/share/image_view/local_setup.sh
-- Symlinking: /home/ubuntu/ros2_ws/install/image_view/share/image_view/local_setup.zsh
-- Symlinking: /home/ubuntu/ros2_ws/install/image_view/share/image_view/local_setup.dsv
-- Symlinking: /home/ubuntu/ros2_ws/install/image_view/share/image_view/package.dsv
-- Symlinking: /home/ubuntu/ros2_ws/install/image_view/share/ament_index/resource_index/packages/image_view
-- Symlinking: /home/ubuntu/ros2_ws/install/image_view/share/ament_index/resource_index/rclcpp_components/image_view
-- Symlinking: /home/ubuntu/ros2_ws/install/image_view/share/image_view/cmake/ament_cmake_export_dependencies-extras.cmake
-- Symlinking: /home/ubuntu/ros2_ws/install/image_view/share/image_view/cmake/ament_cmake_export_include_directories-extras.cmake
-- Symlinking: /home/ubuntu/ros2_ws/install/image_view/share/image_view/cmake/ament_cmake_export_libraries-extras.cmake
-- Symlinking: /home/ubuntu/ros2_ws/install/image_view/share/image_view/cmake/image_viewConfig.cmake
-- Symlinking: /home/ubuntu/ros2_ws/install/image_view/share/image_view/cmake/image_viewConfig-version.cmake
-- Symlinking: /home/ubuntu/ros2_ws/install/image_view/share/image_view/package.xml
