[0.221s] Invoking command in '/home/ubuntu/ros2_ws/build/image_view': CMAKE_PREFIX_PATH=/home/ubuntu/ros2_ws/install/image_transport:/home/ubuntu/ros2_ws/install/cv_bridge:/home/ubuntu/ros2_ws/install/camera_calibration_parsers:/home/ubuntu/cv_cam_ws/install/opencv_cam:/home/ubuntu/cv_cam_ws/install/ros2_shared:/home/ubuntu/ros2_ws/install/vision_opencv:/home/ubuntu/ros2_ws/install/v4l2_camera:/home/ubuntu/ros2_ws/install/image_transport_plugins:/home/ubuntu/ros2_ws/install/theora_image_transport:/home/ubuntu/ros2_ws/install/image_common:/home/ubuntu/ros2_ws/install/compressed_image_transport:/home/ubuntu/ros2_ws/install/compressed_depth_image_transport:/home/ubuntu/ros2_ws/install/image_geometry:/home/ubuntu/ros2_ws/install/camera_info_manager:/home/ubuntu/turtlebot3_ws/install/turtlebot3:/home/ubuntu/turtlebot3_ws/install/turtlebot3_bringup:/home/ubuntu/turtlebot3_ws/install/turtlebot3_node:/home/ubuntu/turtlebot3_ws/install/turtlebot3_description:/home/ubuntu/turtlebot3_ws/install/ld08_driver:/home/ubuntu/ros2_ws/install/opencv_tests:/home/ubuntu/turtlebot3_ws/install/turtlebot3_teleop:/home/ubuntu/turtlebot3_ws/install/turtlebot3_example:/opt/ros/foxy LD_LIBRARY_PATH=/home/ubuntu/ros2_ws/install/image_transport/lib:/home/ubuntu/ros2_ws/install/cv_bridge/lib:/home/ubuntu/ros2_ws/install/camera_calibration_parsers/lib:/home/ubuntu/cv_cam_ws/install/opencv_cam/lib:/home/ubuntu/ros2_ws/install/v4l2_camera/lib:/home/ubuntu/ros2_ws/install/theora_image_transport/lib:/home/ubuntu/ros2_ws/install/compressed_image_transport/lib:/home/ubuntu/ros2_ws/install/compressed_depth_image_transport/lib:/home/ubuntu/ros2_ws/install/image_geometry/lib:/home/ubuntu/ros2_ws/install/camera_info_manager/lib:/opt/ros/foxy/opt/yaml_cpp_vendor/lib:/opt/ros/foxy/lib/aarch64-linux-gnu:/opt/ros/foxy/lib PYTHONPATH=/home/ubuntu/ros2_ws/install/cv_bridge/lib/python3.8/site-packages:/home/ubuntu/ros2_ws/install/theora_image_transport/lib/python3.8/site-packages:/home/ubuntu/ros2_ws/install/opencv_tests/lib/python3.8/site-packages:/home/ubuntu/ros2_ws/install/image_geometry/lib/python3.8/site-packages:/home/ubuntu/turtlebot3_ws/build/turtlebot3_teleop:/home/ubuntu/turtlebot3_ws/install/turtlebot3_teleop/lib/python3.8/site-packages:/home/ubuntu/turtlebot3_ws/build/turtlebot3_example:/home/ubuntu/turtlebot3_ws/install/turtlebot3_example/lib/python3.8/site-packages:/opt/ros/foxy/lib/python3.8/site-packages /usr/bin/cmake /home/ubuntu/ros2_ws/src/image_pipeline/image_view -DAMENT_CMAKE_SYMLINK_INSTALL=1 -DCMAKE_INSTALL_PREFIX=/home/ubuntu/ros2_ws/install/image_view
[0.906s] -- The C compiler identification is GNU 9.4.0
[1.521s] -- The CXX compiler identification is GNU 9.4.0
[1.582s] -- Check for working C compiler: /usr/bin/cc
[2.353s] -- Check for working C compiler: /usr/bin/cc -- works
[2.360s] -- Detecting C compiler ABI info
[3.166s] -- Detecting C compiler ABI info - done
[3.266s] -- Detecting C compile features
[3.273s] -- Detecting C compile features - done
[3.296s] -- Check for working CXX compiler: /usr/bin/c++
[4.094s] -- Check for working CXX compiler: /usr/bin/c++ -- works
[4.107s] -- Detecting CXX compiler ABI info
[4.935s] -- Detecting CXX compiler ABI info - done
[5.037s] -- Detecting CXX compile features
[5.042s] -- Detecting CXX compile features - done
[5.100s] -- Found ament_cmake_auto: 0.9.8 (/opt/ros/foxy/share/ament_cmake_auto/cmake)
[5.584s] -- Found PythonInterp: /usr/bin/python3 (found suitable version "3.8.10", minimum required is "3") 
[5.585s] -- Using PYTHON_EXECUTABLE: /usr/bin/python3
[7.625s] -- Override CMake install command with custom implementation using symlinks instead of copying resources
[10.176s] -- Using all available rosidl_typesupport_c: rosidl_typesupport_fastrtps_c;rosidl_typesupport_introspection_c
[10.383s] -- Found rosidl_adapter: 1.2.1 (/opt/ros/foxy/share/rosidl_adapter/cmake)
[11.496s] -- Found OpenSSL: /usr/lib/aarch64-linux-gnu/libcrypto.so (found version "1.1.1f")  
[11.877s] -- Found FastRTPS: /opt/ros/foxy/include  
[13.103s] -- Using all available rosidl_typesupport_cpp: rosidl_typesupport_fastrtps_cpp;rosidl_typesupport_introspection_cpp
[14.009s] -- Found rmw_implementation_cmake: 1.0.3 (/opt/ros/foxy/share/rmw_implementation_cmake/cmake)
[14.036s] -- Using RMW implementation 'rmw_fastrtps_cpp' as default
[14.047s] -- Looking for pthread.h
[14.959s] -- Looking for pthread.h - found
[14.964s] -- Performing Test CMAKE_HAVE_LIBC_PTHREAD
[15.837s] -- Performing Test CMAKE_HAVE_LIBC_PTHREAD - Failed
[15.842s] -- Looking for pthread_create in pthreads
[16.556s] -- Looking for pthread_create in pthreads - not found
[16.560s] -- Looking for pthread_create in pthread
[17.400s] -- Looking for pthread_create in pthread - found
[17.414s] -- Found Threads: TRUE  
[20.923s] -- Setting yaml-cpp_DIR to: '/opt/ros/foxy/share/yaml_cpp_vendor/cmake/../../../opt/yaml_cpp_vendor/lib/cmake/yaml-cpp'
[24.338s] -- Found Boost: /usr/lib/aarch64-linux-gnu/cmake/Boost-1.71.0/BoostConfig.cmake (found version "1.71.0")  
[24.396s] -- Found OpenCV: /usr (found version "4.2.0") 
[33.374s] -- Found ament_lint_auto: 0.9.6 (/opt/ros/foxy/share/ament_lint_auto/cmake)
[34.886s] -- Added test 'copyright' to check source files copyright and LICENSE
[34.982s] -- Added test 'cppcheck' to perform static code analysis on C / C++ code
[35.007s] -- Configured cppcheck include dirs: /home/ubuntu/ros2_ws/src/image_pipeline/image_view/include
[35.009s] -- Configured cppcheck exclude dirs and/or files: 
[35.075s] -- Added test 'cpplint' to check C / C++ code against the Google style
[35.077s] -- Configured cpplint exclude dirs and/or files: 
[35.116s] -- Added test 'lint_cmake' to check CMake code style
[35.221s] -- Added test 'uncrustify' to check C / C++ code style
[35.223s] -- Configured uncrustify additional arguments: 
[35.258s] -- Added test 'xmllint' to check XML markup files
[36.835s] -- Configuring done
[81.824s] -- Generating done
[81.876s] -- Build files have been written to: /home/ubuntu/ros2_ws/build/image_view
[98.244s] Invoked command in '/home/ubuntu/ros2_ws/build/image_view' returned '0': CMAKE_PREFIX_PATH=/home/ubuntu/ros2_ws/install/image_transport:/home/ubuntu/ros2_ws/install/cv_bridge:/home/ubuntu/ros2_ws/install/camera_calibration_parsers:/home/ubuntu/cv_cam_ws/install/opencv_cam:/home/ubuntu/cv_cam_ws/install/ros2_shared:/home/ubuntu/ros2_ws/install/vision_opencv:/home/ubuntu/ros2_ws/install/v4l2_camera:/home/ubuntu/ros2_ws/install/image_transport_plugins:/home/ubuntu/ros2_ws/install/theora_image_transport:/home/ubuntu/ros2_ws/install/image_common:/home/ubuntu/ros2_ws/install/compressed_image_transport:/home/ubuntu/ros2_ws/install/compressed_depth_image_transport:/home/ubuntu/ros2_ws/install/image_geometry:/home/ubuntu/ros2_ws/install/camera_info_manager:/home/ubuntu/turtlebot3_ws/install/turtlebot3:/home/ubuntu/turtlebot3_ws/install/turtlebot3_bringup:/home/ubuntu/turtlebot3_ws/install/turtlebot3_node:/home/ubuntu/turtlebot3_ws/install/turtlebot3_description:/home/ubuntu/turtlebot3_ws/install/ld08_driver:/home/ubuntu/ros2_ws/install/opencv_tests:/home/ubuntu/turtlebot3_ws/install/turtlebot3_teleop:/home/ubuntu/turtlebot3_ws/install/turtlebot3_example:/opt/ros/foxy LD_LIBRARY_PATH=/home/ubuntu/ros2_ws/install/image_transport/lib:/home/ubuntu/ros2_ws/install/cv_bridge/lib:/home/ubuntu/ros2_ws/install/camera_calibration_parsers/lib:/home/ubuntu/cv_cam_ws/install/opencv_cam/lib:/home/ubuntu/ros2_ws/install/v4l2_camera/lib:/home/ubuntu/ros2_ws/install/theora_image_transport/lib:/home/ubuntu/ros2_ws/install/compressed_image_transport/lib:/home/ubuntu/ros2_ws/install/compressed_depth_image_transport/lib:/home/ubuntu/ros2_ws/install/image_geometry/lib:/home/ubuntu/ros2_ws/install/camera_info_manager/lib:/opt/ros/foxy/opt/yaml_cpp_vendor/lib:/opt/ros/foxy/lib/aarch64-linux-gnu:/opt/ros/foxy/lib PYTHONPATH=/home/ubuntu/ros2_ws/install/cv_bridge/lib/python3.8/site-packages:/home/ubuntu/ros2_ws/install/theora_image_transport/lib/python3.8/site-packages:/home/ubuntu/ros2_ws/install/opencv_tests/lib/python3.8/site-packages:/home/ubuntu/ros2_ws/install/image_geometry/lib/python3.8/site-packages:/home/ubuntu/turtlebot3_ws/build/turtlebot3_teleop:/home/ubuntu/turtlebot3_ws/install/turtlebot3_teleop/lib/python3.8/site-packages:/home/ubuntu/turtlebot3_ws/build/turtlebot3_example:/home/ubuntu/turtlebot3_ws/install/turtlebot3_example/lib/python3.8/site-packages:/opt/ros/foxy/lib/python3.8/site-packages /usr/bin/cmake /home/ubuntu/ros2_ws/src/image_pipeline/image_view -DAMENT_CMAKE_SYMLINK_INSTALL=1 -DCMAKE_INSTALL_PREFIX=/home/ubuntu/ros2_ws/install/image_view
[103.136s] Invoking command in '/home/ubuntu/ros2_ws/build/image_view': CMAKE_PREFIX_PATH=/home/ubuntu/ros2_ws/install/image_transport:/home/ubuntu/ros2_ws/install/cv_bridge:/home/ubuntu/ros2_ws/install/camera_calibration_parsers:/home/ubuntu/cv_cam_ws/install/opencv_cam:/home/ubuntu/cv_cam_ws/install/ros2_shared:/home/ubuntu/ros2_ws/install/vision_opencv:/home/ubuntu/ros2_ws/install/v4l2_camera:/home/ubuntu/ros2_ws/install/image_transport_plugins:/home/ubuntu/ros2_ws/install/theora_image_transport:/home/ubuntu/ros2_ws/install/image_common:/home/ubuntu/ros2_ws/install/compressed_image_transport:/home/ubuntu/ros2_ws/install/compressed_depth_image_transport:/home/ubuntu/ros2_ws/install/image_geometry:/home/ubuntu/ros2_ws/install/camera_info_manager:/home/ubuntu/turtlebot3_ws/install/turtlebot3:/home/ubuntu/turtlebot3_ws/install/turtlebot3_bringup:/home/ubuntu/turtlebot3_ws/install/turtlebot3_node:/home/ubuntu/turtlebot3_ws/install/turtlebot3_description:/home/ubuntu/turtlebot3_ws/install/ld08_driver:/home/ubuntu/ros2_ws/install/opencv_tests:/home/ubuntu/turtlebot3_ws/install/turtlebot3_teleop:/home/ubuntu/turtlebot3_ws/install/turtlebot3_example:/opt/ros/foxy LD_LIBRARY_PATH=/home/ubuntu/ros2_ws/install/image_transport/lib:/home/ubuntu/ros2_ws/install/cv_bridge/lib:/home/ubuntu/ros2_ws/install/camera_calibration_parsers/lib:/home/ubuntu/cv_cam_ws/install/opencv_cam/lib:/home/ubuntu/ros2_ws/install/v4l2_camera/lib:/home/ubuntu/ros2_ws/install/theora_image_transport/lib:/home/ubuntu/ros2_ws/install/compressed_image_transport/lib:/home/ubuntu/ros2_ws/install/compressed_depth_image_transport/lib:/home/ubuntu/ros2_ws/install/image_geometry/lib:/home/ubuntu/ros2_ws/install/camera_info_manager/lib:/opt/ros/foxy/opt/yaml_cpp_vendor/lib:/opt/ros/foxy/lib/aarch64-linux-gnu:/opt/ros/foxy/lib PYTHONPATH=/home/ubuntu/ros2_ws/install/cv_bridge/lib/python3.8/site-packages:/home/ubuntu/ros2_ws/install/theora_image_transport/lib/python3.8/site-packages:/home/ubuntu/ros2_ws/install/opencv_tests/lib/python3.8/site-packages:/home/ubuntu/ros2_ws/install/image_geometry/lib/python3.8/site-packages:/home/ubuntu/turtlebot3_ws/build/turtlebot3_teleop:/home/ubuntu/turtlebot3_ws/install/turtlebot3_teleop/lib/python3.8/site-packages:/home/ubuntu/turtlebot3_ws/build/turtlebot3_example:/home/ubuntu/turtlebot3_ws/install/turtlebot3_example/lib/python3.8/site-packages:/opt/ros/foxy/lib/python3.8/site-packages /usr/bin/cmake --build /home/ubuntu/ros2_ws/build/image_view -- -j4 -l4
[117.571s] Scanning dependencies of target image_view_nodes
[137.932s] [  5%] Building CXX object CMakeFiles/image_view_nodes.dir/src/disparity_view_node.cpp.o
[255.113s] [ 10%] Building CXX object CMakeFiles/image_view_nodes.dir/src/image_saver_node.cpp.o
[317.251s] [ 15%] Building CXX object CMakeFiles/image_view_nodes.dir/src/stereo_view_node.cpp.o
[9404.311s] [ 21%] Building CXX object CMakeFiles/image_view_nodes.dir/src/video_recorder_node.cpp.o
[9692.903s] [ 26%] Building CXX object CMakeFiles/image_view_nodes.dir/src/image_view_node.cpp.o
[9831.939s] [ 31%] Building CXX object CMakeFiles/image_view_nodes.dir/src/extract_images_node.cpp.o
[9899.723s] [ 36%] Linking CXX shared library libimage_view_nodes.so
[9915.384s] [ 36%] Built target image_view_nodes
[9915.616s] Scanning dependencies of target disparity_view
[9916.628s] [ 42%] Building CXX object CMakeFiles/disparity_view.dir/src/disparity_view.cpp.o
[10101.877s] [ 47%] Linking CXX executable disparity_view
[10117.275s] [ 47%] Built target disparity_view
[10117.481s] Scanning dependencies of target stereo_view
[10119.873s] [ 52%] Building CXX object CMakeFiles/stereo_view.dir/src/stereo_view.cpp.o
[10358.594s] [ 57%] Linking CXX executable stereo_view
[10372.777s] [ 57%] Built target stereo_view
[10372.981s] Scanning dependencies of target image_saver
[10374.737s] [ 63%] Building CXX object CMakeFiles/image_saver.dir/src/image_saver.cpp.o
[10404.233s] [ 68%] Linking CXX executable image_saver
[10418.339s] [ 68%] Built target image_saver
[10418.556s] Scanning dependencies of target video_recorder
[10420.587s] [ 73%] Building CXX object CMakeFiles/video_recorder.dir/src/video_recorder.cpp.o
[10477.914s] [ 78%] Linking CXX executable video_recorder
[10492.360s] [ 78%] Built target video_recorder
[10492.565s] Scanning dependencies of target extract_images
[10494.160s] [ 84%] Building CXX object CMakeFiles/extract_images.dir/src/extract_images.cpp.o
[10530.413s] [ 89%] Linking CXX executable extract_images
[10545.038s] [ 89%] Built target extract_images
[10545.247s] Scanning dependencies of target image_view
[10547.652s] [ 94%] Building CXX object CMakeFiles/image_view.dir/src/image_view.cpp.o
[10591.121s] [100%] Linking CXX executable image_view
[10606.669s] [100%] Built target image_view
[10608.553s] Invoked command in '/home/ubuntu/ros2_ws/build/image_view' returned '0': CMAKE_PREFIX_PATH=/home/ubuntu/ros2_ws/install/image_transport:/home/ubuntu/ros2_ws/install/cv_bridge:/home/ubuntu/ros2_ws/install/camera_calibration_parsers:/home/ubuntu/cv_cam_ws/install/opencv_cam:/home/ubuntu/cv_cam_ws/install/ros2_shared:/home/ubuntu/ros2_ws/install/vision_opencv:/home/ubuntu/ros2_ws/install/v4l2_camera:/home/ubuntu/ros2_ws/install/image_transport_plugins:/home/ubuntu/ros2_ws/install/theora_image_transport:/home/ubuntu/ros2_ws/install/image_common:/home/ubuntu/ros2_ws/install/compressed_image_transport:/home/ubuntu/ros2_ws/install/compressed_depth_image_transport:/home/ubuntu/ros2_ws/install/image_geometry:/home/ubuntu/ros2_ws/install/camera_info_manager:/home/ubuntu/turtlebot3_ws/install/turtlebot3:/home/ubuntu/turtlebot3_ws/install/turtlebot3_bringup:/home/ubuntu/turtlebot3_ws/install/turtlebot3_node:/home/ubuntu/turtlebot3_ws/install/turtlebot3_description:/home/ubuntu/turtlebot3_ws/install/ld08_driver:/home/ubuntu/ros2_ws/install/opencv_tests:/home/ubuntu/turtlebot3_ws/install/turtlebot3_teleop:/home/ubuntu/turtlebot3_ws/install/turtlebot3_example:/opt/ros/foxy LD_LIBRARY_PATH=/home/ubuntu/ros2_ws/install/image_transport/lib:/home/ubuntu/ros2_ws/install/cv_bridge/lib:/home/ubuntu/ros2_ws/install/camera_calibration_parsers/lib:/home/ubuntu/cv_cam_ws/install/opencv_cam/lib:/home/ubuntu/ros2_ws/install/v4l2_camera/lib:/home/ubuntu/ros2_ws/install/theora_image_transport/lib:/home/ubuntu/ros2_ws/install/compressed_image_transport/lib:/home/ubuntu/ros2_ws/install/compressed_depth_image_transport/lib:/home/ubuntu/ros2_ws/install/image_geometry/lib:/home/ubuntu/ros2_ws/install/camera_info_manager/lib:/opt/ros/foxy/opt/yaml_cpp_vendor/lib:/opt/ros/foxy/lib/aarch64-linux-gnu:/opt/ros/foxy/lib PYTHONPATH=/home/ubuntu/ros2_ws/install/cv_bridge/lib/python3.8/site-packages:/home/ubuntu/ros2_ws/install/theora_image_transport/lib/python3.8/site-packages:/home/ubuntu/ros2_ws/install/opencv_tests/lib/python3.8/site-packages:/home/ubuntu/ros2_ws/install/image_geometry/lib/python3.8/site-packages:/home/ubuntu/turtlebot3_ws/build/turtlebot3_teleop:/home/ubuntu/turtlebot3_ws/install/turtlebot3_teleop/lib/python3.8/site-packages:/home/ubuntu/turtlebot3_ws/build/turtlebot3_example:/home/ubuntu/turtlebot3_ws/install/turtlebot3_example/lib/python3.8/site-packages:/opt/ros/foxy/lib/python3.8/site-packages /usr/bin/cmake --build /home/ubuntu/ros2_ws/build/image_view -- -j4 -l4
[10610.010s] Invoking command in '/home/ubuntu/ros2_ws/build/image_view': CMAKE_PREFIX_PATH=/home/ubuntu/ros2_ws/install/image_transport:/home/ubuntu/ros2_ws/install/cv_bridge:/home/ubuntu/ros2_ws/install/camera_calibration_parsers:/home/ubuntu/cv_cam_ws/install/opencv_cam:/home/ubuntu/cv_cam_ws/install/ros2_shared:/home/ubuntu/ros2_ws/install/vision_opencv:/home/ubuntu/ros2_ws/install/v4l2_camera:/home/ubuntu/ros2_ws/install/image_transport_plugins:/home/ubuntu/ros2_ws/install/theora_image_transport:/home/ubuntu/ros2_ws/install/image_common:/home/ubuntu/ros2_ws/install/compressed_image_transport:/home/ubuntu/ros2_ws/install/compressed_depth_image_transport:/home/ubuntu/ros2_ws/install/image_geometry:/home/ubuntu/ros2_ws/install/camera_info_manager:/home/ubuntu/turtlebot3_ws/install/turtlebot3:/home/ubuntu/turtlebot3_ws/install/turtlebot3_bringup:/home/ubuntu/turtlebot3_ws/install/turtlebot3_node:/home/ubuntu/turtlebot3_ws/install/turtlebot3_description:/home/ubuntu/turtlebot3_ws/install/ld08_driver:/home/ubuntu/ros2_ws/install/opencv_tests:/home/ubuntu/turtlebot3_ws/install/turtlebot3_teleop:/home/ubuntu/turtlebot3_ws/install/turtlebot3_example:/opt/ros/foxy LD_LIBRARY_PATH=/home/ubuntu/ros2_ws/install/image_transport/lib:/home/ubuntu/ros2_ws/install/cv_bridge/lib:/home/ubuntu/ros2_ws/install/camera_calibration_parsers/lib:/home/ubuntu/cv_cam_ws/install/opencv_cam/lib:/home/ubuntu/ros2_ws/install/v4l2_camera/lib:/home/ubuntu/ros2_ws/install/theora_image_transport/lib:/home/ubuntu/ros2_ws/install/compressed_image_transport/lib:/home/ubuntu/ros2_ws/install/compressed_depth_image_transport/lib:/home/ubuntu/ros2_ws/install/image_geometry/lib:/home/ubuntu/ros2_ws/install/camera_info_manager/lib:/opt/ros/foxy/opt/yaml_cpp_vendor/lib:/opt/ros/foxy/lib/aarch64-linux-gnu:/opt/ros/foxy/lib PYTHONPATH=/home/ubuntu/ros2_ws/install/cv_bridge/lib/python3.8/site-packages:/home/ubuntu/ros2_ws/install/theora_image_transport/lib/python3.8/site-packages:/home/ubuntu/ros2_ws/install/opencv_tests/lib/python3.8/site-packages:/home/ubuntu/ros2_ws/install/image_geometry/lib/python3.8/site-packages:/home/ubuntu/turtlebot3_ws/build/turtlebot3_teleop:/home/ubuntu/turtlebot3_ws/install/turtlebot3_teleop/lib/python3.8/site-packages:/home/ubuntu/turtlebot3_ws/build/turtlebot3_example:/home/ubuntu/turtlebot3_ws/install/turtlebot3_example/lib/python3.8/site-packages:/opt/ros/foxy/lib/python3.8/site-packages /usr/bin/cmake --install /home/ubuntu/ros2_ws/build/image_view
[10610.145s] -- Install configuration: ""
[10610.155s] -- Execute custom install script
[10610.183s] -- Symlinking: /home/ubuntu/ros2_ws/install/image_view/include/image_view/disparity_view_node.hpp
[10610.275s] -- Symlinking: /home/ubuntu/ros2_ws/install/image_view/include/image_view/extract_images_node.hpp
[10610.368s] -- Symlinking: /home/ubuntu/ros2_ws/install/image_view/include/image_view/image_saver_node.hpp
[10610.453s] -- Symlinking: /home/ubuntu/ros2_ws/install/image_view/include/image_view/image_view_node.hpp
[10610.575s] -- Symlinking: /home/ubuntu/ros2_ws/install/image_view/include/image_view/stereo_view_node.hpp
[10610.666s] -- Symlinking: /home/ubuntu/ros2_ws/install/image_view/include/image_view/video_recorder_node.hpp
[10610.776s] -- Symlinking: /home/ubuntu/ros2_ws/install/image_view/share/image_view/environment/library_path.sh
[10610.874s] -- Symlinking: /home/ubuntu/ros2_ws/install/image_view/share/image_view/environment/library_path.dsv
[10610.966s] -- Symlinking: /home/ubuntu/ros2_ws/install/image_view/lib/libimage_view_nodes.so
[10611.059s] -- Symlinking: /home/ubuntu/ros2_ws/install/image_view/lib/image_view/disparity_view
[10611.153s] -- Symlinking: /home/ubuntu/ros2_ws/install/image_view/lib/image_view/image_view
[10611.241s] -- Symlinking: /home/ubuntu/ros2_ws/install/image_view/lib/image_view/stereo_view
[10611.329s] -- Symlinking: /home/ubuntu/ros2_ws/install/image_view/lib/image_view/extract_images
[10611.419s] -- Symlinking: /home/ubuntu/ros2_ws/install/image_view/lib/image_view/image_saver
[10611.509s] -- Symlinking: /home/ubuntu/ros2_ws/install/image_view/lib/image_view/video_recorder
[10611.612s] -- Symlinking: /home/ubuntu/ros2_ws/install/image_view/share/ament_index/resource_index/package_run_dependencies/image_view
[10611.709s] -- Symlinking: /home/ubuntu/ros2_ws/install/image_view/share/ament_index/resource_index/parent_prefix_path/image_view
[10611.819s] -- Symlinking: /home/ubuntu/ros2_ws/install/image_view/share/image_view/environment/ament_prefix_path.sh
[10611.912s] -- Symlinking: /home/ubuntu/ros2_ws/install/image_view/share/image_view/environment/ament_prefix_path.dsv
[10612.004s] -- Symlinking: /home/ubuntu/ros2_ws/install/image_view/share/image_view/environment/path.sh
[10612.099s] -- Symlinking: /home/ubuntu/ros2_ws/install/image_view/share/image_view/environment/path.dsv
[10612.191s] -- Symlinking: /home/ubuntu/ros2_ws/install/image_view/share/image_view/local_setup.bash
[10612.280s] -- Symlinking: /home/ubuntu/ros2_ws/install/image_view/share/image_view/local_setup.sh
[10612.374s] -- Symlinking: /home/ubuntu/ros2_ws/install/image_view/share/image_view/local_setup.zsh
[10612.467s] -- Symlinking: /home/ubuntu/ros2_ws/install/image_view/share/image_view/local_setup.dsv
[10612.558s] -- Symlinking: /home/ubuntu/ros2_ws/install/image_view/share/image_view/package.dsv
[10612.652s] -- Symlinking: /home/ubuntu/ros2_ws/install/image_view/share/ament_index/resource_index/packages/image_view
[10612.745s] -- Symlinking: /home/ubuntu/ros2_ws/install/image_view/share/ament_index/resource_index/rclcpp_components/image_view
[10612.840s] -- Symlinking: /home/ubuntu/ros2_ws/install/image_view/share/image_view/cmake/ament_cmake_export_dependencies-extras.cmake
[10612.934s] -- Symlinking: /home/ubuntu/ros2_ws/install/image_view/share/image_view/cmake/ament_cmake_export_include_directories-extras.cmake
[10613.026s] -- Symlinking: /home/ubuntu/ros2_ws/install/image_view/share/image_view/cmake/ament_cmake_export_libraries-extras.cmake
[10613.120s] -- Symlinking: /home/ubuntu/ros2_ws/install/image_view/share/image_view/cmake/image_viewConfig.cmake
[10613.211s] -- Symlinking: /home/ubuntu/ros2_ws/install/image_view/share/image_view/cmake/image_viewConfig-version.cmake
[10613.300s] -- Symlinking: /home/ubuntu/ros2_ws/install/image_view/share/image_view/package.xml
[10613.449s] Invoked command in '/home/ubuntu/ros2_ws/build/image_view' returned '0': CMAKE_PREFIX_PATH=/home/ubuntu/ros2_ws/install/image_transport:/home/ubuntu/ros2_ws/install/cv_bridge:/home/ubuntu/ros2_ws/install/camera_calibration_parsers:/home/ubuntu/cv_cam_ws/install/opencv_cam:/home/ubuntu/cv_cam_ws/install/ros2_shared:/home/ubuntu/ros2_ws/install/vision_opencv:/home/ubuntu/ros2_ws/install/v4l2_camera:/home/ubuntu/ros2_ws/install/image_transport_plugins:/home/ubuntu/ros2_ws/install/theora_image_transport:/home/ubuntu/ros2_ws/install/image_common:/home/ubuntu/ros2_ws/install/compressed_image_transport:/home/ubuntu/ros2_ws/install/compressed_depth_image_transport:/home/ubuntu/ros2_ws/install/image_geometry:/home/ubuntu/ros2_ws/install/camera_info_manager:/home/ubuntu/turtlebot3_ws/install/turtlebot3:/home/ubuntu/turtlebot3_ws/install/turtlebot3_bringup:/home/ubuntu/turtlebot3_ws/install/turtlebot3_node:/home/ubuntu/turtlebot3_ws/install/turtlebot3_description:/home/ubuntu/turtlebot3_ws/install/ld08_driver:/home/ubuntu/ros2_ws/install/opencv_tests:/home/ubuntu/turtlebot3_ws/install/turtlebot3_teleop:/home/ubuntu/turtlebot3_ws/install/turtlebot3_example:/opt/ros/foxy LD_LIBRARY_PATH=/home/ubuntu/ros2_ws/install/image_transport/lib:/home/ubuntu/ros2_ws/install/cv_bridge/lib:/home/ubuntu/ros2_ws/install/camera_calibration_parsers/lib:/home/ubuntu/cv_cam_ws/install/opencv_cam/lib:/home/ubuntu/ros2_ws/install/v4l2_camera/lib:/home/ubuntu/ros2_ws/install/theora_image_transport/lib:/home/ubuntu/ros2_ws/install/compressed_image_transport/lib:/home/ubuntu/ros2_ws/install/compressed_depth_image_transport/lib:/home/ubuntu/ros2_ws/install/image_geometry/lib:/home/ubuntu/ros2_ws/install/camera_info_manager/lib:/opt/ros/foxy/opt/yaml_cpp_vendor/lib:/opt/ros/foxy/lib/aarch64-linux-gnu:/opt/ros/foxy/lib PYTHONPATH=/home/ubuntu/ros2_ws/install/cv_bridge/lib/python3.8/site-packages:/home/ubuntu/ros2_ws/install/theora_image_transport/lib/python3.8/site-packages:/home/ubuntu/ros2_ws/install/opencv_tests/lib/python3.8/site-packages:/home/ubuntu/ros2_ws/install/image_geometry/lib/python3.8/site-packages:/home/ubuntu/turtlebot3_ws/build/turtlebot3_teleop:/home/ubuntu/turtlebot3_ws/install/turtlebot3_teleop/lib/python3.8/site-packages:/home/ubuntu/turtlebot3_ws/build/turtlebot3_example:/home/ubuntu/turtlebot3_ws/install/turtlebot3_example/lib/python3.8/site-packages:/opt/ros/foxy/lib/python3.8/site-packages /usr/bin/cmake --install /home/ubuntu/ros2_ws/build/image_view
