-- The C compiler identification is GNU 9.4.0
-- The CXX compiler identification is GNU 9.4.0
-- Check for working C compiler: /usr/bin/cc
-- Check for working C compiler: /usr/bin/cc -- works
-- Detecting C compiler ABI info
-- Detecting C compiler ABI info - done
-- Detecting C compile features
-- Detecting C compile features - done
-- Check for working CXX compiler: /usr/bin/c++
-- Check for working CXX compiler: /usr/bin/c++ -- works
-- Detecting CXX compiler ABI info
-- Detecting CXX compiler ABI info - done
-- Detecting CXX compile features
-- Detecting CXX compile features - done
-- Found ament_cmake_auto: 0.9.8 (/opt/ros/foxy/share/ament_cmake_auto/cmake)
-- Found PythonInterp: /usr/bin/python3 (found suitable version "3.8.10", minimum required is "3") 
-- Using PYTHON_EXECUTABLE: /usr/bin/python3
-- Override CMake install command with custom implementation using symlinks instead of copying resources
-- Using all available rosidl_typesupport_c: rosidl_typesupport_fastrtps_c;rosidl_typesupport_introspection_c
-- Found rosidl_adapter: 1.2.1 (/opt/ros/foxy/share/rosidl_adapter/cmake)
-- Found OpenSSL: /usr/lib/aarch64-linux-gnu/libcrypto.so (found version "1.1.1f")  
-- Found FastRTPS: /opt/ros/foxy/include  
-- Using all available rosidl_typesupport_cpp: rosidl_typesupport_fastrtps_cpp;rosidl_typesupport_introspection_cpp
-- Found rmw_implementation_cmake: 1.0.3 (/opt/ros/foxy/share/rmw_implementation_cmake/cmake)
-- Using RMW implementation 'rmw_fastrtps_cpp' as default
-- Looking for pthread.h
-- Looking for pthread.h - found
-- Performing Test CMAKE_HAVE_LIBC_PTHREAD
-- Performing Test CMAKE_HAVE_LIBC_PTHREAD - Failed
-- Looking for pthread_create in pthreads
-- Looking for pthread_create in pthreads - not found
-- Looking for pthread_create in pthread
-- Looking for pthread_create in pthread - found
-- Found Threads: TRUE  
-- Found OpenCV: /usr (found version "4.2.0") 
-- Found ament_lint_auto: 0.9.6 (/opt/ros/foxy/share/ament_lint_auto/cmake)
-- Added test 'copyright' to check source files copyright and LICENSE
-- Added test 'cppcheck' to perform static code analysis on C / C++ code
-- Configured cppcheck include dirs: /home/ubuntu/ros2_ws/src/image_pipeline/image_proc/include
-- Configured cppcheck exclude dirs and/or files: 
-- Added test 'cpplint' to check C / C++ code against the Google style
-- Configured cpplint exclude dirs and/or files: 
-- Added test 'flake8' to check Python code syntax and style conventions
-- Added test 'lint_cmake' to check CMake code style
-- Added test 'pep257' to check Python code against some of the style conventions in PEP 257
-- Added test 'uncrustify' to check C / C++ code style
-- Configured uncrustify additional arguments: 
-- Added test 'xmllint' to check XML markup files
-- Configuring done
-- Generating done
-- Build files have been written to: /home/ubuntu/ros2_ws/build/image_proc
Scanning dependencies of target image_proc
[  6%] Building CXX object CMakeFiles/image_proc.dir/src/image_proc/processor.cpp.o
[ 13%] Linking CXX shared library libimage_proc.so
[ 13%] Built target image_proc
Scanning dependencies of target rectify
[ 20%] Building CXX object CMakeFiles/rectify.dir/src/rectify.cpp.o
[ 26%] Linking CXX shared library librectify.so
[ 26%] Built target rectify
Scanning dependencies of target debayer
[ 33%] Building CXX object CMakeFiles/debayer.dir/src/debayer.cpp.o
[ 40%] Building CXX object CMakeFiles/debayer.dir/src/edge_aware.cpp.o
[ 46%] Linking CXX shared library libdebayer.so
[ 46%] Built target debayer
Scanning dependencies of target resize
[ 53%] Building CXX object CMakeFiles/resize.dir/src/resize.cpp.o
[ 60%] Linking CXX shared library libresize.so
[ 60%] Built target resize
Scanning dependencies of target crop_decimate
[ 66%] Building CXX object CMakeFiles/crop_decimate.dir/src/crop_decimate.cpp.o
[ 73%] Linking CXX shared library libcrop_decimate.so
[ 73%] Built target crop_decimate
Scanning dependencies of target crop_non_zero
[ 80%] Building CXX object CMakeFiles/crop_non_zero.dir/src/crop_non_zero.cpp.o
[ 86%] Linking CXX shared library libcrop_non_zero.so
[ 86%] Built target crop_non_zero
Scanning dependencies of target image_proc_exe
[ 93%] Building CXX object CMakeFiles/image_proc_exe.dir/src/image_proc.cpp.o
[100%] Linking CXX executable image_proc
[100%] Built target image_proc_exe
-- Install configuration: ""
-- Execute custom install script
-- Symlinking: /home/ubuntu/ros2_ws/install/image_proc/bin/image_proc
-- Symlinking: /home/ubuntu/ros2_ws/install/image_proc/include/image_proc/crop_decimate.hpp
-- Symlinking: /home/ubuntu/ros2_ws/install/image_proc/include/image_proc/crop_non_zero.hpp
-- Symlinking: /home/ubuntu/ros2_ws/install/image_proc/include/image_proc/debayer.hpp
-- Symlinking: /home/ubuntu/ros2_ws/install/image_proc/include/image_proc/edge_aware.hpp
-- Symlinking: /home/ubuntu/ros2_ws/install/image_proc/include/image_proc/processor.hpp
-- Symlinking: /home/ubuntu/ros2_ws/install/image_proc/include/image_proc/rectify.hpp
-- Symlinking: /home/ubuntu/ros2_ws/install/image_proc/include/image_proc/resize.hpp
-- Symlinking: /home/ubuntu/ros2_ws/install/image_proc/share/image_proc/environment/library_path.sh
-- Symlinking: /home/ubuntu/ros2_ws/install/image_proc/share/image_proc/environment/library_path.dsv
-- Symlinking: /home/ubuntu/ros2_ws/install/image_proc/lib/libimage_proc.so
-- Symlinking: /home/ubuntu/ros2_ws/install/image_proc/lib/librectify.so
-- Symlinking: /home/ubuntu/ros2_ws/install/image_proc/lib/libdebayer.so
-- Symlinking: /home/ubuntu/ros2_ws/install/image_proc/lib/libresize.so
-- Symlinking: /home/ubuntu/ros2_ws/install/image_proc/lib/libcrop_decimate.so
-- Symlinking: /home/ubuntu/ros2_ws/install/image_proc/lib/libcrop_non_zero.so
-- Symlinking: /home/ubuntu/ros2_ws/install/image_proc/lib/image_proc/image_proc
-- Symlinking: /home/ubuntu/ros2_ws/install/image_proc/share/image_proc/launch/image_proc.launch.py
-- Symlinking: /home/ubuntu/ros2_ws/install/image_proc/share/ament_index/resource_index/package_run_dependencies/image_proc
-- Symlinking: /home/ubuntu/ros2_ws/install/image_proc/share/ament_index/resource_index/parent_prefix_path/image_proc
-- Symlinking: /home/ubuntu/ros2_ws/install/image_proc/share/image_proc/environment/ament_prefix_path.sh
-- Symlinking: /home/ubuntu/ros2_ws/install/image_proc/share/image_proc/environment/ament_prefix_path.dsv
-- Symlinking: /home/ubuntu/ros2_ws/install/image_proc/share/image_proc/environment/path.sh
-- Symlinking: /home/ubuntu/ros2_ws/install/image_proc/share/image_proc/environment/path.dsv
-- Symlinking: /home/ubuntu/ros2_ws/install/image_proc/share/image_proc/local_setup.bash
-- Symlinking: /home/ubuntu/ros2_ws/install/image_proc/share/image_proc/local_setup.sh
-- Symlinking: /home/ubuntu/ros2_ws/install/image_proc/share/image_proc/local_setup.zsh
-- Symlinking: /home/ubuntu/ros2_ws/install/image_proc/share/image_proc/local_setup.dsv
-- Symlinking: /home/ubuntu/ros2_ws/install/image_proc/share/image_proc/package.dsv
-- Symlinking: /home/ubuntu/ros2_ws/install/image_proc/share/ament_index/resource_index/packages/image_proc
-- Symlinking: /home/ubuntu/ros2_ws/install/image_proc/share/ament_index/resource_index/rclcpp_components/image_proc
-- Symlinking: /home/ubuntu/ros2_ws/install/image_proc/share/image_proc/cmake/ament_cmake_export_dependencies-extras.cmake
-- Symlinking: /home/ubuntu/ros2_ws/install/image_proc/share/image_proc/cmake/ament_cmake_export_include_directories-extras.cmake
-- Symlinking: /home/ubuntu/ros2_ws/install/image_proc/share/image_proc/cmake/ament_cmake_export_libraries-extras.cmake
-- Symlinking: /home/ubuntu/ros2_ws/install/image_proc/share/image_proc/cmake/image_procConfig.cmake
-- Symlinking: /home/ubuntu/ros2_ws/install/image_proc/share/image_proc/cmake/image_procConfig-version.cmake
-- Symlinking: /home/ubuntu/ros2_ws/install/image_proc/share/image_proc/package.xml
