[0.242s] Invoking command in '/home/ubuntu/ros2_ws/build/image_proc': AMENT_PREFIX_PATH=/home/ubuntu/ros2_ws/install/tracetools_image_pipeline:${AMENT_PREFIX_PATH} CMAKE_PREFIX_PATH=/home/ubuntu/ros2_ws/install/tracetools_image_pipeline:/home/ubuntu/ros2_ws/install/image_transport:/home/ubuntu/ros2_ws/install/image_geometry:/home/ubuntu/ros2_ws/install/cv_bridge:/home/ubuntu/cv_cam_ws/install/opencv_cam:/home/ubuntu/cv_cam_ws/install/ros2_shared:/home/ubuntu/ros2_ws/install/vision_opencv:/home/ubuntu/ros2_ws/install/v4l2_camera:/home/ubuntu/ros2_ws/install/image_transport_plugins:/home/ubuntu/ros2_ws/install/theora_image_transport:/home/ubuntu/ros2_ws/install/image_common:/home/ubuntu/ros2_ws/install/compressed_image_transport:/home/ubuntu/ros2_ws/install/compressed_depth_image_transport:/home/ubuntu/ros2_ws/install/camera_info_manager:/home/ubuntu/ros2_ws/install/camera_calibration_parsers:/home/ubuntu/turtlebot3_ws/install/turtlebot3:/home/ubuntu/turtlebot3_ws/install/turtlebot3_bringup:/home/ubuntu/turtlebot3_ws/install/turtlebot3_node:/home/ubuntu/turtlebot3_ws/install/turtlebot3_description:/home/ubuntu/turtlebot3_ws/install/ld08_driver:/home/ubuntu/ros2_ws/install/opencv_tests:/home/ubuntu/turtlebot3_ws/install/turtlebot3_teleop:/home/ubuntu/turtlebot3_ws/install/turtlebot3_example:/opt/ros/foxy LD_LIBRARY_PATH=/home/ubuntu/ros2_ws/install/tracetools_image_pipeline/lib:/home/ubuntu/ros2_ws/install/image_transport/lib:/home/ubuntu/ros2_ws/install/image_geometry/lib:/home/ubuntu/ros2_ws/install/cv_bridge/lib:/home/ubuntu/cv_cam_ws/install/opencv_cam/lib:/home/ubuntu/ros2_ws/install/v4l2_camera/lib:/home/ubuntu/ros2_ws/install/theora_image_transport/lib:/home/ubuntu/ros2_ws/install/compressed_image_transport/lib:/home/ubuntu/ros2_ws/install/compressed_depth_image_transport/lib:/home/ubuntu/ros2_ws/install/camera_info_manager/lib:/home/ubuntu/ros2_ws/install/camera_calibration_parsers/lib:/opt/ros/foxy/opt/yaml_cpp_vendor/lib:/opt/ros/foxy/lib/aarch64-linux-gnu:/opt/ros/foxy/lib PYTHONPATH=/home/ubuntu/ros2_ws/install/image_geometry/lib/python3.8/site-packages:/home/ubuntu/ros2_ws/install/cv_bridge/lib/python3.8/site-packages:/home/ubuntu/ros2_ws/install/theora_image_transport/lib/python3.8/site-packages:/home/ubuntu/ros2_ws/install/opencv_tests/lib/python3.8/site-packages:/home/ubuntu/turtlebot3_ws/build/turtlebot3_teleop:/home/ubuntu/turtlebot3_ws/install/turtlebot3_teleop/lib/python3.8/site-packages:/home/ubuntu/turtlebot3_ws/build/turtlebot3_example:/home/ubuntu/turtlebot3_ws/install/turtlebot3_example/lib/python3.8/site-packages:/opt/ros/foxy/lib/python3.8/site-packages /usr/bin/cmake /home/ubuntu/ros2_ws/src/image_pipeline/image_proc -DAMENT_CMAKE_SYMLINK_INSTALL=1 -DCMAKE_INSTALL_PREFIX=/home/ubuntu/ros2_ws/install/image_proc
[0.958s] -- The C compiler identification is GNU 9.4.0
[1.589s] -- The CXX compiler identification is GNU 9.4.0
[1.650s] -- Check for working C compiler: /usr/bin/cc
[2.614s] -- Check for working C compiler: /usr/bin/cc -- works
[2.624s] -- Detecting C compiler ABI info
[3.438s] -- Detecting C compiler ABI info - done
[3.555s] -- Detecting C compile features
[3.561s] -- Detecting C compile features - done
[3.590s] -- Check for working CXX compiler: /usr/bin/c++
[4.729s] -- Check for working CXX compiler: /usr/bin/c++ -- works
[4.750s] -- Detecting CXX compiler ABI info
[5.848s] -- Detecting CXX compiler ABI info - done
[5.986s] -- Detecting CXX compile features
[5.993s] -- Detecting CXX compile features - done
[6.065s] -- Found ament_cmake_auto: 0.9.8 (/opt/ros/foxy/share/ament_cmake_auto/cmake)
[6.722s] -- Found PythonInterp: /usr/bin/python3 (found suitable version "3.8.10", minimum required is "3") 
[6.724s] -- Using PYTHON_EXECUTABLE: /usr/bin/python3
[9.199s] -- Override CMake install command with custom implementation using symlinks instead of copying resources
[12.219s] -- Using all available rosidl_typesupport_c: rosidl_typesupport_fastrtps_c;rosidl_typesupport_introspection_c
[12.569s] -- Found rosidl_adapter: 1.2.1 (/opt/ros/foxy/share/rosidl_adapter/cmake)
[14.697s] -- Found OpenSSL: /usr/lib/aarch64-linux-gnu/libcrypto.so (found version "1.1.1f")  
[15.113s] -- Found FastRTPS: /opt/ros/foxy/include  
[16.428s] -- Using all available rosidl_typesupport_cpp: rosidl_typesupport_fastrtps_cpp;rosidl_typesupport_introspection_cpp
[19.719s] -- Found rmw_implementation_cmake: 1.0.3 (/opt/ros/foxy/share/rmw_implementation_cmake/cmake)
[19.744s] -- Using RMW implementation 'rmw_fastrtps_cpp' as default
[19.754s] -- Looking for pthread.h
[20.918s] -- Looking for pthread.h - found
[20.925s] -- Performing Test CMAKE_HAVE_LIBC_PTHREAD
[21.966s] -- Performing Test CMAKE_HAVE_LIBC_PTHREAD - Failed
[21.970s] -- Looking for pthread_create in pthreads
[22.843s] -- Looking for pthread_create in pthreads - not found
[22.848s] -- Looking for pthread_create in pthread
[24.146s] -- Looking for pthread_create in pthread - found
[24.156s] -- Found Threads: TRUE  
[27.554s] -- Found OpenCV: /usr (found version "4.2.0") 
[30.227s] -- Found ament_lint_auto: 0.9.6 (/opt/ros/foxy/share/ament_lint_auto/cmake)
[30.879s] -- Added test 'copyright' to check source files copyright and LICENSE
[30.926s] -- Added test 'cppcheck' to perform static code analysis on C / C++ code
[30.935s] -- Configured cppcheck include dirs: /home/ubuntu/ros2_ws/src/image_pipeline/image_proc/include
[30.937s] -- Configured cppcheck exclude dirs and/or files: 
[30.972s] -- Added test 'cpplint' to check C / C++ code against the Google style
[30.973s] -- Configured cpplint exclude dirs and/or files: 
[30.984s] -- Added test 'flake8' to check Python code syntax and style conventions
[31.000s] -- Added test 'lint_cmake' to check CMake code style
[31.012s] -- Added test 'pep257' to check Python code against some of the style conventions in PEP 257
[31.050s] -- Added test 'uncrustify' to check C / C++ code style
[31.051s] -- Configured uncrustify additional arguments: 
[31.063s] -- Added test 'xmllint' to check XML markup files
[31.161s] -- Configuring done
[34.148s] -- Generating done
[34.173s] -- Build files have been written to: /home/ubuntu/ros2_ws/build/image_proc
[34.279s] Invoked command in '/home/ubuntu/ros2_ws/build/image_proc' returned '0': AMENT_PREFIX_PATH=/home/ubuntu/ros2_ws/install/tracetools_image_pipeline:${AMENT_PREFIX_PATH} CMAKE_PREFIX_PATH=/home/ubuntu/ros2_ws/install/tracetools_image_pipeline:/home/ubuntu/ros2_ws/install/image_transport:/home/ubuntu/ros2_ws/install/image_geometry:/home/ubuntu/ros2_ws/install/cv_bridge:/home/ubuntu/cv_cam_ws/install/opencv_cam:/home/ubuntu/cv_cam_ws/install/ros2_shared:/home/ubuntu/ros2_ws/install/vision_opencv:/home/ubuntu/ros2_ws/install/v4l2_camera:/home/ubuntu/ros2_ws/install/image_transport_plugins:/home/ubuntu/ros2_ws/install/theora_image_transport:/home/ubuntu/ros2_ws/install/image_common:/home/ubuntu/ros2_ws/install/compressed_image_transport:/home/ubuntu/ros2_ws/install/compressed_depth_image_transport:/home/ubuntu/ros2_ws/install/camera_info_manager:/home/ubuntu/ros2_ws/install/camera_calibration_parsers:/home/ubuntu/turtlebot3_ws/install/turtlebot3:/home/ubuntu/turtlebot3_ws/install/turtlebot3_bringup:/home/ubuntu/turtlebot3_ws/install/turtlebot3_node:/home/ubuntu/turtlebot3_ws/install/turtlebot3_description:/home/ubuntu/turtlebot3_ws/install/ld08_driver:/home/ubuntu/ros2_ws/install/opencv_tests:/home/ubuntu/turtlebot3_ws/install/turtlebot3_teleop:/home/ubuntu/turtlebot3_ws/install/turtlebot3_example:/opt/ros/foxy LD_LIBRARY_PATH=/home/ubuntu/ros2_ws/install/tracetools_image_pipeline/lib:/home/ubuntu/ros2_ws/install/image_transport/lib:/home/ubuntu/ros2_ws/install/image_geometry/lib:/home/ubuntu/ros2_ws/install/cv_bridge/lib:/home/ubuntu/cv_cam_ws/install/opencv_cam/lib:/home/ubuntu/ros2_ws/install/v4l2_camera/lib:/home/ubuntu/ros2_ws/install/theora_image_transport/lib:/home/ubuntu/ros2_ws/install/compressed_image_transport/lib:/home/ubuntu/ros2_ws/install/compressed_depth_image_transport/lib:/home/ubuntu/ros2_ws/install/camera_info_manager/lib:/home/ubuntu/ros2_ws/install/camera_calibration_parsers/lib:/opt/ros/foxy/opt/yaml_cpp_vendor/lib:/opt/ros/foxy/lib/aarch64-linux-gnu:/opt/ros/foxy/lib PYTHONPATH=/home/ubuntu/ros2_ws/install/image_geometry/lib/python3.8/site-packages:/home/ubuntu/ros2_ws/install/cv_bridge/lib/python3.8/site-packages:/home/ubuntu/ros2_ws/install/theora_image_transport/lib/python3.8/site-packages:/home/ubuntu/ros2_ws/install/opencv_tests/lib/python3.8/site-packages:/home/ubuntu/turtlebot3_ws/build/turtlebot3_teleop:/home/ubuntu/turtlebot3_ws/install/turtlebot3_teleop/lib/python3.8/site-packages:/home/ubuntu/turtlebot3_ws/build/turtlebot3_example:/home/ubuntu/turtlebot3_ws/install/turtlebot3_example/lib/python3.8/site-packages:/opt/ros/foxy/lib/python3.8/site-packages /usr/bin/cmake /home/ubuntu/ros2_ws/src/image_pipeline/image_proc -DAMENT_CMAKE_SYMLINK_INSTALL=1 -DCMAKE_INSTALL_PREFIX=/home/ubuntu/ros2_ws/install/image_proc
[34.296s] Invoking command in '/home/ubuntu/ros2_ws/build/image_proc': AMENT_PREFIX_PATH=/home/ubuntu/ros2_ws/install/tracetools_image_pipeline:${AMENT_PREFIX_PATH} CMAKE_PREFIX_PATH=/home/ubuntu/ros2_ws/install/tracetools_image_pipeline:/home/ubuntu/ros2_ws/install/image_transport:/home/ubuntu/ros2_ws/install/image_geometry:/home/ubuntu/ros2_ws/install/cv_bridge:/home/ubuntu/cv_cam_ws/install/opencv_cam:/home/ubuntu/cv_cam_ws/install/ros2_shared:/home/ubuntu/ros2_ws/install/vision_opencv:/home/ubuntu/ros2_ws/install/v4l2_camera:/home/ubuntu/ros2_ws/install/image_transport_plugins:/home/ubuntu/ros2_ws/install/theora_image_transport:/home/ubuntu/ros2_ws/install/image_common:/home/ubuntu/ros2_ws/install/compressed_image_transport:/home/ubuntu/ros2_ws/install/compressed_depth_image_transport:/home/ubuntu/ros2_ws/install/camera_info_manager:/home/ubuntu/ros2_ws/install/camera_calibration_parsers:/home/ubuntu/turtlebot3_ws/install/turtlebot3:/home/ubuntu/turtlebot3_ws/install/turtlebot3_bringup:/home/ubuntu/turtlebot3_ws/install/turtlebot3_node:/home/ubuntu/turtlebot3_ws/install/turtlebot3_description:/home/ubuntu/turtlebot3_ws/install/ld08_driver:/home/ubuntu/ros2_ws/install/opencv_tests:/home/ubuntu/turtlebot3_ws/install/turtlebot3_teleop:/home/ubuntu/turtlebot3_ws/install/turtlebot3_example:/opt/ros/foxy LD_LIBRARY_PATH=/home/ubuntu/ros2_ws/install/tracetools_image_pipeline/lib:/home/ubuntu/ros2_ws/install/image_transport/lib:/home/ubuntu/ros2_ws/install/image_geometry/lib:/home/ubuntu/ros2_ws/install/cv_bridge/lib:/home/ubuntu/cv_cam_ws/install/opencv_cam/lib:/home/ubuntu/ros2_ws/install/v4l2_camera/lib:/home/ubuntu/ros2_ws/install/theora_image_transport/lib:/home/ubuntu/ros2_ws/install/compressed_image_transport/lib:/home/ubuntu/ros2_ws/install/compressed_depth_image_transport/lib:/home/ubuntu/ros2_ws/install/camera_info_manager/lib:/home/ubuntu/ros2_ws/install/camera_calibration_parsers/lib:/opt/ros/foxy/opt/yaml_cpp_vendor/lib:/opt/ros/foxy/lib/aarch64-linux-gnu:/opt/ros/foxy/lib PYTHONPATH=/home/ubuntu/ros2_ws/install/image_geometry/lib/python3.8/site-packages:/home/ubuntu/ros2_ws/install/cv_bridge/lib/python3.8/site-packages:/home/ubuntu/ros2_ws/install/theora_image_transport/lib/python3.8/site-packages:/home/ubuntu/ros2_ws/install/opencv_tests/lib/python3.8/site-packages:/home/ubuntu/turtlebot3_ws/build/turtlebot3_teleop:/home/ubuntu/turtlebot3_ws/install/turtlebot3_teleop/lib/python3.8/site-packages:/home/ubuntu/turtlebot3_ws/build/turtlebot3_example:/home/ubuntu/turtlebot3_ws/install/turtlebot3_example/lib/python3.8/site-packages:/opt/ros/foxy/lib/python3.8/site-packages /usr/bin/cmake --build /home/ubuntu/ros2_ws/build/image_proc -- -j4 -l4
[34.838s] Scanning dependencies of target image_proc
[35.676s] [  6%] Building CXX object CMakeFiles/image_proc.dir/src/image_proc/processor.cpp.o
[49.515s] [ 13%] Linking CXX shared library libimage_proc.so
[51.086s] [ 13%] Built target image_proc
[51.207s] Scanning dependencies of target rectify
[52.279s] [ 20%] Building CXX object CMakeFiles/rectify.dir/src/rectify.cpp.o
[4485.482s] [ 26%] Linking CXX shared library librectify.so
[4492.022s] [ 26%] Built target rectify
[4492.317s] Scanning dependencies of target debayer
[4495.414s] [ 33%] Building CXX object CMakeFiles/debayer.dir/src/debayer.cpp.o
[4728.005s] [ 40%] Building CXX object CMakeFiles/debayer.dir/src/edge_aware.cpp.o
[4738.082s] [ 46%] Linking CXX shared library libdebayer.so
[4747.264s] [ 46%] Built target debayer
[4747.509s] Scanning dependencies of target resize
[4750.382s] [ 53%] Building CXX object CMakeFiles/resize.dir/src/resize.cpp.o
[4867.348s] [ 60%] Linking CXX shared library libresize.so
[4875.872s] [ 60%] Built target resize
[4876.146s] Scanning dependencies of target crop_decimate
[4879.211s] [ 66%] Building CXX object CMakeFiles/crop_decimate.dir/src/crop_decimate.cpp.o
[5003.586s] [ 73%] Linking CXX shared library libcrop_decimate.so
[5012.961s] [ 73%] Built target crop_decimate
[5013.174s] Scanning dependencies of target crop_non_zero
[5016.269s] [ 80%] Building CXX object CMakeFiles/crop_non_zero.dir/src/crop_non_zero.cpp.o
[5171.948s] [ 86%] Linking CXX shared library libcrop_non_zero.so
[5181.148s] [ 86%] Built target crop_non_zero
[5181.374s] Scanning dependencies of target image_proc_exe
[5184.418s] [ 93%] Building CXX object CMakeFiles/image_proc_exe.dir/src/image_proc.cpp.o
[5276.547s] [100%] Linking CXX executable image_proc
[5285.732s] [100%] Built target image_proc_exe
[5288.640s] Invoked command in '/home/ubuntu/ros2_ws/build/image_proc' returned '0': AMENT_PREFIX_PATH=/home/ubuntu/ros2_ws/install/tracetools_image_pipeline:${AMENT_PREFIX_PATH} CMAKE_PREFIX_PATH=/home/ubuntu/ros2_ws/install/tracetools_image_pipeline:/home/ubuntu/ros2_ws/install/image_transport:/home/ubuntu/ros2_ws/install/image_geometry:/home/ubuntu/ros2_ws/install/cv_bridge:/home/ubuntu/cv_cam_ws/install/opencv_cam:/home/ubuntu/cv_cam_ws/install/ros2_shared:/home/ubuntu/ros2_ws/install/vision_opencv:/home/ubuntu/ros2_ws/install/v4l2_camera:/home/ubuntu/ros2_ws/install/image_transport_plugins:/home/ubuntu/ros2_ws/install/theora_image_transport:/home/ubuntu/ros2_ws/install/image_common:/home/ubuntu/ros2_ws/install/compressed_image_transport:/home/ubuntu/ros2_ws/install/compressed_depth_image_transport:/home/ubuntu/ros2_ws/install/camera_info_manager:/home/ubuntu/ros2_ws/install/camera_calibration_parsers:/home/ubuntu/turtlebot3_ws/install/turtlebot3:/home/ubuntu/turtlebot3_ws/install/turtlebot3_bringup:/home/ubuntu/turtlebot3_ws/install/turtlebot3_node:/home/ubuntu/turtlebot3_ws/install/turtlebot3_description:/home/ubuntu/turtlebot3_ws/install/ld08_driver:/home/ubuntu/ros2_ws/install/opencv_tests:/home/ubuntu/turtlebot3_ws/install/turtlebot3_teleop:/home/ubuntu/turtlebot3_ws/install/turtlebot3_example:/opt/ros/foxy LD_LIBRARY_PATH=/home/ubuntu/ros2_ws/install/tracetools_image_pipeline/lib:/home/ubuntu/ros2_ws/install/image_transport/lib:/home/ubuntu/ros2_ws/install/image_geometry/lib:/home/ubuntu/ros2_ws/install/cv_bridge/lib:/home/ubuntu/cv_cam_ws/install/opencv_cam/lib:/home/ubuntu/ros2_ws/install/v4l2_camera/lib:/home/ubuntu/ros2_ws/install/theora_image_transport/lib:/home/ubuntu/ros2_ws/install/compressed_image_transport/lib:/home/ubuntu/ros2_ws/install/compressed_depth_image_transport/lib:/home/ubuntu/ros2_ws/install/camera_info_manager/lib:/home/ubuntu/ros2_ws/install/camera_calibration_parsers/lib:/opt/ros/foxy/opt/yaml_cpp_vendor/lib:/opt/ros/foxy/lib/aarch64-linux-gnu:/opt/ros/foxy/lib PYTHONPATH=/home/ubuntu/ros2_ws/install/image_geometry/lib/python3.8/site-packages:/home/ubuntu/ros2_ws/install/cv_bridge/lib/python3.8/site-packages:/home/ubuntu/ros2_ws/install/theora_image_transport/lib/python3.8/site-packages:/home/ubuntu/ros2_ws/install/opencv_tests/lib/python3.8/site-packages:/home/ubuntu/turtlebot3_ws/build/turtlebot3_teleop:/home/ubuntu/turtlebot3_ws/install/turtlebot3_teleop/lib/python3.8/site-packages:/home/ubuntu/turtlebot3_ws/build/turtlebot3_example:/home/ubuntu/turtlebot3_ws/install/turtlebot3_example/lib/python3.8/site-packages:/opt/ros/foxy/lib/python3.8/site-packages /usr/bin/cmake --build /home/ubuntu/ros2_ws/build/image_proc -- -j4 -l4
[5290.654s] Invoking command in '/home/ubuntu/ros2_ws/build/image_proc': AMENT_PREFIX_PATH=/home/ubuntu/ros2_ws/install/tracetools_image_pipeline:${AMENT_PREFIX_PATH} CMAKE_PREFIX_PATH=/home/ubuntu/ros2_ws/install/tracetools_image_pipeline:/home/ubuntu/ros2_ws/install/image_transport:/home/ubuntu/ros2_ws/install/image_geometry:/home/ubuntu/ros2_ws/install/cv_bridge:/home/ubuntu/cv_cam_ws/install/opencv_cam:/home/ubuntu/cv_cam_ws/install/ros2_shared:/home/ubuntu/ros2_ws/install/vision_opencv:/home/ubuntu/ros2_ws/install/v4l2_camera:/home/ubuntu/ros2_ws/install/image_transport_plugins:/home/ubuntu/ros2_ws/install/theora_image_transport:/home/ubuntu/ros2_ws/install/image_common:/home/ubuntu/ros2_ws/install/compressed_image_transport:/home/ubuntu/ros2_ws/install/compressed_depth_image_transport:/home/ubuntu/ros2_ws/install/camera_info_manager:/home/ubuntu/ros2_ws/install/camera_calibration_parsers:/home/ubuntu/turtlebot3_ws/install/turtlebot3:/home/ubuntu/turtlebot3_ws/install/turtlebot3_bringup:/home/ubuntu/turtlebot3_ws/install/turtlebot3_node:/home/ubuntu/turtlebot3_ws/install/turtlebot3_description:/home/ubuntu/turtlebot3_ws/install/ld08_driver:/home/ubuntu/ros2_ws/install/opencv_tests:/home/ubuntu/turtlebot3_ws/install/turtlebot3_teleop:/home/ubuntu/turtlebot3_ws/install/turtlebot3_example:/opt/ros/foxy LD_LIBRARY_PATH=/home/ubuntu/ros2_ws/install/tracetools_image_pipeline/lib:/home/ubuntu/ros2_ws/install/image_transport/lib:/home/ubuntu/ros2_ws/install/image_geometry/lib:/home/ubuntu/ros2_ws/install/cv_bridge/lib:/home/ubuntu/cv_cam_ws/install/opencv_cam/lib:/home/ubuntu/ros2_ws/install/v4l2_camera/lib:/home/ubuntu/ros2_ws/install/theora_image_transport/lib:/home/ubuntu/ros2_ws/install/compressed_image_transport/lib:/home/ubuntu/ros2_ws/install/compressed_depth_image_transport/lib:/home/ubuntu/ros2_ws/install/camera_info_manager/lib:/home/ubuntu/ros2_ws/install/camera_calibration_parsers/lib:/opt/ros/foxy/opt/yaml_cpp_vendor/lib:/opt/ros/foxy/lib/aarch64-linux-gnu:/opt/ros/foxy/lib PYTHONPATH=/home/ubuntu/ros2_ws/install/image_geometry/lib/python3.8/site-packages:/home/ubuntu/ros2_ws/install/cv_bridge/lib/python3.8/site-packages:/home/ubuntu/ros2_ws/install/theora_image_transport/lib/python3.8/site-packages:/home/ubuntu/ros2_ws/install/opencv_tests/lib/python3.8/site-packages:/home/ubuntu/turtlebot3_ws/build/turtlebot3_teleop:/home/ubuntu/turtlebot3_ws/install/turtlebot3_teleop/lib/python3.8/site-packages:/home/ubuntu/turtlebot3_ws/build/turtlebot3_example:/home/ubuntu/turtlebot3_ws/install/turtlebot3_example/lib/python3.8/site-packages:/opt/ros/foxy/lib/python3.8/site-packages /usr/bin/cmake --install /home/ubuntu/ros2_ws/build/image_proc
[5290.836s] -- Install configuration: ""
[5290.849s] -- Execute custom install script
[5290.857s] -- Symlinking: /home/ubuntu/ros2_ws/install/image_proc/bin/image_proc
[5290.972s] -- Symlinking: /home/ubuntu/ros2_ws/install/image_proc/include/image_proc/crop_decimate.hpp
[5291.053s] -- Symlinking: /home/ubuntu/ros2_ws/install/image_proc/include/image_proc/crop_non_zero.hpp
[5291.130s] -- Symlinking: /home/ubuntu/ros2_ws/install/image_proc/include/image_proc/debayer.hpp
[5291.206s] -- Symlinking: /home/ubuntu/ros2_ws/install/image_proc/include/image_proc/edge_aware.hpp
[5291.283s] -- Symlinking: /home/ubuntu/ros2_ws/install/image_proc/include/image_proc/processor.hpp
[5291.360s] -- Symlinking: /home/ubuntu/ros2_ws/install/image_proc/include/image_proc/rectify.hpp
[5291.437s] -- Symlinking: /home/ubuntu/ros2_ws/install/image_proc/include/image_proc/resize.hpp
[5291.543s] -- Symlinking: /home/ubuntu/ros2_ws/install/image_proc/share/image_proc/environment/library_path.sh
[5291.627s] -- Symlinking: /home/ubuntu/ros2_ws/install/image_proc/share/image_proc/environment/library_path.dsv
[5291.709s] -- Symlinking: /home/ubuntu/ros2_ws/install/image_proc/lib/libimage_proc.so
[5291.788s] -- Symlinking: /home/ubuntu/ros2_ws/install/image_proc/lib/librectify.so
[5291.865s] -- Symlinking: /home/ubuntu/ros2_ws/install/image_proc/lib/libdebayer.so
[5291.942s] -- Symlinking: /home/ubuntu/ros2_ws/install/image_proc/lib/libresize.so
[5292.021s] -- Symlinking: /home/ubuntu/ros2_ws/install/image_proc/lib/libcrop_decimate.so
[5292.101s] -- Symlinking: /home/ubuntu/ros2_ws/install/image_proc/lib/libcrop_non_zero.so
[5292.183s] -- Symlinking: /home/ubuntu/ros2_ws/install/image_proc/lib/image_proc/image_proc
[5292.269s] -- Symlinking: /home/ubuntu/ros2_ws/install/image_proc/share/image_proc/launch/image_proc.launch.py
[5292.370s] -- Symlinking: /home/ubuntu/ros2_ws/install/image_proc/share/ament_index/resource_index/package_run_dependencies/image_proc
[5292.455s] -- Symlinking: /home/ubuntu/ros2_ws/install/image_proc/share/ament_index/resource_index/parent_prefix_path/image_proc
[5292.561s] -- Symlinking: /home/ubuntu/ros2_ws/install/image_proc/share/image_proc/environment/ament_prefix_path.sh
[5292.648s] -- Symlinking: /home/ubuntu/ros2_ws/install/image_proc/share/image_proc/environment/ament_prefix_path.dsv
[5292.725s] -- Symlinking: /home/ubuntu/ros2_ws/install/image_proc/share/image_proc/environment/path.sh
[5292.806s] -- Symlinking: /home/ubuntu/ros2_ws/install/image_proc/share/image_proc/environment/path.dsv
[5292.887s] -- Symlinking: /home/ubuntu/ros2_ws/install/image_proc/share/image_proc/local_setup.bash
[5292.971s] -- Symlinking: /home/ubuntu/ros2_ws/install/image_proc/share/image_proc/local_setup.sh
[5293.057s] -- Symlinking: /home/ubuntu/ros2_ws/install/image_proc/share/image_proc/local_setup.zsh
[5293.141s] -- Symlinking: /home/ubuntu/ros2_ws/install/image_proc/share/image_proc/local_setup.dsv
[5293.230s] -- Symlinking: /home/ubuntu/ros2_ws/install/image_proc/share/image_proc/package.dsv
[5293.315s] -- Symlinking: /home/ubuntu/ros2_ws/install/image_proc/share/ament_index/resource_index/packages/image_proc
[5293.399s] -- Symlinking: /home/ubuntu/ros2_ws/install/image_proc/share/ament_index/resource_index/rclcpp_components/image_proc
[5293.492s] -- Symlinking: /home/ubuntu/ros2_ws/install/image_proc/share/image_proc/cmake/ament_cmake_export_dependencies-extras.cmake
[5293.577s] -- Symlinking: /home/ubuntu/ros2_ws/install/image_proc/share/image_proc/cmake/ament_cmake_export_include_directories-extras.cmake
[5293.688s] -- Symlinking: /home/ubuntu/ros2_ws/install/image_proc/share/image_proc/cmake/ament_cmake_export_libraries-extras.cmake
[5293.777s] -- Symlinking: /home/ubuntu/ros2_ws/install/image_proc/share/image_proc/cmake/image_procConfig.cmake
[5293.860s] -- Symlinking: /home/ubuntu/ros2_ws/install/image_proc/share/image_proc/cmake/image_procConfig-version.cmake
[5293.947s] -- Symlinking: /home/ubuntu/ros2_ws/install/image_proc/share/image_proc/package.xml
[5294.115s] Invoked command in '/home/ubuntu/ros2_ws/build/image_proc' returned '0': AMENT_PREFIX_PATH=/home/ubuntu/ros2_ws/install/tracetools_image_pipeline:${AMENT_PREFIX_PATH} CMAKE_PREFIX_PATH=/home/ubuntu/ros2_ws/install/tracetools_image_pipeline:/home/ubuntu/ros2_ws/install/image_transport:/home/ubuntu/ros2_ws/install/image_geometry:/home/ubuntu/ros2_ws/install/cv_bridge:/home/ubuntu/cv_cam_ws/install/opencv_cam:/home/ubuntu/cv_cam_ws/install/ros2_shared:/home/ubuntu/ros2_ws/install/vision_opencv:/home/ubuntu/ros2_ws/install/v4l2_camera:/home/ubuntu/ros2_ws/install/image_transport_plugins:/home/ubuntu/ros2_ws/install/theora_image_transport:/home/ubuntu/ros2_ws/install/image_common:/home/ubuntu/ros2_ws/install/compressed_image_transport:/home/ubuntu/ros2_ws/install/compressed_depth_image_transport:/home/ubuntu/ros2_ws/install/camera_info_manager:/home/ubuntu/ros2_ws/install/camera_calibration_parsers:/home/ubuntu/turtlebot3_ws/install/turtlebot3:/home/ubuntu/turtlebot3_ws/install/turtlebot3_bringup:/home/ubuntu/turtlebot3_ws/install/turtlebot3_node:/home/ubuntu/turtlebot3_ws/install/turtlebot3_description:/home/ubuntu/turtlebot3_ws/install/ld08_driver:/home/ubuntu/ros2_ws/install/opencv_tests:/home/ubuntu/turtlebot3_ws/install/turtlebot3_teleop:/home/ubuntu/turtlebot3_ws/install/turtlebot3_example:/opt/ros/foxy LD_LIBRARY_PATH=/home/ubuntu/ros2_ws/install/tracetools_image_pipeline/lib:/home/ubuntu/ros2_ws/install/image_transport/lib:/home/ubuntu/ros2_ws/install/image_geometry/lib:/home/ubuntu/ros2_ws/install/cv_bridge/lib:/home/ubuntu/cv_cam_ws/install/opencv_cam/lib:/home/ubuntu/ros2_ws/install/v4l2_camera/lib:/home/ubuntu/ros2_ws/install/theora_image_transport/lib:/home/ubuntu/ros2_ws/install/compressed_image_transport/lib:/home/ubuntu/ros2_ws/install/compressed_depth_image_transport/lib:/home/ubuntu/ros2_ws/install/camera_info_manager/lib:/home/ubuntu/ros2_ws/install/camera_calibration_parsers/lib:/opt/ros/foxy/opt/yaml_cpp_vendor/lib:/opt/ros/foxy/lib/aarch64-linux-gnu:/opt/ros/foxy/lib PYTHONPATH=/home/ubuntu/ros2_ws/install/image_geometry/lib/python3.8/site-packages:/home/ubuntu/ros2_ws/install/cv_bridge/lib/python3.8/site-packages:/home/ubuntu/ros2_ws/install/theora_image_transport/lib/python3.8/site-packages:/home/ubuntu/ros2_ws/install/opencv_tests/lib/python3.8/site-packages:/home/ubuntu/turtlebot3_ws/build/turtlebot3_teleop:/home/ubuntu/turtlebot3_ws/install/turtlebot3_teleop/lib/python3.8/site-packages:/home/ubuntu/turtlebot3_ws/build/turtlebot3_example:/home/ubuntu/turtlebot3_ws/install/turtlebot3_example/lib/python3.8/site-packages:/opt/ros/foxy/lib/python3.8/site-packages /usr/bin/cmake --install /home/ubuntu/ros2_ws/build/image_proc
