[0.138s] Invoking command in '/home/a/aruco_ws/build/ros2_aruco_interfaces': CMAKE_PREFIX_PATH=${CMAKE_PREFIX_PATH}:/home/a/aruco_ws/install/ros2_aruco:/home/a/turtlebot3_ws/install/turtlebot3_teleop:/home/a/turtlebot3_ws/install/turtlebot3_example:/opt/ros/foxy /usr/bin/cmake /home/a/aruco_ws/src/ros2_aruco/ros2_aruco_interfaces -DCMAKE_INSTALL_PREFIX=/home/a/aruco_ws/install/ros2_aruco_interfaces
[0.172s] -- The C compiler identification is GNU 9.4.0
[0.204s] -- The CXX compiler identification is GNU 9.4.0
[0.207s] -- Check for working C compiler: /usr/bin/cc
[0.248s] -- Check for working C compiler: /usr/bin/cc -- works
[0.249s] -- Detecting C compiler ABI info
[0.289s] -- Detecting C compiler ABI info - done
[0.296s] -- Detecting C compile features
[0.296s] -- Detecting C compile features - done
[0.298s] -- Check for working CXX compiler: /usr/bin/c++
[0.344s] -- Check for working CXX compiler: /usr/bin/c++ -- works
[0.345s] -- Detecting CXX compiler ABI info
[0.393s] -- Detecting CXX compiler ABI info - done
[0.400s] -- Detecting CXX compile features
[0.400s] -- Detecting CXX compile features - done
[0.402s] -- Found ament_cmake: 0.9.12 (/opt/ros/foxy/share/ament_cmake/cmake)
[0.421s] -- Found PythonInterp: /usr/bin/python3 (found suitable version "3.8.10", minimum required is "3") 
[0.421s] -- Using PYTHON_EXECUTABLE: /usr/bin/python3
[0.543s] -- Found geometry_msgs: 2.0.5 (/opt/ros/foxy/share/geometry_msgs/cmake)
[0.566s] -- Using all available rosidl_typesupport_c: rosidl_typesupport_fastrtps_c;rosidl_typesupport_introspection_c
[0.572s] -- Found rosidl_adapter: 1.3.1 (/opt/ros/foxy/share/rosidl_adapter/cmake)
[0.624s] -- Found OpenSSL: /usr/lib/x86_64-linux-gnu/libcrypto.so (found version "1.1.1f")  
[0.643s] -- Found FastRTPS: /opt/ros/foxy/include  
[0.693s] -- Using all available rosidl_typesupport_cpp: rosidl_typesupport_fastrtps_cpp;rosidl_typesupport_introspection_cpp
[0.746s] -- Found rosidl_default_generators: 1.0.1 (/opt/ros/foxy/share/rosidl_default_generators/cmake)
[0.770s] -- Found PythonInterp: /usr/bin/python3 (found version "3.8.10") 
[0.881s] -- Found ament_cmake_ros: 0.9.2 (/opt/ros/foxy/share/ament_cmake_ros/cmake)
[1.030s] -- Using all available rosidl_typesupport_c: rosidl_typesupport_fastrtps_c;rosidl_typesupport_introspection_c
[1.093s] -- Using all available rosidl_typesupport_cpp: rosidl_typesupport_fastrtps_cpp;rosidl_typesupport_introspection_cpp
[1.113s] -- Found PythonInterp: /usr/bin/python3 (found suitable version "3.8.10", minimum required is "3.5") 
[1.115s] -- Found python_cmake_module: 0.8.1 (/opt/ros/foxy/share/python_cmake_module/cmake)
[1.136s] -- Found PythonLibs: /usr/lib/x86_64-linux-gnu/libpython3.8.so (found suitable version "3.8.10", minimum required is "3.5") 
[1.136s] -- Using PYTHON_EXECUTABLE: /usr/bin/python3
[1.136s] -- Using PYTHON_INCLUDE_DIRS: /usr/include/python3.8
[1.136s] -- Using PYTHON_LIBRARIES: /usr/lib/x86_64-linux-gnu/libpython3.8.so
[1.152s] -- Found PythonExtra: .so  
[1.205s] -- Found ament_lint_auto: 0.9.8 (/opt/ros/foxy/share/ament_lint_auto/cmake)
[1.221s] -- Added test 'copyright' to check source files copyright and LICENSE
[1.222s] -- Added test 'lint_cmake' to check CMake code style
[1.222s] -- Added test 'xmllint' to check XML markup files
[1.225s] -- Configuring done
[1.253s] -- Generating done
[1.255s] -- Build files have been written to: /home/a/aruco_ws/build/ros2_aruco_interfaces
[1.260s] Invoked command in '/home/a/aruco_ws/build/ros2_aruco_interfaces' returned '0': CMAKE_PREFIX_PATH=${CMAKE_PREFIX_PATH}:/home/a/aruco_ws/install/ros2_aruco:/home/a/turtlebot3_ws/install/turtlebot3_teleop:/home/a/turtlebot3_ws/install/turtlebot3_example:/opt/ros/foxy /usr/bin/cmake /home/a/aruco_ws/src/ros2_aruco/ros2_aruco_interfaces -DCMAKE_INSTALL_PREFIX=/home/a/aruco_ws/install/ros2_aruco_interfaces
[1.262s] Invoking command in '/home/a/aruco_ws/build/ros2_aruco_interfaces': CMAKE_PREFIX_PATH=${CMAKE_PREFIX_PATH}:/home/a/aruco_ws/install/ros2_aruco:/home/a/turtlebot3_ws/install/turtlebot3_teleop:/home/a/turtlebot3_ws/install/turtlebot3_example:/opt/ros/foxy /usr/bin/cmake --build /home/a/aruco_ws/build/ros2_aruco_interfaces -- -j16 -l16
[1.285s] [35m[1mScanning dependencies of target ros2_aruco_interfaces__cpp[0m
[1.286s] [  3%] [34m[1mGenerating C code for ROS interfaces[0m
[1.292s] [  6%] [34m[1mGenerating C++ code for ROS interfaces[0m
[1.426s] [35m[1mScanning dependencies of target ros2_aruco_interfaces__rosidl_generator_c[0m
[1.427s] [  6%] Built target ros2_aruco_interfaces__cpp
[1.434s] [  9%] [34m[1mGenerating C++ type support dispatch for ROS interfaces[0m
[1.434s] [ 12%] [34m[1mGenerating C++ type support for eProsima Fast-RTPS[0m
[1.434s] [ 19%] [34m[1mGenerating C++ introspection for ROS interfaces[0m
[1.434s] [ 19%] [32mBuilding C object CMakeFiles/ros2_aruco_interfaces__rosidl_generator_c.dir/rosidl_generator_c/ros2_aruco_interfaces/msg/detail/aruco_markers__functions.c.o[0m
[1.466s] [ 22%] [32m[1mLinking C shared library libros2_aruco_interfaces__rosidl_generator_c.so[0m
[1.492s] [ 22%] Built target ros2_aruco_interfaces__rosidl_generator_c
[1.500s] [ 29%] [34m[1mGenerating C type support dispatch for ROS interfaces[0m
[1.500s] [ 29%] [34m[1mGenerating C introspection for ROS interfaces[0m
[1.571s] [35m[1mScanning dependencies of target ros2_aruco_interfaces__rosidl_typesupport_cpp[0m
[1.580s] [ 32%] [32mBuilding CXX object CMakeFiles/ros2_aruco_interfaces__rosidl_typesupport_cpp.dir/rosidl_typesupport_cpp/ros2_aruco_interfaces/msg/aruco_markers__type_support.cpp.o[0m
[1.583s] [35m[1mScanning dependencies of target ros2_aruco_interfaces__rosidl_typesupport_introspection_cpp[0m
[1.586s] [35m[1mScanning dependencies of target ros2_aruco_interfaces__rosidl_typesupport_fastrtps_cpp[0m
[1.592s] [ 35%] [32mBuilding CXX object CMakeFiles/ros2_aruco_interfaces__rosidl_typesupport_introspection_cpp.dir/rosidl_typesupport_introspection_cpp/ros2_aruco_interfaces/msg/detail/aruco_markers__type_support.cpp.o[0m
[1.596s] [ 38%] [32mBuilding CXX object CMakeFiles/ros2_aruco_interfaces__rosidl_typesupport_fastrtps_cpp.dir/rosidl_typesupport_fastrtps_cpp/ros2_aruco_interfaces/msg/detail/dds_fastrtps/aruco_markers__type_support.cpp.o[0m
[1.644s] [35m[1mScanning dependencies of target ros2_aruco_interfaces__rosidl_typesupport_c[0m
[1.653s] [ 41%] [32mBuilding CXX object CMakeFiles/ros2_aruco_interfaces__rosidl_typesupport_c.dir/rosidl_typesupport_c/ros2_aruco_interfaces/msg/aruco_markers__type_support.cpp.o[0m
[1.658s] [35m[1mScanning dependencies of target ros2_aruco_interfaces__rosidl_typesupport_introspection_c[0m
[1.668s] [ 45%] [32mBuilding C object CMakeFiles/ros2_aruco_interfaces__rosidl_typesupport_introspection_c.dir/rosidl_typesupport_introspection_c/ros2_aruco_interfaces/msg/detail/aruco_markers__type_support.c.o[0m
[1.674s] [ 48%] [32m[1mLinking CXX shared library libros2_aruco_interfaces__rosidl_typesupport_c.so[0m
[1.693s] [ 51%] [32m[1mLinking C shared library libros2_aruco_interfaces__rosidl_typesupport_introspection_c.so[0m
[1.702s] [ 51%] Built target ros2_aruco_interfaces__rosidl_typesupport_c
[1.714s] [ 51%] Built target ros2_aruco_interfaces__rosidl_typesupport_introspection_c
[1.760s] [ 54%] [32m[1mLinking CXX shared library libros2_aruco_interfaces__rosidl_typesupport_cpp.so[0m
[1.785s] [ 54%] Built target ros2_aruco_interfaces__rosidl_typesupport_cpp
[1.824s] [ 58%] [32m[1mLinking CXX shared library libros2_aruco_interfaces__rosidl_typesupport_introspection_cpp.so[0m
[1.867s] [ 58%] Built target ros2_aruco_interfaces__rosidl_typesupport_introspection_cpp
[1.894s] [ 61%] [32m[1mLinking CXX shared library libros2_aruco_interfaces__rosidl_typesupport_fastrtps_cpp.so[0m
[1.946s] [ 61%] Built target ros2_aruco_interfaces__rosidl_typesupport_fastrtps_cpp
[1.952s] [ 64%] [34m[1mGenerating C type support for eProsima Fast-RTPS[0m
[2.087s] [35m[1mScanning dependencies of target ros2_aruco_interfaces__rosidl_typesupport_fastrtps_c[0m
[2.096s] [ 67%] [32mBuilding CXX object CMakeFiles/ros2_aruco_interfaces__rosidl_typesupport_fastrtps_c.dir/rosidl_typesupport_fastrtps_c/ros2_aruco_interfaces/msg/detail/aruco_markers__type_support_c.cpp.o[0m
[2.296s] [ 70%] [32m[1mLinking CXX shared library libros2_aruco_interfaces__rosidl_typesupport_fastrtps_c.so[0m
[2.350s] [ 70%] Built target ros2_aruco_interfaces__rosidl_typesupport_fastrtps_c
[2.356s] [35m[1mScanning dependencies of target ros2_aruco_interfaces[0m
[2.362s] [ 70%] Built target ros2_aruco_interfaces
[2.371s] [35m[1mScanning dependencies of target ros2_aruco_interfaces__py[0m
[2.377s] [ 74%] [34m[1mGenerating Python code for ROS interfaces[0m
[2.600s] [ 74%] Built target ros2_aruco_interfaces__py
[2.606s] [35m[1mScanning dependencies of target ros2_aruco_interfaces__python[0m
[2.619s] [ 77%] [32mBuilding C object CMakeFiles/ros2_aruco_interfaces__python.dir/rosidl_generator_py/ros2_aruco_interfaces/msg/_aruco_markers_s.c.o[0m
[2.680s] [ 80%] [32m[1mLinking C shared library rosidl_generator_py/ros2_aruco_interfaces/libros2_aruco_interfaces__python.so[0m
[2.708s] [ 80%] Built target ros2_aruco_interfaces__python
[2.716s] [35m[1mScanning dependencies of target ros2_aruco_interfaces__rosidl_typesupport_c__pyext[0m
[2.716s] [35m[1mScanning dependencies of target ros2_aruco_interfaces__rosidl_typesupport_introspection_c__pyext[0m
[2.716s] [35m[1mScanning dependencies of target ros2_aruco_interfaces__rosidl_typesupport_fastrtps_c__pyext[0m
[2.727s] [ 83%] [32mBuilding C object CMakeFiles/ros2_aruco_interfaces__rosidl_typesupport_introspection_c__pyext.dir/rosidl_generator_py/ros2_aruco_interfaces/_ros2_aruco_interfaces_s.ep.rosidl_typesupport_introspection_c.c.o[0m
[2.727s] [ 87%] [32mBuilding C object CMakeFiles/ros2_aruco_interfaces__rosidl_typesupport_c__pyext.dir/rosidl_generator_py/ros2_aruco_interfaces/_ros2_aruco_interfaces_s.ep.rosidl_typesupport_c.c.o[0m
[2.727s] [ 90%] [32mBuilding C object CMakeFiles/ros2_aruco_interfaces__rosidl_typesupport_fastrtps_c__pyext.dir/rosidl_generator_py/ros2_aruco_interfaces/_ros2_aruco_interfaces_s.ep.rosidl_typesupport_fastrtps_c.c.o[0m
[2.774s] [100%] [32m[1mLinking CXX shared library rosidl_generator_py/ros2_aruco_interfaces/ros2_aruco_interfaces_s__rosidl_typesupport_fastrtps_c.cpython-38-x86_64-linux-gnu.so[0m
[2.774s] [100%] [32m[1mLinking C shared library rosidl_generator_py/ros2_aruco_interfaces/ros2_aruco_interfaces_s__rosidl_typesupport_introspection_c.cpython-38-x86_64-linux-gnu.so[0m
[2.774s] [100%] [32m[1mLinking C shared library rosidl_generator_py/ros2_aruco_interfaces/ros2_aruco_interfaces_s__rosidl_typesupport_c.cpython-38-x86_64-linux-gnu.so[0m
[2.798s] [100%] Built target ros2_aruco_interfaces__rosidl_typesupport_introspection_c__pyext
[2.798s] [100%] Built target ros2_aruco_interfaces__rosidl_typesupport_c__pyext
[2.815s] [100%] Built target ros2_aruco_interfaces__rosidl_typesupport_fastrtps_c__pyext
[2.821s] Invoked command in '/home/a/aruco_ws/build/ros2_aruco_interfaces' returned '0': CMAKE_PREFIX_PATH=${CMAKE_PREFIX_PATH}:/home/a/aruco_ws/install/ros2_aruco:/home/a/turtlebot3_ws/install/turtlebot3_teleop:/home/a/turtlebot3_ws/install/turtlebot3_example:/opt/ros/foxy /usr/bin/cmake --build /home/a/aruco_ws/build/ros2_aruco_interfaces -- -j16 -l16
[2.861s] Invoking command in '/home/a/aruco_ws/build/ros2_aruco_interfaces': CMAKE_PREFIX_PATH=${CMAKE_PREFIX_PATH}:/home/a/aruco_ws/install/ros2_aruco:/home/a/turtlebot3_ws/install/turtlebot3_teleop:/home/a/turtlebot3_ws/install/turtlebot3_example:/opt/ros/foxy /usr/bin/cmake --install /home/a/aruco_ws/build/ros2_aruco_interfaces
[2.867s] -- Install configuration: ""
[2.867s] -- Installing: /home/a/aruco_ws/install/ros2_aruco_interfaces/share/ament_index/resource_index/rosidl_interfaces/ros2_aruco_interfaces
[2.867s] -- Installing: /home/a/aruco_ws/install/ros2_aruco_interfaces/include/ros2_aruco_interfaces
[2.867s] -- Installing: /home/a/aruco_ws/install/ros2_aruco_interfaces/include/ros2_aruco_interfaces/msg
[2.867s] -- Installing: /home/a/aruco_ws/install/ros2_aruco_interfaces/include/ros2_aruco_interfaces/msg/rosidl_generator_c__visibility_control.h
[2.867s] -- Installing: /home/a/aruco_ws/install/ros2_aruco_interfaces/include/ros2_aruco_interfaces/msg/aruco_markers.h
[2.868s] -- Installing: /home/a/aruco_ws/install/ros2_aruco_interfaces/include/ros2_aruco_interfaces/msg/detail
[2.868s] -- Installing: /home/a/aruco_ws/install/ros2_aruco_interfaces/include/ros2_aruco_interfaces/msg/detail/aruco_markers__type_support.h
[2.868s] -- Installing: /home/a/aruco_ws/install/ros2_aruco_interfaces/include/ros2_aruco_interfaces/msg/detail/aruco_markers__struct.h
[2.868s] -- Installing: /home/a/aruco_ws/install/ros2_aruco_interfaces/include/ros2_aruco_interfaces/msg/detail/aruco_markers__functions.c
[2.868s] -- Installing: /home/a/aruco_ws/install/ros2_aruco_interfaces/include/ros2_aruco_interfaces/msg/detail/aruco_markers__functions.h
[2.868s] -- Installing: /home/a/aruco_ws/install/ros2_aruco_interfaces/share/ros2_aruco_interfaces/environment/library_path.sh
[2.868s] -- Installing: /home/a/aruco_ws/install/ros2_aruco_interfaces/share/ros2_aruco_interfaces/environment/library_path.dsv
[2.868s] -- Installing: /home/a/aruco_ws/install/ros2_aruco_interfaces/lib/libros2_aruco_interfaces__rosidl_generator_c.so
[2.868s] -- Set runtime path of "/home/a/aruco_ws/install/ros2_aruco_interfaces/lib/libros2_aruco_interfaces__rosidl_generator_c.so" to ""
[2.868s] -- Up-to-date: /home/a/aruco_ws/install/ros2_aruco_interfaces/include/ros2_aruco_interfaces
[2.868s] -- Up-to-date: /home/a/aruco_ws/install/ros2_aruco_interfaces/include/ros2_aruco_interfaces/msg
[2.868s] -- Up-to-date: /home/a/aruco_ws/install/ros2_aruco_interfaces/include/ros2_aruco_interfaces/msg/detail
[2.868s] -- Installing: /home/a/aruco_ws/install/ros2_aruco_interfaces/include/ros2_aruco_interfaces/msg/detail/aruco_markers__rosidl_typesupport_fastrtps_c.h
[2.868s] -- Installing: /home/a/aruco_ws/install/ros2_aruco_interfaces/include/ros2_aruco_interfaces/msg/rosidl_typesupport_fastrtps_c__visibility_control.h
[2.868s] -- Installing: /home/a/aruco_ws/install/ros2_aruco_interfaces/lib/libros2_aruco_interfaces__rosidl_typesupport_fastrtps_c.so
[2.868s] -- Set runtime path of "/home/a/aruco_ws/install/ros2_aruco_interfaces/lib/libros2_aruco_interfaces__rosidl_typesupport_fastrtps_c.so" to ""
[2.868s] -- Up-to-date: /home/a/aruco_ws/install/ros2_aruco_interfaces/include/ros2_aruco_interfaces
[2.868s] -- Up-to-date: /home/a/aruco_ws/install/ros2_aruco_interfaces/include/ros2_aruco_interfaces/msg
[2.868s] -- Up-to-date: /home/a/aruco_ws/install/ros2_aruco_interfaces/include/ros2_aruco_interfaces/msg/detail
[2.868s] -- Installing: /home/a/aruco_ws/install/ros2_aruco_interfaces/include/ros2_aruco_interfaces/msg/detail/dds_fastrtps
[2.868s] -- Installing: /home/a/aruco_ws/install/ros2_aruco_interfaces/include/ros2_aruco_interfaces/msg/detail/aruco_markers__rosidl_typesupport_fastrtps_cpp.hpp
[2.868s] -- Installing: /home/a/aruco_ws/install/ros2_aruco_interfaces/include/ros2_aruco_interfaces/msg/rosidl_typesupport_fastrtps_cpp__visibility_control.h
[2.869s] -- Installing: /home/a/aruco_ws/install/ros2_aruco_interfaces/lib/libros2_aruco_interfaces__rosidl_typesupport_fastrtps_cpp.so
[2.869s] -- Set runtime path of "/home/a/aruco_ws/install/ros2_aruco_interfaces/lib/libros2_aruco_interfaces__rosidl_typesupport_fastrtps_cpp.so" to ""
[2.869s] -- Up-to-date: /home/a/aruco_ws/install/ros2_aruco_interfaces/include/ros2_aruco_interfaces
[2.869s] -- Up-to-date: /home/a/aruco_ws/install/ros2_aruco_interfaces/include/ros2_aruco_interfaces/msg
[2.869s] -- Installing: /home/a/aruco_ws/install/ros2_aruco_interfaces/include/ros2_aruco_interfaces/msg/rosidl_typesupport_introspection_c__visibility_control.h
[2.869s] -- Up-to-date: /home/a/aruco_ws/install/ros2_aruco_interfaces/include/ros2_aruco_interfaces/msg/detail
[2.869s] -- Installing: /home/a/aruco_ws/install/ros2_aruco_interfaces/include/ros2_aruco_interfaces/msg/detail/aruco_markers__rosidl_typesupport_introspection_c.h
[2.869s] -- Installing: /home/a/aruco_ws/install/ros2_aruco_interfaces/include/ros2_aruco_interfaces/msg/detail/aruco_markers__type_support.c
[2.869s] -- Installing: /home/a/aruco_ws/install/ros2_aruco_interfaces/lib/libros2_aruco_interfaces__rosidl_typesupport_introspection_c.so
[2.869s] -- Set runtime path of "/home/a/aruco_ws/install/ros2_aruco_interfaces/lib/libros2_aruco_interfaces__rosidl_typesupport_introspection_c.so" to ""
[2.869s] -- Installing: /home/a/aruco_ws/install/ros2_aruco_interfaces/lib/libros2_aruco_interfaces__rosidl_typesupport_c.so
[2.869s] -- Set runtime path of "/home/a/aruco_ws/install/ros2_aruco_interfaces/lib/libros2_aruco_interfaces__rosidl_typesupport_c.so" to ""
[2.869s] -- Up-to-date: /home/a/aruco_ws/install/ros2_aruco_interfaces/include/ros2_aruco_interfaces
[2.869s] -- Up-to-date: /home/a/aruco_ws/install/ros2_aruco_interfaces/include/ros2_aruco_interfaces/msg
[2.869s] -- Up-to-date: /home/a/aruco_ws/install/ros2_aruco_interfaces/include/ros2_aruco_interfaces/msg/detail
[2.869s] -- Installing: /home/a/aruco_ws/install/ros2_aruco_interfaces/include/ros2_aruco_interfaces/msg/detail/aruco_markers__type_support.hpp
[2.869s] -- Installing: /home/a/aruco_ws/install/ros2_aruco_interfaces/include/ros2_aruco_interfaces/msg/detail/aruco_markers__builder.hpp
[2.869s] -- Installing: /home/a/aruco_ws/install/ros2_aruco_interfaces/include/ros2_aruco_interfaces/msg/detail/aruco_markers__traits.hpp
[2.870s] -- Installing: /home/a/aruco_ws/install/ros2_aruco_interfaces/include/ros2_aruco_interfaces/msg/detail/aruco_markers__struct.hpp
[2.870s] -- Installing: /home/a/aruco_ws/install/ros2_aruco_interfaces/include/ros2_aruco_interfaces/msg/aruco_markers.hpp
[2.870s] -- Installing: /home/a/aruco_ws/install/ros2_aruco_interfaces/include/ros2_aruco_interfaces/msg/rosidl_generator_cpp__visibility_control.hpp
[2.870s] -- Up-to-date: /home/a/aruco_ws/install/ros2_aruco_interfaces/include/ros2_aruco_interfaces
[2.870s] -- Up-to-date: /home/a/aruco_ws/install/ros2_aruco_interfaces/include/ros2_aruco_interfaces/msg
[2.870s] -- Up-to-date: /home/a/aruco_ws/install/ros2_aruco_interfaces/include/ros2_aruco_interfaces/msg/detail
[2.870s] -- Installing: /home/a/aruco_ws/install/ros2_aruco_interfaces/include/ros2_aruco_interfaces/msg/detail/aruco_markers__type_support.cpp
[2.870s] -- Installing: /home/a/aruco_ws/install/ros2_aruco_interfaces/include/ros2_aruco_interfaces/msg/detail/aruco_markers__rosidl_typesupport_introspection_cpp.hpp
[2.870s] -- Installing: /home/a/aruco_ws/install/ros2_aruco_interfaces/lib/libros2_aruco_interfaces__rosidl_typesupport_introspection_cpp.so
[2.870s] -- Set runtime path of "/home/a/aruco_ws/install/ros2_aruco_interfaces/lib/libros2_aruco_interfaces__rosidl_typesupport_introspection_cpp.so" to ""
[2.870s] -- Installing: /home/a/aruco_ws/install/ros2_aruco_interfaces/lib/libros2_aruco_interfaces__rosidl_typesupport_cpp.so
[2.870s] -- Set runtime path of "/home/a/aruco_ws/install/ros2_aruco_interfaces/lib/libros2_aruco_interfaces__rosidl_typesupport_cpp.so" to ""
[2.870s] -- Installing: /home/a/aruco_ws/install/ros2_aruco_interfaces/share/ros2_aruco_interfaces/environment/pythonpath.sh
[2.870s] -- Installing: /home/a/aruco_ws/install/ros2_aruco_interfaces/share/ros2_aruco_interfaces/environment/pythonpath.dsv
[2.870s] -- Installing: /home/a/aruco_ws/install/ros2_aruco_interfaces/lib/python3.8/site-packages/ros2_aruco_interfaces/__init__.py
[2.891s] Compiling '/home/a/aruco_ws/install/ros2_aruco_interfaces/lib/python3.8/site-packages/ros2_aruco_interfaces/__init__.py'...
[2.894s] -- Installing: /home/a/aruco_ws/install/ros2_aruco_interfaces/lib/python3.8/site-packages/ros2_aruco_interfaces/msg
[2.894s] -- Installing: /home/a/aruco_ws/install/ros2_aruco_interfaces/lib/python3.8/site-packages/ros2_aruco_interfaces/msg/_aruco_markers_s.c
[2.894s] -- Installing: /home/a/aruco_ws/install/ros2_aruco_interfaces/lib/python3.8/site-packages/ros2_aruco_interfaces/msg/__init__.py
[2.894s] -- Installing: /home/a/aruco_ws/install/ros2_aruco_interfaces/lib/python3.8/site-packages/ros2_aruco_interfaces/msg/_aruco_markers.py
[2.894s] -- Installing: /home/a/aruco_ws/install/ros2_aruco_interfaces/lib/python3.8/site-packages/ros2_aruco_interfaces/ros2_aruco_interfaces_s__rosidl_typesupport_fastrtps_c.cpython-38-x86_64-linux-gnu.so
[2.894s] -- Set runtime path of "/home/a/aruco_ws/install/ros2_aruco_interfaces/lib/python3.8/site-packages/ros2_aruco_interfaces/ros2_aruco_interfaces_s__rosidl_typesupport_fastrtps_c.cpython-38-x86_64-linux-gnu.so" to ""
[2.894s] -- Installing: /home/a/aruco_ws/install/ros2_aruco_interfaces/lib/python3.8/site-packages/ros2_aruco_interfaces/ros2_aruco_interfaces_s__rosidl_typesupport_introspection_c.cpython-38-x86_64-linux-gnu.so
[2.894s] -- Set runtime path of "/home/a/aruco_ws/install/ros2_aruco_interfaces/lib/python3.8/site-packages/ros2_aruco_interfaces/ros2_aruco_interfaces_s__rosidl_typesupport_introspection_c.cpython-38-x86_64-linux-gnu.so" to ""
[2.895s] -- Installing: /home/a/aruco_ws/install/ros2_aruco_interfaces/lib/python3.8/site-packages/ros2_aruco_interfaces/ros2_aruco_interfaces_s__rosidl_typesupport_c.cpython-38-x86_64-linux-gnu.so
[2.895s] -- Set runtime path of "/home/a/aruco_ws/install/ros2_aruco_interfaces/lib/python3.8/site-packages/ros2_aruco_interfaces/ros2_aruco_interfaces_s__rosidl_typesupport_c.cpython-38-x86_64-linux-gnu.so" to ""
[2.895s] -- Installing: /home/a/aruco_ws/install/ros2_aruco_interfaces/lib/libros2_aruco_interfaces__python.so
[2.895s] -- Set runtime path of "/home/a/aruco_ws/install/ros2_aruco_interfaces/lib/libros2_aruco_interfaces__python.so" to ""
[2.895s] -- Installing: /home/a/aruco_ws/install/ros2_aruco_interfaces/share/ros2_aruco_interfaces/msg/ArucoMarkers.idl
[2.895s] -- Installing: /home/a/aruco_ws/install/ros2_aruco_interfaces/share/ros2_aruco_interfaces/msg/ArucoMarkers.msg
[2.895s] -- Installing: /home/a/aruco_ws/install/ros2_aruco_interfaces/share/ament_index/resource_index/package_run_dependencies/ros2_aruco_interfaces
[2.895s] -- Installing: /home/a/aruco_ws/install/ros2_aruco_interfaces/share/ament_index/resource_index/parent_prefix_path/ros2_aruco_interfaces
[2.895s] -- Installing: /home/a/aruco_ws/install/ros2_aruco_interfaces/share/ros2_aruco_interfaces/environment/ament_prefix_path.sh
[2.896s] -- Installing: /home/a/aruco_ws/install/ros2_aruco_interfaces/share/ros2_aruco_interfaces/environment/ament_prefix_path.dsv
[2.896s] -- Installing: /home/a/aruco_ws/install/ros2_aruco_interfaces/share/ros2_aruco_interfaces/environment/path.sh
[2.896s] -- Installing: /home/a/aruco_ws/install/ros2_aruco_interfaces/share/ros2_aruco_interfaces/environment/path.dsv
[2.896s] -- Installing: /home/a/aruco_ws/install/ros2_aruco_interfaces/share/ros2_aruco_interfaces/local_setup.bash
[2.896s] -- Installing: /home/a/aruco_ws/install/ros2_aruco_interfaces/share/ros2_aruco_interfaces/local_setup.sh
[2.896s] -- Installing: /home/a/aruco_ws/install/ros2_aruco_interfaces/share/ros2_aruco_interfaces/local_setup.zsh
[2.896s] -- Installing: /home/a/aruco_ws/install/ros2_aruco_interfaces/share/ros2_aruco_interfaces/local_setup.dsv
[2.896s] -- Installing: /home/a/aruco_ws/install/ros2_aruco_interfaces/share/ros2_aruco_interfaces/package.dsv
[2.896s] -- Installing: /home/a/aruco_ws/install/ros2_aruco_interfaces/share/ament_index/resource_index/packages/ros2_aruco_interfaces
[2.896s] -- Installing: /home/a/aruco_ws/install/ros2_aruco_interfaces/share/ros2_aruco_interfaces/cmake/ros2_aruco_interfaces__rosidl_generator_cExport.cmake
[2.896s] -- Installing: /home/a/aruco_ws/install/ros2_aruco_interfaces/share/ros2_aruco_interfaces/cmake/ros2_aruco_interfaces__rosidl_generator_cExport-noconfig.cmake
[2.896s] -- Installing: /home/a/aruco_ws/install/ros2_aruco_interfaces/share/ros2_aruco_interfaces/cmake/ros2_aruco_interfaces__rosidl_typesupport_introspection_cExport.cmake
[2.896s] -- Installing: /home/a/aruco_ws/install/ros2_aruco_interfaces/share/ros2_aruco_interfaces/cmake/ros2_aruco_interfaces__rosidl_typesupport_introspection_cExport-noconfig.cmake
[2.896s] -- Installing: /home/a/aruco_ws/install/ros2_aruco_interfaces/share/ros2_aruco_interfaces/cmake/ros2_aruco_interfaces__rosidl_typesupport_cExport.cmake
[2.897s] -- Installing: /home/a/aruco_ws/install/ros2_aruco_interfaces/share/ros2_aruco_interfaces/cmake/ros2_aruco_interfaces__rosidl_typesupport_cExport-noconfig.cmake
[2.897s] -- Installing: /home/a/aruco_ws/install/ros2_aruco_interfaces/share/ros2_aruco_interfaces/cmake/ros2_aruco_interfaces__rosidl_generator_cppExport.cmake
[2.897s] -- Installing: /home/a/aruco_ws/install/ros2_aruco_interfaces/share/ros2_aruco_interfaces/cmake/ros2_aruco_interfaces__rosidl_typesupport_introspection_cppExport.cmake
[2.897s] -- Installing: /home/a/aruco_ws/install/ros2_aruco_interfaces/share/ros2_aruco_interfaces/cmake/ros2_aruco_interfaces__rosidl_typesupport_introspection_cppExport-noconfig.cmake
[2.897s] -- Installing: /home/a/aruco_ws/install/ros2_aruco_interfaces/share/ros2_aruco_interfaces/cmake/ros2_aruco_interfaces__rosidl_typesupport_cppExport.cmake
[2.897s] -- Installing: /home/a/aruco_ws/install/ros2_aruco_interfaces/share/ros2_aruco_interfaces/cmake/ros2_aruco_interfaces__rosidl_typesupport_cppExport-noconfig.cmake
[2.897s] -- Installing: /home/a/aruco_ws/install/ros2_aruco_interfaces/share/ros2_aruco_interfaces/cmake/rosidl_cmake-extras.cmake
[2.897s] -- Installing: /home/a/aruco_ws/install/ros2_aruco_interfaces/share/ros2_aruco_interfaces/cmake/ament_cmake_export_dependencies-extras.cmake
[2.897s] -- Installing: /home/a/aruco_ws/install/ros2_aruco_interfaces/share/ros2_aruco_interfaces/cmake/ament_cmake_export_libraries-extras.cmake
[2.897s] -- Installing: /home/a/aruco_ws/install/ros2_aruco_interfaces/share/ros2_aruco_interfaces/cmake/ament_cmake_export_targets-extras.cmake
[2.897s] -- Installing: /home/a/aruco_ws/install/ros2_aruco_interfaces/share/ros2_aruco_interfaces/cmake/ament_cmake_export_include_directories-extras.cmake
[2.897s] -- Installing: /home/a/aruco_ws/install/ros2_aruco_interfaces/share/ros2_aruco_interfaces/cmake/rosidl_cmake_export_typesupport_libraries-extras.cmake
[2.897s] -- Installing: /home/a/aruco_ws/install/ros2_aruco_interfaces/share/ros2_aruco_interfaces/cmake/rosidl_cmake_export_typesupport_targets-extras.cmake
[2.898s] -- Installing: /home/a/aruco_ws/install/ros2_aruco_interfaces/share/ros2_aruco_interfaces/cmake/ros2_aruco_interfacesConfig.cmake
[2.898s] -- Installing: /home/a/aruco_ws/install/ros2_aruco_interfaces/share/ros2_aruco_interfaces/cmake/ros2_aruco_interfacesConfig-version.cmake
[2.898s] -- Installing: /home/a/aruco_ws/install/ros2_aruco_interfaces/share/ros2_aruco_interfaces/package.xml
[2.900s] Invoked command in '/home/a/aruco_ws/build/ros2_aruco_interfaces' returned '0': CMAKE_PREFIX_PATH=${CMAKE_PREFIX_PATH}:/home/a/aruco_ws/install/ros2_aruco:/home/a/turtlebot3_ws/install/turtlebot3_teleop:/home/a/turtlebot3_ws/install/turtlebot3_example:/opt/ros/foxy /usr/bin/cmake --install /home/a/aruco_ws/build/ros2_aruco_interfaces
