[0.251s] Invoking command in '/home/ubuntu/ros2_ws/build/image_transport': CMAKE_PREFIX_PATH=${CMAKE_PREFIX_PATH}:/home/ubuntu/ros2_ws/install/opencv_tests:/home/ubuntu/turtlebot3_ws/install/turtlebot3_teleop:/home/ubuntu/turtlebot3_ws/install/turtlebot3_example:/opt/ros/foxy /usr/bin/cmake /home/ubuntu/ros2_ws/src/image_common/image_transport -DAMENT_CMAKE_SYMLINK_INSTALL=1 -DCMAKE_INSTALL_PREFIX=/home/ubuntu/ros2_ws/install/image_transport
[0.403s] -- Found ament_cmake_ros: 0.9.2 (/opt/ros/foxy/share/ament_cmake_ros/cmake)
[0.825s] -- Using PYTHON_EXECUTABLE: /usr/bin/python3
[2.879s] -- Override CMake install command with custom implementation using symlinks instead of copying resources
[3.051s] -- Found message_filters: 3.2.5 (/opt/ros/foxy/share/message_filters/cmake)
[3.098s] -- Found pluginlib: 2.5.3 (/opt/ros/foxy/share/pluginlib/cmake)
[3.552s] -- Found rclcpp: 2.3.1 (/opt/ros/foxy/share/rclcpp/cmake)
[3.744s] -- Using all available rosidl_typesupport_c: rosidl_typesupport_fastrtps_c;rosidl_typesupport_introspection_c
[3.773s] -- Found rosidl_adapter: 1.2.1 (/opt/ros/foxy/share/rosidl_adapter/cmake)
[5.159s] -- Using all available rosidl_typesupport_cpp: rosidl_typesupport_fastrtps_cpp;rosidl_typesupport_introspection_cpp
[5.629s] -- Found rmw_implementation_cmake: 1.0.3 (/opt/ros/foxy/share/rmw_implementation_cmake/cmake)
[5.652s] -- Using RMW implementation 'rmw_fastrtps_cpp' as default
[7.025s] -- Found sensor_msgs: 2.0.5 (/opt/ros/foxy/share/sensor_msgs/cmake)
[8.255s] -- Found gtest sources under '/opt/ros/foxy/src/gtest_vendor': C++ tests using 'Google Test' will be built
[9.374s] -- Configuring done
[10.466s] -- Generating done
[10.514s] -- Build files have been written to: /home/ubuntu/ros2_ws/build/image_transport
[10.696s] Invoked command in '/home/ubuntu/ros2_ws/build/image_transport' returned '0': CMAKE_PREFIX_PATH=${CMAKE_PREFIX_PATH}:/home/ubuntu/ros2_ws/install/opencv_tests:/home/ubuntu/turtlebot3_ws/install/turtlebot3_teleop:/home/ubuntu/turtlebot3_ws/install/turtlebot3_example:/opt/ros/foxy /usr/bin/cmake /home/ubuntu/ros2_ws/src/image_common/image_transport -DAMENT_CMAKE_SYMLINK_INSTALL=1 -DCMAKE_INSTALL_PREFIX=/home/ubuntu/ros2_ws/install/image_transport
[10.701s] Invoking command in '/home/ubuntu/ros2_ws/build/image_transport': CMAKE_PREFIX_PATH=${CMAKE_PREFIX_PATH}:/home/ubuntu/ros2_ws/install/opencv_tests:/home/ubuntu/turtlebot3_ws/install/turtlebot3_teleop:/home/ubuntu/turtlebot3_ws/install/turtlebot3_example:/opt/ros/foxy /usr/bin/cmake --build /home/ubuntu/ros2_ws/build/image_transport -- -j4 -l4
[11.756s] [  6%] Built target gtest
[11.806s] [ 13%] Built target gtest_main
[12.033s] [ 40%] Built target image_transport
[12.545s] [ 46%] Built target image_transport-remapping
[12.568s] [ 53%] Built target list_transports
[12.699s] [ 60%] Built target image_transport_plugins
[12.752s] [ 66%] Built target republish
[13.046s] [ 73%] Built target image_transport-camera_common
[13.250s] [ 80%] Built target image_transport-subscriber
[13.309s] [ 86%] Built target image_transport-publisher
[13.317s] [ 93%] Built target image_transport-message_passing
[13.544s] [100%] Built target image_transport-single_subscriber_publisher
[13.680s] Invoked command in '/home/ubuntu/ros2_ws/build/image_transport' returned '0': CMAKE_PREFIX_PATH=${CMAKE_PREFIX_PATH}:/home/ubuntu/ros2_ws/install/opencv_tests:/home/ubuntu/turtlebot3_ws/install/turtlebot3_teleop:/home/ubuntu/turtlebot3_ws/install/turtlebot3_example:/opt/ros/foxy /usr/bin/cmake --build /home/ubuntu/ros2_ws/build/image_transport -- -j4 -l4
[14.551s] Invoking command in '/home/ubuntu/ros2_ws/build/image_transport': CMAKE_PREFIX_PATH=${CMAKE_PREFIX_PATH}:/home/ubuntu/ros2_ws/install/opencv_tests:/home/ubuntu/turtlebot3_ws/install/turtlebot3_teleop:/home/ubuntu/turtlebot3_ws/install/turtlebot3_example:/opt/ros/foxy /usr/bin/cmake --install /home/ubuntu/ros2_ws/build/image_transport
[14.649s] -- Install configuration: ""
[14.653s] -- Execute custom install script
[14.659s] -- Up-to-date symlink: /home/ubuntu/ros2_ws/install/image_transport/share/image_transport//default_plugins.xml
[14.671s] -- Up-to-date symlink: /home/ubuntu/ros2_ws/install/image_transport/lib/libimage_transport.so
[14.678s] -- Up-to-date symlink: /home/ubuntu/ros2_ws/install/image_transport/lib/libimage_transport_plugins.so
[14.685s] -- Up-to-date symlink: /home/ubuntu/ros2_ws/install/image_transport/lib/image_transport/list_transports
[14.687s] -- Up-to-date symlink: /home/ubuntu/ros2_ws/install/image_transport/lib/image_transport/republish
[14.717s] -- Up-to-date symlink: /home/ubuntu/ros2_ws/install/image_transport/include/image_transport/camera_common.h
[14.728s] -- Up-to-date symlink: /home/ubuntu/ros2_ws/install/image_transport/include/image_transport/camera_common.hpp
[14.731s] -- Up-to-date symlink: /home/ubuntu/ros2_ws/install/image_transport/include/image_transport/camera_publisher.h
[14.735s] -- Up-to-date symlink: /home/ubuntu/ros2_ws/install/image_transport/include/image_transport/camera_publisher.hpp
[14.741s] -- Up-to-date symlink: /home/ubuntu/ros2_ws/install/image_transport/include/image_transport/camera_subscriber.h
[14.750s] -- Up-to-date symlink: /home/ubuntu/ros2_ws/install/image_transport/include/image_transport/camera_subscriber.hpp
[14.757s] -- Up-to-date symlink: /home/ubuntu/ros2_ws/install/image_transport/include/image_transport/exception.h
[14.767s] -- Up-to-date symlink: /home/ubuntu/ros2_ws/install/image_transport/include/image_transport/exception.hpp
[14.773s] -- Up-to-date symlink: /home/ubuntu/ros2_ws/install/image_transport/include/image_transport/image_transport.h
[14.781s] -- Up-to-date symlink: /home/ubuntu/ros2_ws/install/image_transport/include/image_transport/image_transport.hpp
[14.794s] -- Up-to-date symlink: /home/ubuntu/ros2_ws/install/image_transport/include/image_transport/loader_fwds.h
[14.813s] -- Up-to-date symlink: /home/ubuntu/ros2_ws/install/image_transport/include/image_transport/loader_fwds.hpp
[14.832s] -- Up-to-date symlink: /home/ubuntu/ros2_ws/install/image_transport/include/image_transport/publisher.h
[14.849s] -- Up-to-date symlink: /home/ubuntu/ros2_ws/install/image_transport/include/image_transport/publisher.hpp
[14.859s] -- Up-to-date symlink: /home/ubuntu/ros2_ws/install/image_transport/include/image_transport/publisher_plugin.h
[14.862s] -- Up-to-date symlink: /home/ubuntu/ros2_ws/install/image_transport/include/image_transport/publisher_plugin.hpp
[14.868s] -- Up-to-date symlink: /home/ubuntu/ros2_ws/install/image_transport/include/image_transport/raw_publisher.h
[14.887s] -- Up-to-date symlink: /home/ubuntu/ros2_ws/install/image_transport/include/image_transport/raw_publisher.hpp
[14.888s] -- Up-to-date symlink: /home/ubuntu/ros2_ws/install/image_transport/include/image_transport/raw_subscriber.h
[14.890s] -- Up-to-date symlink: /home/ubuntu/ros2_ws/install/image_transport/include/image_transport/raw_subscriber.hpp
[14.892s] -- Up-to-date symlink: /home/ubuntu/ros2_ws/install/image_transport/include/image_transport/simple_publisher_plugin.h
[14.897s] -- Up-to-date symlink: /home/ubuntu/ros2_ws/install/image_transport/include/image_transport/simple_publisher_plugin.hpp
[14.901s] -- Up-to-date symlink: /home/ubuntu/ros2_ws/install/image_transport/include/image_transport/simple_subscriber_plugin.h
[14.911s] -- Up-to-date symlink: /home/ubuntu/ros2_ws/install/image_transport/include/image_transport/simple_subscriber_plugin.hpp
[14.915s] -- Up-to-date symlink: /home/ubuntu/ros2_ws/install/image_transport/include/image_transport/single_subscriber_publisher.h
[14.922s] -- Up-to-date symlink: /home/ubuntu/ros2_ws/install/image_transport/include/image_transport/single_subscriber_publisher.hpp
[14.925s] -- Up-to-date symlink: /home/ubuntu/ros2_ws/install/image_transport/include/image_transport/subscriber.h
[14.928s] -- Up-to-date symlink: /home/ubuntu/ros2_ws/install/image_transport/include/image_transport/subscriber.hpp
[14.935s] -- Up-to-date symlink: /home/ubuntu/ros2_ws/install/image_transport/include/image_transport/subscriber_filter.h
[14.945s] -- Up-to-date symlink: /home/ubuntu/ros2_ws/install/image_transport/include/image_transport/subscriber_filter.hpp
[14.958s] -- Up-to-date symlink: /home/ubuntu/ros2_ws/install/image_transport/include/image_transport/subscriber_plugin.h
[14.965s] -- Up-to-date symlink: /home/ubuntu/ros2_ws/install/image_transport/include/image_transport/subscriber_plugin.hpp
[14.972s] -- Up-to-date symlink: /home/ubuntu/ros2_ws/install/image_transport/include/image_transport/transport_hints.h
[14.974s] -- Up-to-date symlink: /home/ubuntu/ros2_ws/install/image_transport/include/image_transport/transport_hints.hpp
[14.981s] -- Up-to-date symlink: /home/ubuntu/ros2_ws/install/image_transport/include/image_transport/visibility_control.hpp
[14.991s] -- Up-to-date symlink: /home/ubuntu/ros2_ws/install/image_transport/share/image_transport/environment/library_path.sh
[14.996s] -- Up-to-date symlink: /home/ubuntu/ros2_ws/install/image_transport/share/image_transport/environment/library_path.dsv
[15.012s] -- Up-to-date symlink: /home/ubuntu/ros2_ws/install/image_transport/share/ament_index/resource_index/package_run_dependencies/image_transport
[15.023s] -- Up-to-date symlink: /home/ubuntu/ros2_ws/install/image_transport/share/ament_index/resource_index/parent_prefix_path/image_transport
[15.036s] -- Up-to-date symlink: /home/ubuntu/ros2_ws/install/image_transport/share/image_transport/environment/ament_prefix_path.sh
[15.037s] -- Up-to-date symlink: /home/ubuntu/ros2_ws/install/image_transport/share/image_transport/environment/ament_prefix_path.dsv
[15.040s] -- Up-to-date symlink: /home/ubuntu/ros2_ws/install/image_transport/share/image_transport/environment/path.sh
[15.044s] -- Up-to-date symlink: /home/ubuntu/ros2_ws/install/image_transport/share/image_transport/environment/path.dsv
[15.050s] -- Up-to-date symlink: /home/ubuntu/ros2_ws/install/image_transport/share/image_transport/local_setup.bash
[15.055s] -- Up-to-date symlink: /home/ubuntu/ros2_ws/install/image_transport/share/image_transport/local_setup.sh
[15.060s] -- Up-to-date symlink: /home/ubuntu/ros2_ws/install/image_transport/share/image_transport/local_setup.zsh
[15.064s] -- Up-to-date symlink: /home/ubuntu/ros2_ws/install/image_transport/share/image_transport/local_setup.dsv
[15.066s] -- Symlinking: /home/ubuntu/ros2_ws/install/image_transport/share/image_transport/package.dsv
[15.192s] -- Up-to-date symlink: /home/ubuntu/ros2_ws/install/image_transport/share/ament_index/resource_index/packages/image_transport
[15.199s] -- Up-to-date symlink: /home/ubuntu/ros2_ws/install/image_transport/share/ament_index/resource_index/image_transport__pluginlib__plugin/image_transport
[15.205s] -- Up-to-date symlink: /home/ubuntu/ros2_ws/install/image_transport/share/image_transport/cmake/ament_cmake_export_include_directories-extras.cmake
[15.211s] -- Up-to-date symlink: /home/ubuntu/ros2_ws/install/image_transport/share/image_transport/cmake/ament_cmake_export_libraries-extras.cmake
[15.216s] -- Up-to-date symlink: /home/ubuntu/ros2_ws/install/image_transport/share/image_transport/cmake/ament_cmake_export_dependencies-extras.cmake
[15.220s] -- Up-to-date symlink: /home/ubuntu/ros2_ws/install/image_transport/share/image_transport/cmake/image_transportConfig.cmake
[15.229s] -- Up-to-date symlink: /home/ubuntu/ros2_ws/install/image_transport/share/image_transport/cmake/image_transportConfig-version.cmake
[15.237s] -- Up-to-date symlink: /home/ubuntu/ros2_ws/install/image_transport/share/image_transport/package.xml
[15.266s] Invoked command in '/home/ubuntu/ros2_ws/build/image_transport' returned '0': CMAKE_PREFIX_PATH=${CMAKE_PREFIX_PATH}:/home/ubuntu/ros2_ws/install/opencv_tests:/home/ubuntu/turtlebot3_ws/install/turtlebot3_teleop:/home/ubuntu/turtlebot3_ws/install/turtlebot3_example:/opt/ros/foxy /usr/bin/cmake --install /home/ubuntu/ros2_ws/build/image_transport
