[  7%] [32mBuilding CXX object gtest/CMakeFiles/gtest.dir/src/gtest-all.cc.o[0m
[ 21%] Built target gtest_main
[ 28%] [32mBuilding CXX object CMakeFiles/camera_calibration_parsers.dir/src/parse.cpp.o[0m
[ 35%] [32mBuilding CXX object CMakeFiles/camera_calibration_parsers.dir/src/parse_ini.cpp.o[0m
[ 42%] [32mBuilding CXX object CMakeFiles/camera_calibration_parsers.dir/src/parse_yml.cpp.o[0m
[ 50%] [32m[1mLinking CXX static library libgtest.a[0m
[ 50%] Built target gtest
[ 57%] [32m[1mLinking CXX shared library libcamera_calibration_parsers.so[0m
[ 57%] Built target camera_calibration_parsers
[35m[1mScanning dependencies of target camera_calibration_parsers-parse_yml[0m
[ 64%] [32mBuilding CXX object CMakeFiles/camera_calibration_parsers-parse_yml.dir/test/test_parse_yml.cpp.o[0m
[ 71%] [32m[1mLinking CXX executable camera_calibration_parsers-parse_yml[0m
[ 71%] Built target camera_calibration_parsers-parse_yml
[35m[1mScanning dependencies of target convert[0m
[ 78%] [32mBuilding CXX object CMakeFiles/convert.dir/src/convert.cpp.o[0m
[ 85%] [32m[1mLinking CXX executable convert[0m
[ 85%] Built target convert
[35m[1mScanning dependencies of target camera_calibration_parsers-parse_ini[0m
[ 92%] [32mBuilding CXX object CMakeFiles/camera_calibration_parsers-parse_ini.dir/test/test_parse_ini.cpp.o[0m
[100%] [32m[1mLinking CXX executable camera_calibration_parsers-parse_ini[0m
[100%] Built target camera_calibration_parsers-parse_ini
-- Install configuration: ""
-- Execute custom install script
-- Symlinking: /home/ubuntu/ros2_ws/install/camera_calibration_parsers/lib/libcamera_calibration_parsers.so
-- Symlinking: /home/ubuntu/ros2_ws/install/camera_calibration_parsers/lib/camera_calibration_parsers/convert
-- Symlinking: /home/ubuntu/ros2_ws/install/camera_calibration_parsers/include/camera_calibration_parsers/parse.h
-- Symlinking: /home/ubuntu/ros2_ws/install/camera_calibration_parsers/include/camera_calibration_parsers/parse.hpp
-- Symlinking: /home/ubuntu/ros2_ws/install/camera_calibration_parsers/include/camera_calibration_parsers/parse_ini.h
-- Symlinking: /home/ubuntu/ros2_ws/install/camera_calibration_parsers/include/camera_calibration_parsers/parse_ini.hpp
-- Symlinking: /home/ubuntu/ros2_ws/install/camera_calibration_parsers/include/camera_calibration_parsers/parse_yml.h
-- Symlinking: /home/ubuntu/ros2_ws/install/camera_calibration_parsers/include/camera_calibration_parsers/parse_yml.hpp
-- Symlinking: /home/ubuntu/ros2_ws/install/camera_calibration_parsers/include/camera_calibration_parsers/visibility_control.hpp
-- Symlinking: /home/ubuntu/ros2_ws/install/camera_calibration_parsers/share/camera_calibration_parsers/environment/library_path.sh
-- Symlinking: /home/ubuntu/ros2_ws/install/camera_calibration_parsers/share/camera_calibration_parsers/environment/library_path.dsv
-- Symlinking: /home/ubuntu/ros2_ws/install/camera_calibration_parsers/share/ament_index/resource_index/package_run_dependencies/camera_calibration_parsers
-- Symlinking: /home/ubuntu/ros2_ws/install/camera_calibration_parsers/share/ament_index/resource_index/parent_prefix_path/camera_calibration_parsers
-- Symlinking: /home/ubuntu/ros2_ws/install/camera_calibration_parsers/share/camera_calibration_parsers/environment/ament_prefix_path.sh
-- Symlinking: /home/ubuntu/ros2_ws/install/camera_calibration_parsers/share/camera_calibration_parsers/environment/ament_prefix_path.dsv
-- Symlinking: /home/ubuntu/ros2_ws/install/camera_calibration_parsers/share/camera_calibration_parsers/environment/path.sh
-- Symlinking: /home/ubuntu/ros2_ws/install/camera_calibration_parsers/share/camera_calibration_parsers/environment/path.dsv
-- Symlinking: /home/ubuntu/ros2_ws/install/camera_calibration_parsers/share/camera_calibration_parsers/local_setup.bash
-- Symlinking: /home/ubuntu/ros2_ws/install/camera_calibration_parsers/share/camera_calibration_parsers/local_setup.sh
-- Symlinking: /home/ubuntu/ros2_ws/install/camera_calibration_parsers/share/camera_calibration_parsers/local_setup.zsh
-- Symlinking: /home/ubuntu/ros2_ws/install/camera_calibration_parsers/share/camera_calibration_parsers/local_setup.dsv
-- Symlinking: /home/ubuntu/ros2_ws/install/camera_calibration_parsers/share/camera_calibration_parsers/package.dsv
-- Symlinking: /home/ubuntu/ros2_ws/install/camera_calibration_parsers/share/ament_index/resource_index/packages/camera_calibration_parsers
-- Symlinking: /home/ubuntu/ros2_ws/install/camera_calibration_parsers/share/camera_calibration_parsers/cmake/ament_cmake_export_include_directories-extras.cmake
-- Symlinking: /home/ubuntu/ros2_ws/install/camera_calibration_parsers/share/camera_calibration_parsers/cmake/ament_cmake_export_libraries-extras.cmake
-- Symlinking: /home/ubuntu/ros2_ws/install/camera_calibration_parsers/share/camera_calibration_parsers/cmake/ament_cmake_export_dependencies-extras.cmake
-- Symlinking: /home/ubuntu/ros2_ws/install/camera_calibration_parsers/share/camera_calibration_parsers/cmake/camera_calibration_parsersConfig.cmake
-- Symlinking: /home/ubuntu/ros2_ws/install/camera_calibration_parsers/share/camera_calibration_parsers/cmake/camera_calibration_parsersConfig-version.cmake
-- Symlinking: /home/ubuntu/ros2_ws/install/camera_calibration_parsers/share/camera_calibration_parsers/package.xml
