[0.115s] Invoking command in '/home/ubuntu/cv_cam_ws/build/ros2_shared': CMAKE_PREFIX_PATH=${CMAKE_PREFIX_PATH}:/home/ubuntu/ros2_ws/install/opencv_tests:/home/ubuntu/turtlebot3_ws/install/turtlebot3_teleop:/home/ubuntu/turtlebot3_ws/install/turtlebot3_example:/opt/ros/foxy /usr/bin/cmake --build /home/ubuntu/cv_cam_ws/build/ros2_shared -- -j4 -l4
[0.440s] Invoked command in '/home/ubuntu/cv_cam_ws/build/ros2_shared' returned '0': CMAKE_PREFIX_PATH=${CMAKE_PREFIX_PATH}:/home/ubuntu/ros2_ws/install/opencv_tests:/home/ubuntu/turtlebot3_ws/install/turtlebot3_teleop:/home/ubuntu/turtlebot3_ws/install/turtlebot3_example:/opt/ros/foxy /usr/bin/cmake --build /home/ubuntu/cv_cam_ws/build/ros2_shared -- -j4 -l4
[0.734s] Invoking command in '/home/ubuntu/cv_cam_ws/build/ros2_shared': CMAKE_PREFIX_PATH=${CMAKE_PREFIX_PATH}:/home/ubuntu/ros2_ws/install/opencv_tests:/home/ubuntu/turtlebot3_ws/install/turtlebot3_teleop:/home/ubuntu/turtlebot3_ws/install/turtlebot3_example:/opt/ros/foxy /usr/bin/cmake --install /home/ubuntu/cv_cam_ws/build/ros2_shared
[0.805s] -- Install configuration: ""
[0.806s] -- Up-to-date: /home/ubuntu/cv_cam_ws/install/ros2_shared/include
[0.807s] -- Up-to-date: /home/ubuntu/cv_cam_ws/install/ros2_shared/include/ros2_shared
[0.809s] -- Up-to-date: /home/ubuntu/cv_cam_ws/install/ros2_shared/include/ros2_shared/param_macros.hpp
[0.810s] -- Up-to-date: /home/ubuntu/cv_cam_ws/install/ros2_shared/include/ros2_shared/string_printf.hpp
[0.811s] -- Up-to-date: /home/ubuntu/cv_cam_ws/install/ros2_shared/include/ros2_shared/context_macros.hpp
[0.812s] -- Up-to-date: /home/ubuntu/cv_cam_ws/install/ros2_shared/share/ament_index/resource_index/package_run_dependencies/ros2_shared
[0.813s] -- Up-to-date: /home/ubuntu/cv_cam_ws/install/ros2_shared/share/ament_index/resource_index/parent_prefix_path/ros2_shared
[0.814s] -- Up-to-date: /home/ubuntu/cv_cam_ws/install/ros2_shared/share/ros2_shared/environment/ament_prefix_path.sh
[0.815s] -- Up-to-date: /home/ubuntu/cv_cam_ws/install/ros2_shared/share/ros2_shared/environment/ament_prefix_path.dsv
[0.816s] -- Up-to-date: /home/ubuntu/cv_cam_ws/install/ros2_shared/share/ros2_shared/environment/path.sh
[0.817s] -- Up-to-date: /home/ubuntu/cv_cam_ws/install/ros2_shared/share/ros2_shared/environment/path.dsv
[0.818s] -- Up-to-date: /home/ubuntu/cv_cam_ws/install/ros2_shared/share/ros2_shared/local_setup.bash
[0.820s] -- Up-to-date: /home/ubuntu/cv_cam_ws/install/ros2_shared/share/ros2_shared/local_setup.sh
[0.820s] -- Up-to-date: /home/ubuntu/cv_cam_ws/install/ros2_shared/share/ros2_shared/local_setup.zsh
[0.821s] -- Up-to-date: /home/ubuntu/cv_cam_ws/install/ros2_shared/share/ros2_shared/local_setup.dsv
[0.822s] -- Installing: /home/ubuntu/cv_cam_ws/install/ros2_shared/share/ros2_shared/package.dsv
[0.823s] -- Up-to-date: /home/ubuntu/cv_cam_ws/install/ros2_shared/share/ament_index/resource_index/packages/ros2_shared
[0.824s] -- Up-to-date: /home/ubuntu/cv_cam_ws/install/ros2_shared/share/ros2_shared/cmake/ament_cmake_export_include_directories-extras.cmake
[0.825s] -- Up-to-date: /home/ubuntu/cv_cam_ws/install/ros2_shared/share/ros2_shared/cmake/ros2_sharedConfig.cmake
[0.826s] -- Up-to-date: /home/ubuntu/cv_cam_ws/install/ros2_shared/share/ros2_shared/cmake/ros2_sharedConfig-version.cmake
[0.827s] -- Up-to-date: /home/ubuntu/cv_cam_ws/install/ros2_shared/share/ros2_shared/package.xml
[0.834s] Invoked command in '/home/ubuntu/cv_cam_ws/build/ros2_shared' returned '0': CMAKE_PREFIX_PATH=${CMAKE_PREFIX_PATH}:/home/ubuntu/ros2_ws/install/opencv_tests:/home/ubuntu/turtlebot3_ws/install/turtlebot3_teleop:/home/ubuntu/turtlebot3_ws/install/turtlebot3_example:/opt/ros/foxy /usr/bin/cmake --install /home/ubuntu/cv_cam_ws/build/ros2_shared
