[0.140s] DEBUG:colcon:Command line arguments: ['/usr/bin/colcon', 'build']
[0.140s] DEBUG:colcon:Parsed command line arguments: Namespace(allow_overriding=[], ament_cmake_args=None, base_paths=['.'], build_base='build', catkin_cmake_args=None, catkin_skip_building_tests=False, cmake_args=None, cmake_clean_cache=False, cmake_clean_first=False, cmake_force_configure=False, cmake_target=None, cmake_target_skip_unavailable=False, continue_on_error=False, event_handlers=None, executor='parallel', ignore_user_meta=False, install_base='install', log_base=None, log_level=None, main=<bound method BuildVerb.main of <colcon_core.verb.build.BuildVerb object at 0x7f2b5cf7ba30>>, merge_install=False, metas=['./colcon.meta'], packages_above=None, packages_above_and_dependencies=None, packages_above_depth=None, packages_end=None, packages_ignore=None, packages_ignore_regex=None, packages_select=None, packages_select_build_failed=False, packages_select_by_dep=None, packages_select_regex=None, packages_select_test_failures=False, packages_skip=None, packages_skip_build_finished=False, packages_skip_by_dep=None, packages_skip_regex=None, packages_skip_test_passed=False, packages_skip_up_to=None, packages_start=None, packages_up_to=None, packages_up_to_regex=None, parallel_workers=16, paths=None, symlink_install=False, test_result_base=None, verb_extension=<colcon_core.verb.build.BuildVerb object at 0x7f2b5cf7ba30>, verb_name='build', verb_parser=<colcon_defaults.argument_parser.defaults.DefaultArgumentsDecorator object at 0x7f2b5cbece20>)
[0.263s] Level 1:colcon.colcon_core.package_discovery:discover_packages(colcon_meta) check parameters
[0.263s] Level 1:colcon.colcon_core.package_discovery:discover_packages(recursive) check parameters
[0.263s] Level 1:colcon.colcon_core.package_discovery:discover_packages(ignore) check parameters
[0.263s] Level 1:colcon.colcon_core.package_discovery:discover_packages(path) check parameters
[0.263s] Level 1:colcon.colcon_core.package_discovery:discover_packages(colcon_meta) discover
[0.263s] Level 1:colcon.colcon_core.package_discovery:discover_packages(recursive) discover
[0.263s] INFO:colcon.colcon_core.package_discovery:Crawling recursively for packages in '/home/a/aruco_ws'
[0.263s] Level 1:colcon.colcon_core.package_identification:_identify(.) by extensions ['ignore', 'ignore_ament_install']
[0.263s] Level 1:colcon.colcon_core.package_identification:_identify(.) by extension 'ignore'
[0.263s] Level 1:colcon.colcon_core.package_identification:_identify(.) by extension 'ignore_ament_install'
[0.263s] Level 1:colcon.colcon_core.package_identification:_identify(.) by extensions ['colcon_pkg']
[0.263s] Level 1:colcon.colcon_core.package_identification:_identify(.) by extension 'colcon_pkg'
[0.263s] Level 1:colcon.colcon_core.package_identification:_identify(.) by extensions ['colcon_meta']
[0.263s] Level 1:colcon.colcon_core.package_identification:_identify(.) by extension 'colcon_meta'
[0.263s] Level 1:colcon.colcon_core.package_identification:_identify(.) by extensions ['ros']
[0.263s] Level 1:colcon.colcon_core.package_identification:_identify(.) by extension 'ros'
[0.296s] Level 1:colcon.colcon_core.package_identification:_identify(.) by extensions ['cmake', 'python']
[0.297s] Level 1:colcon.colcon_core.package_identification:_identify(.) by extension 'cmake'
[0.297s] Level 1:colcon.colcon_core.package_identification:_identify(.) by extension 'python'
[0.297s] Level 1:colcon.colcon_core.package_identification:_identify(.) by extensions ['python_setup_py']
[0.297s] Level 1:colcon.colcon_core.package_identification:_identify(.) by extension 'python_setup_py'
[0.297s] Level 1:colcon.colcon_core.package_identification:_identify(build) by extensions ['ignore', 'ignore_ament_install']
[0.297s] Level 1:colcon.colcon_core.package_identification:_identify(build) by extension 'ignore'
[0.297s] Level 1:colcon.colcon_core.package_identification:_identify(build) ignored
[0.297s] Level 1:colcon.colcon_core.package_identification:_identify(install) by extensions ['ignore', 'ignore_ament_install']
[0.297s] Level 1:colcon.colcon_core.package_identification:_identify(install) by extension 'ignore'
[0.297s] Level 1:colcon.colcon_core.package_identification:_identify(install) ignored
[0.297s] Level 1:colcon.colcon_core.package_identification:_identify(log) by extensions ['ignore', 'ignore_ament_install']
[0.297s] Level 1:colcon.colcon_core.package_identification:_identify(log) by extension 'ignore'
[0.297s] Level 1:colcon.colcon_core.package_identification:_identify(log) ignored
[0.297s] Level 1:colcon.colcon_core.package_identification:_identify(src) by extensions ['ignore', 'ignore_ament_install']
[0.297s] Level 1:colcon.colcon_core.package_identification:_identify(src) by extension 'ignore'
[0.297s] Level 1:colcon.colcon_core.package_identification:_identify(src) by extension 'ignore_ament_install'
[0.297s] Level 1:colcon.colcon_core.package_identification:_identify(src) by extensions ['colcon_pkg']
[0.297s] Level 1:colcon.colcon_core.package_identification:_identify(src) by extension 'colcon_pkg'
[0.297s] Level 1:colcon.colcon_core.package_identification:_identify(src) by extensions ['colcon_meta']
[0.297s] Level 1:colcon.colcon_core.package_identification:_identify(src) by extension 'colcon_meta'
[0.297s] Level 1:colcon.colcon_core.package_identification:_identify(src) by extensions ['ros']
[0.297s] Level 1:colcon.colcon_core.package_identification:_identify(src) by extension 'ros'
[0.297s] Level 1:colcon.colcon_core.package_identification:_identify(src) by extensions ['cmake', 'python']
[0.297s] Level 1:colcon.colcon_core.package_identification:_identify(src) by extension 'cmake'
[0.297s] Level 1:colcon.colcon_core.package_identification:_identify(src) by extension 'python'
[0.297s] Level 1:colcon.colcon_core.package_identification:_identify(src) by extensions ['python_setup_py']
[0.297s] Level 1:colcon.colcon_core.package_identification:_identify(src) by extension 'python_setup_py'
[0.297s] Level 1:colcon.colcon_core.package_identification:_identify(src/ros2_aruco) by extensions ['ignore', 'ignore_ament_install']
[0.297s] Level 1:colcon.colcon_core.package_identification:_identify(src/ros2_aruco) by extension 'ignore'
[0.297s] Level 1:colcon.colcon_core.package_identification:_identify(src/ros2_aruco) by extension 'ignore_ament_install'
[0.298s] Level 1:colcon.colcon_core.package_identification:_identify(src/ros2_aruco) by extensions ['colcon_pkg']
[0.298s] Level 1:colcon.colcon_core.package_identification:_identify(src/ros2_aruco) by extension 'colcon_pkg'
[0.298s] Level 1:colcon.colcon_core.package_identification:_identify(src/ros2_aruco) by extensions ['colcon_meta']
[0.298s] Level 1:colcon.colcon_core.package_identification:_identify(src/ros2_aruco) by extension 'colcon_meta'
[0.298s] Level 1:colcon.colcon_core.package_identification:_identify(src/ros2_aruco) by extensions ['ros']
[0.298s] Level 1:colcon.colcon_core.package_identification:_identify(src/ros2_aruco) by extension 'ros'
[0.298s] Level 1:colcon.colcon_core.package_identification:_identify(src/ros2_aruco) by extensions ['cmake', 'python']
[0.298s] Level 1:colcon.colcon_core.package_identification:_identify(src/ros2_aruco) by extension 'cmake'
[0.298s] Level 1:colcon.colcon_core.package_identification:_identify(src/ros2_aruco) by extension 'python'
[0.298s] Level 1:colcon.colcon_core.package_identification:_identify(src/ros2_aruco) by extensions ['python_setup_py']
[0.298s] Level 1:colcon.colcon_core.package_identification:_identify(src/ros2_aruco) by extension 'python_setup_py'
[0.298s] Level 1:colcon.colcon_core.package_identification:_identify(src/ros2_aruco/ar_track_copy) by extensions ['ignore', 'ignore_ament_install']
[0.298s] Level 1:colcon.colcon_core.package_identification:_identify(src/ros2_aruco/ar_track_copy) by extension 'ignore'
[0.298s] Level 1:colcon.colcon_core.package_identification:_identify(src/ros2_aruco/ar_track_copy) by extension 'ignore_ament_install'
[0.298s] Level 1:colcon.colcon_core.package_identification:_identify(src/ros2_aruco/ar_track_copy) by extensions ['colcon_pkg']
[0.298s] Level 1:colcon.colcon_core.package_identification:_identify(src/ros2_aruco/ar_track_copy) by extension 'colcon_pkg'
[0.298s] Level 1:colcon.colcon_core.package_identification:_identify(src/ros2_aruco/ar_track_copy) by extensions ['colcon_meta']
[0.298s] Level 1:colcon.colcon_core.package_identification:_identify(src/ros2_aruco/ar_track_copy) by extension 'colcon_meta'
[0.298s] Level 1:colcon.colcon_core.package_identification:_identify(src/ros2_aruco/ar_track_copy) by extensions ['ros']
[0.298s] Level 1:colcon.colcon_core.package_identification:_identify(src/ros2_aruco/ar_track_copy) by extension 'ros'
[0.299s] DEBUG:colcon.colcon_core.package_identification:Package 'src/ros2_aruco/ar_track_copy' with type 'ros.ament_python' and name 'ar_track'
[0.299s] Level 1:colcon.colcon_core.package_identification:_identify(src/ros2_aruco/ros2_aruco) by extensions ['ignore', 'ignore_ament_install']
[0.300s] Level 1:colcon.colcon_core.package_identification:_identify(src/ros2_aruco/ros2_aruco) by extension 'ignore'
[0.300s] Level 1:colcon.colcon_core.package_identification:_identify(src/ros2_aruco/ros2_aruco) by extension 'ignore_ament_install'
[0.300s] Level 1:colcon.colcon_core.package_identification:_identify(src/ros2_aruco/ros2_aruco) by extensions ['colcon_pkg']
[0.300s] Level 1:colcon.colcon_core.package_identification:_identify(src/ros2_aruco/ros2_aruco) by extension 'colcon_pkg'
[0.300s] Level 1:colcon.colcon_core.package_identification:_identify(src/ros2_aruco/ros2_aruco) by extensions ['colcon_meta']
[0.300s] Level 1:colcon.colcon_core.package_identification:_identify(src/ros2_aruco/ros2_aruco) by extension 'colcon_meta'
[0.300s] Level 1:colcon.colcon_core.package_identification:_identify(src/ros2_aruco/ros2_aruco) by extensions ['ros']
[0.300s] Level 1:colcon.colcon_core.package_identification:_identify(src/ros2_aruco/ros2_aruco) by extension 'ros'
[0.300s] DEBUG:colcon.colcon_core.package_identification:Package 'src/ros2_aruco/ros2_aruco' with type 'ros.ament_python' and name 'ros2_aruco'
[0.300s] Level 1:colcon.colcon_core.package_identification:_identify(src/ros2_aruco/ros2_aruco_interfaces) by extensions ['ignore', 'ignore_ament_install']
[0.300s] Level 1:colcon.colcon_core.package_identification:_identify(src/ros2_aruco/ros2_aruco_interfaces) by extension 'ignore'
[0.300s] Level 1:colcon.colcon_core.package_identification:_identify(src/ros2_aruco/ros2_aruco_interfaces) by extension 'ignore_ament_install'
[0.300s] Level 1:colcon.colcon_core.package_identification:_identify(src/ros2_aruco/ros2_aruco_interfaces) by extensions ['colcon_pkg']
[0.300s] Level 1:colcon.colcon_core.package_identification:_identify(src/ros2_aruco/ros2_aruco_interfaces) by extension 'colcon_pkg'
[0.300s] Level 1:colcon.colcon_core.package_identification:_identify(src/ros2_aruco/ros2_aruco_interfaces) by extensions ['colcon_meta']
[0.300s] Level 1:colcon.colcon_core.package_identification:_identify(src/ros2_aruco/ros2_aruco_interfaces) by extension 'colcon_meta'
[0.300s] Level 1:colcon.colcon_core.package_identification:_identify(src/ros2_aruco/ros2_aruco_interfaces) by extensions ['ros']
[0.300s] Level 1:colcon.colcon_core.package_identification:_identify(src/ros2_aruco/ros2_aruco_interfaces) by extension 'ros'
[0.301s] DEBUG:colcon.colcon_core.package_identification:Package 'src/ros2_aruco/ros2_aruco_interfaces' with type 'ros.ament_cmake' and name 'ros2_aruco_interfaces'
[0.301s] Level 1:colcon.colcon_core.package_discovery:discover_packages(recursive) using defaults
[0.301s] Level 1:colcon.colcon_core.package_discovery:discover_packages(ignore) discover
[0.301s] Level 1:colcon.colcon_core.package_discovery:discover_packages(ignore) using defaults
[0.301s] Level 1:colcon.colcon_core.package_discovery:discover_packages(path) discover
[0.301s] Level 1:colcon.colcon_core.package_discovery:discover_packages(path) using defaults
[0.311s] Level 1:colcon.colcon_core.package_discovery:discover_packages(prefix_path) check parameters
[0.311s] Level 1:colcon.colcon_core.package_discovery:discover_packages(prefix_path) discover
[0.312s] DEBUG:colcon.colcon_installed_package_information.package_discovery:Found 1 installed packages in /home/a/ar_track/install
[0.313s] DEBUG:colcon.colcon_installed_package_information.package_discovery:Found 3 installed packages in /home/a/aruco_ws/install
[0.313s] DEBUG:colcon.colcon_installed_package_information.package_discovery:Found 0 installed packages in /home/a/my_py_pkg/install
[0.313s] DEBUG:colcon.colcon_installed_package_information.package_discovery:Found 12 installed packages in /home/a/turtlebot3_ws/install
[0.313s] DEBUG:colcon.colcon_installed_package_information.package_discovery:Found 1 installed packages in /home/a/colcon_ws/install
[0.315s] DEBUG:colcon.colcon_installed_package_information.package_discovery:Found 330 installed packages in /opt/ros/foxy
[0.316s] Level 1:colcon.colcon_core.package_discovery:discover_packages(prefix_path) using defaults
[0.352s] Level 5:colcon.colcon_core.verb:set package 'ar_track' build argument 'cmake_args' from command line to 'None'
[0.352s] Level 5:colcon.colcon_core.verb:set package 'ar_track' build argument 'cmake_target' from command line to 'None'
[0.352s] Level 5:colcon.colcon_core.verb:set package 'ar_track' build argument 'cmake_target_skip_unavailable' from command line to 'False'
[0.352s] Level 5:colcon.colcon_core.verb:set package 'ar_track' build argument 'cmake_clean_cache' from command line to 'False'
[0.352s] Level 5:colcon.colcon_core.verb:set package 'ar_track' build argument 'cmake_clean_first' from command line to 'False'
[0.352s] Level 5:colcon.colcon_core.verb:set package 'ar_track' build argument 'cmake_force_configure' from command line to 'False'
[0.352s] Level 5:colcon.colcon_core.verb:set package 'ar_track' build argument 'ament_cmake_args' from command line to 'None'
[0.352s] Level 5:colcon.colcon_core.verb:set package 'ar_track' build argument 'catkin_cmake_args' from command line to 'None'
[0.352s] Level 5:colcon.colcon_core.verb:set package 'ar_track' build argument 'catkin_skip_building_tests' from command line to 'False'
[0.352s] DEBUG:colcon.colcon_core.verb:Building package 'ar_track' with the following arguments: {'ament_cmake_args': None, 'build_base': '/home/a/aruco_ws/build/ar_track', 'catkin_cmake_args': None, 'catkin_skip_building_tests': False, 'cmake_args': None, 'cmake_clean_cache': False, 'cmake_clean_first': False, 'cmake_force_configure': False, 'cmake_target': None, 'cmake_target_skip_unavailable': False, 'install_base': '/home/a/aruco_ws/install/ar_track', 'merge_install': False, 'path': '/home/a/aruco_ws/src/ros2_aruco/ar_track_copy', 'symlink_install': False, 'test_result_base': None}
[0.352s] Level 5:colcon.colcon_core.verb:set package 'ros2_aruco' build argument 'cmake_args' from command line to 'None'
[0.352s] Level 5:colcon.colcon_core.verb:set package 'ros2_aruco' build argument 'cmake_target' from command line to 'None'
[0.352s] Level 5:colcon.colcon_core.verb:set package 'ros2_aruco' build argument 'cmake_target_skip_unavailable' from command line to 'False'
[0.352s] Level 5:colcon.colcon_core.verb:set package 'ros2_aruco' build argument 'cmake_clean_cache' from command line to 'False'
[0.352s] Level 5:colcon.colcon_core.verb:set package 'ros2_aruco' build argument 'cmake_clean_first' from command line to 'False'
[0.352s] Level 5:colcon.colcon_core.verb:set package 'ros2_aruco' build argument 'cmake_force_configure' from command line to 'False'
[0.352s] Level 5:colcon.colcon_core.verb:set package 'ros2_aruco' build argument 'ament_cmake_args' from command line to 'None'
[0.352s] Level 5:colcon.colcon_core.verb:set package 'ros2_aruco' build argument 'catkin_cmake_args' from command line to 'None'
[0.353s] Level 5:colcon.colcon_core.verb:set package 'ros2_aruco' build argument 'catkin_skip_building_tests' from command line to 'False'
[0.353s] DEBUG:colcon.colcon_core.verb:Building package 'ros2_aruco' with the following arguments: {'ament_cmake_args': None, 'build_base': '/home/a/aruco_ws/build/ros2_aruco', 'catkin_cmake_args': None, 'catkin_skip_building_tests': False, 'cmake_args': None, 'cmake_clean_cache': False, 'cmake_clean_first': False, 'cmake_force_configure': False, 'cmake_target': None, 'cmake_target_skip_unavailable': False, 'install_base': '/home/a/aruco_ws/install/ros2_aruco', 'merge_install': False, 'path': '/home/a/aruco_ws/src/ros2_aruco/ros2_aruco', 'symlink_install': False, 'test_result_base': None}
[0.353s] Level 5:colcon.colcon_core.verb:set package 'ros2_aruco_interfaces' build argument 'cmake_args' from command line to 'None'
[0.353s] Level 5:colcon.colcon_core.verb:set package 'ros2_aruco_interfaces' build argument 'cmake_target' from command line to 'None'
[0.353s] Level 5:colcon.colcon_core.verb:set package 'ros2_aruco_interfaces' build argument 'cmake_target_skip_unavailable' from command line to 'False'
[0.353s] Level 5:colcon.colcon_core.verb:set package 'ros2_aruco_interfaces' build argument 'cmake_clean_cache' from command line to 'False'
[0.353s] Level 5:colcon.colcon_core.verb:set package 'ros2_aruco_interfaces' build argument 'cmake_clean_first' from command line to 'False'
[0.353s] Level 5:colcon.colcon_core.verb:set package 'ros2_aruco_interfaces' build argument 'cmake_force_configure' from command line to 'False'
[0.353s] Level 5:colcon.colcon_core.verb:set package 'ros2_aruco_interfaces' build argument 'ament_cmake_args' from command line to 'None'
[0.353s] Level 5:colcon.colcon_core.verb:set package 'ros2_aruco_interfaces' build argument 'catkin_cmake_args' from command line to 'None'
[0.353s] Level 5:colcon.colcon_core.verb:set package 'ros2_aruco_interfaces' build argument 'catkin_skip_building_tests' from command line to 'False'
[0.353s] DEBUG:colcon.colcon_core.verb:Building package 'ros2_aruco_interfaces' with the following arguments: {'ament_cmake_args': None, 'build_base': '/home/a/aruco_ws/build/ros2_aruco_interfaces', 'catkin_cmake_args': None, 'catkin_skip_building_tests': False, 'cmake_args': None, 'cmake_clean_cache': False, 'cmake_clean_first': False, 'cmake_force_configure': False, 'cmake_target': None, 'cmake_target_skip_unavailable': False, 'install_base': '/home/a/aruco_ws/install/ros2_aruco_interfaces', 'merge_install': False, 'path': '/home/a/aruco_ws/src/ros2_aruco/ros2_aruco_interfaces', 'symlink_install': False, 'test_result_base': None}
[0.353s] INFO:colcon.colcon_core.executor:Executing jobs using 'parallel' executor
[0.353s] DEBUG:colcon.colcon_parallel_executor.executor.parallel:run_until_complete
[0.354s] INFO:colcon.colcon_ros.task.ament_python.build:Building ROS package in '/home/a/aruco_ws/src/ros2_aruco/ar_track_copy' with build type 'ament_python'
[0.354s] Level 1:colcon.colcon_core.shell:create_environment_hook('ar_track', 'ament_prefix_path')
[0.355s] INFO:colcon.colcon_core.plugin_system:Skipping extension 'colcon_core.shell.bat': Not used on non-Windows systems
[0.355s] INFO:colcon.colcon_core.shell:Creating environment hook '/home/a/aruco_ws/install/ar_track/share/ar_track/hook/ament_prefix_path.ps1'
[0.355s] INFO:colcon.colcon_core.shell:Creating environment descriptor '/home/a/aruco_ws/install/ar_track/share/ar_track/hook/ament_prefix_path.dsv'
[0.355s] INFO:colcon.colcon_core.shell:Creating environment hook '/home/a/aruco_ws/install/ar_track/share/ar_track/hook/ament_prefix_path.sh'
[0.356s] INFO:colcon.colcon_core.shell:Skip shell extension 'powershell' for command environment: Not usable outside of PowerShell
[0.356s] DEBUG:colcon.colcon_core.shell:Skip shell extension 'dsv' for command environment
[0.360s] INFO:colcon.colcon_ros.task.ament_python.build:Building ROS package in '/home/a/aruco_ws/src/ros2_aruco/ros2_aruco' with build type 'ament_python'
[0.360s] Level 1:colcon.colcon_core.shell:create_environment_hook('ros2_aruco', 'ament_prefix_path')
[0.360s] INFO:colcon.colcon_core.shell:Creating environment hook '/home/a/aruco_ws/install/ros2_aruco/share/ros2_aruco/hook/ament_prefix_path.ps1'
[0.361s] INFO:colcon.colcon_core.shell:Creating environment descriptor '/home/a/aruco_ws/install/ros2_aruco/share/ros2_aruco/hook/ament_prefix_path.dsv'
[0.361s] INFO:colcon.colcon_core.shell:Creating environment hook '/home/a/aruco_ws/install/ros2_aruco/share/ros2_aruco/hook/ament_prefix_path.sh'
[0.361s] INFO:colcon.colcon_core.shell:Skip shell extension 'powershell' for command environment: Not usable outside of PowerShell
[0.361s] DEBUG:colcon.colcon_core.shell:Skip shell extension 'dsv' for command environment
[0.365s] INFO:colcon.colcon_ros.task.ament_cmake.build:Building ROS package in '/home/a/aruco_ws/src/ros2_aruco/ros2_aruco_interfaces' with build type 'ament_cmake'
[0.365s] INFO:colcon.colcon_cmake.task.cmake.build:Building CMake package in '/home/a/aruco_ws/src/ros2_aruco/ros2_aruco_interfaces'
[0.365s] INFO:colcon.colcon_core.shell:Skip shell extension 'powershell' for command environment: Not usable outside of PowerShell
[0.365s] DEBUG:colcon.colcon_core.shell:Skip shell extension 'dsv' for command environment
[0.540s] INFO:colcon.colcon_core.task.python.build:Building Python package in '/home/a/aruco_ws/src/ros2_aruco/ar_track_copy'
[0.540s] INFO:colcon.colcon_core.shell:Skip shell extension 'powershell' for command environment: Not usable outside of PowerShell
[0.540s] DEBUG:colcon.colcon_core.shell:Skip shell extension 'dsv' for command environment
[0.711s] INFO:colcon.colcon_core.task.python.build:Building Python package in '/home/a/aruco_ws/src/ros2_aruco/ros2_aruco'
[0.711s] INFO:colcon.colcon_core.shell:Skip shell extension 'powershell' for command environment: Not usable outside of PowerShell
[0.711s] DEBUG:colcon.colcon_core.shell:Skip shell extension 'dsv' for command environment
[0.719s] DEBUG:colcon.colcon_core.event_handler.log_command:Invoking command in '/home/a/aruco_ws/build/ros2_aruco_interfaces': CMAKE_PREFIX_PATH=${CMAKE_PREFIX_PATH}:/home/a/ar_track/install/ar_track:/home/a/turtlebot3_ws/install/turtlebot3_teleop:/home/a/turtlebot3_ws/install/turtlebot3_example:/home/a/aruco_ws/install/ros2_aruco:/opt/ros/foxy /usr/bin/cmake --build /home/a/aruco_ws/build/ros2_aruco_interfaces -- -j16 -l16
[0.861s] DEBUG:colcon.colcon_core.event_handler.log_command:Invoked command in '/home/a/aruco_ws/build/ros2_aruco_interfaces' returned '0': CMAKE_PREFIX_PATH=${CMAKE_PREFIX_PATH}:/home/a/ar_track/install/ar_track:/home/a/turtlebot3_ws/install/turtlebot3_teleop:/home/a/turtlebot3_ws/install/turtlebot3_example:/home/a/aruco_ws/install/ros2_aruco:/opt/ros/foxy /usr/bin/cmake --build /home/a/aruco_ws/build/ros2_aruco_interfaces -- -j16 -l16
[0.903s] DEBUG:colcon.colcon_core.event_handler.log_command:Invoking command in '/home/a/aruco_ws/build/ros2_aruco_interfaces': CMAKE_PREFIX_PATH=${CMAKE_PREFIX_PATH}:/home/a/ar_track/install/ar_track:/home/a/turtlebot3_ws/install/turtlebot3_teleop:/home/a/turtlebot3_ws/install/turtlebot3_example:/home/a/aruco_ws/install/ros2_aruco:/opt/ros/foxy /usr/bin/cmake --install /home/a/aruco_ws/build/ros2_aruco_interfaces
[0.956s] Level 1:colcon.colcon_core.environment:create_environment_scripts_only(ros2_aruco_interfaces)
[0.956s] DEBUG:colcon.colcon_core.event_handler.log_command:Invoked command in '/home/a/aruco_ws/build/ros2_aruco_interfaces' returned '0': CMAKE_PREFIX_PATH=${CMAKE_PREFIX_PATH}:/home/a/ar_track/install/ar_track:/home/a/turtlebot3_ws/install/turtlebot3_teleop:/home/a/turtlebot3_ws/install/turtlebot3_example:/home/a/aruco_ws/install/ros2_aruco:/opt/ros/foxy /usr/bin/cmake --install /home/a/aruco_ws/build/ros2_aruco_interfaces
[0.957s] Level 1:colcon.colcon_core.environment:checking '/home/a/aruco_ws/install/ros2_aruco_interfaces' for CMake module files
[0.958s] Level 1:colcon.colcon_core.environment:checking '/home/a/aruco_ws/install/ros2_aruco_interfaces' for CMake config files
[0.958s] Level 1:colcon.colcon_core.shell:create_environment_hook('ros2_aruco_interfaces', 'cmake_prefix_path')
[0.958s] INFO:colcon.colcon_core.shell:Creating environment hook '/home/a/aruco_ws/install/ros2_aruco_interfaces/share/ros2_aruco_interfaces/hook/cmake_prefix_path.ps1'
[0.959s] INFO:colcon.colcon_core.shell:Creating environment descriptor '/home/a/aruco_ws/install/ros2_aruco_interfaces/share/ros2_aruco_interfaces/hook/cmake_prefix_path.dsv'
[0.959s] INFO:colcon.colcon_core.shell:Creating environment hook '/home/a/aruco_ws/install/ros2_aruco_interfaces/share/ros2_aruco_interfaces/hook/cmake_prefix_path.sh'
[0.960s] Level 1:colcon.colcon_core.environment:checking '/home/a/aruco_ws/install/ros2_aruco_interfaces/lib'
[0.960s] Level 1:colcon.colcon_core.shell:create_environment_hook('ros2_aruco_interfaces', 'ld_library_path_lib')
[0.960s] INFO:colcon.colcon_core.shell:Creating environment hook '/home/a/aruco_ws/install/ros2_aruco_interfaces/share/ros2_aruco_interfaces/hook/ld_library_path_lib.ps1'
[0.960s] INFO:colcon.colcon_core.shell:Creating environment descriptor '/home/a/aruco_ws/install/ros2_aruco_interfaces/share/ros2_aruco_interfaces/hook/ld_library_path_lib.dsv'
[0.960s] INFO:colcon.colcon_core.shell:Creating environment hook '/home/a/aruco_ws/install/ros2_aruco_interfaces/share/ros2_aruco_interfaces/hook/ld_library_path_lib.sh'
[0.960s] Level 1:colcon.colcon_core.environment:checking '/home/a/aruco_ws/install/ros2_aruco_interfaces/bin'
[0.961s] Level 1:colcon.colcon_core.environment:checking '/home/a/aruco_ws/install/ros2_aruco_interfaces/lib/pkgconfig/ros2_aruco_interfaces.pc'
[0.961s] Level 1:colcon.colcon_core.environment:checking '/home/a/aruco_ws/install/ros2_aruco_interfaces/lib/python3.8/site-packages'
[0.961s] Level 1:colcon.colcon_core.shell:create_environment_hook('ros2_aruco_interfaces', 'pythonpath')
[0.961s] INFO:colcon.colcon_core.shell:Creating environment hook '/home/a/aruco_ws/install/ros2_aruco_interfaces/share/ros2_aruco_interfaces/hook/pythonpath.ps1'
[0.961s] INFO:colcon.colcon_core.shell:Creating environment descriptor '/home/a/aruco_ws/install/ros2_aruco_interfaces/share/ros2_aruco_interfaces/hook/pythonpath.dsv'
[0.961s] INFO:colcon.colcon_core.shell:Creating environment hook '/home/a/aruco_ws/install/ros2_aruco_interfaces/share/ros2_aruco_interfaces/hook/pythonpath.sh'
[0.961s] Level 1:colcon.colcon_core.environment:checking '/home/a/aruco_ws/install/ros2_aruco_interfaces/bin'
[0.962s] INFO:colcon.colcon_core.shell:Creating package script '/home/a/aruco_ws/install/ros2_aruco_interfaces/share/ros2_aruco_interfaces/package.ps1'
[0.962s] INFO:colcon.colcon_core.shell:Creating package descriptor '/home/a/aruco_ws/install/ros2_aruco_interfaces/share/ros2_aruco_interfaces/package.dsv'
[0.962s] INFO:colcon.colcon_core.shell:Creating package script '/home/a/aruco_ws/install/ros2_aruco_interfaces/share/ros2_aruco_interfaces/package.sh'
[0.963s] INFO:colcon.colcon_core.shell:Creating package script '/home/a/aruco_ws/install/ros2_aruco_interfaces/share/ros2_aruco_interfaces/package.bash'
[0.963s] INFO:colcon.colcon_core.shell:Creating package script '/home/a/aruco_ws/install/ros2_aruco_interfaces/share/ros2_aruco_interfaces/package.zsh'
[0.964s] Level 1:colcon.colcon_core.environment:create_file_with_runtime_dependencies(/home/a/aruco_ws/install/ros2_aruco_interfaces/share/colcon-core/packages/ros2_aruco_interfaces)
[0.999s] Level 1:colcon.colcon_core.environment:create_environment_scripts_only(ros2_aruco_interfaces)
[0.999s] Level 1:colcon.colcon_core.environment:checking '/home/a/aruco_ws/install/ros2_aruco_interfaces' for CMake module files
[1.000s] Level 1:colcon.colcon_core.environment:checking '/home/a/aruco_ws/install/ros2_aruco_interfaces' for CMake config files
[1.000s] Level 1:colcon.colcon_core.shell:create_environment_hook('ros2_aruco_interfaces', 'cmake_prefix_path')
[1.000s] INFO:colcon.colcon_core.shell:Creating environment hook '/home/a/aruco_ws/install/ros2_aruco_interfaces/share/ros2_aruco_interfaces/hook/cmake_prefix_path.ps1'
[1.001s] INFO:colcon.colcon_core.shell:Creating environment descriptor '/home/a/aruco_ws/install/ros2_aruco_interfaces/share/ros2_aruco_interfaces/hook/cmake_prefix_path.dsv'
[1.001s] INFO:colcon.colcon_core.shell:Creating environment hook '/home/a/aruco_ws/install/ros2_aruco_interfaces/share/ros2_aruco_interfaces/hook/cmake_prefix_path.sh'
[1.001s] Level 1:colcon.colcon_core.environment:checking '/home/a/aruco_ws/install/ros2_aruco_interfaces/lib'
[1.001s] Level 1:colcon.colcon_core.shell:create_environment_hook('ros2_aruco_interfaces', 'ld_library_path_lib')
[1.001s] INFO:colcon.colcon_core.shell:Creating environment hook '/home/a/aruco_ws/install/ros2_aruco_interfaces/share/ros2_aruco_interfaces/hook/ld_library_path_lib.ps1'
[1.002s] INFO:colcon.colcon_core.shell:Creating environment descriptor '/home/a/aruco_ws/install/ros2_aruco_interfaces/share/ros2_aruco_interfaces/hook/ld_library_path_lib.dsv'
[1.002s] INFO:colcon.colcon_core.shell:Creating environment hook '/home/a/aruco_ws/install/ros2_aruco_interfaces/share/ros2_aruco_interfaces/hook/ld_library_path_lib.sh'
[1.002s] Level 1:colcon.colcon_core.environment:checking '/home/a/aruco_ws/install/ros2_aruco_interfaces/bin'
[1.002s] Level 1:colcon.colcon_core.environment:checking '/home/a/aruco_ws/install/ros2_aruco_interfaces/lib/pkgconfig/ros2_aruco_interfaces.pc'
[1.002s] Level 1:colcon.colcon_core.environment:checking '/home/a/aruco_ws/install/ros2_aruco_interfaces/lib/python3.8/site-packages'
[1.002s] Level 1:colcon.colcon_core.shell:create_environment_hook('ros2_aruco_interfaces', 'pythonpath')
[1.002s] INFO:colcon.colcon_core.shell:Creating environment hook '/home/a/aruco_ws/install/ros2_aruco_interfaces/share/ros2_aruco_interfaces/hook/pythonpath.ps1'
[1.002s] INFO:colcon.colcon_core.shell:Creating environment descriptor '/home/a/aruco_ws/install/ros2_aruco_interfaces/share/ros2_aruco_interfaces/hook/pythonpath.dsv'
[1.003s] INFO:colcon.colcon_core.shell:Creating environment hook '/home/a/aruco_ws/install/ros2_aruco_interfaces/share/ros2_aruco_interfaces/hook/pythonpath.sh'
[1.003s] Level 1:colcon.colcon_core.environment:checking '/home/a/aruco_ws/install/ros2_aruco_interfaces/bin'
[1.003s] INFO:colcon.colcon_core.shell:Creating package script '/home/a/aruco_ws/install/ros2_aruco_interfaces/share/ros2_aruco_interfaces/package.ps1'
[1.003s] INFO:colcon.colcon_core.shell:Creating package descriptor '/home/a/aruco_ws/install/ros2_aruco_interfaces/share/ros2_aruco_interfaces/package.dsv'
[1.004s] INFO:colcon.colcon_core.shell:Creating package script '/home/a/aruco_ws/install/ros2_aruco_interfaces/share/ros2_aruco_interfaces/package.sh'
[1.004s] INFO:colcon.colcon_core.shell:Creating package script '/home/a/aruco_ws/install/ros2_aruco_interfaces/share/ros2_aruco_interfaces/package.bash'
[1.005s] INFO:colcon.colcon_core.shell:Creating package script '/home/a/aruco_ws/install/ros2_aruco_interfaces/share/ros2_aruco_interfaces/package.zsh'
[1.005s] Level 1:colcon.colcon_core.environment:create_file_with_runtime_dependencies(/home/a/aruco_ws/install/ros2_aruco_interfaces/share/colcon-core/packages/ros2_aruco_interfaces)
[1.009s] DEBUG:colcon.colcon_core.event_handler.log_command:Invoking command in '/home/a/aruco_ws/src/ros2_aruco/ros2_aruco': PYTHONPATH=/home/a/aruco_ws/build/ros2_aruco/prefix_override:/home/a/aruco_ws/install/ros2_aruco/lib/python3.8/site-packages:${PYTHONPATH} /usr/bin/python3 -W ignore:setup.py install is deprecated setup.py egg_info --egg-base ../../../build/ros2_aruco build --build-base /home/a/aruco_ws/build/ros2_aruco/build install --record /home/a/aruco_ws/build/ros2_aruco/install.log --single-version-externally-managed install_data
[1.012s] DEBUG:colcon.colcon_core.event_handler.log_command:Invoking command in '/home/a/aruco_ws/src/ros2_aruco/ar_track_copy': PYTHONPATH=/home/a/aruco_ws/build/ar_track/prefix_override:/home/a/aruco_ws/install/ar_track/lib/python3.8/site-packages:${PYTHONPATH} /usr/bin/python3 -W ignore:setup.py install is deprecated setup.py egg_info --egg-base ../../../build/ar_track build --build-base /home/a/aruco_ws/build/ar_track/build install --record /home/a/aruco_ws/build/ar_track/install.log --install-scripts $base/lib/ar_track --single-version-externally-managed install_data
[1.199s] Level 1:colcon.colcon_core.environment:checking '/home/a/aruco_ws/install/ros2_aruco' for CMake module files
[1.200s] DEBUG:colcon.colcon_core.event_handler.log_command:Invoked command in '/home/a/aruco_ws/src/ros2_aruco/ros2_aruco' returned '0': PYTHONPATH=/home/a/aruco_ws/build/ros2_aruco/prefix_override:/home/a/aruco_ws/install/ros2_aruco/lib/python3.8/site-packages:${PYTHONPATH} /usr/bin/python3 -W ignore:setup.py install is deprecated setup.py egg_info --egg-base ../../../build/ros2_aruco build --build-base /home/a/aruco_ws/build/ros2_aruco/build install --record /home/a/aruco_ws/build/ros2_aruco/install.log --single-version-externally-managed install_data
[1.200s] Level 1:colcon.colcon_core.environment:checking '/home/a/aruco_ws/install/ros2_aruco' for CMake config files
[1.200s] Level 1:colcon.colcon_core.environment:checking '/home/a/aruco_ws/install/ros2_aruco/lib'
[1.201s] Level 1:colcon.colcon_core.environment:checking '/home/a/aruco_ws/install/ros2_aruco/bin'
[1.201s] Level 1:colcon.colcon_core.environment:checking '/home/a/aruco_ws/install/ros2_aruco/lib/pkgconfig/ros2_aruco.pc'
[1.201s] Level 1:colcon.colcon_core.environment:checking '/home/a/aruco_ws/install/ros2_aruco/lib/python3.8/site-packages'
[1.201s] Level 1:colcon.colcon_core.shell:create_environment_hook('ros2_aruco', 'pythonpath')
[1.201s] INFO:colcon.colcon_core.shell:Creating environment hook '/home/a/aruco_ws/install/ros2_aruco/share/ros2_aruco/hook/pythonpath.ps1'
[1.201s] INFO:colcon.colcon_core.shell:Creating environment descriptor '/home/a/aruco_ws/install/ros2_aruco/share/ros2_aruco/hook/pythonpath.dsv'
[1.202s] INFO:colcon.colcon_core.shell:Creating environment hook '/home/a/aruco_ws/install/ros2_aruco/share/ros2_aruco/hook/pythonpath.sh'
[1.202s] Level 1:colcon.colcon_core.environment:checking '/home/a/aruco_ws/install/ros2_aruco/bin'
[1.202s] Level 1:colcon.colcon_core.environment:create_environment_scripts_only(ros2_aruco)
[1.202s] INFO:colcon.colcon_core.shell:Creating package script '/home/a/aruco_ws/install/ros2_aruco/share/ros2_aruco/package.ps1'
[1.202s] INFO:colcon.colcon_core.shell:Creating package descriptor '/home/a/aruco_ws/install/ros2_aruco/share/ros2_aruco/package.dsv'
[1.203s] INFO:colcon.colcon_core.shell:Creating package script '/home/a/aruco_ws/install/ros2_aruco/share/ros2_aruco/package.sh'
[1.203s] INFO:colcon.colcon_core.shell:Creating package script '/home/a/aruco_ws/install/ros2_aruco/share/ros2_aruco/package.bash'
[1.203s] INFO:colcon.colcon_core.shell:Creating package script '/home/a/aruco_ws/install/ros2_aruco/share/ros2_aruco/package.zsh'
[1.203s] Level 1:colcon.colcon_core.environment:create_file_with_runtime_dependencies(/home/a/aruco_ws/install/ros2_aruco/share/colcon-core/packages/ros2_aruco)
[1.203s] Level 1:colcon.colcon_core.environment:checking '/home/a/aruco_ws/install/ar_track' for CMake module files
[1.204s] DEBUG:colcon.colcon_core.event_handler.log_command:Invoked command in '/home/a/aruco_ws/src/ros2_aruco/ar_track_copy' returned '0': PYTHONPATH=/home/a/aruco_ws/build/ar_track/prefix_override:/home/a/aruco_ws/install/ar_track/lib/python3.8/site-packages:${PYTHONPATH} /usr/bin/python3 -W ignore:setup.py install is deprecated setup.py egg_info --egg-base ../../../build/ar_track build --build-base /home/a/aruco_ws/build/ar_track/build install --record /home/a/aruco_ws/build/ar_track/install.log --install-scripts $base/lib/ar_track --single-version-externally-managed install_data
[1.204s] Level 1:colcon.colcon_core.environment:checking '/home/a/aruco_ws/install/ar_track' for CMake config files
[1.204s] Level 1:colcon.colcon_core.environment:checking '/home/a/aruco_ws/install/ar_track/lib'
[1.204s] Level 1:colcon.colcon_core.environment:checking '/home/a/aruco_ws/install/ar_track/bin'
[1.204s] Level 1:colcon.colcon_core.environment:checking '/home/a/aruco_ws/install/ar_track/lib/pkgconfig/ar_track.pc'
[1.204s] Level 1:colcon.colcon_core.environment:checking '/home/a/aruco_ws/install/ar_track/lib/python3.8/site-packages'
[1.204s] Level 1:colcon.colcon_core.shell:create_environment_hook('ar_track', 'pythonpath')
[1.205s] INFO:colcon.colcon_core.shell:Creating environment hook '/home/a/aruco_ws/install/ar_track/share/ar_track/hook/pythonpath.ps1'
[1.205s] INFO:colcon.colcon_core.shell:Creating environment descriptor '/home/a/aruco_ws/install/ar_track/share/ar_track/hook/pythonpath.dsv'
[1.205s] INFO:colcon.colcon_core.shell:Creating environment hook '/home/a/aruco_ws/install/ar_track/share/ar_track/hook/pythonpath.sh'
[1.205s] Level 1:colcon.colcon_core.environment:checking '/home/a/aruco_ws/install/ar_track/bin'
[1.205s] Level 1:colcon.colcon_core.environment:create_environment_scripts_only(ar_track)
[1.205s] INFO:colcon.colcon_core.shell:Creating package script '/home/a/aruco_ws/install/ar_track/share/ar_track/package.ps1'
[1.206s] INFO:colcon.colcon_core.shell:Creating package descriptor '/home/a/aruco_ws/install/ar_track/share/ar_track/package.dsv'
[1.206s] INFO:colcon.colcon_core.shell:Creating package script '/home/a/aruco_ws/install/ar_track/share/ar_track/package.sh'
[1.206s] INFO:colcon.colcon_core.shell:Creating package script '/home/a/aruco_ws/install/ar_track/share/ar_track/package.bash'
[1.206s] INFO:colcon.colcon_core.shell:Creating package script '/home/a/aruco_ws/install/ar_track/share/ar_track/package.zsh'
[1.206s] Level 1:colcon.colcon_core.environment:create_file_with_runtime_dependencies(/home/a/aruco_ws/install/ar_track/share/colcon-core/packages/ar_track)
[1.206s] DEBUG:colcon.colcon_parallel_executor.executor.parallel:closing loop
[1.207s] DEBUG:colcon.colcon_parallel_executor.executor.parallel:loop closed
[1.207s] DEBUG:colcon.colcon_parallel_executor.executor.parallel:run_until_complete finished with '0'
[1.207s] DEBUG:colcon.colcon_core.event_reactor:joining thread
[1.210s] INFO:colcon.colcon_core.plugin_system:Skipping extension 'colcon_notification.desktop_notification.terminal_notifier': Not used on non-Darwin systems
[1.210s] INFO:colcon.colcon_core.plugin_system:Skipping extension 'colcon_notification.desktop_notification.win32': Not used on non-Windows systems
[1.210s] INFO:colcon.colcon_notification.desktop_notification:Sending desktop notification using 'notify2'
[1.219s] DEBUG:colcon.colcon_core.event_reactor:joined thread
[1.220s] INFO:colcon.colcon_core.shell:Creating prefix script '/home/a/aruco_ws/install/local_setup.ps1'
[1.220s] INFO:colcon.colcon_core.shell:Creating prefix util module '/home/a/aruco_ws/install/_local_setup_util_ps1.py'
[1.221s] INFO:colcon.colcon_core.shell:Creating prefix chain script '/home/a/aruco_ws/install/setup.ps1'
[1.222s] INFO:colcon.colcon_core.shell:Creating prefix script '/home/a/aruco_ws/install/local_setup.sh'
[1.222s] INFO:colcon.colcon_core.shell:Creating prefix util module '/home/a/aruco_ws/install/_local_setup_util_sh.py'
[1.222s] INFO:colcon.colcon_core.shell:Creating prefix chain script '/home/a/aruco_ws/install/setup.sh'
[1.223s] INFO:colcon.colcon_core.shell:Creating prefix script '/home/a/aruco_ws/install/local_setup.bash'
[1.224s] INFO:colcon.colcon_core.shell:Creating prefix chain script '/home/a/aruco_ws/install/setup.bash'
[1.225s] INFO:colcon.colcon_core.shell:Creating prefix script '/home/a/aruco_ws/install/local_setup.zsh'
[1.225s] INFO:colcon.colcon_core.shell:Creating prefix chain script '/home/a/aruco_ws/install/setup.zsh'
