-- The C compiler identification is GNU 9.4.0
-- The CXX compiler identification is GNU 9.4.0
-- Check for working C compiler: /usr/bin/cc
-- Check for working C compiler: /usr/bin/cc -- works
-- Detecting C compiler ABI info
-- Detecting C compiler ABI info - done
-- Detecting C compile features
-- Detecting C compile features - done
-- Check for working CXX compiler: /usr/bin/c++
-- Check for working CXX compiler: /usr/bin/c++ -- works
-- Detecting CXX compiler ABI info
-- Detecting CXX compiler ABI info - done
-- Detecting CXX compile features
-- Detecting CXX compile features - done
-- Found ament_cmake_auto: 0.9.8 (/opt/ros/foxy/share/ament_cmake_auto/cmake)
-- Found PythonInterp: /usr/bin/python3 (found suitable version "3.8.10", minimum required is "3") 
-- Using PYTHON_EXECUTABLE: /usr/bin/python3
-- Override CMake install command with custom implementation using symlinks instead of copying resources
-- Using all available rosidl_typesupport_c: rosidl_typesupport_fastrtps_c;rosidl_typesupport_introspection_c
-- Found rosidl_adapter: 1.2.1 (/opt/ros/foxy/share/rosidl_adapter/cmake)
-- Found OpenSSL: /usr/lib/aarch64-linux-gnu/libcrypto.so (found version "1.1.1f")  
-- Found FastRTPS: /opt/ros/foxy/include  
-- Using all available rosidl_typesupport_cpp: rosidl_typesupport_fastrtps_cpp;rosidl_typesupport_introspection_cpp
-- Found rmw_implementation_cmake: 1.0.3 (/opt/ros/foxy/share/rmw_implementation_cmake/cmake)
-- Using RMW implementation 'rmw_fastrtps_cpp' as default
-- Looking for pthread.h
-- Looking for pthread.h - found
-- Performing Test CMAKE_HAVE_LIBC_PTHREAD
-- Performing Test CMAKE_HAVE_LIBC_PTHREAD - Failed
-- Looking for pthread_create in pthreads
-- Looking for pthread_create in pthreads - not found
-- Looking for pthread_create in pthread
-- Looking for pthread_create in pthread - found
-- Found Threads: TRUE  
-- Found OpenCV: /usr (found version "4.2.0") 
-- Found ament_lint_auto: 0.9.6 (/opt/ros/foxy/share/ament_lint_auto/cmake)
-- Added test 'copyright' to check source files copyright and LICENSE
-- Added test 'cppcheck' to perform static code analysis on C / C++ code
-- Configured cppcheck include dirs: /home/ubuntu/ros2_ws/src/image_pipeline/depth_image_proc/include
-- Configured cppcheck exclude dirs and/or files: 
-- Added test 'cpplint' to check C / C++ code against the Google style
-- Configured cpplint exclude dirs and/or files: 
-- Added test 'flake8' to check Python code syntax and style conventions
-- Added test 'lint_cmake' to check CMake code style
-- Added test 'pep257' to check Python code against some of the style conventions in PEP 257
-- Added test 'uncrustify' to check C / C++ code style
-- Configured uncrustify additional arguments: 
-- Added test 'xmllint' to check XML markup files
-- Configuring done
-- Generating done
-- Build files have been written to: /home/ubuntu/ros2_ws/build/depth_image_proc
Scanning dependencies of target depth_image_proc
[  8%] Building CXX object CMakeFiles/depth_image_proc.dir/src/conversions.cpp.o
[ 16%] Building CXX object CMakeFiles/depth_image_proc.dir/src/convert_metric.cpp.o
[ 25%] Building CXX object CMakeFiles/depth_image_proc.dir/src/crop_foremost.cpp.o
[ 33%] Building CXX object CMakeFiles/depth_image_proc.dir/src/disparity.cpp.o
[ 41%] Building CXX object CMakeFiles/depth_image_proc.dir/src/point_cloud_xyzi.cpp.o
[ 50%] Building CXX object CMakeFiles/depth_image_proc.dir/src/point_cloud_xyz_radial.cpp.o
[ 58%] Building CXX object CMakeFiles/depth_image_proc.dir/src/point_cloud_xyzi_radial.cpp.o
[ 66%] Building CXX object CMakeFiles/depth_image_proc.dir/src/point_cloud_xyzrgb_radial.cpp.o
[ 75%] Building CXX object CMakeFiles/depth_image_proc.dir/src/register.cpp.o
[ 91%] Building CXX object CMakeFiles/depth_image_proc.dir/src/point_cloud_xyzrgb.cpp.o
[ 91%] Building CXX object CMakeFiles/depth_image_proc.dir/src/point_cloud_xyz.cpp.o
[100%] Linking CXX shared library libdepth_image_proc.so
[100%] Built target depth_image_proc
-- Install configuration: ""
-- Execute custom install script
-- Symlinking: /home/ubuntu/ros2_ws/install/depth_image_proc/include/depth_image_proc/conversions.hpp
-- Symlinking: /home/ubuntu/ros2_ws/install/depth_image_proc/include/depth_image_proc/depth_traits.hpp
-- Symlinking: /home/ubuntu/ros2_ws/install/depth_image_proc/include/depth_image_proc/point_cloud_xyz.hpp
-- Symlinking: /home/ubuntu/ros2_ws/install/depth_image_proc/include/depth_image_proc/point_cloud_xyz_radial.hpp
-- Symlinking: /home/ubuntu/ros2_ws/install/depth_image_proc/include/depth_image_proc/point_cloud_xyzi.hpp
-- Symlinking: /home/ubuntu/ros2_ws/install/depth_image_proc/include/depth_image_proc/point_cloud_xyzi_radial.hpp
-- Symlinking: /home/ubuntu/ros2_ws/install/depth_image_proc/include/depth_image_proc/point_cloud_xyzrgb.hpp
-- Symlinking: /home/ubuntu/ros2_ws/install/depth_image_proc/include/depth_image_proc/point_cloud_xyzrgb_radial.hpp
-- Symlinking: /home/ubuntu/ros2_ws/install/depth_image_proc/include/depth_image_proc/visibility.h
-- Symlinking: /home/ubuntu/ros2_ws/install/depth_image_proc/share/depth_image_proc/environment/library_path.sh
-- Symlinking: /home/ubuntu/ros2_ws/install/depth_image_proc/share/depth_image_proc/environment/library_path.dsv
-- Symlinking: /home/ubuntu/ros2_ws/install/depth_image_proc/lib/libdepth_image_proc.so
-- Symlinking: /home/ubuntu/ros2_ws/install/depth_image_proc/share/depth_image_proc/launch/convert_metric.launch.py
-- Symlinking: /home/ubuntu/ros2_ws/install/depth_image_proc/share/depth_image_proc/launch/crop_foremost.launch.py
-- Symlinking: /home/ubuntu/ros2_ws/install/depth_image_proc/share/depth_image_proc/launch/disparity.launch.py
-- Symlinking: /home/ubuntu/ros2_ws/install/depth_image_proc/share/depth_image_proc/launch/point_cloud_xyz.launch.py
-- Symlinking: /home/ubuntu/ros2_ws/install/depth_image_proc/share/depth_image_proc/launch/point_cloud_xyz_radial.launch.py
-- Symlinking: /home/ubuntu/ros2_ws/install/depth_image_proc/share/depth_image_proc/launch/point_cloud_xyzi.launch.py
-- Symlinking: /home/ubuntu/ros2_ws/install/depth_image_proc/share/depth_image_proc/launch/point_cloud_xyzi_radial.launch.py
-- Symlinking: /home/ubuntu/ros2_ws/install/depth_image_proc/share/depth_image_proc/launch/point_cloud_xyzrgb.launch.py
-- Symlinking: /home/ubuntu/ros2_ws/install/depth_image_proc/share/depth_image_proc/launch/point_cloud_xyzrgb_radial.launch.py
-- Symlinking: /home/ubuntu/ros2_ws/install/depth_image_proc/share/depth_image_proc/launch/register.launch.py
-- Symlinking: /home/ubuntu/ros2_ws/install/depth_image_proc/share/depth_image_proc/launch/rviz/convert_metric.rviz
-- Symlinking: /home/ubuntu/ros2_ws/install/depth_image_proc/share/depth_image_proc/launch/rviz/crop_formost.rviz
-- Symlinking: /home/ubuntu/ros2_ws/install/depth_image_proc/share/depth_image_proc/launch/rviz/disparity.rviz
-- Symlinking: /home/ubuntu/ros2_ws/install/depth_image_proc/share/depth_image_proc/launch/rviz/point_cloud_xyz.rviz
-- Symlinking: /home/ubuntu/ros2_ws/install/depth_image_proc/share/depth_image_proc/launch/rviz/point_cloud_xyz_radial.rviz
-- Symlinking: /home/ubuntu/ros2_ws/install/depth_image_proc/share/depth_image_proc/launch/rviz/point_cloud_xyzi.rviz
-- Symlinking: /home/ubuntu/ros2_ws/install/depth_image_proc/share/depth_image_proc/launch/rviz/point_cloud_xyzrgb.rviz
-- Symlinking: /home/ubuntu/ros2_ws/install/depth_image_proc/share/depth_image_proc/launch/rviz/register.rviz
-- Symlinking: /home/ubuntu/ros2_ws/install/depth_image_proc/share/ament_index/resource_index/package_run_dependencies/depth_image_proc
-- Symlinking: /home/ubuntu/ros2_ws/install/depth_image_proc/share/ament_index/resource_index/parent_prefix_path/depth_image_proc
-- Symlinking: /home/ubuntu/ros2_ws/install/depth_image_proc/share/depth_image_proc/environment/ament_prefix_path.sh
-- Symlinking: /home/ubuntu/ros2_ws/install/depth_image_proc/share/depth_image_proc/environment/ament_prefix_path.dsv
-- Symlinking: /home/ubuntu/ros2_ws/install/depth_image_proc/share/depth_image_proc/environment/path.sh
-- Symlinking: /home/ubuntu/ros2_ws/install/depth_image_proc/share/depth_image_proc/environment/path.dsv
-- Symlinking: /home/ubuntu/ros2_ws/install/depth_image_proc/share/depth_image_proc/local_setup.bash
-- Symlinking: /home/ubuntu/ros2_ws/install/depth_image_proc/share/depth_image_proc/local_setup.sh
-- Symlinking: /home/ubuntu/ros2_ws/install/depth_image_proc/share/depth_image_proc/local_setup.zsh
-- Symlinking: /home/ubuntu/ros2_ws/install/depth_image_proc/share/depth_image_proc/local_setup.dsv
-- Symlinking: /home/ubuntu/ros2_ws/install/depth_image_proc/share/depth_image_proc/package.dsv
-- Symlinking: /home/ubuntu/ros2_ws/install/depth_image_proc/share/ament_index/resource_index/packages/depth_image_proc
-- Symlinking: /home/ubuntu/ros2_ws/install/depth_image_proc/share/ament_index/resource_index/rclcpp_components/depth_image_proc
-- Symlinking: /home/ubuntu/ros2_ws/install/depth_image_proc/share/depth_image_proc/cmake/ament_cmake_export_dependencies-extras.cmake
-- Symlinking: /home/ubuntu/ros2_ws/install/depth_image_proc/share/depth_image_proc/cmake/ament_cmake_export_include_directories-extras.cmake
-- Symlinking: /home/ubuntu/ros2_ws/install/depth_image_proc/share/depth_image_proc/cmake/ament_cmake_export_libraries-extras.cmake
-- Symlinking: /home/ubuntu/ros2_ws/install/depth_image_proc/share/depth_image_proc/cmake/depth_image_procConfig.cmake
-- Symlinking: /home/ubuntu/ros2_ws/install/depth_image_proc/share/depth_image_proc/cmake/depth_image_procConfig-version.cmake
-- Symlinking: /home/ubuntu/ros2_ws/install/depth_image_proc/share/depth_image_proc/package.xml
