[0.187s] Invoking command in '/home/ubuntu/ros2_ws/build/depth_image_proc': CMAKE_PREFIX_PATH=/home/ubuntu/ros2_ws/install/image_transport:/home/ubuntu/ros2_ws/install/image_geometry:/home/ubuntu/ros2_ws/install/cv_bridge:/home/ubuntu/cv_cam_ws/install/opencv_cam:/home/ubuntu/cv_cam_ws/install/ros2_shared:/home/ubuntu/ros2_ws/install/vision_opencv:/home/ubuntu/ros2_ws/install/v4l2_camera:/home/ubuntu/ros2_ws/install/image_transport_plugins:/home/ubuntu/ros2_ws/install/theora_image_transport:/home/ubuntu/ros2_ws/install/image_common:/home/ubuntu/ros2_ws/install/compressed_image_transport:/home/ubuntu/ros2_ws/install/compressed_depth_image_transport:/home/ubuntu/ros2_ws/install/camera_info_manager:/home/ubuntu/ros2_ws/install/camera_calibration_parsers:/home/ubuntu/turtlebot3_ws/install/turtlebot3:/home/ubuntu/turtlebot3_ws/install/turtlebot3_bringup:/home/ubuntu/turtlebot3_ws/install/turtlebot3_node:/home/ubuntu/turtlebot3_ws/install/turtlebot3_description:/home/ubuntu/turtlebot3_ws/install/ld08_driver:/home/ubuntu/ros2_ws/install/opencv_tests:/home/ubuntu/turtlebot3_ws/install/turtlebot3_teleop:/home/ubuntu/turtlebot3_ws/install/turtlebot3_example:/opt/ros/foxy LD_LIBRARY_PATH=/home/ubuntu/ros2_ws/install/image_transport/lib:/home/ubuntu/ros2_ws/install/image_geometry/lib:/home/ubuntu/ros2_ws/install/cv_bridge/lib:/home/ubuntu/cv_cam_ws/install/opencv_cam/lib:/home/ubuntu/ros2_ws/install/v4l2_camera/lib:/home/ubuntu/ros2_ws/install/theora_image_transport/lib:/home/ubuntu/ros2_ws/install/compressed_image_transport/lib:/home/ubuntu/ros2_ws/install/compressed_depth_image_transport/lib:/home/ubuntu/ros2_ws/install/camera_info_manager/lib:/home/ubuntu/ros2_ws/install/camera_calibration_parsers/lib:/opt/ros/foxy/opt/yaml_cpp_vendor/lib:/opt/ros/foxy/lib/aarch64-linux-gnu:/opt/ros/foxy/lib PYTHONPATH=/home/ubuntu/ros2_ws/install/image_geometry/lib/python3.8/site-packages:/home/ubuntu/ros2_ws/install/cv_bridge/lib/python3.8/site-packages:/home/ubuntu/ros2_ws/install/theora_image_transport/lib/python3.8/site-packages:/home/ubuntu/ros2_ws/install/opencv_tests/lib/python3.8/site-packages:/home/ubuntu/turtlebot3_ws/build/turtlebot3_teleop:/home/ubuntu/turtlebot3_ws/install/turtlebot3_teleop/lib/python3.8/site-packages:/home/ubuntu/turtlebot3_ws/build/turtlebot3_example:/home/ubuntu/turtlebot3_ws/install/turtlebot3_example/lib/python3.8/site-packages:/opt/ros/foxy/lib/python3.8/site-packages /usr/bin/cmake /home/ubuntu/ros2_ws/src/image_pipeline/depth_image_proc -DAMENT_CMAKE_SYMLINK_INSTALL=1 -DCMAKE_INSTALL_PREFIX=/home/ubuntu/ros2_ws/install/depth_image_proc
[0.819s] -- The C compiler identification is GNU 9.4.0
[1.506s] -- The CXX compiler identification is GNU 9.4.0
[1.583s] -- Check for working C compiler: /usr/bin/cc
[2.566s] -- Check for working C compiler: /usr/bin/cc -- works
[2.576s] -- Detecting C compiler ABI info
[3.562s] -- Detecting C compiler ABI info - done
[3.692s] -- Detecting C compile features
[3.696s] -- Detecting C compile features - done
[3.730s] -- Check for working CXX compiler: /usr/bin/c++
[4.836s] -- Check for working CXX compiler: /usr/bin/c++ -- works
[4.849s] -- Detecting CXX compiler ABI info
[5.787s] -- Detecting CXX compiler ABI info - done
[5.894s] -- Detecting CXX compile features
[5.899s] -- Detecting CXX compile features - done
[5.962s] -- Found ament_cmake_auto: 0.9.8 (/opt/ros/foxy/share/ament_cmake_auto/cmake)
[6.479s] -- Found PythonInterp: /usr/bin/python3 (found suitable version "3.8.10", minimum required is "3") 
[6.482s] -- Using PYTHON_EXECUTABLE: /usr/bin/python3
[8.729s] -- Override CMake install command with custom implementation using symlinks instead of copying resources
[11.410s] -- Using all available rosidl_typesupport_c: rosidl_typesupport_fastrtps_c;rosidl_typesupport_introspection_c
[11.596s] -- Found rosidl_adapter: 1.2.1 (/opt/ros/foxy/share/rosidl_adapter/cmake)
[12.713s] -- Found OpenSSL: /usr/lib/aarch64-linux-gnu/libcrypto.so (found version "1.1.1f")  
[13.058s] -- Found FastRTPS: /opt/ros/foxy/include  
[14.124s] -- Using all available rosidl_typesupport_cpp: rosidl_typesupport_fastrtps_cpp;rosidl_typesupport_introspection_cpp
[17.085s] -- Found rmw_implementation_cmake: 1.0.3 (/opt/ros/foxy/share/rmw_implementation_cmake/cmake)
[17.110s] -- Using RMW implementation 'rmw_fastrtps_cpp' as default
[17.118s] -- Looking for pthread.h
[17.879s] -- Looking for pthread.h - found
[17.883s] -- Performing Test CMAKE_HAVE_LIBC_PTHREAD
[18.766s] -- Performing Test CMAKE_HAVE_LIBC_PTHREAD - Failed
[18.771s] -- Looking for pthread_create in pthreads
[19.503s] -- Looking for pthread_create in pthreads - not found
[19.507s] -- Looking for pthread_create in pthread
[20.331s] -- Looking for pthread_create in pthread - found
[20.342s] -- Found Threads: TRUE  
[28.856s] -- Found OpenCV: /usr (found version "4.2.0") 
[29.471s] -- Found ament_lint_auto: 0.9.6 (/opt/ros/foxy/share/ament_lint_auto/cmake)
[30.128s] -- Added test 'copyright' to check source files copyright and LICENSE
[30.178s] -- Added test 'cppcheck' to perform static code analysis on C / C++ code
[30.182s] -- Configured cppcheck include dirs: /home/ubuntu/ros2_ws/src/image_pipeline/depth_image_proc/include
[30.183s] -- Configured cppcheck exclude dirs and/or files: 
[30.231s] -- Added test 'cpplint' to check C / C++ code against the Google style
[30.233s] -- Configured cpplint exclude dirs and/or files: 
[30.245s] -- Added test 'flake8' to check Python code syntax and style conventions
[30.264s] -- Added test 'lint_cmake' to check CMake code style
[30.278s] -- Added test 'pep257' to check Python code against some of the style conventions in PEP 257
[30.325s] -- Added test 'uncrustify' to check C / C++ code style
[30.326s] -- Configured uncrustify additional arguments: 
[30.338s] -- Added test 'xmllint' to check XML markup files
[30.440s] -- Configuring done
[31.477s] -- Generating done
[31.499s] -- Build files have been written to: /home/ubuntu/ros2_ws/build/depth_image_proc
[31.605s] Invoked command in '/home/ubuntu/ros2_ws/build/depth_image_proc' returned '0': CMAKE_PREFIX_PATH=/home/ubuntu/ros2_ws/install/image_transport:/home/ubuntu/ros2_ws/install/image_geometry:/home/ubuntu/ros2_ws/install/cv_bridge:/home/ubuntu/cv_cam_ws/install/opencv_cam:/home/ubuntu/cv_cam_ws/install/ros2_shared:/home/ubuntu/ros2_ws/install/vision_opencv:/home/ubuntu/ros2_ws/install/v4l2_camera:/home/ubuntu/ros2_ws/install/image_transport_plugins:/home/ubuntu/ros2_ws/install/theora_image_transport:/home/ubuntu/ros2_ws/install/image_common:/home/ubuntu/ros2_ws/install/compressed_image_transport:/home/ubuntu/ros2_ws/install/compressed_depth_image_transport:/home/ubuntu/ros2_ws/install/camera_info_manager:/home/ubuntu/ros2_ws/install/camera_calibration_parsers:/home/ubuntu/turtlebot3_ws/install/turtlebot3:/home/ubuntu/turtlebot3_ws/install/turtlebot3_bringup:/home/ubuntu/turtlebot3_ws/install/turtlebot3_node:/home/ubuntu/turtlebot3_ws/install/turtlebot3_description:/home/ubuntu/turtlebot3_ws/install/ld08_driver:/home/ubuntu/ros2_ws/install/opencv_tests:/home/ubuntu/turtlebot3_ws/install/turtlebot3_teleop:/home/ubuntu/turtlebot3_ws/install/turtlebot3_example:/opt/ros/foxy LD_LIBRARY_PATH=/home/ubuntu/ros2_ws/install/image_transport/lib:/home/ubuntu/ros2_ws/install/image_geometry/lib:/home/ubuntu/ros2_ws/install/cv_bridge/lib:/home/ubuntu/cv_cam_ws/install/opencv_cam/lib:/home/ubuntu/ros2_ws/install/v4l2_camera/lib:/home/ubuntu/ros2_ws/install/theora_image_transport/lib:/home/ubuntu/ros2_ws/install/compressed_image_transport/lib:/home/ubuntu/ros2_ws/install/compressed_depth_image_transport/lib:/home/ubuntu/ros2_ws/install/camera_info_manager/lib:/home/ubuntu/ros2_ws/install/camera_calibration_parsers/lib:/opt/ros/foxy/opt/yaml_cpp_vendor/lib:/opt/ros/foxy/lib/aarch64-linux-gnu:/opt/ros/foxy/lib PYTHONPATH=/home/ubuntu/ros2_ws/install/image_geometry/lib/python3.8/site-packages:/home/ubuntu/ros2_ws/install/cv_bridge/lib/python3.8/site-packages:/home/ubuntu/ros2_ws/install/theora_image_transport/lib/python3.8/site-packages:/home/ubuntu/ros2_ws/install/opencv_tests/lib/python3.8/site-packages:/home/ubuntu/turtlebot3_ws/build/turtlebot3_teleop:/home/ubuntu/turtlebot3_ws/install/turtlebot3_teleop/lib/python3.8/site-packages:/home/ubuntu/turtlebot3_ws/build/turtlebot3_example:/home/ubuntu/turtlebot3_ws/install/turtlebot3_example/lib/python3.8/site-packages:/opt/ros/foxy/lib/python3.8/site-packages /usr/bin/cmake /home/ubuntu/ros2_ws/src/image_pipeline/depth_image_proc -DAMENT_CMAKE_SYMLINK_INSTALL=1 -DCMAKE_INSTALL_PREFIX=/home/ubuntu/ros2_ws/install/depth_image_proc
[31.617s] Invoking command in '/home/ubuntu/ros2_ws/build/depth_image_proc': CMAKE_PREFIX_PATH=/home/ubuntu/ros2_ws/install/image_transport:/home/ubuntu/ros2_ws/install/image_geometry:/home/ubuntu/ros2_ws/install/cv_bridge:/home/ubuntu/cv_cam_ws/install/opencv_cam:/home/ubuntu/cv_cam_ws/install/ros2_shared:/home/ubuntu/ros2_ws/install/vision_opencv:/home/ubuntu/ros2_ws/install/v4l2_camera:/home/ubuntu/ros2_ws/install/image_transport_plugins:/home/ubuntu/ros2_ws/install/theora_image_transport:/home/ubuntu/ros2_ws/install/image_common:/home/ubuntu/ros2_ws/install/compressed_image_transport:/home/ubuntu/ros2_ws/install/compressed_depth_image_transport:/home/ubuntu/ros2_ws/install/camera_info_manager:/home/ubuntu/ros2_ws/install/camera_calibration_parsers:/home/ubuntu/turtlebot3_ws/install/turtlebot3:/home/ubuntu/turtlebot3_ws/install/turtlebot3_bringup:/home/ubuntu/turtlebot3_ws/install/turtlebot3_node:/home/ubuntu/turtlebot3_ws/install/turtlebot3_description:/home/ubuntu/turtlebot3_ws/install/ld08_driver:/home/ubuntu/ros2_ws/install/opencv_tests:/home/ubuntu/turtlebot3_ws/install/turtlebot3_teleop:/home/ubuntu/turtlebot3_ws/install/turtlebot3_example:/opt/ros/foxy LD_LIBRARY_PATH=/home/ubuntu/ros2_ws/install/image_transport/lib:/home/ubuntu/ros2_ws/install/image_geometry/lib:/home/ubuntu/ros2_ws/install/cv_bridge/lib:/home/ubuntu/cv_cam_ws/install/opencv_cam/lib:/home/ubuntu/ros2_ws/install/v4l2_camera/lib:/home/ubuntu/ros2_ws/install/theora_image_transport/lib:/home/ubuntu/ros2_ws/install/compressed_image_transport/lib:/home/ubuntu/ros2_ws/install/compressed_depth_image_transport/lib:/home/ubuntu/ros2_ws/install/camera_info_manager/lib:/home/ubuntu/ros2_ws/install/camera_calibration_parsers/lib:/opt/ros/foxy/opt/yaml_cpp_vendor/lib:/opt/ros/foxy/lib/aarch64-linux-gnu:/opt/ros/foxy/lib PYTHONPATH=/home/ubuntu/ros2_ws/install/image_geometry/lib/python3.8/site-packages:/home/ubuntu/ros2_ws/install/cv_bridge/lib/python3.8/site-packages:/home/ubuntu/ros2_ws/install/theora_image_transport/lib/python3.8/site-packages:/home/ubuntu/ros2_ws/install/opencv_tests/lib/python3.8/site-packages:/home/ubuntu/turtlebot3_ws/build/turtlebot3_teleop:/home/ubuntu/turtlebot3_ws/install/turtlebot3_teleop/lib/python3.8/site-packages:/home/ubuntu/turtlebot3_ws/build/turtlebot3_example:/home/ubuntu/turtlebot3_ws/install/turtlebot3_example/lib/python3.8/site-packages:/opt/ros/foxy/lib/python3.8/site-packages /usr/bin/cmake --build /home/ubuntu/ros2_ws/build/depth_image_proc -- -j4 -l4
[32.152s] Scanning dependencies of target depth_image_proc
[34.966s] [  8%] Building CXX object CMakeFiles/depth_image_proc.dir/src/conversions.cpp.o
[34.983s] [ 16%] Building CXX object CMakeFiles/depth_image_proc.dir/src/convert_metric.cpp.o
[35.099s] [ 25%] Building CXX object CMakeFiles/depth_image_proc.dir/src/crop_foremost.cpp.o
[35.123s] [ 33%] Building CXX object CMakeFiles/depth_image_proc.dir/src/disparity.cpp.o
[8472.056s] [ 41%] Building CXX object CMakeFiles/depth_image_proc.dir/src/point_cloud_xyzi.cpp.o
[9920.586s] [ 50%] Building CXX object CMakeFiles/depth_image_proc.dir/src/point_cloud_xyz_radial.cpp.o
[10619.957s] [ 58%] Building CXX object CMakeFiles/depth_image_proc.dir/src/point_cloud_xyzi_radial.cpp.o
[11461.602s] [ 66%] Building CXX object CMakeFiles/depth_image_proc.dir/src/point_cloud_xyzrgb_radial.cpp.o
[12143.797s] [ 75%] Building CXX object CMakeFiles/depth_image_proc.dir/src/register.cpp.o
[12823.652s] [ 91%] Building CXX object CMakeFiles/depth_image_proc.dir/src/point_cloud_xyzrgb.cpp.o
[12823.694s] [ 91%] Building CXX object CMakeFiles/depth_image_proc.dir/src/point_cloud_xyz.cpp.o
[12949.075s] [100%] Linking CXX shared library libdepth_image_proc.so
[12970.336s] [100%] Built target depth_image_proc
[12971.134s] Invoked command in '/home/ubuntu/ros2_ws/build/depth_image_proc' returned '0': CMAKE_PREFIX_PATH=/home/ubuntu/ros2_ws/install/image_transport:/home/ubuntu/ros2_ws/install/image_geometry:/home/ubuntu/ros2_ws/install/cv_bridge:/home/ubuntu/cv_cam_ws/install/opencv_cam:/home/ubuntu/cv_cam_ws/install/ros2_shared:/home/ubuntu/ros2_ws/install/vision_opencv:/home/ubuntu/ros2_ws/install/v4l2_camera:/home/ubuntu/ros2_ws/install/image_transport_plugins:/home/ubuntu/ros2_ws/install/theora_image_transport:/home/ubuntu/ros2_ws/install/image_common:/home/ubuntu/ros2_ws/install/compressed_image_transport:/home/ubuntu/ros2_ws/install/compressed_depth_image_transport:/home/ubuntu/ros2_ws/install/camera_info_manager:/home/ubuntu/ros2_ws/install/camera_calibration_parsers:/home/ubuntu/turtlebot3_ws/install/turtlebot3:/home/ubuntu/turtlebot3_ws/install/turtlebot3_bringup:/home/ubuntu/turtlebot3_ws/install/turtlebot3_node:/home/ubuntu/turtlebot3_ws/install/turtlebot3_description:/home/ubuntu/turtlebot3_ws/install/ld08_driver:/home/ubuntu/ros2_ws/install/opencv_tests:/home/ubuntu/turtlebot3_ws/install/turtlebot3_teleop:/home/ubuntu/turtlebot3_ws/install/turtlebot3_example:/opt/ros/foxy LD_LIBRARY_PATH=/home/ubuntu/ros2_ws/install/image_transport/lib:/home/ubuntu/ros2_ws/install/image_geometry/lib:/home/ubuntu/ros2_ws/install/cv_bridge/lib:/home/ubuntu/cv_cam_ws/install/opencv_cam/lib:/home/ubuntu/ros2_ws/install/v4l2_camera/lib:/home/ubuntu/ros2_ws/install/theora_image_transport/lib:/home/ubuntu/ros2_ws/install/compressed_image_transport/lib:/home/ubuntu/ros2_ws/install/compressed_depth_image_transport/lib:/home/ubuntu/ros2_ws/install/camera_info_manager/lib:/home/ubuntu/ros2_ws/install/camera_calibration_parsers/lib:/opt/ros/foxy/opt/yaml_cpp_vendor/lib:/opt/ros/foxy/lib/aarch64-linux-gnu:/opt/ros/foxy/lib PYTHONPATH=/home/ubuntu/ros2_ws/install/image_geometry/lib/python3.8/site-packages:/home/ubuntu/ros2_ws/install/cv_bridge/lib/python3.8/site-packages:/home/ubuntu/ros2_ws/install/theora_image_transport/lib/python3.8/site-packages:/home/ubuntu/ros2_ws/install/opencv_tests/lib/python3.8/site-packages:/home/ubuntu/turtlebot3_ws/build/turtlebot3_teleop:/home/ubuntu/turtlebot3_ws/install/turtlebot3_teleop/lib/python3.8/site-packages:/home/ubuntu/turtlebot3_ws/build/turtlebot3_example:/home/ubuntu/turtlebot3_ws/install/turtlebot3_example/lib/python3.8/site-packages:/opt/ros/foxy/lib/python3.8/site-packages /usr/bin/cmake --build /home/ubuntu/ros2_ws/build/depth_image_proc -- -j4 -l4
[12972.023s] Invoking command in '/home/ubuntu/ros2_ws/build/depth_image_proc': CMAKE_PREFIX_PATH=/home/ubuntu/ros2_ws/install/image_transport:/home/ubuntu/ros2_ws/install/image_geometry:/home/ubuntu/ros2_ws/install/cv_bridge:/home/ubuntu/cv_cam_ws/install/opencv_cam:/home/ubuntu/cv_cam_ws/install/ros2_shared:/home/ubuntu/ros2_ws/install/vision_opencv:/home/ubuntu/ros2_ws/install/v4l2_camera:/home/ubuntu/ros2_ws/install/image_transport_plugins:/home/ubuntu/ros2_ws/install/theora_image_transport:/home/ubuntu/ros2_ws/install/image_common:/home/ubuntu/ros2_ws/install/compressed_image_transport:/home/ubuntu/ros2_ws/install/compressed_depth_image_transport:/home/ubuntu/ros2_ws/install/camera_info_manager:/home/ubuntu/ros2_ws/install/camera_calibration_parsers:/home/ubuntu/turtlebot3_ws/install/turtlebot3:/home/ubuntu/turtlebot3_ws/install/turtlebot3_bringup:/home/ubuntu/turtlebot3_ws/install/turtlebot3_node:/home/ubuntu/turtlebot3_ws/install/turtlebot3_description:/home/ubuntu/turtlebot3_ws/install/ld08_driver:/home/ubuntu/ros2_ws/install/opencv_tests:/home/ubuntu/turtlebot3_ws/install/turtlebot3_teleop:/home/ubuntu/turtlebot3_ws/install/turtlebot3_example:/opt/ros/foxy LD_LIBRARY_PATH=/home/ubuntu/ros2_ws/install/image_transport/lib:/home/ubuntu/ros2_ws/install/image_geometry/lib:/home/ubuntu/ros2_ws/install/cv_bridge/lib:/home/ubuntu/cv_cam_ws/install/opencv_cam/lib:/home/ubuntu/ros2_ws/install/v4l2_camera/lib:/home/ubuntu/ros2_ws/install/theora_image_transport/lib:/home/ubuntu/ros2_ws/install/compressed_image_transport/lib:/home/ubuntu/ros2_ws/install/compressed_depth_image_transport/lib:/home/ubuntu/ros2_ws/install/camera_info_manager/lib:/home/ubuntu/ros2_ws/install/camera_calibration_parsers/lib:/opt/ros/foxy/opt/yaml_cpp_vendor/lib:/opt/ros/foxy/lib/aarch64-linux-gnu:/opt/ros/foxy/lib PYTHONPATH=/home/ubuntu/ros2_ws/install/image_geometry/lib/python3.8/site-packages:/home/ubuntu/ros2_ws/install/cv_bridge/lib/python3.8/site-packages:/home/ubuntu/ros2_ws/install/theora_image_transport/lib/python3.8/site-packages:/home/ubuntu/ros2_ws/install/opencv_tests/lib/python3.8/site-packages:/home/ubuntu/turtlebot3_ws/build/turtlebot3_teleop:/home/ubuntu/turtlebot3_ws/install/turtlebot3_teleop/lib/python3.8/site-packages:/home/ubuntu/turtlebot3_ws/build/turtlebot3_example:/home/ubuntu/turtlebot3_ws/install/turtlebot3_example/lib/python3.8/site-packages:/opt/ros/foxy/lib/python3.8/site-packages /usr/bin/cmake --install /home/ubuntu/ros2_ws/build/depth_image_proc
[12972.124s] -- Install configuration: ""
[12972.131s] -- Execute custom install script
[12972.152s] -- Symlinking: /home/ubuntu/ros2_ws/install/depth_image_proc/include/depth_image_proc/conversions.hpp
[12972.236s] -- Symlinking: /home/ubuntu/ros2_ws/install/depth_image_proc/include/depth_image_proc/depth_traits.hpp
[12972.318s] -- Symlinking: /home/ubuntu/ros2_ws/install/depth_image_proc/include/depth_image_proc/point_cloud_xyz.hpp
[12972.402s] -- Symlinking: /home/ubuntu/ros2_ws/install/depth_image_proc/include/depth_image_proc/point_cloud_xyz_radial.hpp
[12972.484s] -- Symlinking: /home/ubuntu/ros2_ws/install/depth_image_proc/include/depth_image_proc/point_cloud_xyzi.hpp
[12972.567s] -- Symlinking: /home/ubuntu/ros2_ws/install/depth_image_proc/include/depth_image_proc/point_cloud_xyzi_radial.hpp
[12972.642s] -- Symlinking: /home/ubuntu/ros2_ws/install/depth_image_proc/include/depth_image_proc/point_cloud_xyzrgb.hpp
[12972.719s] -- Symlinking: /home/ubuntu/ros2_ws/install/depth_image_proc/include/depth_image_proc/point_cloud_xyzrgb_radial.hpp
[12972.802s] -- Symlinking: /home/ubuntu/ros2_ws/install/depth_image_proc/include/depth_image_proc/visibility.h
[12972.898s] -- Symlinking: /home/ubuntu/ros2_ws/install/depth_image_proc/share/depth_image_proc/environment/library_path.sh
[12972.985s] -- Symlinking: /home/ubuntu/ros2_ws/install/depth_image_proc/share/depth_image_proc/environment/library_path.dsv
[12973.071s] -- Symlinking: /home/ubuntu/ros2_ws/install/depth_image_proc/lib/libdepth_image_proc.so
[12973.164s] -- Symlinking: /home/ubuntu/ros2_ws/install/depth_image_proc/share/depth_image_proc/launch/convert_metric.launch.py
[12973.247s] -- Symlinking: /home/ubuntu/ros2_ws/install/depth_image_proc/share/depth_image_proc/launch/crop_foremost.launch.py
[12973.324s] -- Symlinking: /home/ubuntu/ros2_ws/install/depth_image_proc/share/depth_image_proc/launch/disparity.launch.py
[12973.407s] -- Symlinking: /home/ubuntu/ros2_ws/install/depth_image_proc/share/depth_image_proc/launch/point_cloud_xyz.launch.py
[12973.504s] -- Symlinking: /home/ubuntu/ros2_ws/install/depth_image_proc/share/depth_image_proc/launch/point_cloud_xyz_radial.launch.py
[12973.587s] -- Symlinking: /home/ubuntu/ros2_ws/install/depth_image_proc/share/depth_image_proc/launch/point_cloud_xyzi.launch.py
[12973.658s] -- Symlinking: /home/ubuntu/ros2_ws/install/depth_image_proc/share/depth_image_proc/launch/point_cloud_xyzi_radial.launch.py
[12973.729s] -- Symlinking: /home/ubuntu/ros2_ws/install/depth_image_proc/share/depth_image_proc/launch/point_cloud_xyzrgb.launch.py
[12973.801s] -- Symlinking: /home/ubuntu/ros2_ws/install/depth_image_proc/share/depth_image_proc/launch/point_cloud_xyzrgb_radial.launch.py
[12973.885s] -- Symlinking: /home/ubuntu/ros2_ws/install/depth_image_proc/share/depth_image_proc/launch/register.launch.py
[12973.969s] -- Symlinking: /home/ubuntu/ros2_ws/install/depth_image_proc/share/depth_image_proc/launch/rviz/convert_metric.rviz
[12974.053s] -- Symlinking: /home/ubuntu/ros2_ws/install/depth_image_proc/share/depth_image_proc/launch/rviz/crop_formost.rviz
[12974.137s] -- Symlinking: /home/ubuntu/ros2_ws/install/depth_image_proc/share/depth_image_proc/launch/rviz/disparity.rviz
[12974.216s] -- Symlinking: /home/ubuntu/ros2_ws/install/depth_image_proc/share/depth_image_proc/launch/rviz/point_cloud_xyz.rviz
[12974.298s] -- Symlinking: /home/ubuntu/ros2_ws/install/depth_image_proc/share/depth_image_proc/launch/rviz/point_cloud_xyz_radial.rviz
[12974.380s] -- Symlinking: /home/ubuntu/ros2_ws/install/depth_image_proc/share/depth_image_proc/launch/rviz/point_cloud_xyzi.rviz
[12974.460s] -- Symlinking: /home/ubuntu/ros2_ws/install/depth_image_proc/share/depth_image_proc/launch/rviz/point_cloud_xyzrgb.rviz
[12974.536s] -- Symlinking: /home/ubuntu/ros2_ws/install/depth_image_proc/share/depth_image_proc/launch/rviz/register.rviz
[12974.614s] -- Symlinking: /home/ubuntu/ros2_ws/install/depth_image_proc/share/ament_index/resource_index/package_run_dependencies/depth_image_proc
[12974.700s] -- Symlinking: /home/ubuntu/ros2_ws/install/depth_image_proc/share/ament_index/resource_index/parent_prefix_path/depth_image_proc
[12974.790s] -- Symlinking: /home/ubuntu/ros2_ws/install/depth_image_proc/share/depth_image_proc/environment/ament_prefix_path.sh
[12974.873s] -- Symlinking: /home/ubuntu/ros2_ws/install/depth_image_proc/share/depth_image_proc/environment/ament_prefix_path.dsv
[12974.948s] -- Symlinking: /home/ubuntu/ros2_ws/install/depth_image_proc/share/depth_image_proc/environment/path.sh
[12975.033s] -- Symlinking: /home/ubuntu/ros2_ws/install/depth_image_proc/share/depth_image_proc/environment/path.dsv
[12975.118s] -- Symlinking: /home/ubuntu/ros2_ws/install/depth_image_proc/share/depth_image_proc/local_setup.bash
[12975.203s] -- Symlinking: /home/ubuntu/ros2_ws/install/depth_image_proc/share/depth_image_proc/local_setup.sh
[12975.288s] -- Symlinking: /home/ubuntu/ros2_ws/install/depth_image_proc/share/depth_image_proc/local_setup.zsh
[12975.369s] -- Symlinking: /home/ubuntu/ros2_ws/install/depth_image_proc/share/depth_image_proc/local_setup.dsv
[12975.454s] -- Symlinking: /home/ubuntu/ros2_ws/install/depth_image_proc/share/depth_image_proc/package.dsv
[12975.541s] -- Symlinking: /home/ubuntu/ros2_ws/install/depth_image_proc/share/ament_index/resource_index/packages/depth_image_proc
[12975.627s] -- Symlinking: /home/ubuntu/ros2_ws/install/depth_image_proc/share/ament_index/resource_index/rclcpp_components/depth_image_proc
[12975.713s] -- Symlinking: /home/ubuntu/ros2_ws/install/depth_image_proc/share/depth_image_proc/cmake/ament_cmake_export_dependencies-extras.cmake
[12975.799s] -- Symlinking: /home/ubuntu/ros2_ws/install/depth_image_proc/share/depth_image_proc/cmake/ament_cmake_export_include_directories-extras.cmake
[12975.884s] -- Symlinking: /home/ubuntu/ros2_ws/install/depth_image_proc/share/depth_image_proc/cmake/ament_cmake_export_libraries-extras.cmake
[12975.970s] -- Symlinking: /home/ubuntu/ros2_ws/install/depth_image_proc/share/depth_image_proc/cmake/depth_image_procConfig.cmake
[12976.054s] -- Symlinking: /home/ubuntu/ros2_ws/install/depth_image_proc/share/depth_image_proc/cmake/depth_image_procConfig-version.cmake
[12976.136s] -- Symlinking: /home/ubuntu/ros2_ws/install/depth_image_proc/share/depth_image_proc/package.xml
[12976.243s] Invoked command in '/home/ubuntu/ros2_ws/build/depth_image_proc' returned '0': CMAKE_PREFIX_PATH=/home/ubuntu/ros2_ws/install/image_transport:/home/ubuntu/ros2_ws/install/image_geometry:/home/ubuntu/ros2_ws/install/cv_bridge:/home/ubuntu/cv_cam_ws/install/opencv_cam:/home/ubuntu/cv_cam_ws/install/ros2_shared:/home/ubuntu/ros2_ws/install/vision_opencv:/home/ubuntu/ros2_ws/install/v4l2_camera:/home/ubuntu/ros2_ws/install/image_transport_plugins:/home/ubuntu/ros2_ws/install/theora_image_transport:/home/ubuntu/ros2_ws/install/image_common:/home/ubuntu/ros2_ws/install/compressed_image_transport:/home/ubuntu/ros2_ws/install/compressed_depth_image_transport:/home/ubuntu/ros2_ws/install/camera_info_manager:/home/ubuntu/ros2_ws/install/camera_calibration_parsers:/home/ubuntu/turtlebot3_ws/install/turtlebot3:/home/ubuntu/turtlebot3_ws/install/turtlebot3_bringup:/home/ubuntu/turtlebot3_ws/install/turtlebot3_node:/home/ubuntu/turtlebot3_ws/install/turtlebot3_description:/home/ubuntu/turtlebot3_ws/install/ld08_driver:/home/ubuntu/ros2_ws/install/opencv_tests:/home/ubuntu/turtlebot3_ws/install/turtlebot3_teleop:/home/ubuntu/turtlebot3_ws/install/turtlebot3_example:/opt/ros/foxy LD_LIBRARY_PATH=/home/ubuntu/ros2_ws/install/image_transport/lib:/home/ubuntu/ros2_ws/install/image_geometry/lib:/home/ubuntu/ros2_ws/install/cv_bridge/lib:/home/ubuntu/cv_cam_ws/install/opencv_cam/lib:/home/ubuntu/ros2_ws/install/v4l2_camera/lib:/home/ubuntu/ros2_ws/install/theora_image_transport/lib:/home/ubuntu/ros2_ws/install/compressed_image_transport/lib:/home/ubuntu/ros2_ws/install/compressed_depth_image_transport/lib:/home/ubuntu/ros2_ws/install/camera_info_manager/lib:/home/ubuntu/ros2_ws/install/camera_calibration_parsers/lib:/opt/ros/foxy/opt/yaml_cpp_vendor/lib:/opt/ros/foxy/lib/aarch64-linux-gnu:/opt/ros/foxy/lib PYTHONPATH=/home/ubuntu/ros2_ws/install/image_geometry/lib/python3.8/site-packages:/home/ubuntu/ros2_ws/install/cv_bridge/lib/python3.8/site-packages:/home/ubuntu/ros2_ws/install/theora_image_transport/lib/python3.8/site-packages:/home/ubuntu/ros2_ws/install/opencv_tests/lib/python3.8/site-packages:/home/ubuntu/turtlebot3_ws/build/turtlebot3_teleop:/home/ubuntu/turtlebot3_ws/install/turtlebot3_teleop/lib/python3.8/site-packages:/home/ubuntu/turtlebot3_ws/build/turtlebot3_example:/home/ubuntu/turtlebot3_ws/install/turtlebot3_example/lib/python3.8/site-packages:/opt/ros/foxy/lib/python3.8/site-packages /usr/bin/cmake --install /home/ubuntu/ros2_ws/build/depth_image_proc
