[2.677s] DEBUG:colcon:Command line arguments: ['/usr/bin/colcon', 'build', '--symlink-install']
[2.678s] DEBUG:colcon:Parsed command line arguments: Namespace(ament_cmake_args=None, base_paths=['.'], build_base='build', catkin_cmake_args=None, catkin_skip_building_tests=False, cmake_args=None, cmake_clean_cache=False, cmake_clean_first=False, cmake_force_configure=False, cmake_target=None, cmake_target_skip_unavailable=False, continue_on_error=False, event_handlers=None, executor='parallel', ignore_user_meta=False, install_base='install', log_base=None, log_level=None, main=<bound method BuildVerb.main of <colcon_core.verb.build.BuildVerb object at 0xffffa16afd00>>, merge_install=False, metas=['./colcon.meta'], packages_above=None, packages_above_and_dependencies=None, packages_above_depth=None, packages_end=None, packages_ignore=None, packages_ignore_regex=None, packages_select=None, packages_select_build_failed=False, packages_select_by_dep=None, packages_select_regex=None, packages_select_test_failures=False, packages_skip=None, packages_skip_build_finished=False, packages_skip_by_dep=None, packages_skip_regex=None, packages_skip_test_passed=False, packages_skip_up_to=None, packages_start=None, packages_up_to=None, packages_up_to_regex=None, parallel_workers=4, paths=None, symlink_install=True, test_result_base=None, verb_extension=<colcon_core.verb.build.BuildVerb object at 0xffffa16afd00>, verb_name='build', verb_parser=<colcon_defaults.argument_parser.defaults.DefaultArgumentsDecorator object at 0xffffa16be2b0>)
[2.749s] Level 1:colcon.colcon_core.package_discovery:discover_packages(colcon_meta) check parameters
[2.750s] Level 1:colcon.colcon_core.package_discovery:discover_packages(recursive) check parameters
[2.750s] Level 1:colcon.colcon_core.package_discovery:discover_packages(ignore) check parameters
[2.751s] Level 1:colcon.colcon_core.package_discovery:discover_packages(path) check parameters
[2.751s] Level 1:colcon.colcon_core.package_discovery:discover_packages(colcon_meta) discover
[2.751s] Level 1:colcon.colcon_core.package_discovery:discover_packages(recursive) discover
[2.752s] INFO:colcon.colcon_core.package_discovery:Crawling recursively for packages in '/home/ubuntu/ros2_ws'
[2.752s] Level 1:colcon.colcon_core.package_identification:_identify(.) by extensions ['ignore', 'ignore_ament_install']
[2.753s] Level 1:colcon.colcon_core.package_identification:_identify(.) by extension 'ignore'
[2.753s] Level 1:colcon.colcon_core.package_identification:_identify(.) by extension 'ignore_ament_install'
[2.754s] Level 1:colcon.colcon_core.package_identification:_identify(.) by extensions ['colcon_pkg']
[2.754s] Level 1:colcon.colcon_core.package_identification:_identify(.) by extension 'colcon_pkg'
[2.755s] Level 1:colcon.colcon_core.package_identification:_identify(.) by extensions ['colcon_meta']
[2.755s] Level 1:colcon.colcon_core.package_identification:_identify(.) by extension 'colcon_meta'
[2.755s] Level 1:colcon.colcon_core.package_identification:_identify(.) by extensions ['ros']
[2.755s] Level 1:colcon.colcon_core.package_identification:_identify(.) by extension 'ros'
[2.836s] Level 1:colcon.colcon_core.package_identification:_identify(.) by extensions ['cmake', 'python']
[2.836s] Level 1:colcon.colcon_core.package_identification:_identify(.) by extension 'cmake'
[2.836s] Level 1:colcon.colcon_core.package_identification:_identify(.) by extension 'python'
[2.837s] Level 1:colcon.colcon_core.package_identification:_identify(.) by extensions ['python_setup_py']
[2.837s] Level 1:colcon.colcon_core.package_identification:_identify(.) by extension 'python_setup_py'
[2.838s] Level 1:colcon.colcon_core.package_identification:_identify(build) by extensions ['ignore', 'ignore_ament_install']
[2.839s] Level 1:colcon.colcon_core.package_identification:_identify(build) by extension 'ignore'
[2.839s] Level 1:colcon.colcon_core.package_identification:_identify(build) ignored
[2.840s] Level 1:colcon.colcon_core.package_identification:_identify(install) by extensions ['ignore', 'ignore_ament_install']
[2.841s] Level 1:colcon.colcon_core.package_identification:_identify(install) by extension 'ignore'
[2.842s] Level 1:colcon.colcon_core.package_identification:_identify(install) ignored
[2.843s] Level 1:colcon.colcon_core.package_identification:_identify(log) by extensions ['ignore', 'ignore_ament_install']
[2.843s] Level 1:colcon.colcon_core.package_identification:_identify(log) by extension 'ignore'
[2.844s] Level 1:colcon.colcon_core.package_identification:_identify(log) ignored
[2.844s] Level 1:colcon.colcon_core.package_identification:_identify(src) by extensions ['ignore', 'ignore_ament_install']
[2.845s] Level 1:colcon.colcon_core.package_identification:_identify(src) by extension 'ignore'
[2.846s] Level 1:colcon.colcon_core.package_identification:_identify(src) by extension 'ignore_ament_install'
[2.846s] Level 1:colcon.colcon_core.package_identification:_identify(src) by extensions ['colcon_pkg']
[2.846s] Level 1:colcon.colcon_core.package_identification:_identify(src) by extension 'colcon_pkg'
[2.847s] Level 1:colcon.colcon_core.package_identification:_identify(src) by extensions ['colcon_meta']
[2.847s] Level 1:colcon.colcon_core.package_identification:_identify(src) by extension 'colcon_meta'
[2.847s] Level 1:colcon.colcon_core.package_identification:_identify(src) by extensions ['ros']
[2.848s] Level 1:colcon.colcon_core.package_identification:_identify(src) by extension 'ros'
[2.848s] Level 1:colcon.colcon_core.package_identification:_identify(src) by extensions ['cmake', 'python']
[2.849s] Level 1:colcon.colcon_core.package_identification:_identify(src) by extension 'cmake'
[2.849s] Level 1:colcon.colcon_core.package_identification:_identify(src) by extension 'python'
[2.850s] Level 1:colcon.colcon_core.package_identification:_identify(src) by extensions ['python_setup_py']
[2.850s] Level 1:colcon.colcon_core.package_identification:_identify(src) by extension 'python_setup_py'
[2.851s] Level 1:colcon.colcon_core.package_identification:_identify(src/image_common) by extensions ['ignore', 'ignore_ament_install']
[2.852s] Level 1:colcon.colcon_core.package_identification:_identify(src/image_common) by extension 'ignore'
[2.852s] Level 1:colcon.colcon_core.package_identification:_identify(src/image_common) by extension 'ignore_ament_install'
[2.852s] Level 1:colcon.colcon_core.package_identification:_identify(src/image_common) by extensions ['colcon_pkg']
[2.853s] Level 1:colcon.colcon_core.package_identification:_identify(src/image_common) by extension 'colcon_pkg'
[2.853s] Level 1:colcon.colcon_core.package_identification:_identify(src/image_common) by extensions ['colcon_meta']
[2.853s] Level 1:colcon.colcon_core.package_identification:_identify(src/image_common) by extension 'colcon_meta'
[2.854s] Level 1:colcon.colcon_core.package_identification:_identify(src/image_common) by extensions ['ros']
[2.854s] Level 1:colcon.colcon_core.package_identification:_identify(src/image_common) by extension 'ros'
[2.855s] Level 1:colcon.colcon_core.package_identification:_identify(src/image_common) by extensions ['cmake', 'python']
[2.855s] Level 1:colcon.colcon_core.package_identification:_identify(src/image_common) by extension 'cmake'
[2.856s] Level 1:colcon.colcon_core.package_identification:_identify(src/image_common) by extension 'python'
[2.856s] Level 1:colcon.colcon_core.package_identification:_identify(src/image_common) by extensions ['python_setup_py']
[2.856s] Level 1:colcon.colcon_core.package_identification:_identify(src/image_common) by extension 'python_setup_py'
[2.857s] Level 1:colcon.colcon_core.package_identification:_identify(src/image_common/camera_calibration_parsers) by extensions ['ignore', 'ignore_ament_install']
[2.858s] Level 1:colcon.colcon_core.package_identification:_identify(src/image_common/camera_calibration_parsers) by extension 'ignore'
[2.859s] Level 1:colcon.colcon_core.package_identification:_identify(src/image_common/camera_calibration_parsers) by extension 'ignore_ament_install'
[2.859s] Level 1:colcon.colcon_core.package_identification:_identify(src/image_common/camera_calibration_parsers) by extensions ['colcon_pkg']
[2.860s] Level 1:colcon.colcon_core.package_identification:_identify(src/image_common/camera_calibration_parsers) by extension 'colcon_pkg'
[2.860s] Level 1:colcon.colcon_core.package_identification:_identify(src/image_common/camera_calibration_parsers) by extensions ['colcon_meta']
[2.860s] Level 1:colcon.colcon_core.package_identification:_identify(src/image_common/camera_calibration_parsers) by extension 'colcon_meta'
[2.861s] Level 1:colcon.colcon_core.package_identification:_identify(src/image_common/camera_calibration_parsers) by extensions ['ros']
[2.861s] Level 1:colcon.colcon_core.package_identification:_identify(src/image_common/camera_calibration_parsers) by extension 'ros'
[2.879s] DEBUG:colcon.colcon_core.package_identification:Package 'src/image_common/camera_calibration_parsers' with type 'ros.ament_cmake' and name 'camera_calibration_parsers'
[2.881s] Level 1:colcon.colcon_core.package_identification:_identify(src/image_common/camera_info_manager) by extensions ['ignore', 'ignore_ament_install']
[2.881s] Level 1:colcon.colcon_core.package_identification:_identify(src/image_common/camera_info_manager) by extension 'ignore'
[2.882s] Level 1:colcon.colcon_core.package_identification:_identify(src/image_common/camera_info_manager) by extension 'ignore_ament_install'
[2.882s] Level 1:colcon.colcon_core.package_identification:_identify(src/image_common/camera_info_manager) by extensions ['colcon_pkg']
[2.883s] Level 1:colcon.colcon_core.package_identification:_identify(src/image_common/camera_info_manager) by extension 'colcon_pkg'
[2.883s] Level 1:colcon.colcon_core.package_identification:_identify(src/image_common/camera_info_manager) by extensions ['colcon_meta']
[2.883s] Level 1:colcon.colcon_core.package_identification:_identify(src/image_common/camera_info_manager) by extension 'colcon_meta'
[2.884s] Level 1:colcon.colcon_core.package_identification:_identify(src/image_common/camera_info_manager) by extensions ['ros']
[2.884s] Level 1:colcon.colcon_core.package_identification:_identify(src/image_common/camera_info_manager) by extension 'ros'
[2.892s] DEBUG:colcon.colcon_core.package_identification:Package 'src/image_common/camera_info_manager' with type 'ros.ament_cmake' and name 'camera_info_manager'
[2.893s] Level 1:colcon.colcon_core.package_identification:_identify(src/image_common/image_common) by extensions ['ignore', 'ignore_ament_install']
[2.894s] Level 1:colcon.colcon_core.package_identification:_identify(src/image_common/image_common) by extension 'ignore'
[2.894s] Level 1:colcon.colcon_core.package_identification:_identify(src/image_common/image_common) by extension 'ignore_ament_install'
[2.895s] Level 1:colcon.colcon_core.package_identification:_identify(src/image_common/image_common) by extensions ['colcon_pkg']
[2.895s] Level 1:colcon.colcon_core.package_identification:_identify(src/image_common/image_common) by extension 'colcon_pkg'
[2.895s] Level 1:colcon.colcon_core.package_identification:_identify(src/image_common/image_common) by extensions ['colcon_meta']
[2.896s] Level 1:colcon.colcon_core.package_identification:_identify(src/image_common/image_common) by extension 'colcon_meta'
[2.896s] Level 1:colcon.colcon_core.package_identification:_identify(src/image_common/image_common) by extensions ['ros']
[2.896s] Level 1:colcon.colcon_core.package_identification:_identify(src/image_common/image_common) by extension 'ros'
[2.901s] DEBUG:colcon.colcon_core.package_identification:Package 'src/image_common/image_common' with type 'ros.ament_cmake' and name 'image_common'
[2.902s] Level 1:colcon.colcon_core.package_identification:_identify(src/image_common/image_transport) by extensions ['ignore', 'ignore_ament_install']
[2.903s] Level 1:colcon.colcon_core.package_identification:_identify(src/image_common/image_transport) by extension 'ignore'
[2.904s] Level 1:colcon.colcon_core.package_identification:_identify(src/image_common/image_transport) by extension 'ignore_ament_install'
[2.904s] Level 1:colcon.colcon_core.package_identification:_identify(src/image_common/image_transport) by extensions ['colcon_pkg']
[2.904s] Level 1:colcon.colcon_core.package_identification:_identify(src/image_common/image_transport) by extension 'colcon_pkg'
[2.905s] Level 1:colcon.colcon_core.package_identification:_identify(src/image_common/image_transport) by extensions ['colcon_meta']
[2.905s] Level 1:colcon.colcon_core.package_identification:_identify(src/image_common/image_transport) by extension 'colcon_meta'
[2.906s] Level 1:colcon.colcon_core.package_identification:_identify(src/image_common/image_transport) by extensions ['ros']
[2.906s] Level 1:colcon.colcon_core.package_identification:_identify(src/image_common/image_transport) by extension 'ros'
[2.912s] DEBUG:colcon.colcon_core.package_identification:Package 'src/image_common/image_transport' with type 'ros.ament_cmake' and name 'image_transport'
[2.914s] Level 1:colcon.colcon_core.package_identification:_identify(src/image_common/polled_camera) by extensions ['ignore', 'ignore_ament_install']
[2.914s] Level 1:colcon.colcon_core.package_identification:_identify(src/image_common/polled_camera) by extension 'ignore'
[2.915s] Level 1:colcon.colcon_core.package_identification:_identify(src/image_common/polled_camera) ignored
[2.916s] Level 1:colcon.colcon_core.package_identification:_identify(src/image_transport_plugins) by extensions ['ignore', 'ignore_ament_install']
[2.917s] Level 1:colcon.colcon_core.package_identification:_identify(src/image_transport_plugins) by extension 'ignore'
[2.917s] Level 1:colcon.colcon_core.package_identification:_identify(src/image_transport_plugins) by extension 'ignore_ament_install'
[2.918s] Level 1:colcon.colcon_core.package_identification:_identify(src/image_transport_plugins) by extensions ['colcon_pkg']
[2.918s] Level 1:colcon.colcon_core.package_identification:_identify(src/image_transport_plugins) by extension 'colcon_pkg'
[2.918s] Level 1:colcon.colcon_core.package_identification:_identify(src/image_transport_plugins) by extensions ['colcon_meta']
[2.919s] Level 1:colcon.colcon_core.package_identification:_identify(src/image_transport_plugins) by extension 'colcon_meta'
[2.919s] Level 1:colcon.colcon_core.package_identification:_identify(src/image_transport_plugins) by extensions ['ros']
[2.919s] Level 1:colcon.colcon_core.package_identification:_identify(src/image_transport_plugins) by extension 'ros'
[2.920s] Level 1:colcon.colcon_core.package_identification:_identify(src/image_transport_plugins) by extensions ['cmake', 'python']
[2.920s] Level 1:colcon.colcon_core.package_identification:_identify(src/image_transport_plugins) by extension 'cmake'
[2.921s] Level 1:colcon.colcon_core.package_identification:_identify(src/image_transport_plugins) by extension 'python'
[2.921s] Level 1:colcon.colcon_core.package_identification:_identify(src/image_transport_plugins) by extensions ['python_setup_py']
[2.921s] Level 1:colcon.colcon_core.package_identification:_identify(src/image_transport_plugins) by extension 'python_setup_py'
[2.922s] Level 1:colcon.colcon_core.package_identification:_identify(src/image_transport_plugins/compressed_depth_image_transport) by extensions ['ignore', 'ignore_ament_install']
[2.923s] Level 1:colcon.colcon_core.package_identification:_identify(src/image_transport_plugins/compressed_depth_image_transport) by extension 'ignore'
[2.924s] Level 1:colcon.colcon_core.package_identification:_identify(src/image_transport_plugins/compressed_depth_image_transport) by extension 'ignore_ament_install'
[2.924s] Level 1:colcon.colcon_core.package_identification:_identify(src/image_transport_plugins/compressed_depth_image_transport) by extensions ['colcon_pkg']
[2.925s] Level 1:colcon.colcon_core.package_identification:_identify(src/image_transport_plugins/compressed_depth_image_transport) by extension 'colcon_pkg'
[2.925s] Level 1:colcon.colcon_core.package_identification:_identify(src/image_transport_plugins/compressed_depth_image_transport) by extensions ['colcon_meta']
[2.925s] Level 1:colcon.colcon_core.package_identification:_identify(src/image_transport_plugins/compressed_depth_image_transport) by extension 'colcon_meta'
[2.926s] Level 1:colcon.colcon_core.package_identification:_identify(src/image_transport_plugins/compressed_depth_image_transport) by extensions ['ros']
[2.926s] Level 1:colcon.colcon_core.package_identification:_identify(src/image_transport_plugins/compressed_depth_image_transport) by extension 'ros'
[2.931s] DEBUG:colcon.colcon_core.package_identification:Package 'src/image_transport_plugins/compressed_depth_image_transport' with type 'ros.ament_cmake' and name 'compressed_depth_image_transport'
[2.932s] Level 1:colcon.colcon_core.package_identification:_identify(src/image_transport_plugins/compressed_image_transport) by extensions ['ignore', 'ignore_ament_install']
[2.933s] Level 1:colcon.colcon_core.package_identification:_identify(src/image_transport_plugins/compressed_image_transport) by extension 'ignore'
[2.933s] Level 1:colcon.colcon_core.package_identification:_identify(src/image_transport_plugins/compressed_image_transport) by extension 'ignore_ament_install'
[2.934s] Level 1:colcon.colcon_core.package_identification:_identify(src/image_transport_plugins/compressed_image_transport) by extensions ['colcon_pkg']
[2.934s] Level 1:colcon.colcon_core.package_identification:_identify(src/image_transport_plugins/compressed_image_transport) by extension 'colcon_pkg'
[2.935s] Level 1:colcon.colcon_core.package_identification:_identify(src/image_transport_plugins/compressed_image_transport) by extensions ['colcon_meta']
[2.935s] Level 1:colcon.colcon_core.package_identification:_identify(src/image_transport_plugins/compressed_image_transport) by extension 'colcon_meta'
[2.935s] Level 1:colcon.colcon_core.package_identification:_identify(src/image_transport_plugins/compressed_image_transport) by extensions ['ros']
[2.936s] Level 1:colcon.colcon_core.package_identification:_identify(src/image_transport_plugins/compressed_image_transport) by extension 'ros'
[2.949s] DEBUG:colcon.colcon_core.package_identification:Package 'src/image_transport_plugins/compressed_image_transport' with type 'ros.ament_cmake' and name 'compressed_image_transport'
[2.951s] Level 1:colcon.colcon_core.package_identification:_identify(src/image_transport_plugins/image_transport_plugins) by extensions ['ignore', 'ignore_ament_install']
[2.951s] Level 1:colcon.colcon_core.package_identification:_identify(src/image_transport_plugins/image_transport_plugins) by extension 'ignore'
[2.952s] Level 1:colcon.colcon_core.package_identification:_identify(src/image_transport_plugins/image_transport_plugins) by extension 'ignore_ament_install'
[2.952s] Level 1:colcon.colcon_core.package_identification:_identify(src/image_transport_plugins/image_transport_plugins) by extensions ['colcon_pkg']
[2.953s] Level 1:colcon.colcon_core.package_identification:_identify(src/image_transport_plugins/image_transport_plugins) by extension 'colcon_pkg'
[2.953s] Level 1:colcon.colcon_core.package_identification:_identify(src/image_transport_plugins/image_transport_plugins) by extensions ['colcon_meta']
[2.953s] Level 1:colcon.colcon_core.package_identification:_identify(src/image_transport_plugins/image_transport_plugins) by extension 'colcon_meta'
[2.954s] Level 1:colcon.colcon_core.package_identification:_identify(src/image_transport_plugins/image_transport_plugins) by extensions ['ros']
[2.954s] Level 1:colcon.colcon_core.package_identification:_identify(src/image_transport_plugins/image_transport_plugins) by extension 'ros'
[2.958s] DEBUG:colcon.colcon_core.package_identification:Package 'src/image_transport_plugins/image_transport_plugins' with type 'ros.ament_cmake' and name 'image_transport_plugins'
[2.959s] Level 1:colcon.colcon_core.package_identification:_identify(src/image_transport_plugins/theora_image_transport) by extensions ['ignore', 'ignore_ament_install']
[2.960s] Level 1:colcon.colcon_core.package_identification:_identify(src/image_transport_plugins/theora_image_transport) by extension 'ignore'
[2.961s] Level 1:colcon.colcon_core.package_identification:_identify(src/image_transport_plugins/theora_image_transport) by extension 'ignore_ament_install'
[2.961s] Level 1:colcon.colcon_core.package_identification:_identify(src/image_transport_plugins/theora_image_transport) by extensions ['colcon_pkg']
[2.962s] Level 1:colcon.colcon_core.package_identification:_identify(src/image_transport_plugins/theora_image_transport) by extension 'colcon_pkg'
[2.962s] Level 1:colcon.colcon_core.package_identification:_identify(src/image_transport_plugins/theora_image_transport) by extensions ['colcon_meta']
[2.962s] Level 1:colcon.colcon_core.package_identification:_identify(src/image_transport_plugins/theora_image_transport) by extension 'colcon_meta'
[2.963s] Level 1:colcon.colcon_core.package_identification:_identify(src/image_transport_plugins/theora_image_transport) by extensions ['ros']
[2.963s] Level 1:colcon.colcon_core.package_identification:_identify(src/image_transport_plugins/theora_image_transport) by extension 'ros'
[2.972s] DEBUG:colcon.colcon_core.package_identification:Package 'src/image_transport_plugins/theora_image_transport' with type 'ros.ament_cmake' and name 'theora_image_transport'
[2.973s] Level 1:colcon.colcon_core.package_identification:_identify(src/src) by extensions ['ignore', 'ignore_ament_install']
[2.974s] Level 1:colcon.colcon_core.package_identification:_identify(src/src) by extension 'ignore'
[2.974s] Level 1:colcon.colcon_core.package_identification:_identify(src/src) by extension 'ignore_ament_install'
[2.975s] Level 1:colcon.colcon_core.package_identification:_identify(src/src) by extensions ['colcon_pkg']
[2.975s] Level 1:colcon.colcon_core.package_identification:_identify(src/src) by extension 'colcon_pkg'
[2.975s] Level 1:colcon.colcon_core.package_identification:_identify(src/src) by extensions ['colcon_meta']
[2.976s] Level 1:colcon.colcon_core.package_identification:_identify(src/src) by extension 'colcon_meta'
[2.976s] Level 1:colcon.colcon_core.package_identification:_identify(src/src) by extensions ['ros']
[2.976s] Level 1:colcon.colcon_core.package_identification:_identify(src/src) by extension 'ros'
[2.977s] Level 1:colcon.colcon_core.package_identification:_identify(src/src) by extensions ['cmake', 'python']
[2.978s] Level 1:colcon.colcon_core.package_identification:_identify(src/src) by extension 'cmake'
[2.978s] Level 1:colcon.colcon_core.package_identification:_identify(src/src) by extension 'python'
[2.978s] Level 1:colcon.colcon_core.package_identification:_identify(src/src) by extensions ['python_setup_py']
[2.979s] Level 1:colcon.colcon_core.package_identification:_identify(src/src) by extension 'python_setup_py'
[2.980s] Level 1:colcon.colcon_core.package_identification:_identify(src/src/v4l2_camera) by extensions ['ignore', 'ignore_ament_install']
[2.980s] Level 1:colcon.colcon_core.package_identification:_identify(src/src/v4l2_camera) by extension 'ignore'
[2.981s] Level 1:colcon.colcon_core.package_identification:_identify(src/src/v4l2_camera) by extension 'ignore_ament_install'
[2.981s] Level 1:colcon.colcon_core.package_identification:_identify(src/src/v4l2_camera) by extensions ['colcon_pkg']
[2.982s] Level 1:colcon.colcon_core.package_identification:_identify(src/src/v4l2_camera) by extension 'colcon_pkg'
[2.982s] Level 1:colcon.colcon_core.package_identification:_identify(src/src/v4l2_camera) by extensions ['colcon_meta']
[2.982s] Level 1:colcon.colcon_core.package_identification:_identify(src/src/v4l2_camera) by extension 'colcon_meta'
[2.983s] Level 1:colcon.colcon_core.package_identification:_identify(src/src/v4l2_camera) by extensions ['ros']
[2.983s] Level 1:colcon.colcon_core.package_identification:_identify(src/src/v4l2_camera) by extension 'ros'
[2.989s] DEBUG:colcon.colcon_core.package_identification:Package 'src/src/v4l2_camera' with type 'ros.ament_cmake' and name 'v4l2_camera'
[2.990s] Level 1:colcon.colcon_core.package_identification:_identify(src/vision_opencv) by extensions ['ignore', 'ignore_ament_install']
[2.991s] Level 1:colcon.colcon_core.package_identification:_identify(src/vision_opencv) by extension 'ignore'
[2.992s] Level 1:colcon.colcon_core.package_identification:_identify(src/vision_opencv) by extension 'ignore_ament_install'
[2.992s] Level 1:colcon.colcon_core.package_identification:_identify(src/vision_opencv) by extensions ['colcon_pkg']
[2.992s] Level 1:colcon.colcon_core.package_identification:_identify(src/vision_opencv) by extension 'colcon_pkg'
[2.993s] Level 1:colcon.colcon_core.package_identification:_identify(src/vision_opencv) by extensions ['colcon_meta']
[2.993s] Level 1:colcon.colcon_core.package_identification:_identify(src/vision_opencv) by extension 'colcon_meta'
[2.994s] Level 1:colcon.colcon_core.package_identification:_identify(src/vision_opencv) by extensions ['ros']
[2.994s] Level 1:colcon.colcon_core.package_identification:_identify(src/vision_opencv) by extension 'ros'
[2.995s] Level 1:colcon.colcon_core.package_identification:_identify(src/vision_opencv) by extensions ['cmake', 'python']
[2.995s] Level 1:colcon.colcon_core.package_identification:_identify(src/vision_opencv) by extension 'cmake'
[2.995s] Level 1:colcon.colcon_core.package_identification:_identify(src/vision_opencv) by extension 'python'
[2.996s] Level 1:colcon.colcon_core.package_identification:_identify(src/vision_opencv) by extensions ['python_setup_py']
[2.996s] Level 1:colcon.colcon_core.package_identification:_identify(src/vision_opencv) by extension 'python_setup_py'
[2.997s] Level 1:colcon.colcon_core.package_identification:_identify(src/vision_opencv/cv_bridge) by extensions ['ignore', 'ignore_ament_install']
[2.998s] Level 1:colcon.colcon_core.package_identification:_identify(src/vision_opencv/cv_bridge) by extension 'ignore'
[2.998s] Level 1:colcon.colcon_core.package_identification:_identify(src/vision_opencv/cv_bridge) by extension 'ignore_ament_install'
[2.999s] Level 1:colcon.colcon_core.package_identification:_identify(src/vision_opencv/cv_bridge) by extensions ['colcon_pkg']
[2.999s] Level 1:colcon.colcon_core.package_identification:_identify(src/vision_opencv/cv_bridge) by extension 'colcon_pkg'
[3.000s] Level 1:colcon.colcon_core.package_identification:_identify(src/vision_opencv/cv_bridge) by extensions ['colcon_meta']
[3.000s] Level 1:colcon.colcon_core.package_identification:_identify(src/vision_opencv/cv_bridge) by extension 'colcon_meta'
[3.000s] Level 1:colcon.colcon_core.package_identification:_identify(src/vision_opencv/cv_bridge) by extensions ['ros']
[3.001s] Level 1:colcon.colcon_core.package_identification:_identify(src/vision_opencv/cv_bridge) by extension 'ros'
[3.010s] DEBUG:colcon.colcon_core.package_identification:Package 'src/vision_opencv/cv_bridge' with type 'ros.ament_cmake' and name 'cv_bridge'
[3.011s] Level 1:colcon.colcon_core.package_identification:_identify(src/vision_opencv/image_geometry) by extensions ['ignore', 'ignore_ament_install']
[3.012s] Level 1:colcon.colcon_core.package_identification:_identify(src/vision_opencv/image_geometry) by extension 'ignore'
[3.012s] Level 1:colcon.colcon_core.package_identification:_identify(src/vision_opencv/image_geometry) by extension 'ignore_ament_install'
[3.013s] Level 1:colcon.colcon_core.package_identification:_identify(src/vision_opencv/image_geometry) by extensions ['colcon_pkg']
[3.013s] Level 1:colcon.colcon_core.package_identification:_identify(src/vision_opencv/image_geometry) by extension 'colcon_pkg'
[3.013s] Level 1:colcon.colcon_core.package_identification:_identify(src/vision_opencv/image_geometry) by extensions ['colcon_meta']
[3.014s] Level 1:colcon.colcon_core.package_identification:_identify(src/vision_opencv/image_geometry) by extension 'colcon_meta'
[3.014s] Level 1:colcon.colcon_core.package_identification:_identify(src/vision_opencv/image_geometry) by extensions ['ros']
[3.014s] Level 1:colcon.colcon_core.package_identification:_identify(src/vision_opencv/image_geometry) by extension 'ros'
[3.020s] DEBUG:colcon.colcon_core.package_identification:Package 'src/vision_opencv/image_geometry' with type 'ros.ament_cmake' and name 'image_geometry'
[3.021s] Level 1:colcon.colcon_core.package_identification:_identify(src/vision_opencv/opencv_tests) by extensions ['ignore', 'ignore_ament_install']
[3.021s] Level 1:colcon.colcon_core.package_identification:_identify(src/vision_opencv/opencv_tests) by extension 'ignore'
[3.022s] Level 1:colcon.colcon_core.package_identification:_identify(src/vision_opencv/opencv_tests) by extension 'ignore_ament_install'
[3.023s] Level 1:colcon.colcon_core.package_identification:_identify(src/vision_opencv/opencv_tests) by extensions ['colcon_pkg']
[3.023s] Level 1:colcon.colcon_core.package_identification:_identify(src/vision_opencv/opencv_tests) by extension 'colcon_pkg'
[3.023s] Level 1:colcon.colcon_core.package_identification:_identify(src/vision_opencv/opencv_tests) by extensions ['colcon_meta']
[3.024s] Level 1:colcon.colcon_core.package_identification:_identify(src/vision_opencv/opencv_tests) by extension 'colcon_meta'
[3.024s] Level 1:colcon.colcon_core.package_identification:_identify(src/vision_opencv/opencv_tests) by extensions ['ros']
[3.024s] Level 1:colcon.colcon_core.package_identification:_identify(src/vision_opencv/opencv_tests) by extension 'ros'
[3.030s] DEBUG:colcon.colcon_core.package_identification:Package 'src/vision_opencv/opencv_tests' with type 'ros.ament_python' and name 'opencv_tests'
[3.031s] Level 1:colcon.colcon_core.package_identification:_identify(src/vision_opencv/vision_opencv) by extensions ['ignore', 'ignore_ament_install']
[3.032s] Level 1:colcon.colcon_core.package_identification:_identify(src/vision_opencv/vision_opencv) by extension 'ignore'
[3.032s] Level 1:colcon.colcon_core.package_identification:_identify(src/vision_opencv/vision_opencv) by extension 'ignore_ament_install'
[3.033s] Level 1:colcon.colcon_core.package_identification:_identify(src/vision_opencv/vision_opencv) by extensions ['colcon_pkg']
[3.033s] Level 1:colcon.colcon_core.package_identification:_identify(src/vision_opencv/vision_opencv) by extension 'colcon_pkg'
[3.034s] Level 1:colcon.colcon_core.package_identification:_identify(src/vision_opencv/vision_opencv) by extensions ['colcon_meta']
[3.034s] Level 1:colcon.colcon_core.package_identification:_identify(src/vision_opencv/vision_opencv) by extension 'colcon_meta'
[3.035s] Level 1:colcon.colcon_core.package_identification:_identify(src/vision_opencv/vision_opencv) by extensions ['ros']
[3.035s] Level 1:colcon.colcon_core.package_identification:_identify(src/vision_opencv/vision_opencv) by extension 'ros'
[3.039s] DEBUG:colcon.colcon_core.package_identification:Package 'src/vision_opencv/vision_opencv' with type 'ros.ament_cmake' and name 'vision_opencv'
[3.040s] Level 1:colcon.colcon_core.package_discovery:discover_packages(recursive) using defaults
[3.040s] Level 1:colcon.colcon_core.package_discovery:discover_packages(ignore) discover
[3.040s] Level 1:colcon.colcon_core.package_discovery:discover_packages(ignore) using defaults
[3.041s] Level 1:colcon.colcon_core.package_discovery:discover_packages(path) discover
[3.041s] Level 1:colcon.colcon_core.package_discovery:discover_packages(path) using defaults
[3.217s] Level 5:colcon.colcon_core.verb:set package 'camera_calibration_parsers' build argument 'cmake_args' from command line to 'None'
[3.217s] Level 5:colcon.colcon_core.verb:set package 'camera_calibration_parsers' build argument 'cmake_target' from command line to 'None'
[3.217s] Level 5:colcon.colcon_core.verb:set package 'camera_calibration_parsers' build argument 'cmake_target_skip_unavailable' from command line to 'False'
[3.218s] Level 5:colcon.colcon_core.verb:set package 'camera_calibration_parsers' build argument 'cmake_clean_cache' from command line to 'False'
[3.218s] Level 5:colcon.colcon_core.verb:set package 'camera_calibration_parsers' build argument 'cmake_clean_first' from command line to 'False'
[3.218s] Level 5:colcon.colcon_core.verb:set package 'camera_calibration_parsers' build argument 'cmake_force_configure' from command line to 'False'
[3.218s] Level 5:colcon.colcon_core.verb:set package 'camera_calibration_parsers' build argument 'ament_cmake_args' from command line to 'None'
[3.218s] Level 5:colcon.colcon_core.verb:set package 'camera_calibration_parsers' build argument 'catkin_cmake_args' from command line to 'None'
[3.219s] Level 5:colcon.colcon_core.verb:set package 'camera_calibration_parsers' build argument 'catkin_skip_building_tests' from command line to 'False'
[3.219s] DEBUG:colcon.colcon_core.verb:Building package 'camera_calibration_parsers' with the following arguments: {'ament_cmake_args': None, 'build_base': '/home/ubuntu/ros2_ws/build/camera_calibration_parsers', 'catkin_cmake_args': None, 'catkin_skip_building_tests': False, 'cmake_args': None, 'cmake_clean_cache': False, 'cmake_clean_first': False, 'cmake_force_configure': False, 'cmake_target': None, 'cmake_target_skip_unavailable': False, 'install_base': '/home/ubuntu/ros2_ws/install/camera_calibration_parsers', 'merge_install': False, 'path': '/home/ubuntu/ros2_ws/src/image_common/camera_calibration_parsers', 'symlink_install': True, 'test_result_base': None}
[3.239s] Level 5:colcon.colcon_core.verb:set package 'cv_bridge' build argument 'cmake_args' from command line to 'None'
[3.239s] Level 5:colcon.colcon_core.verb:set package 'cv_bridge' build argument 'cmake_target' from command line to 'None'
[3.239s] Level 5:colcon.colcon_core.verb:set package 'cv_bridge' build argument 'cmake_target_skip_unavailable' from command line to 'False'
[3.239s] Level 5:colcon.colcon_core.verb:set package 'cv_bridge' build argument 'cmake_clean_cache' from command line to 'False'
[3.240s] Level 5:colcon.colcon_core.verb:set package 'cv_bridge' build argument 'cmake_clean_first' from command line to 'False'
[3.240s] Level 5:colcon.colcon_core.verb:set package 'cv_bridge' build argument 'cmake_force_configure' from command line to 'False'
[3.240s] Level 5:colcon.colcon_core.verb:set package 'cv_bridge' build argument 'ament_cmake_args' from command line to 'None'
[3.240s] Level 5:colcon.colcon_core.verb:set package 'cv_bridge' build argument 'catkin_cmake_args' from command line to 'None'
[3.240s] Level 5:colcon.colcon_core.verb:set package 'cv_bridge' build argument 'catkin_skip_building_tests' from command line to 'False'
[3.241s] DEBUG:colcon.colcon_core.verb:Building package 'cv_bridge' with the following arguments: {'ament_cmake_args': None, 'build_base': '/home/ubuntu/ros2_ws/build/cv_bridge', 'catkin_cmake_args': None, 'catkin_skip_building_tests': False, 'cmake_args': None, 'cmake_clean_cache': False, 'cmake_clean_first': False, 'cmake_force_configure': False, 'cmake_target': None, 'cmake_target_skip_unavailable': False, 'install_base': '/home/ubuntu/ros2_ws/install/cv_bridge', 'merge_install': False, 'path': '/home/ubuntu/ros2_ws/src/vision_opencv/cv_bridge', 'symlink_install': True, 'test_result_base': None}
[3.261s] Level 5:colcon.colcon_core.verb:set package 'image_geometry' build argument 'cmake_args' from command line to 'None'
[3.261s] Level 5:colcon.colcon_core.verb:set package 'image_geometry' build argument 'cmake_target' from command line to 'None'
[3.261s] Level 5:colcon.colcon_core.verb:set package 'image_geometry' build argument 'cmake_target_skip_unavailable' from command line to 'False'
[3.261s] Level 5:colcon.colcon_core.verb:set package 'image_geometry' build argument 'cmake_clean_cache' from command line to 'False'
[3.262s] Level 5:colcon.colcon_core.verb:set package 'image_geometry' build argument 'cmake_clean_first' from command line to 'False'
[3.262s] Level 5:colcon.colcon_core.verb:set package 'image_geometry' build argument 'cmake_force_configure' from command line to 'False'
[3.262s] Level 5:colcon.colcon_core.verb:set package 'image_geometry' build argument 'ament_cmake_args' from command line to 'None'
[3.262s] Level 5:colcon.colcon_core.verb:set package 'image_geometry' build argument 'catkin_cmake_args' from command line to 'None'
[3.263s] Level 5:colcon.colcon_core.verb:set package 'image_geometry' build argument 'catkin_skip_building_tests' from command line to 'False'
[3.263s] DEBUG:colcon.colcon_core.verb:Building package 'image_geometry' with the following arguments: {'ament_cmake_args': None, 'build_base': '/home/ubuntu/ros2_ws/build/image_geometry', 'catkin_cmake_args': None, 'catkin_skip_building_tests': False, 'cmake_args': None, 'cmake_clean_cache': False, 'cmake_clean_first': False, 'cmake_force_configure': False, 'cmake_target': None, 'cmake_target_skip_unavailable': False, 'install_base': '/home/ubuntu/ros2_ws/install/image_geometry', 'merge_install': False, 'path': '/home/ubuntu/ros2_ws/src/vision_opencv/image_geometry', 'symlink_install': True, 'test_result_base': None}
[3.282s] Level 5:colcon.colcon_core.verb:set package 'image_transport' build argument 'cmake_args' from command line to 'None'
[3.283s] Level 5:colcon.colcon_core.verb:set package 'image_transport' build argument 'cmake_target' from command line to 'None'
[3.283s] Level 5:colcon.colcon_core.verb:set package 'image_transport' build argument 'cmake_target_skip_unavailable' from command line to 'False'
[3.283s] Level 5:colcon.colcon_core.verb:set package 'image_transport' build argument 'cmake_clean_cache' from command line to 'False'
[3.283s] Level 5:colcon.colcon_core.verb:set package 'image_transport' build argument 'cmake_clean_first' from command line to 'False'
[3.284s] Level 5:colcon.colcon_core.verb:set package 'image_transport' build argument 'cmake_force_configure' from command line to 'False'
[3.284s] Level 5:colcon.colcon_core.verb:set package 'image_transport' build argument 'ament_cmake_args' from command line to 'None'
[3.284s] Level 5:colcon.colcon_core.verb:set package 'image_transport' build argument 'catkin_cmake_args' from command line to 'None'
[3.284s] Level 5:colcon.colcon_core.verb:set package 'image_transport' build argument 'catkin_skip_building_tests' from command line to 'False'
[3.285s] DEBUG:colcon.colcon_core.verb:Building package 'image_transport' with the following arguments: {'ament_cmake_args': None, 'build_base': '/home/ubuntu/ros2_ws/build/image_transport', 'catkin_cmake_args': None, 'catkin_skip_building_tests': False, 'cmake_args': None, 'cmake_clean_cache': False, 'cmake_clean_first': False, 'cmake_force_configure': False, 'cmake_target': None, 'cmake_target_skip_unavailable': False, 'install_base': '/home/ubuntu/ros2_ws/install/image_transport', 'merge_install': False, 'path': '/home/ubuntu/ros2_ws/src/image_common/image_transport', 'symlink_install': True, 'test_result_base': None}
[3.304s] Level 5:colcon.colcon_core.verb:set package 'camera_info_manager' build argument 'cmake_args' from command line to 'None'
[3.305s] Level 5:colcon.colcon_core.verb:set package 'camera_info_manager' build argument 'cmake_target' from command line to 'None'
[3.305s] Level 5:colcon.colcon_core.verb:set package 'camera_info_manager' build argument 'cmake_target_skip_unavailable' from command line to 'False'
[3.305s] Level 5:colcon.colcon_core.verb:set package 'camera_info_manager' build argument 'cmake_clean_cache' from command line to 'False'
[3.305s] Level 5:colcon.colcon_core.verb:set package 'camera_info_manager' build argument 'cmake_clean_first' from command line to 'False'
[3.305s] Level 5:colcon.colcon_core.verb:set package 'camera_info_manager' build argument 'cmake_force_configure' from command line to 'False'
[3.306s] Level 5:colcon.colcon_core.verb:set package 'camera_info_manager' build argument 'ament_cmake_args' from command line to 'None'
[3.306s] Level 5:colcon.colcon_core.verb:set package 'camera_info_manager' build argument 'catkin_cmake_args' from command line to 'None'
[3.306s] Level 5:colcon.colcon_core.verb:set package 'camera_info_manager' build argument 'catkin_skip_building_tests' from command line to 'False'
[3.306s] DEBUG:colcon.colcon_core.verb:Building package 'camera_info_manager' with the following arguments: {'ament_cmake_args': None, 'build_base': '/home/ubuntu/ros2_ws/build/camera_info_manager', 'catkin_cmake_args': None, 'catkin_skip_building_tests': False, 'cmake_args': None, 'cmake_clean_cache': False, 'cmake_clean_first': False, 'cmake_force_configure': False, 'cmake_target': None, 'cmake_target_skip_unavailable': False, 'install_base': '/home/ubuntu/ros2_ws/install/camera_info_manager', 'merge_install': False, 'path': '/home/ubuntu/ros2_ws/src/image_common/camera_info_manager', 'symlink_install': True, 'test_result_base': None}
[3.326s] Level 5:colcon.colcon_core.verb:set package 'compressed_depth_image_transport' build argument 'cmake_args' from command line to 'None'
[3.326s] Level 5:colcon.colcon_core.verb:set package 'compressed_depth_image_transport' build argument 'cmake_target' from command line to 'None'
[3.327s] Level 5:colcon.colcon_core.verb:set package 'compressed_depth_image_transport' build argument 'cmake_target_skip_unavailable' from command line to 'False'
[3.327s] Level 5:colcon.colcon_core.verb:set package 'compressed_depth_image_transport' build argument 'cmake_clean_cache' from command line to 'False'
[3.327s] Level 5:colcon.colcon_core.verb:set package 'compressed_depth_image_transport' build argument 'cmake_clean_first' from command line to 'False'
[3.327s] Level 5:colcon.colcon_core.verb:set package 'compressed_depth_image_transport' build argument 'cmake_force_configure' from command line to 'False'
[3.327s] Level 5:colcon.colcon_core.verb:set package 'compressed_depth_image_transport' build argument 'ament_cmake_args' from command line to 'None'
[3.328s] Level 5:colcon.colcon_core.verb:set package 'compressed_depth_image_transport' build argument 'catkin_cmake_args' from command line to 'None'
[3.328s] Level 5:colcon.colcon_core.verb:set package 'compressed_depth_image_transport' build argument 'catkin_skip_building_tests' from command line to 'False'
[3.328s] DEBUG:colcon.colcon_core.verb:Building package 'compressed_depth_image_transport' with the following arguments: {'ament_cmake_args': None, 'build_base': '/home/ubuntu/ros2_ws/build/compressed_depth_image_transport', 'catkin_cmake_args': None, 'catkin_skip_building_tests': False, 'cmake_args': None, 'cmake_clean_cache': False, 'cmake_clean_first': False, 'cmake_force_configure': False, 'cmake_target': None, 'cmake_target_skip_unavailable': False, 'install_base': '/home/ubuntu/ros2_ws/install/compressed_depth_image_transport', 'merge_install': False, 'path': '/home/ubuntu/ros2_ws/src/image_transport_plugins/compressed_depth_image_transport', 'symlink_install': True, 'test_result_base': None}
[3.347s] Level 5:colcon.colcon_core.verb:set package 'compressed_image_transport' build argument 'cmake_args' from command line to 'None'
[3.348s] Level 5:colcon.colcon_core.verb:set package 'compressed_image_transport' build argument 'cmake_target' from command line to 'None'
[3.348s] Level 5:colcon.colcon_core.verb:set package 'compressed_image_transport' build argument 'cmake_target_skip_unavailable' from command line to 'False'
[3.348s] Level 5:colcon.colcon_core.verb:set package 'compressed_image_transport' build argument 'cmake_clean_cache' from command line to 'False'
[3.349s] Level 5:colcon.colcon_core.verb:set package 'compressed_image_transport' build argument 'cmake_clean_first' from command line to 'False'
[3.349s] Level 5:colcon.colcon_core.verb:set package 'compressed_image_transport' build argument 'cmake_force_configure' from command line to 'False'
[3.349s] Level 5:colcon.colcon_core.verb:set package 'compressed_image_transport' build argument 'ament_cmake_args' from command line to 'None'
[3.349s] Level 5:colcon.colcon_core.verb:set package 'compressed_image_transport' build argument 'catkin_cmake_args' from command line to 'None'
[3.349s] Level 5:colcon.colcon_core.verb:set package 'compressed_image_transport' build argument 'catkin_skip_building_tests' from command line to 'False'
[3.350s] DEBUG:colcon.colcon_core.verb:Building package 'compressed_image_transport' with the following arguments: {'ament_cmake_args': None, 'build_base': '/home/ubuntu/ros2_ws/build/compressed_image_transport', 'catkin_cmake_args': None, 'catkin_skip_building_tests': False, 'cmake_args': None, 'cmake_clean_cache': False, 'cmake_clean_first': False, 'cmake_force_configure': False, 'cmake_target': None, 'cmake_target_skip_unavailable': False, 'install_base': '/home/ubuntu/ros2_ws/install/compressed_image_transport', 'merge_install': False, 'path': '/home/ubuntu/ros2_ws/src/image_transport_plugins/compressed_image_transport', 'symlink_install': True, 'test_result_base': None}
[3.369s] Level 5:colcon.colcon_core.verb:set package 'opencv_tests' build argument 'cmake_args' from command line to 'None'
[3.370s] Level 5:colcon.colcon_core.verb:set package 'opencv_tests' build argument 'cmake_target' from command line to 'None'
[3.370s] Level 5:colcon.colcon_core.verb:set package 'opencv_tests' build argument 'cmake_target_skip_unavailable' from command line to 'False'
[3.370s] Level 5:colcon.colcon_core.verb:set package 'opencv_tests' build argument 'cmake_clean_cache' from command line to 'False'
[3.370s] Level 5:colcon.colcon_core.verb:set package 'opencv_tests' build argument 'cmake_clean_first' from command line to 'False'
[3.370s] Level 5:colcon.colcon_core.verb:set package 'opencv_tests' build argument 'cmake_force_configure' from command line to 'False'
[3.371s] Level 5:colcon.colcon_core.verb:set package 'opencv_tests' build argument 'ament_cmake_args' from command line to 'None'
[3.371s] Level 5:colcon.colcon_core.verb:set package 'opencv_tests' build argument 'catkin_cmake_args' from command line to 'None'
[3.371s] Level 5:colcon.colcon_core.verb:set package 'opencv_tests' build argument 'catkin_skip_building_tests' from command line to 'False'
[3.371s] DEBUG:colcon.colcon_core.verb:Building package 'opencv_tests' with the following arguments: {'ament_cmake_args': None, 'build_base': '/home/ubuntu/ros2_ws/build/opencv_tests', 'catkin_cmake_args': None, 'catkin_skip_building_tests': False, 'cmake_args': None, 'cmake_clean_cache': False, 'cmake_clean_first': False, 'cmake_force_configure': False, 'cmake_target': None, 'cmake_target_skip_unavailable': False, 'install_base': '/home/ubuntu/ros2_ws/install/opencv_tests', 'merge_install': False, 'path': '/home/ubuntu/ros2_ws/src/vision_opencv/opencv_tests', 'symlink_install': True, 'test_result_base': None}
[3.391s] Level 5:colcon.colcon_core.verb:set package 'theora_image_transport' build argument 'cmake_args' from command line to 'None'
[3.391s] Level 5:colcon.colcon_core.verb:set package 'theora_image_transport' build argument 'cmake_target' from command line to 'None'
[3.391s] Level 5:colcon.colcon_core.verb:set package 'theora_image_transport' build argument 'cmake_target_skip_unavailable' from command line to 'False'
[3.392s] Level 5:colcon.colcon_core.verb:set package 'theora_image_transport' build argument 'cmake_clean_cache' from command line to 'False'
[3.392s] Level 5:colcon.colcon_core.verb:set package 'theora_image_transport' build argument 'cmake_clean_first' from command line to 'False'
[3.392s] Level 5:colcon.colcon_core.verb:set package 'theora_image_transport' build argument 'cmake_force_configure' from command line to 'False'
[3.392s] Level 5:colcon.colcon_core.verb:set package 'theora_image_transport' build argument 'ament_cmake_args' from command line to 'None'
[3.392s] Level 5:colcon.colcon_core.verb:set package 'theora_image_transport' build argument 'catkin_cmake_args' from command line to 'None'
[3.393s] Level 5:colcon.colcon_core.verb:set package 'theora_image_transport' build argument 'catkin_skip_building_tests' from command line to 'False'
[3.393s] DEBUG:colcon.colcon_core.verb:Building package 'theora_image_transport' with the following arguments: {'ament_cmake_args': None, 'build_base': '/home/ubuntu/ros2_ws/build/theora_image_transport', 'catkin_cmake_args': None, 'catkin_skip_building_tests': False, 'cmake_args': None, 'cmake_clean_cache': False, 'cmake_clean_first': False, 'cmake_force_configure': False, 'cmake_target': None, 'cmake_target_skip_unavailable': False, 'install_base': '/home/ubuntu/ros2_ws/install/theora_image_transport', 'merge_install': False, 'path': '/home/ubuntu/ros2_ws/src/image_transport_plugins/theora_image_transport', 'symlink_install': True, 'test_result_base': None}
[3.412s] Level 5:colcon.colcon_core.verb:set package 'vision_opencv' build argument 'cmake_args' from command line to 'None'
[3.413s] Level 5:colcon.colcon_core.verb:set package 'vision_opencv' build argument 'cmake_target' from command line to 'None'
[3.413s] Level 5:colcon.colcon_core.verb:set package 'vision_opencv' build argument 'cmake_target_skip_unavailable' from command line to 'False'
[3.413s] Level 5:colcon.colcon_core.verb:set package 'vision_opencv' build argument 'cmake_clean_cache' from command line to 'False'
[3.413s] Level 5:colcon.colcon_core.verb:set package 'vision_opencv' build argument 'cmake_clean_first' from command line to 'False'
[3.414s] Level 5:colcon.colcon_core.verb:set package 'vision_opencv' build argument 'cmake_force_configure' from command line to 'False'
[3.414s] Level 5:colcon.colcon_core.verb:set package 'vision_opencv' build argument 'ament_cmake_args' from command line to 'None'
[3.414s] Level 5:colcon.colcon_core.verb:set package 'vision_opencv' build argument 'catkin_cmake_args' from command line to 'None'
[3.414s] Level 5:colcon.colcon_core.verb:set package 'vision_opencv' build argument 'catkin_skip_building_tests' from command line to 'False'
[3.415s] DEBUG:colcon.colcon_core.verb:Building package 'vision_opencv' with the following arguments: {'ament_cmake_args': None, 'build_base': '/home/ubuntu/ros2_ws/build/vision_opencv', 'catkin_cmake_args': None, 'catkin_skip_building_tests': False, 'cmake_args': None, 'cmake_clean_cache': False, 'cmake_clean_first': False, 'cmake_force_configure': False, 'cmake_target': None, 'cmake_target_skip_unavailable': False, 'install_base': '/home/ubuntu/ros2_ws/install/vision_opencv', 'merge_install': False, 'path': '/home/ubuntu/ros2_ws/src/vision_opencv/vision_opencv', 'symlink_install': True, 'test_result_base': None}
[3.434s] Level 5:colcon.colcon_core.verb:set package 'image_common' build argument 'cmake_args' from command line to 'None'
[3.434s] Level 5:colcon.colcon_core.verb:set package 'image_common' build argument 'cmake_target' from command line to 'None'
[3.435s] Level 5:colcon.colcon_core.verb:set package 'image_common' build argument 'cmake_target_skip_unavailable' from command line to 'False'
[3.435s] Level 5:colcon.colcon_core.verb:set package 'image_common' build argument 'cmake_clean_cache' from command line to 'False'
[3.435s] Level 5:colcon.colcon_core.verb:set package 'image_common' build argument 'cmake_clean_first' from command line to 'False'
[3.435s] Level 5:colcon.colcon_core.verb:set package 'image_common' build argument 'cmake_force_configure' from command line to 'False'
[3.436s] Level 5:colcon.colcon_core.verb:set package 'image_common' build argument 'ament_cmake_args' from command line to 'None'
[3.436s] Level 5:colcon.colcon_core.verb:set package 'image_common' build argument 'catkin_cmake_args' from command line to 'None'
[3.436s] Level 5:colcon.colcon_core.verb:set package 'image_common' build argument 'catkin_skip_building_tests' from command line to 'False'
[3.436s] DEBUG:colcon.colcon_core.verb:Building package 'image_common' with the following arguments: {'ament_cmake_args': None, 'build_base': '/home/ubuntu/ros2_ws/build/image_common', 'catkin_cmake_args': None, 'catkin_skip_building_tests': False, 'cmake_args': None, 'cmake_clean_cache': False, 'cmake_clean_first': False, 'cmake_force_configure': False, 'cmake_target': None, 'cmake_target_skip_unavailable': False, 'install_base': '/home/ubuntu/ros2_ws/install/image_common', 'merge_install': False, 'path': '/home/ubuntu/ros2_ws/src/image_common/image_common', 'symlink_install': True, 'test_result_base': None}
[3.456s] Level 5:colcon.colcon_core.verb:set package 'image_transport_plugins' build argument 'cmake_args' from command line to 'None'
[3.456s] Level 5:colcon.colcon_core.verb:set package 'image_transport_plugins' build argument 'cmake_target' from command line to 'None'
[3.456s] Level 5:colcon.colcon_core.verb:set package 'image_transport_plugins' build argument 'cmake_target_skip_unavailable' from command line to 'False'
[3.457s] Level 5:colcon.colcon_core.verb:set package 'image_transport_plugins' build argument 'cmake_clean_cache' from command line to 'False'
[3.457s] Level 5:colcon.colcon_core.verb:set package 'image_transport_plugins' build argument 'cmake_clean_first' from command line to 'False'
[3.457s] Level 5:colcon.colcon_core.verb:set package 'image_transport_plugins' build argument 'cmake_force_configure' from command line to 'False'
[3.457s] Level 5:colcon.colcon_core.verb:set package 'image_transport_plugins' build argument 'ament_cmake_args' from command line to 'None'
[3.457s] Level 5:colcon.colcon_core.verb:set package 'image_transport_plugins' build argument 'catkin_cmake_args' from command line to 'None'
[3.458s] Level 5:colcon.colcon_core.verb:set package 'image_transport_plugins' build argument 'catkin_skip_building_tests' from command line to 'False'
[3.458s] DEBUG:colcon.colcon_core.verb:Building package 'image_transport_plugins' with the following arguments: {'ament_cmake_args': None, 'build_base': '/home/ubuntu/ros2_ws/build/image_transport_plugins', 'catkin_cmake_args': None, 'catkin_skip_building_tests': False, 'cmake_args': None, 'cmake_clean_cache': False, 'cmake_clean_first': False, 'cmake_force_configure': False, 'cmake_target': None, 'cmake_target_skip_unavailable': False, 'install_base': '/home/ubuntu/ros2_ws/install/image_transport_plugins', 'merge_install': False, 'path': '/home/ubuntu/ros2_ws/src/image_transport_plugins/image_transport_plugins', 'symlink_install': True, 'test_result_base': None}
[3.477s] Level 5:colcon.colcon_core.verb:set package 'v4l2_camera' build argument 'cmake_args' from command line to 'None'
[3.478s] Level 5:colcon.colcon_core.verb:set package 'v4l2_camera' build argument 'cmake_target' from command line to 'None'
[3.478s] Level 5:colcon.colcon_core.verb:set package 'v4l2_camera' build argument 'cmake_target_skip_unavailable' from command line to 'False'
[3.478s] Level 5:colcon.colcon_core.verb:set package 'v4l2_camera' build argument 'cmake_clean_cache' from command line to 'False'
[3.479s] Level 5:colcon.colcon_core.verb:set package 'v4l2_camera' build argument 'cmake_clean_first' from command line to 'False'
[3.479s] Level 5:colcon.colcon_core.verb:set package 'v4l2_camera' build argument 'cmake_force_configure' from command line to 'False'
[3.479s] Level 5:colcon.colcon_core.verb:set package 'v4l2_camera' build argument 'ament_cmake_args' from command line to 'None'
[3.479s] Level 5:colcon.colcon_core.verb:set package 'v4l2_camera' build argument 'catkin_cmake_args' from command line to 'None'
[3.479s] Level 5:colcon.colcon_core.verb:set package 'v4l2_camera' build argument 'catkin_skip_building_tests' from command line to 'False'
[3.480s] DEBUG:colcon.colcon_core.verb:Building package 'v4l2_camera' with the following arguments: {'ament_cmake_args': None, 'build_base': '/home/ubuntu/ros2_ws/build/v4l2_camera', 'catkin_cmake_args': None, 'catkin_skip_building_tests': False, 'cmake_args': None, 'cmake_clean_cache': False, 'cmake_clean_first': False, 'cmake_force_configure': False, 'cmake_target': None, 'cmake_target_skip_unavailable': False, 'install_base': '/home/ubuntu/ros2_ws/install/v4l2_camera', 'merge_install': False, 'path': '/home/ubuntu/ros2_ws/src/src/v4l2_camera', 'symlink_install': True, 'test_result_base': None}
[3.482s] INFO:colcon.colcon_core.executor:Executing jobs using 'parallel' executor
[3.495s] DEBUG:colcon.colcon_parallel_executor.executor.parallel:run_until_complete
[3.498s] INFO:colcon.colcon_ros.task.ament_cmake.build:Building ROS package in '/home/ubuntu/ros2_ws/src/vision_opencv/cv_bridge' with build type 'ament_cmake'
[3.499s] INFO:colcon.colcon_cmake.task.cmake.build:Building CMake package in '/home/ubuntu/ros2_ws/src/vision_opencv/cv_bridge'
[3.544s] INFO:colcon.colcon_core.plugin_system:Skipping extension 'colcon_core.shell.bat': Not used on non-Windows systems
[3.546s] INFO:colcon.colcon_core.shell:Skip shell extension 'powershell' for command environment: Not usable outside of PowerShell
[3.547s] DEBUG:colcon.colcon_core.shell:Skip shell extension 'dsv' for command environment
[3.568s] WARNING:colcon.colcon_ros.prefix_path.ament:The path '/home/ubuntu/ros2_ws/install/vision_opencv' in the environment variable AMENT_PREFIX_PATH doesn't exist
[3.569s] WARNING:colcon.colcon_ros.prefix_path.ament:The path '/home/ubuntu/ros2_ws/install/v4l2_camera' in the environment variable AMENT_PREFIX_PATH doesn't exist
[3.570s] WARNING:colcon.colcon_ros.prefix_path.ament:The path '/home/ubuntu/ros2_ws/install/image_transport_plugins' in the environment variable AMENT_PREFIX_PATH doesn't exist
[3.571s] WARNING:colcon.colcon_ros.prefix_path.ament:The path '/home/ubuntu/ros2_ws/install/theora_image_transport' in the environment variable AMENT_PREFIX_PATH doesn't exist
[3.572s] WARNING:colcon.colcon_ros.prefix_path.ament:The path '/home/ubuntu/ros2_ws/install/opencv_tests' in the environment variable AMENT_PREFIX_PATH doesn't exist
[3.572s] WARNING:colcon.colcon_ros.prefix_path.ament:The path '/home/ubuntu/ros2_ws/install/image_common' in the environment variable AMENT_PREFIX_PATH doesn't exist
[3.573s] WARNING:colcon.colcon_ros.prefix_path.ament:The path '/home/ubuntu/ros2_ws/install/compressed_image_transport' in the environment variable AMENT_PREFIX_PATH doesn't exist
[3.573s] WARNING:colcon.colcon_ros.prefix_path.ament:The path '/home/ubuntu/ros2_ws/install/compressed_depth_image_transport' in the environment variable AMENT_PREFIX_PATH doesn't exist
[3.575s] WARNING:colcon.colcon_ros.prefix_path.ament:The path '/home/ubuntu/ros2_ws/install/image_geometry' in the environment variable AMENT_PREFIX_PATH doesn't exist
[3.576s] WARNING:colcon.colcon_ros.prefix_path.ament:The path '/home/ubuntu/ros2_ws/install/cv_bridge' in the environment variable AMENT_PREFIX_PATH doesn't exist
[3.577s] WARNING:colcon.colcon_ros.prefix_path.ament:The path '/home/ubuntu/ros2_ws/install/camera_info_manager' in the environment variable AMENT_PREFIX_PATH doesn't exist
[3.577s] WARNING:colcon.colcon_ros.prefix_path.ament:The path '/home/ubuntu/ros2_ws/install/camera_calibration_parsers' in the environment variable AMENT_PREFIX_PATH doesn't exist
[3.583s] WARNING:colcon.colcon_ros.prefix_path.catkin:The path '/home/ubuntu/ros2_ws/install/vision_opencv' in the environment variable CMAKE_PREFIX_PATH doesn't exist
[3.584s] WARNING:colcon.colcon_ros.prefix_path.catkin:The path '/home/ubuntu/ros2_ws/install/v4l2_camera' in the environment variable CMAKE_PREFIX_PATH doesn't exist
[3.584s] WARNING:colcon.colcon_ros.prefix_path.catkin:The path '/home/ubuntu/ros2_ws/install/image_transport_plugins' in the environment variable CMAKE_PREFIX_PATH doesn't exist
[3.584s] WARNING:colcon.colcon_ros.prefix_path.catkin:The path '/home/ubuntu/ros2_ws/install/theora_image_transport' in the environment variable CMAKE_PREFIX_PATH doesn't exist
[3.585s] WARNING:colcon.colcon_ros.prefix_path.catkin:The path '/home/ubuntu/ros2_ws/install/image_common' in the environment variable CMAKE_PREFIX_PATH doesn't exist
[3.585s] WARNING:colcon.colcon_ros.prefix_path.catkin:The path '/home/ubuntu/ros2_ws/install/compressed_image_transport' in the environment variable CMAKE_PREFIX_PATH doesn't exist
[3.586s] WARNING:colcon.colcon_ros.prefix_path.catkin:The path '/home/ubuntu/ros2_ws/install/compressed_depth_image_transport' in the environment variable CMAKE_PREFIX_PATH doesn't exist
[3.586s] WARNING:colcon.colcon_ros.prefix_path.catkin:The path '/home/ubuntu/ros2_ws/install/image_geometry' in the environment variable CMAKE_PREFIX_PATH doesn't exist
[3.587s] WARNING:colcon.colcon_ros.prefix_path.catkin:The path '/home/ubuntu/ros2_ws/install/cv_bridge' in the environment variable CMAKE_PREFIX_PATH doesn't exist
[3.588s] WARNING:colcon.colcon_ros.prefix_path.catkin:The path '/home/ubuntu/ros2_ws/install/camera_info_manager' in the environment variable CMAKE_PREFIX_PATH doesn't exist
[3.588s] WARNING:colcon.colcon_ros.prefix_path.catkin:The path '/home/ubuntu/ros2_ws/install/camera_calibration_parsers' in the environment variable CMAKE_PREFIX_PATH doesn't exist
[3.597s] DEBUG:colcon.colcon_core.shell:Ignoring prefix path '/opt/ros/foxy'
[3.616s] INFO:colcon.colcon_ros.task.ament_cmake.build:Building ROS package in '/home/ubuntu/ros2_ws/src/image_common/image_transport' with build type 'ament_cmake'
[3.618s] INFO:colcon.colcon_cmake.task.cmake.build:Building CMake package in '/home/ubuntu/ros2_ws/src/image_common/image_transport'
[3.623s] INFO:colcon.colcon_core.shell:Skip shell extension 'powershell' for command environment: Not usable outside of PowerShell
[3.624s] DEBUG:colcon.colcon_core.shell:Skip shell extension 'dsv' for command environment
[3.645s] DEBUG:colcon.colcon_core.shell:Ignoring prefix path '/opt/ros/foxy'
[3.662s] INFO:colcon.colcon_ros.task.ament_cmake.build:Building ROS package in '/home/ubuntu/ros2_ws/src/image_common/camera_calibration_parsers' with build type 'ament_cmake'
[3.664s] INFO:colcon.colcon_cmake.task.cmake.build:Building CMake package in '/home/ubuntu/ros2_ws/src/image_common/camera_calibration_parsers'
[3.671s] INFO:colcon.colcon_core.shell:Skip shell extension 'powershell' for command environment: Not usable outside of PowerShell
[3.671s] DEBUG:colcon.colcon_core.shell:Skip shell extension 'dsv' for command environment
[3.692s] DEBUG:colcon.colcon_core.shell:Ignoring prefix path '/opt/ros/foxy'
[3.709s] INFO:colcon.colcon_ros.task.ament_cmake.build:Building ROS package in '/home/ubuntu/ros2_ws/src/vision_opencv/image_geometry' with build type 'ament_cmake'
[3.711s] INFO:colcon.colcon_cmake.task.cmake.build:Building CMake package in '/home/ubuntu/ros2_ws/src/vision_opencv/image_geometry'
[3.715s] INFO:colcon.colcon_core.shell:Skip shell extension 'powershell' for command environment: Not usable outside of PowerShell
[3.716s] DEBUG:colcon.colcon_core.shell:Skip shell extension 'dsv' for command environment
[3.737s] DEBUG:colcon.colcon_core.shell:Ignoring prefix path '/opt/ros/foxy'
[3.795s] DEBUG:colcon.colcon_core.event_handler.log_command:Invoking command in '/home/ubuntu/ros2_ws/build/cv_bridge': CMAKE_PREFIX_PATH=${CMAKE_PREFIX_PATH}:/home/ubuntu/ros2_ws/install/opencv_tests:/home/ubuntu/turtlebot3_ws/install/turtlebot3_teleop:/home/ubuntu/turtlebot3_ws/install/turtlebot3_example:/opt/ros/foxy /usr/bin/cmake /home/ubuntu/ros2_ws/src/vision_opencv/cv_bridge -DAMENT_CMAKE_SYMLINK_INSTALL=1 -DCMAKE_INSTALL_PREFIX=/home/ubuntu/ros2_ws/install/cv_bridge
[3.875s] DEBUG:colcon.colcon_core.event_handler.log_command:Invoking command in '/home/ubuntu/ros2_ws/build/image_transport': CMAKE_PREFIX_PATH=${CMAKE_PREFIX_PATH}:/home/ubuntu/ros2_ws/install/opencv_tests:/home/ubuntu/turtlebot3_ws/install/turtlebot3_teleop:/home/ubuntu/turtlebot3_ws/install/turtlebot3_example:/opt/ros/foxy /usr/bin/cmake /home/ubuntu/ros2_ws/src/image_common/image_transport -DAMENT_CMAKE_SYMLINK_INSTALL=1 -DCMAKE_INSTALL_PREFIX=/home/ubuntu/ros2_ws/install/image_transport
[3.923s] DEBUG:colcon.colcon_core.event_handler.log_command:Invoking command in '/home/ubuntu/ros2_ws/build/camera_calibration_parsers': CMAKE_PREFIX_PATH=${CMAKE_PREFIX_PATH}:/home/ubuntu/ros2_ws/install/opencv_tests:/home/ubuntu/turtlebot3_ws/install/turtlebot3_teleop:/home/ubuntu/turtlebot3_ws/install/turtlebot3_example:/opt/ros/foxy /usr/bin/cmake /home/ubuntu/ros2_ws/src/image_common/camera_calibration_parsers -DAMENT_CMAKE_SYMLINK_INSTALL=1 -DCMAKE_INSTALL_PREFIX=/home/ubuntu/ros2_ws/install/camera_calibration_parsers
[3.965s] DEBUG:colcon.colcon_core.event_handler.log_command:Invoking command in '/home/ubuntu/ros2_ws/build/image_geometry': CMAKE_PREFIX_PATH=${CMAKE_PREFIX_PATH}:/home/ubuntu/ros2_ws/install/opencv_tests:/home/ubuntu/turtlebot3_ws/install/turtlebot3_teleop:/home/ubuntu/turtlebot3_ws/install/turtlebot3_example:/opt/ros/foxy /usr/bin/cmake /home/ubuntu/ros2_ws/src/vision_opencv/image_geometry -DAMENT_CMAKE_SYMLINK_INSTALL=1 -DCMAKE_INSTALL_PREFIX=/home/ubuntu/ros2_ws/install/image_geometry
[11.720s] DEBUG:colcon.colcon_core.event_handler.log_command:Invoked command in '/home/ubuntu/ros2_ws/build/image_geometry' returned '0': CMAKE_PREFIX_PATH=${CMAKE_PREFIX_PATH}:/home/ubuntu/ros2_ws/install/opencv_tests:/home/ubuntu/turtlebot3_ws/install/turtlebot3_teleop:/home/ubuntu/turtlebot3_ws/install/turtlebot3_example:/opt/ros/foxy /usr/bin/cmake /home/ubuntu/ros2_ws/src/vision_opencv/image_geometry -DAMENT_CMAKE_SYMLINK_INSTALL=1 -DCMAKE_INSTALL_PREFIX=/home/ubuntu/ros2_ws/install/image_geometry
[11.733s] DEBUG:colcon.colcon_core.event_handler.log_command:Invoking command in '/home/ubuntu/ros2_ws/build/image_geometry': CMAKE_PREFIX_PATH=${CMAKE_PREFIX_PATH}:/home/ubuntu/ros2_ws/install/opencv_tests:/home/ubuntu/turtlebot3_ws/install/turtlebot3_teleop:/home/ubuntu/turtlebot3_ws/install/turtlebot3_example:/opt/ros/foxy /usr/bin/cmake --build /home/ubuntu/ros2_ws/build/image_geometry -- -j4 -l4
[14.015s] DEBUG:colcon.colcon_core.event_handler.log_command:Invoked command in '/home/ubuntu/ros2_ws/build/camera_calibration_parsers' returned '0': CMAKE_PREFIX_PATH=${CMAKE_PREFIX_PATH}:/home/ubuntu/ros2_ws/install/opencv_tests:/home/ubuntu/turtlebot3_ws/install/turtlebot3_teleop:/home/ubuntu/turtlebot3_ws/install/turtlebot3_example:/opt/ros/foxy /usr/bin/cmake /home/ubuntu/ros2_ws/src/image_common/camera_calibration_parsers -DAMENT_CMAKE_SYMLINK_INSTALL=1 -DCMAKE_INSTALL_PREFIX=/home/ubuntu/ros2_ws/install/camera_calibration_parsers
[14.046s] DEBUG:colcon.colcon_core.event_handler.log_command:Invoking command in '/home/ubuntu/ros2_ws/build/camera_calibration_parsers': CMAKE_PREFIX_PATH=${CMAKE_PREFIX_PATH}:/home/ubuntu/ros2_ws/install/opencv_tests:/home/ubuntu/turtlebot3_ws/install/turtlebot3_teleop:/home/ubuntu/turtlebot3_ws/install/turtlebot3_example:/opt/ros/foxy /usr/bin/cmake --build /home/ubuntu/ros2_ws/build/camera_calibration_parsers -- -j4 -l4
[14.581s] DEBUG:colcon.colcon_core.event_handler.log_command:Invoked command in '/home/ubuntu/ros2_ws/build/image_transport' returned '0': CMAKE_PREFIX_PATH=${CMAKE_PREFIX_PATH}:/home/ubuntu/ros2_ws/install/opencv_tests:/home/ubuntu/turtlebot3_ws/install/turtlebot3_teleop:/home/ubuntu/turtlebot3_ws/install/turtlebot3_example:/opt/ros/foxy /usr/bin/cmake /home/ubuntu/ros2_ws/src/image_common/image_transport -DAMENT_CMAKE_SYMLINK_INSTALL=1 -DCMAKE_INSTALL_PREFIX=/home/ubuntu/ros2_ws/install/image_transport
[14.599s] DEBUG:colcon.colcon_core.event_handler.log_command:Invoking command in '/home/ubuntu/ros2_ws/build/image_transport': CMAKE_PREFIX_PATH=${CMAKE_PREFIX_PATH}:/home/ubuntu/ros2_ws/install/opencv_tests:/home/ubuntu/turtlebot3_ws/install/turtlebot3_teleop:/home/ubuntu/turtlebot3_ws/install/turtlebot3_example:/opt/ros/foxy /usr/bin/cmake --build /home/ubuntu/ros2_ws/build/image_transport -- -j4 -l4
[23.005s] DEBUG:colcon.colcon_parallel_executor.executor.parallel:run_until_complete was interrupted
[23.008s] DEBUG:colcon.colcon_parallel_executor.executor.parallel:run_until_complete again
[23.097s] DEBUG:colcon.colcon_core.event_handler.log_command:Invoked command in '/home/ubuntu/ros2_ws/build/camera_calibration_parsers' returned '-2': CMAKE_PREFIX_PATH=${CMAKE_PREFIX_PATH}:/home/ubuntu/ros2_ws/install/opencv_tests:/home/ubuntu/turtlebot3_ws/install/turtlebot3_teleop:/home/ubuntu/turtlebot3_ws/install/turtlebot3_example:/opt/ros/foxy /usr/bin/cmake --build /home/ubuntu/ros2_ws/build/camera_calibration_parsers -- -j4 -l4
[23.125s] DEBUG:colcon.colcon_core.event_handler.log_command:Invoked command in '/home/ubuntu/ros2_ws/build/image_geometry' returned '-2': CMAKE_PREFIX_PATH=${CMAKE_PREFIX_PATH}:/home/ubuntu/ros2_ws/install/opencv_tests:/home/ubuntu/turtlebot3_ws/install/turtlebot3_teleop:/home/ubuntu/turtlebot3_ws/install/turtlebot3_example:/opt/ros/foxy /usr/bin/cmake --build /home/ubuntu/ros2_ws/build/image_geometry -- -j4 -l4
[23.151s] DEBUG:colcon.colcon_core.event_handler.log_command:Invoked command in '/home/ubuntu/ros2_ws/build/image_transport' returned '-2': CMAKE_PREFIX_PATH=${CMAKE_PREFIX_PATH}:/home/ubuntu/ros2_ws/install/opencv_tests:/home/ubuntu/turtlebot3_ws/install/turtlebot3_teleop:/home/ubuntu/turtlebot3_ws/install/turtlebot3_example:/opt/ros/foxy /usr/bin/cmake --build /home/ubuntu/ros2_ws/build/image_transport -- -j4 -l4
[23.505s] Level 1:colcon.colcon_core.environment:create_environment_scripts_only(image_geometry)
[23.557s] Level 1:colcon.colcon_core.environment:checking '/home/ubuntu/ros2_ws/install/image_geometry' for CMake module files
[23.561s] Level 1:colcon.colcon_core.environment:checking '/home/ubuntu/ros2_ws/install/image_geometry' for CMake config files
[23.564s] Level 1:colcon.colcon_core.environment:checking '/home/ubuntu/ros2_ws/install/image_geometry/bin'
[23.565s] Level 1:colcon.colcon_core.environment:checking '/home/ubuntu/ros2_ws/install/image_geometry/lib/pkgconfig/image_geometry.pc'
[23.566s] Level 1:colcon.colcon_core.environment:checking '/home/ubuntu/ros2_ws/install/image_geometry/lib/python3.8/site-packages'
[23.571s] INFO:colcon.colcon_core.shell:Creating package script '/home/ubuntu/ros2_ws/install/image_geometry/share/image_geometry/package.ps1'
[23.581s] INFO:colcon.colcon_core.shell:Creating package descriptor '/home/ubuntu/ros2_ws/install/image_geometry/share/image_geometry/package.dsv'
[23.589s] INFO:colcon.colcon_core.shell:Creating package script '/home/ubuntu/ros2_ws/install/image_geometry/share/image_geometry/package.sh'
[23.597s] INFO:colcon.colcon_core.shell:Creating package script '/home/ubuntu/ros2_ws/install/image_geometry/share/image_geometry/package.bash'
[23.607s] INFO:colcon.colcon_core.shell:Creating package script '/home/ubuntu/ros2_ws/install/image_geometry/share/image_geometry/package.zsh'
[23.616s] Level 1:colcon.colcon_core.environment:create_file_with_runtime_dependencies(/home/ubuntu/ros2_ws/install/image_geometry/share/colcon-core/packages/image_geometry)
[23.988s] DEBUG:colcon.colcon_parallel_executor.executor.parallel:run_until_complete finished
[23.989s] DEBUG:colcon.colcon_parallel_executor.executor.parallel:closing loop
[23.991s] DEBUG:colcon.colcon_parallel_executor.executor.parallel:loop closed
[23.992s] DEBUG:colcon.colcon_core.event_reactor:joining thread
[24.067s] INFO:colcon.colcon_core.plugin_system:Skipping extension 'colcon_notification.desktop_notification.notify_send': Could not find 'notify-send'
[24.068s] INFO:colcon.colcon_core.plugin_system:Skipping extension 'colcon_notification.desktop_notification.terminal_notifier': Not used on non-Darwin systems
[24.068s] INFO:colcon.colcon_core.plugin_system:Skipping extension 'colcon_notification.desktop_notification.win32': Not used on non-Windows systems
[24.069s] INFO:colcon.colcon_notification.desktop_notification:Sending desktop notification using 'notify2'
[24.074s] DEBUG:colcon.colcon_notification.desktop_notification.notify2:Failed to initialize notify2: org.freedesktop.DBus.Error.ServiceUnknown: The name org.freedesktop.Notifications was not provided by any .service files
[24.075s] DEBUG:colcon.colcon_core.event_reactor:joined thread
[24.079s] INFO:colcon.colcon_core.shell:Creating prefix script '/home/ubuntu/ros2_ws/install/local_setup.ps1'
[24.088s] INFO:colcon.colcon_core.shell:Creating prefix util module '/home/ubuntu/ros2_ws/install/_local_setup_util_ps1.py'
[24.101s] INFO:colcon.colcon_core.shell:Creating prefix chain script '/home/ubuntu/ros2_ws/install/setup.ps1'
[24.126s] INFO:colcon.colcon_core.shell:Creating prefix script '/home/ubuntu/ros2_ws/install/local_setup.sh'
[24.133s] INFO:colcon.colcon_core.shell:Creating prefix util module '/home/ubuntu/ros2_ws/install/_local_setup_util_sh.py'
[24.138s] INFO:colcon.colcon_core.shell:Creating prefix chain script '/home/ubuntu/ros2_ws/install/setup.sh'
[24.163s] INFO:colcon.colcon_core.shell:Creating prefix script '/home/ubuntu/ros2_ws/install/local_setup.bash'
[24.169s] INFO:colcon.colcon_core.shell:Creating prefix chain script '/home/ubuntu/ros2_ws/install/setup.bash'
[24.194s] INFO:colcon.colcon_core.shell:Creating prefix script '/home/ubuntu/ros2_ws/install/local_setup.zsh'
[24.201s] INFO:colcon.colcon_core.shell:Creating prefix chain script '/home/ubuntu/ros2_ws/install/setup.zsh'
