[0.447s] Invoking command in '/home/a/ar_tracking/src/ar_track_copy': PYTHONPATH=/home/a/ar_tracking/build/ar_track/prefix_override:/home/a/ar_tracking/install/ar_track/lib/python3.8/site-packages:${PYTHONPATH} /usr/bin/python3 -W ignore:setup.py install is deprecated setup.py egg_info --egg-base ../../build/ar_track build --build-base /home/a/ar_tracking/build/ar_track/build install --record /home/a/ar_tracking/build/ar_track/install.log --install-scripts $base/lib/ar_track --single-version-externally-managed install_data
[0.593s] /home/a/.local/lib/python3.8/site-packages/setuptools/dist.py:717: UserWarning: Usage of dash-separated 'script-dir' will not be supported in future versions. Please use the underscore name 'script_dir' instead
[0.593s]   warnings.warn(
[0.609s] running egg_info
[0.609s] creating ../../build/ar_track/ar_track.egg-info
[0.610s] writing ../../build/ar_track/ar_track.egg-info/PKG-INFO
[0.610s] writing dependency_links to ../../build/ar_track/ar_track.egg-info/dependency_links.txt
[0.610s] writing entry points to ../../build/ar_track/ar_track.egg-info/entry_points.txt
[0.610s] writing requirements to ../../build/ar_track/ar_track.egg-info/requires.txt
[0.610s] writing top-level names to ../../build/ar_track/ar_track.egg-info/top_level.txt
[0.611s] writing manifest file '../../build/ar_track/ar_track.egg-info/SOURCES.txt'
[0.611s] reading manifest file '../../build/ar_track/ar_track.egg-info/SOURCES.txt'
[0.611s] writing manifest file '../../build/ar_track/ar_track.egg-info/SOURCES.txt'
[0.611s] running build
[0.611s] running install
[0.612s] running install_data
[0.612s] creating /home/a/ar_tracking/install/ar_track/share/ament_index
[0.612s] creating /home/a/ar_tracking/install/ar_track/share/ament_index/resource_index
[0.612s] creating /home/a/ar_tracking/install/ar_track/share/ament_index/resource_index/packages
[0.612s] error: can't copy 'resource/ar_track': doesn't exist or not a regular file
[0.621s] Invoked command in '/home/a/ar_tracking/src/ar_track_copy' returned '1': PYTHONPATH=/home/a/ar_tracking/build/ar_track/prefix_override:/home/a/ar_tracking/install/ar_track/lib/python3.8/site-packages:${PYTHONPATH} /usr/bin/python3 -W ignore:setup.py install is deprecated setup.py egg_info --egg-base ../../build/ar_track build --build-base /home/a/ar_tracking/build/ar_track/build install --record /home/a/ar_tracking/build/ar_track/install.log --install-scripts $base/lib/ar_track --single-version-externally-managed install_data
