[0.094s] Invoking command in '/home/ubuntu/cv_cam_ws/build/opencv_cam': AMENT_PREFIX_PATH=/home/ubuntu/cv_cam_ws/install/ros2_shared:${AMENT_PREFIX_PATH} CMAKE_PREFIX_PATH=/home/ubuntu/cv_cam_ws/install/ros2_shared:/home/ubuntu/ros2_ws/install/vision_opencv:/home/ubuntu/ros2_ws/install/v4l2_camera:/home/ubuntu/ros2_ws/install/image_transport_plugins:/home/ubuntu/ros2_ws/install/theora_image_transport:/home/ubuntu/ros2_ws/install/image_common:/home/ubuntu/ros2_ws/install/compressed_image_transport:/home/ubuntu/ros2_ws/install/compressed_depth_image_transport:/home/ubuntu/ros2_ws/install/image_transport:/home/ubuntu/ros2_ws/install/image_geometry:/home/ubuntu/ros2_ws/install/cv_bridge:/home/ubuntu/ros2_ws/install/camera_info_manager:/home/ubuntu/ros2_ws/install/camera_calibration_parsers:/home/ubuntu/turtlebot3_ws/install/turtlebot3:/home/ubuntu/turtlebot3_ws/install/turtlebot3_bringup:/home/ubuntu/turtlebot3_ws/install/turtlebot3_node:/home/ubuntu/turtlebot3_ws/install/turtlebot3_description:/home/ubuntu/turtlebot3_ws/install/ld08_driver:/home/ubuntu/ros2_ws/install/opencv_tests:/home/ubuntu/turtlebot3_ws/install/turtlebot3_teleop:/home/ubuntu/turtlebot3_ws/install/turtlebot3_example:/opt/ros/foxy /usr/bin/cmake --build /home/ubuntu/cv_cam_ws/build/opencv_cam -- -j4 -l4
[0.846s] [ 25%] Built target subscriber_node
[0.885s] [ 50%] Built target opencv_cam_node
[1.191s] [ 75%] Built target ipc_test_main
[1.196s] [100%] Built target opencv_cam_main
[1.275s] Invoked command in '/home/ubuntu/cv_cam_ws/build/opencv_cam' returned '0': AMENT_PREFIX_PATH=/home/ubuntu/cv_cam_ws/install/ros2_shared:${AMENT_PREFIX_PATH} CMAKE_PREFIX_PATH=/home/ubuntu/cv_cam_ws/install/ros2_shared:/home/ubuntu/ros2_ws/install/vision_opencv:/home/ubuntu/ros2_ws/install/v4l2_camera:/home/ubuntu/ros2_ws/install/image_transport_plugins:/home/ubuntu/ros2_ws/install/theora_image_transport:/home/ubuntu/ros2_ws/install/image_common:/home/ubuntu/ros2_ws/install/compressed_image_transport:/home/ubuntu/ros2_ws/install/compressed_depth_image_transport:/home/ubuntu/ros2_ws/install/image_transport:/home/ubuntu/ros2_ws/install/image_geometry:/home/ubuntu/ros2_ws/install/cv_bridge:/home/ubuntu/ros2_ws/install/camera_info_manager:/home/ubuntu/ros2_ws/install/camera_calibration_parsers:/home/ubuntu/turtlebot3_ws/install/turtlebot3:/home/ubuntu/turtlebot3_ws/install/turtlebot3_bringup:/home/ubuntu/turtlebot3_ws/install/turtlebot3_node:/home/ubuntu/turtlebot3_ws/install/turtlebot3_description:/home/ubuntu/turtlebot3_ws/install/ld08_driver:/home/ubuntu/ros2_ws/install/opencv_tests:/home/ubuntu/turtlebot3_ws/install/turtlebot3_teleop:/home/ubuntu/turtlebot3_ws/install/turtlebot3_example:/opt/ros/foxy /usr/bin/cmake --build /home/ubuntu/cv_cam_ws/build/opencv_cam -- -j4 -l4
[1.626s] Invoking command in '/home/ubuntu/cv_cam_ws/build/opencv_cam': AMENT_PREFIX_PATH=/home/ubuntu/cv_cam_ws/install/ros2_shared:${AMENT_PREFIX_PATH} CMAKE_PREFIX_PATH=/home/ubuntu/cv_cam_ws/install/ros2_shared:/home/ubuntu/ros2_ws/install/vision_opencv:/home/ubuntu/ros2_ws/install/v4l2_camera:/home/ubuntu/ros2_ws/install/image_transport_plugins:/home/ubuntu/ros2_ws/install/theora_image_transport:/home/ubuntu/ros2_ws/install/image_common:/home/ubuntu/ros2_ws/install/compressed_image_transport:/home/ubuntu/ros2_ws/install/compressed_depth_image_transport:/home/ubuntu/ros2_ws/install/image_transport:/home/ubuntu/ros2_ws/install/image_geometry:/home/ubuntu/ros2_ws/install/cv_bridge:/home/ubuntu/ros2_ws/install/camera_info_manager:/home/ubuntu/ros2_ws/install/camera_calibration_parsers:/home/ubuntu/turtlebot3_ws/install/turtlebot3:/home/ubuntu/turtlebot3_ws/install/turtlebot3_bringup:/home/ubuntu/turtlebot3_ws/install/turtlebot3_node:/home/ubuntu/turtlebot3_ws/install/turtlebot3_description:/home/ubuntu/turtlebot3_ws/install/ld08_driver:/home/ubuntu/ros2_ws/install/opencv_tests:/home/ubuntu/turtlebot3_ws/install/turtlebot3_teleop:/home/ubuntu/turtlebot3_ws/install/turtlebot3_example:/opt/ros/foxy /usr/bin/cmake --install /home/ubuntu/cv_cam_ws/build/opencv_cam
[1.694s] -- Install configuration: ""
[1.698s] -- Up-to-date: /home/ubuntu/cv_cam_ws/install/opencv_cam/share/opencv_cam/environment/library_path.sh
[1.699s] -- Up-to-date: /home/ubuntu/cv_cam_ws/install/opencv_cam/share/opencv_cam/environment/library_path.dsv
[1.702s] -- Up-to-date: /home/ubuntu/cv_cam_ws/install/opencv_cam/share/ament_index/resource_index/package_run_dependencies/opencv_cam
[1.704s] -- Up-to-date: /home/ubuntu/cv_cam_ws/install/opencv_cam/share/ament_index/resource_index/parent_prefix_path/opencv_cam
[1.706s] -- Up-to-date: /home/ubuntu/cv_cam_ws/install/opencv_cam/share/opencv_cam/environment/ament_prefix_path.sh
[1.708s] -- Up-to-date: /home/ubuntu/cv_cam_ws/install/opencv_cam/share/opencv_cam/environment/ament_prefix_path.dsv
[1.709s] -- Up-to-date: /home/ubuntu/cv_cam_ws/install/opencv_cam/share/opencv_cam/environment/path.sh
[1.711s] -- Up-to-date: /home/ubuntu/cv_cam_ws/install/opencv_cam/share/opencv_cam/environment/path.dsv
[1.712s] -- Up-to-date: /home/ubuntu/cv_cam_ws/install/opencv_cam/share/opencv_cam/local_setup.bash
[1.714s] -- Up-to-date: /home/ubuntu/cv_cam_ws/install/opencv_cam/share/opencv_cam/local_setup.sh
[1.714s] -- Up-to-date: /home/ubuntu/cv_cam_ws/install/opencv_cam/share/opencv_cam/local_setup.zsh
[1.715s] -- Up-to-date: /home/ubuntu/cv_cam_ws/install/opencv_cam/share/opencv_cam/local_setup.dsv
[1.716s] -- Installing: /home/ubuntu/cv_cam_ws/install/opencv_cam/share/opencv_cam/package.dsv
[1.718s] -- Up-to-date: /home/ubuntu/cv_cam_ws/install/opencv_cam/share/ament_index/resource_index/packages/opencv_cam
[1.720s] -- Up-to-date: /home/ubuntu/cv_cam_ws/install/opencv_cam/share/ament_index/resource_index/rclcpp_components/opencv_cam
[1.730s] -- Up-to-date: /home/ubuntu/cv_cam_ws/install/opencv_cam/share/opencv_cam/cmake/export_opencv_cam_nodeExport.cmake
[1.732s] -- Up-to-date: /home/ubuntu/cv_cam_ws/install/opencv_cam/share/opencv_cam/cmake/export_opencv_cam_nodeExport-noconfig.cmake
[1.736s] -- Up-to-date: /home/ubuntu/cv_cam_ws/install/opencv_cam/share/opencv_cam/cmake/export_subscriber_nodeExport.cmake
[1.737s] -- Up-to-date: /home/ubuntu/cv_cam_ws/install/opencv_cam/share/opencv_cam/cmake/export_subscriber_nodeExport-noconfig.cmake
[1.738s] -- Up-to-date: /home/ubuntu/cv_cam_ws/install/opencv_cam/share/opencv_cam/cmake/ament_cmake_export_dependencies-extras.cmake
[1.740s] -- Up-to-date: /home/ubuntu/cv_cam_ws/install/opencv_cam/share/opencv_cam/cmake/ament_cmake_export_include_directories-extras.cmake
[1.741s] -- Up-to-date: /home/ubuntu/cv_cam_ws/install/opencv_cam/share/opencv_cam/cmake/ament_cmake_export_targets-extras.cmake
[1.743s] -- Up-to-date: /home/ubuntu/cv_cam_ws/install/opencv_cam/share/opencv_cam/cmake/ament_cmake_export_libraries-extras.cmake
[1.744s] -- Up-to-date: /home/ubuntu/cv_cam_ws/install/opencv_cam/share/opencv_cam/cmake/opencv_camConfig.cmake
[1.745s] -- Up-to-date: /home/ubuntu/cv_cam_ws/install/opencv_cam/share/opencv_cam/cmake/opencv_camConfig-version.cmake
[1.746s] -- Up-to-date: /home/ubuntu/cv_cam_ws/install/opencv_cam/share/opencv_cam/package.xml
[1.751s] -- Up-to-date: /home/ubuntu/cv_cam_ws/install/opencv_cam/lib/libopencv_cam_node.so
[1.757s] -- Up-to-date: /home/ubuntu/cv_cam_ws/install/opencv_cam/lib/libsubscriber_node.so
[1.766s] -- Up-to-date: /home/ubuntu/cv_cam_ws/install/opencv_cam/lib/opencv_cam/opencv_cam_main
[1.774s] -- Up-to-date: /home/ubuntu/cv_cam_ws/install/opencv_cam/lib/opencv_cam/ipc_test_main
[1.777s] -- Up-to-date: /home/ubuntu/cv_cam_ws/install/opencv_cam/share/opencv_cam/launch
[1.780s] -- Up-to-date: /home/ubuntu/cv_cam_ws/install/opencv_cam/share/opencv_cam/launch/composition_launch.py
[1.798s] Invoked command in '/home/ubuntu/cv_cam_ws/build/opencv_cam' returned '0': AMENT_PREFIX_PATH=/home/ubuntu/cv_cam_ws/install/ros2_shared:${AMENT_PREFIX_PATH} CMAKE_PREFIX_PATH=/home/ubuntu/cv_cam_ws/install/ros2_shared:/home/ubuntu/ros2_ws/install/vision_opencv:/home/ubuntu/ros2_ws/install/v4l2_camera:/home/ubuntu/ros2_ws/install/image_transport_plugins:/home/ubuntu/ros2_ws/install/theora_image_transport:/home/ubuntu/ros2_ws/install/image_common:/home/ubuntu/ros2_ws/install/compressed_image_transport:/home/ubuntu/ros2_ws/install/compressed_depth_image_transport:/home/ubuntu/ros2_ws/install/image_transport:/home/ubuntu/ros2_ws/install/image_geometry:/home/ubuntu/ros2_ws/install/cv_bridge:/home/ubuntu/ros2_ws/install/camera_info_manager:/home/ubuntu/ros2_ws/install/camera_calibration_parsers:/home/ubuntu/turtlebot3_ws/install/turtlebot3:/home/ubuntu/turtlebot3_ws/install/turtlebot3_bringup:/home/ubuntu/turtlebot3_ws/install/turtlebot3_node:/home/ubuntu/turtlebot3_ws/install/turtlebot3_description:/home/ubuntu/turtlebot3_ws/install/ld08_driver:/home/ubuntu/ros2_ws/install/opencv_tests:/home/ubuntu/turtlebot3_ws/install/turtlebot3_teleop:/home/ubuntu/turtlebot3_ws/install/turtlebot3_example:/opt/ros/foxy /usr/bin/cmake --install /home/ubuntu/cv_cam_ws/build/opencv_cam
