-- The C compiler identification is GNU 9.4.0
-- The CXX compiler identification is GNU 9.4.0
-- Check for working C compiler: /usr/bin/cc
-- Check for working C compiler: /usr/bin/cc -- works
-- Detecting C compiler ABI info
-- Detecting C compiler ABI info - done
-- Detecting C compile features
-- Detecting C compile features - done
-- Check for working CXX compiler: /usr/bin/c++
-- Check for working CXX compiler: /usr/bin/c++ -- works
-- Detecting CXX compiler ABI info
-- Detecting CXX compiler ABI info - done
-- Detecting CXX compile features
-- Detecting CXX compile features - done
-- Found ament_cmake_auto: 0.9.8 (/opt/ros/foxy/share/ament_cmake_auto/cmake)
-- Found PythonInterp: /usr/bin/python3 (found suitable version "3.8.10", minimum required is "3") 
-- Using PYTHON_EXECUTABLE: /usr/bin/python3
-- Override CMake install command with custom implementation using symlinks instead of copying resources
-- Using all available rosidl_typesupport_c: rosidl_typesupport_fastrtps_c;rosidl_typesupport_introspection_c
-- Found rosidl_adapter: 1.2.1 (/opt/ros/foxy/share/rosidl_adapter/cmake)
-- Found OpenSSL: /usr/lib/aarch64-linux-gnu/libcrypto.so (found version "1.1.1f")  
-- Found FastRTPS: /opt/ros/foxy/include  
-- Using all available rosidl_typesupport_cpp: rosidl_typesupport_fastrtps_cpp;rosidl_typesupport_introspection_cpp
-- Found rmw_implementation_cmake: 1.0.3 (/opt/ros/foxy/share/rmw_implementation_cmake/cmake)
-- Using RMW implementation 'rmw_fastrtps_cpp' as default
-- Looking for pthread.h
-- Looking for pthread.h - found
-- Performing Test CMAKE_HAVE_LIBC_PTHREAD
-- Performing Test CMAKE_HAVE_LIBC_PTHREAD - Failed
-- Looking for pthread_create in pthreads
-- Looking for pthread_create in pthreads - not found
-- Looking for pthread_create in pthread
-- Looking for pthread_create in pthread - found
-- Found Threads: TRUE  
-- Setting yaml-cpp_DIR to: '/opt/ros/foxy/share/yaml_cpp_vendor/cmake/../../../opt/yaml_cpp_vendor/lib/cmake/yaml-cpp'
-- Found OpenCV: /usr (found version "4.2.0") found components: core imgcodecs videoio 
-- opencv version 4.2.0
-- Found ament_lint_auto: 0.9.6 (/opt/ros/foxy/share/ament_lint_auto/cmake)
-- Added test 'copyright' to check source files copyright and LICENSE
-- Added test 'cppcheck' to perform static code analysis on C / C++ code
-- Configured cppcheck include dirs: /home/ubuntu/ros2_ws/src/image_pipeline/image_publisher/include
-- Configured cppcheck exclude dirs and/or files: 
-- Added test 'cpplint' to check C / C++ code against the Google style
-- Configured cpplint exclude dirs and/or files: 
-- Added test 'flake8' to check Python code syntax and style conventions
-- Added test 'lint_cmake' to check CMake code style
-- Added test 'pep257' to check Python code against some of the style conventions in PEP 257
-- Added test 'uncrustify' to check C / C++ code style
-- Configured uncrustify additional arguments: 
-- Added test 'xmllint' to check XML markup files
-- Configuring done
-- Generating done
-- Build files have been written to: /home/ubuntu/ros2_ws/build/image_publisher
Scanning dependencies of target image_publisher
[ 25%] Building CXX object CMakeFiles/image_publisher.dir/src/image_publisher.cpp.o
[ 50%] Linking CXX shared library libimage_publisher.so
[ 50%] Built target image_publisher
Scanning dependencies of target image_publisher_node
[ 75%] Building CXX object CMakeFiles/image_publisher_node.dir/src/image_publisher_node.cpp.o
[100%] Linking CXX executable image_publisher_node
[100%] Built target image_publisher_node
-- Install configuration: ""
-- Execute custom install script
-- Symlinking: /home/ubuntu/ros2_ws/install/image_publisher/include/image_publisher/image_publisher.hpp
-- Symlinking: /home/ubuntu/ros2_ws/install/image_publisher/include/image_publisher/visibility.h
-- Symlinking: /home/ubuntu/ros2_ws/install/image_publisher/share/image_publisher/environment/library_path.sh
-- Symlinking: /home/ubuntu/ros2_ws/install/image_publisher/share/image_publisher/environment/library_path.dsv
-- Symlinking: /home/ubuntu/ros2_ws/install/image_publisher/lib/libimage_publisher.so
-- Symlinking: /home/ubuntu/ros2_ws/install/image_publisher/lib/image_publisher/image_publisher_node
-- Symlinking: /home/ubuntu/ros2_ws/install/image_publisher/share/image_publisher/launch/image_publisher_file.launch.py
-- Symlinking: /home/ubuntu/ros2_ws/install/image_publisher/share/image_publisher/launch/image_publisher_mono.launch.py
-- Symlinking: /home/ubuntu/ros2_ws/install/image_publisher/share/image_publisher/launch/image_publisher_stereo.launch.py
-- Symlinking: /home/ubuntu/ros2_ws/install/image_publisher/share/image_publisher/launch/splash.png
-- Symlinking: /home/ubuntu/ros2_ws/install/image_publisher/share/ament_index/resource_index/package_run_dependencies/image_publisher
-- Symlinking: /home/ubuntu/ros2_ws/install/image_publisher/share/ament_index/resource_index/parent_prefix_path/image_publisher
-- Symlinking: /home/ubuntu/ros2_ws/install/image_publisher/share/image_publisher/environment/ament_prefix_path.sh
-- Symlinking: /home/ubuntu/ros2_ws/install/image_publisher/share/image_publisher/environment/ament_prefix_path.dsv
-- Symlinking: /home/ubuntu/ros2_ws/install/image_publisher/share/image_publisher/environment/path.sh
-- Symlinking: /home/ubuntu/ros2_ws/install/image_publisher/share/image_publisher/environment/path.dsv
-- Symlinking: /home/ubuntu/ros2_ws/install/image_publisher/share/image_publisher/local_setup.bash
-- Symlinking: /home/ubuntu/ros2_ws/install/image_publisher/share/image_publisher/local_setup.sh
-- Symlinking: /home/ubuntu/ros2_ws/install/image_publisher/share/image_publisher/local_setup.zsh
-- Symlinking: /home/ubuntu/ros2_ws/install/image_publisher/share/image_publisher/local_setup.dsv
-- Symlinking: /home/ubuntu/ros2_ws/install/image_publisher/share/image_publisher/package.dsv
-- Symlinking: /home/ubuntu/ros2_ws/install/image_publisher/share/ament_index/resource_index/packages/image_publisher
-- Symlinking: /home/ubuntu/ros2_ws/install/image_publisher/share/ament_index/resource_index/rclcpp_components/image_publisher
-- Symlinking: /home/ubuntu/ros2_ws/install/image_publisher/share/image_publisher/cmake/ament_cmake_export_dependencies-extras.cmake
-- Symlinking: /home/ubuntu/ros2_ws/install/image_publisher/share/image_publisher/cmake/ament_cmake_export_include_directories-extras.cmake
-- Symlinking: /home/ubuntu/ros2_ws/install/image_publisher/share/image_publisher/cmake/ament_cmake_export_libraries-extras.cmake
-- Symlinking: /home/ubuntu/ros2_ws/install/image_publisher/share/image_publisher/cmake/image_publisherConfig.cmake
-- Symlinking: /home/ubuntu/ros2_ws/install/image_publisher/share/image_publisher/cmake/image_publisherConfig-version.cmake
-- Symlinking: /home/ubuntu/ros2_ws/install/image_publisher/share/image_publisher/package.xml
