[1.082s] Invoking command in '/home/ubuntu/ros2_ws/build/theora_image_transport': CMAKE_PREFIX_PATH=/home/ubuntu/ros2_ws/install/image_transport:/home/ubuntu/ros2_ws/install/cv_bridge:/home/ubuntu/cv_cam_ws/install/opencv_cam:/home/ubuntu/cv_cam_ws/install/ros2_shared:/home/ubuntu/ros2_ws/install/vision_opencv:/home/ubuntu/ros2_ws/install/v4l2_camera:/home/ubuntu/ros2_ws/install/image_transport_plugins:/home/ubuntu/ros2_ws/install/theora_image_transport:/home/ubuntu/ros2_ws/install/image_common:/home/ubuntu/ros2_ws/install/compressed_image_transport:/home/ubuntu/ros2_ws/install/compressed_depth_image_transport:/home/ubuntu/ros2_ws/install/image_geometry:/home/ubuntu/ros2_ws/install/camera_info_manager:/home/ubuntu/ros2_ws/install/camera_calibration_parsers:/home/ubuntu/turtlebot3_ws/install/turtlebot3:/home/ubuntu/turtlebot3_ws/install/turtlebot3_bringup:/home/ubuntu/turtlebot3_ws/install/turtlebot3_node:/home/ubuntu/turtlebot3_ws/install/turtlebot3_description:/home/ubuntu/turtlebot3_ws/install/ld08_driver:/home/ubuntu/ros2_ws/install/opencv_tests:/home/ubuntu/turtlebot3_ws/install/turtlebot3_teleop:/home/ubuntu/turtlebot3_ws/install/turtlebot3_example:/opt/ros/foxy LD_LIBRARY_PATH=/home/ubuntu/ros2_ws/install/image_transport/lib:/home/ubuntu/ros2_ws/install/cv_bridge/lib:/home/ubuntu/cv_cam_ws/install/opencv_cam/lib:/home/ubuntu/ros2_ws/install/v4l2_camera/lib:/home/ubuntu/ros2_ws/install/theora_image_transport/lib:/home/ubuntu/ros2_ws/install/compressed_image_transport/lib:/home/ubuntu/ros2_ws/install/compressed_depth_image_transport/lib:/home/ubuntu/ros2_ws/install/image_geometry/lib:/home/ubuntu/ros2_ws/install/camera_info_manager/lib:/home/ubuntu/ros2_ws/install/camera_calibration_parsers/lib:/opt/ros/foxy/opt/yaml_cpp_vendor/lib:/opt/ros/foxy/lib/aarch64-linux-gnu:/opt/ros/foxy/lib PYTHONPATH=/home/ubuntu/ros2_ws/install/cv_bridge/lib/python3.8/site-packages:/home/ubuntu/ros2_ws/install/theora_image_transport/lib/python3.8/site-packages:/home/ubuntu/ros2_ws/install/opencv_tests/lib/python3.8/site-packages:/home/ubuntu/ros2_ws/install/image_geometry/lib/python3.8/site-packages:/home/ubuntu/turtlebot3_ws/build/turtlebot3_teleop:/home/ubuntu/turtlebot3_ws/install/turtlebot3_teleop/lib/python3.8/site-packages:/home/ubuntu/turtlebot3_ws/build/turtlebot3_example:/home/ubuntu/turtlebot3_ws/install/turtlebot3_example/lib/python3.8/site-packages:/opt/ros/foxy/lib/python3.8/site-packages /usr/bin/cmake /home/ubuntu/ros2_ws/src/image_transport_plugins/theora_image_transport -DAMENT_CMAKE_SYMLINK_INSTALL=1 -DCMAKE_INSTALL_PREFIX=/home/ubuntu/ros2_ws/install/theora_image_transport
[1.384s] -- Found ament_cmake: 0.9.8 (/opt/ros/foxy/share/ament_cmake/cmake)
[2.216s] -- Found PythonInterp: /usr/bin/python3 (found suitable version "3.8.10", minimum required is "3") 
[2.217s] -- Using PYTHON_EXECUTABLE: /usr/bin/python3
[5.907s] -- Override CMake install command with custom implementation using symlinks instead of copying resources
[6.320s] -- Found image_transport: 2.4.0 (/home/ubuntu/ros2_ws/install/image_transport/share/image_transport/cmake)
[7.329s] -- Using all available rosidl_typesupport_c: rosidl_typesupport_fastrtps_c;rosidl_typesupport_introspection_c
[7.416s] -- Found rosidl_adapter: 1.2.1 (/opt/ros/foxy/share/rosidl_adapter/cmake)
[9.218s] -- Using all available rosidl_typesupport_cpp: rosidl_typesupport_fastrtps_cpp;rosidl_typesupport_introspection_cpp
[9.950s] -- Found rmw_implementation_cmake: 1.0.3 (/opt/ros/foxy/share/rmw_implementation_cmake/cmake)
[9.993s] -- Using RMW implementation 'rmw_fastrtps_cpp' as default
[13.356s] -- Found cv_bridge: 3.0.7 (/home/ubuntu/ros2_ws/install/cv_bridge/share/cv_bridge/cmake)
[13.682s] -- Found rosidl_default_generators: 1.0.1 (/opt/ros/foxy/share/rosidl_default_generators/cmake)
[14.453s] -- Found PythonInterp: /usr/bin/python3 (found version "3.8.10") 
[16.878s] -- Found ament_cmake_cppcheck: 0.9.6 (/opt/ros/foxy/share/ament_cmake_cppcheck/cmake)
[16.907s] -- Found ament_cmake_cpplint: 0.9.6 (/opt/ros/foxy/share/ament_cmake_cpplint/cmake)
[16.937s] -- Found ament_cmake_uncrustify: 0.9.6 (/opt/ros/foxy/share/ament_cmake_uncrustify/cmake)
[16.972s] -- Found ament_cmake_ros: 0.9.2 (/opt/ros/foxy/share/ament_cmake_ros/cmake)
[20.616s] -- Using all available rosidl_typesupport_c: rosidl_typesupport_fastrtps_c;rosidl_typesupport_introspection_c
[22.351s] -- Using all available rosidl_typesupport_cpp: rosidl_typesupport_fastrtps_cpp;rosidl_typesupport_introspection_cpp
[22.723s] -- Found PythonInterp: /usr/bin/python3 (found suitable version "3.8.10", minimum required is "3.5") 
[22.741s] -- Found python_cmake_module: 0.8.1 (/opt/ros/foxy/share/python_cmake_module/cmake)
[23.106s] -- Using PYTHON_EXECUTABLE: /usr/bin/python3
[23.107s] -- Using PYTHON_INCLUDE_DIRS: /usr/include/python3.8
[23.108s] -- Using PYTHON_LIBRARIES: /usr/lib/aarch64-linux-gnu/libpython3.8.so
[24.057s] -- Found ament_cmake_flake8: 0.9.6 (/opt/ros/foxy/share/ament_cmake_flake8/cmake)
[24.086s] -- Found ament_cmake_pep257: 0.9.6 (/opt/ros/foxy/share/ament_cmake_pep257/cmake)
[24.451s] -- Configuring done
[26.483s] -- Generating done
[26.522s] -- Build files have been written to: /home/ubuntu/ros2_ws/build/theora_image_transport
[26.602s] Invoked command in '/home/ubuntu/ros2_ws/build/theora_image_transport' returned '0': CMAKE_PREFIX_PATH=/home/ubuntu/ros2_ws/install/image_transport:/home/ubuntu/ros2_ws/install/cv_bridge:/home/ubuntu/cv_cam_ws/install/opencv_cam:/home/ubuntu/cv_cam_ws/install/ros2_shared:/home/ubuntu/ros2_ws/install/vision_opencv:/home/ubuntu/ros2_ws/install/v4l2_camera:/home/ubuntu/ros2_ws/install/image_transport_plugins:/home/ubuntu/ros2_ws/install/theora_image_transport:/home/ubuntu/ros2_ws/install/image_common:/home/ubuntu/ros2_ws/install/compressed_image_transport:/home/ubuntu/ros2_ws/install/compressed_depth_image_transport:/home/ubuntu/ros2_ws/install/image_geometry:/home/ubuntu/ros2_ws/install/camera_info_manager:/home/ubuntu/ros2_ws/install/camera_calibration_parsers:/home/ubuntu/turtlebot3_ws/install/turtlebot3:/home/ubuntu/turtlebot3_ws/install/turtlebot3_bringup:/home/ubuntu/turtlebot3_ws/install/turtlebot3_node:/home/ubuntu/turtlebot3_ws/install/turtlebot3_description:/home/ubuntu/turtlebot3_ws/install/ld08_driver:/home/ubuntu/ros2_ws/install/opencv_tests:/home/ubuntu/turtlebot3_ws/install/turtlebot3_teleop:/home/ubuntu/turtlebot3_ws/install/turtlebot3_example:/opt/ros/foxy LD_LIBRARY_PATH=/home/ubuntu/ros2_ws/install/image_transport/lib:/home/ubuntu/ros2_ws/install/cv_bridge/lib:/home/ubuntu/cv_cam_ws/install/opencv_cam/lib:/home/ubuntu/ros2_ws/install/v4l2_camera/lib:/home/ubuntu/ros2_ws/install/theora_image_transport/lib:/home/ubuntu/ros2_ws/install/compressed_image_transport/lib:/home/ubuntu/ros2_ws/install/compressed_depth_image_transport/lib:/home/ubuntu/ros2_ws/install/image_geometry/lib:/home/ubuntu/ros2_ws/install/camera_info_manager/lib:/home/ubuntu/ros2_ws/install/camera_calibration_parsers/lib:/opt/ros/foxy/opt/yaml_cpp_vendor/lib:/opt/ros/foxy/lib/aarch64-linux-gnu:/opt/ros/foxy/lib PYTHONPATH=/home/ubuntu/ros2_ws/install/cv_bridge/lib/python3.8/site-packages:/home/ubuntu/ros2_ws/install/theora_image_transport/lib/python3.8/site-packages:/home/ubuntu/ros2_ws/install/opencv_tests/lib/python3.8/site-packages:/home/ubuntu/ros2_ws/install/image_geometry/lib/python3.8/site-packages:/home/ubuntu/turtlebot3_ws/build/turtlebot3_teleop:/home/ubuntu/turtlebot3_ws/install/turtlebot3_teleop/lib/python3.8/site-packages:/home/ubuntu/turtlebot3_ws/build/turtlebot3_example:/home/ubuntu/turtlebot3_ws/install/turtlebot3_example/lib/python3.8/site-packages:/opt/ros/foxy/lib/python3.8/site-packages /usr/bin/cmake /home/ubuntu/ros2_ws/src/image_transport_plugins/theora_image_transport -DAMENT_CMAKE_SYMLINK_INSTALL=1 -DCMAKE_INSTALL_PREFIX=/home/ubuntu/ros2_ws/install/theora_image_transport
[26.627s] Invoking command in '/home/ubuntu/ros2_ws/build/theora_image_transport': CMAKE_PREFIX_PATH=/home/ubuntu/ros2_ws/install/image_transport:/home/ubuntu/ros2_ws/install/cv_bridge:/home/ubuntu/cv_cam_ws/install/opencv_cam:/home/ubuntu/cv_cam_ws/install/ros2_shared:/home/ubuntu/ros2_ws/install/vision_opencv:/home/ubuntu/ros2_ws/install/v4l2_camera:/home/ubuntu/ros2_ws/install/image_transport_plugins:/home/ubuntu/ros2_ws/install/theora_image_transport:/home/ubuntu/ros2_ws/install/image_common:/home/ubuntu/ros2_ws/install/compressed_image_transport:/home/ubuntu/ros2_ws/install/compressed_depth_image_transport:/home/ubuntu/ros2_ws/install/image_geometry:/home/ubuntu/ros2_ws/install/camera_info_manager:/home/ubuntu/ros2_ws/install/camera_calibration_parsers:/home/ubuntu/turtlebot3_ws/install/turtlebot3:/home/ubuntu/turtlebot3_ws/install/turtlebot3_bringup:/home/ubuntu/turtlebot3_ws/install/turtlebot3_node:/home/ubuntu/turtlebot3_ws/install/turtlebot3_description:/home/ubuntu/turtlebot3_ws/install/ld08_driver:/home/ubuntu/ros2_ws/install/opencv_tests:/home/ubuntu/turtlebot3_ws/install/turtlebot3_teleop:/home/ubuntu/turtlebot3_ws/install/turtlebot3_example:/opt/ros/foxy LD_LIBRARY_PATH=/home/ubuntu/ros2_ws/install/image_transport/lib:/home/ubuntu/ros2_ws/install/cv_bridge/lib:/home/ubuntu/cv_cam_ws/install/opencv_cam/lib:/home/ubuntu/ros2_ws/install/v4l2_camera/lib:/home/ubuntu/ros2_ws/install/theora_image_transport/lib:/home/ubuntu/ros2_ws/install/compressed_image_transport/lib:/home/ubuntu/ros2_ws/install/compressed_depth_image_transport/lib:/home/ubuntu/ros2_ws/install/image_geometry/lib:/home/ubuntu/ros2_ws/install/camera_info_manager/lib:/home/ubuntu/ros2_ws/install/camera_calibration_parsers/lib:/opt/ros/foxy/opt/yaml_cpp_vendor/lib:/opt/ros/foxy/lib/aarch64-linux-gnu:/opt/ros/foxy/lib PYTHONPATH=/home/ubuntu/ros2_ws/install/cv_bridge/lib/python3.8/site-packages:/home/ubuntu/ros2_ws/install/theora_image_transport/lib/python3.8/site-packages:/home/ubuntu/ros2_ws/install/opencv_tests/lib/python3.8/site-packages:/home/ubuntu/ros2_ws/install/image_geometry/lib/python3.8/site-packages:/home/ubuntu/turtlebot3_ws/build/turtlebot3_teleop:/home/ubuntu/turtlebot3_ws/install/turtlebot3_teleop/lib/python3.8/site-packages:/home/ubuntu/turtlebot3_ws/build/turtlebot3_example:/home/ubuntu/turtlebot3_ws/install/turtlebot3_example/lib/python3.8/site-packages:/opt/ros/foxy/lib/python3.8/site-packages /usr/bin/cmake --build /home/ubuntu/ros2_ws/build/theora_image_transport -- -j4 -l4
[27.202s] [  2%] Built target theora_image_transport__cpp
[27.524s] [ 10%] Built target theora_image_transport__rosidl_generator_c
[27.846s] [ 18%] Built target theora_image_transport__rosidl_typesupport_fastrtps_cpp
[28.119s] [ 27%] Built target theora_image_transport__rosidl_typesupport_introspection_c
[28.418s] [ 35%] Built target theora_image_transport__rosidl_typesupport_c
[28.730s] [ 37%] Linking CXX shared library libtheora_image_transport__rosidl_typesupport_fastrtps_c.so
[29.812s] [ 43%] Built target theora_image_transport__rosidl_typesupport_fastrtps_c
[30.080s] [ 51%] Built target theora_image_transport__rosidl_typesupport_cpp
[30.356s] [ 59%] Built target theora_image_transport__rosidl_typesupport_introspection_cpp
[30.578s] [ 59%] Built target theora_image_transport
[30.809s] [ 62%] Built target theora_image_transport__py
[31.246s] [ 64%] Linking CXX executable ogg_saver
[37.062s] [ 67%] Built target ogg_saver
[37.379s] [ 72%] Built target theora_image_transport__python
[38.063s] [ 75%] Linking CXX shared library libtheora_image_transport_component.so
[49.542s] [ 83%] Built target theora_image_transport_component
[49.858s] [ 86%] Linking CXX shared library rosidl_generator_py/theora_image_transport/theora_image_transport_s__rosidl_typesupport_fastrtps_c.cpython-38-aarch64-linux-gnu.so
[50.791s] [ 89%] Built target theora_image_transport__rosidl_typesupport_fastrtps_c__pyext
[51.098s] [ 94%] Built target theora_image_transport__rosidl_typesupport_introspection_c__pyext
[51.410s] [100%] Built target theora_image_transport__rosidl_typesupport_c__pyext
[51.536s] Invoked command in '/home/ubuntu/ros2_ws/build/theora_image_transport' returned '0': CMAKE_PREFIX_PATH=/home/ubuntu/ros2_ws/install/image_transport:/home/ubuntu/ros2_ws/install/cv_bridge:/home/ubuntu/cv_cam_ws/install/opencv_cam:/home/ubuntu/cv_cam_ws/install/ros2_shared:/home/ubuntu/ros2_ws/install/vision_opencv:/home/ubuntu/ros2_ws/install/v4l2_camera:/home/ubuntu/ros2_ws/install/image_transport_plugins:/home/ubuntu/ros2_ws/install/theora_image_transport:/home/ubuntu/ros2_ws/install/image_common:/home/ubuntu/ros2_ws/install/compressed_image_transport:/home/ubuntu/ros2_ws/install/compressed_depth_image_transport:/home/ubuntu/ros2_ws/install/image_geometry:/home/ubuntu/ros2_ws/install/camera_info_manager:/home/ubuntu/ros2_ws/install/camera_calibration_parsers:/home/ubuntu/turtlebot3_ws/install/turtlebot3:/home/ubuntu/turtlebot3_ws/install/turtlebot3_bringup:/home/ubuntu/turtlebot3_ws/install/turtlebot3_node:/home/ubuntu/turtlebot3_ws/install/turtlebot3_description:/home/ubuntu/turtlebot3_ws/install/ld08_driver:/home/ubuntu/ros2_ws/install/opencv_tests:/home/ubuntu/turtlebot3_ws/install/turtlebot3_teleop:/home/ubuntu/turtlebot3_ws/install/turtlebot3_example:/opt/ros/foxy LD_LIBRARY_PATH=/home/ubuntu/ros2_ws/install/image_transport/lib:/home/ubuntu/ros2_ws/install/cv_bridge/lib:/home/ubuntu/cv_cam_ws/install/opencv_cam/lib:/home/ubuntu/ros2_ws/install/v4l2_camera/lib:/home/ubuntu/ros2_ws/install/theora_image_transport/lib:/home/ubuntu/ros2_ws/install/compressed_image_transport/lib:/home/ubuntu/ros2_ws/install/compressed_depth_image_transport/lib:/home/ubuntu/ros2_ws/install/image_geometry/lib:/home/ubuntu/ros2_ws/install/camera_info_manager/lib:/home/ubuntu/ros2_ws/install/camera_calibration_parsers/lib:/opt/ros/foxy/opt/yaml_cpp_vendor/lib:/opt/ros/foxy/lib/aarch64-linux-gnu:/opt/ros/foxy/lib PYTHONPATH=/home/ubuntu/ros2_ws/install/cv_bridge/lib/python3.8/site-packages:/home/ubuntu/ros2_ws/install/theora_image_transport/lib/python3.8/site-packages:/home/ubuntu/ros2_ws/install/opencv_tests/lib/python3.8/site-packages:/home/ubuntu/ros2_ws/install/image_geometry/lib/python3.8/site-packages:/home/ubuntu/turtlebot3_ws/build/turtlebot3_teleop:/home/ubuntu/turtlebot3_ws/install/turtlebot3_teleop/lib/python3.8/site-packages:/home/ubuntu/turtlebot3_ws/build/turtlebot3_example:/home/ubuntu/turtlebot3_ws/install/turtlebot3_example/lib/python3.8/site-packages:/opt/ros/foxy/lib/python3.8/site-packages /usr/bin/cmake --build /home/ubuntu/ros2_ws/build/theora_image_transport -- -j4 -l4
[52.469s] Invoking command in '/home/ubuntu/ros2_ws/build/theora_image_transport': CMAKE_PREFIX_PATH=/home/ubuntu/ros2_ws/install/image_transport:/home/ubuntu/ros2_ws/install/cv_bridge:/home/ubuntu/cv_cam_ws/install/opencv_cam:/home/ubuntu/cv_cam_ws/install/ros2_shared:/home/ubuntu/ros2_ws/install/vision_opencv:/home/ubuntu/ros2_ws/install/v4l2_camera:/home/ubuntu/ros2_ws/install/image_transport_plugins:/home/ubuntu/ros2_ws/install/theora_image_transport:/home/ubuntu/ros2_ws/install/image_common:/home/ubuntu/ros2_ws/install/compressed_image_transport:/home/ubuntu/ros2_ws/install/compressed_depth_image_transport:/home/ubuntu/ros2_ws/install/image_geometry:/home/ubuntu/ros2_ws/install/camera_info_manager:/home/ubuntu/ros2_ws/install/camera_calibration_parsers:/home/ubuntu/turtlebot3_ws/install/turtlebot3:/home/ubuntu/turtlebot3_ws/install/turtlebot3_bringup:/home/ubuntu/turtlebot3_ws/install/turtlebot3_node:/home/ubuntu/turtlebot3_ws/install/turtlebot3_description:/home/ubuntu/turtlebot3_ws/install/ld08_driver:/home/ubuntu/ros2_ws/install/opencv_tests:/home/ubuntu/turtlebot3_ws/install/turtlebot3_teleop:/home/ubuntu/turtlebot3_ws/install/turtlebot3_example:/opt/ros/foxy LD_LIBRARY_PATH=/home/ubuntu/ros2_ws/install/image_transport/lib:/home/ubuntu/ros2_ws/install/cv_bridge/lib:/home/ubuntu/cv_cam_ws/install/opencv_cam/lib:/home/ubuntu/ros2_ws/install/v4l2_camera/lib:/home/ubuntu/ros2_ws/install/theora_image_transport/lib:/home/ubuntu/ros2_ws/install/compressed_image_transport/lib:/home/ubuntu/ros2_ws/install/compressed_depth_image_transport/lib:/home/ubuntu/ros2_ws/install/image_geometry/lib:/home/ubuntu/ros2_ws/install/camera_info_manager/lib:/home/ubuntu/ros2_ws/install/camera_calibration_parsers/lib:/opt/ros/foxy/opt/yaml_cpp_vendor/lib:/opt/ros/foxy/lib/aarch64-linux-gnu:/opt/ros/foxy/lib PYTHONPATH=/home/ubuntu/ros2_ws/install/cv_bridge/lib/python3.8/site-packages:/home/ubuntu/ros2_ws/install/theora_image_transport/lib/python3.8/site-packages:/home/ubuntu/ros2_ws/install/opencv_tests/lib/python3.8/site-packages:/home/ubuntu/ros2_ws/install/image_geometry/lib/python3.8/site-packages:/home/ubuntu/turtlebot3_ws/build/turtlebot3_teleop:/home/ubuntu/turtlebot3_ws/install/turtlebot3_teleop/lib/python3.8/site-packages:/home/ubuntu/turtlebot3_ws/build/turtlebot3_example:/home/ubuntu/turtlebot3_ws/install/turtlebot3_example/lib/python3.8/site-packages:/opt/ros/foxy/lib/python3.8/site-packages /usr/bin/cmake --install /home/ubuntu/ros2_ws/build/theora_image_transport
[52.559s] -- Install configuration: ""
[52.573s] -- Execute custom install script
[52.588s] -- Up-to-date symlink: /home/ubuntu/ros2_ws/install/theora_image_transport/share/ament_index/resource_index/rosidl_interfaces/theora_image_transport
[52.613s] -- Up-to-date symlink: /home/ubuntu/ros2_ws/install/theora_image_transport/include/theora_image_transport/msg/detail/packet__functions.h
[52.620s] -- Up-to-date symlink: /home/ubuntu/ros2_ws/install/theora_image_transport/include/theora_image_transport/msg/detail/packet__struct.h
[52.626s] -- Up-to-date symlink: /home/ubuntu/ros2_ws/install/theora_image_transport/include/theora_image_transport/msg/detail/packet__type_support.h
[52.632s] -- Up-to-date symlink: /home/ubuntu/ros2_ws/install/theora_image_transport/include/theora_image_transport/msg/packet.h
[52.639s] -- Up-to-date symlink: /home/ubuntu/ros2_ws/install/theora_image_transport/include/theora_image_transport/msg/rosidl_generator_c__visibility_control.h
[52.681s] -- Up-to-date symlink: /home/ubuntu/ros2_ws/install/theora_image_transport/share/theora_image_transport/environment/library_path.sh
[52.688s] -- Up-to-date symlink: /home/ubuntu/ros2_ws/install/theora_image_transport/share/theora_image_transport/environment/library_path.dsv
[52.700s] -- Up-to-date symlink: /home/ubuntu/ros2_ws/install/theora_image_transport/include/theora_image_transport/msg/detail/packet__rosidl_typesupport_fastrtps_c.h
[52.705s] -- Up-to-date symlink: /home/ubuntu/ros2_ws/install/theora_image_transport/include/theora_image_transport/msg/rosidl_typesupport_fastrtps_c__visibility_control.h
[52.716s] -- Up-to-date symlink: /home/ubuntu/ros2_ws/install/theora_image_transport/lib/libtheora_image_transport__rosidl_typesupport_fastrtps_c.so
[52.728s] -- Up-to-date symlink: /home/ubuntu/ros2_ws/install/theora_image_transport/include/theora_image_transport/msg/detail/packet__rosidl_typesupport_fastrtps_cpp.hpp
[52.734s] -- Up-to-date symlink: /home/ubuntu/ros2_ws/install/theora_image_transport/include/theora_image_transport/msg/rosidl_typesupport_fastrtps_cpp__visibility_control.h
[52.756s] -- Up-to-date symlink: /home/ubuntu/ros2_ws/install/theora_image_transport/lib/libtheora_image_transport__rosidl_typesupport_fastrtps_cpp.so
[52.762s] -- Up-to-date symlink: /home/ubuntu/ros2_ws/install/theora_image_transport/include/theora_image_transport/msg/detail/packet__rosidl_typesupport_introspection_c.h
[52.768s] -- Up-to-date symlink: /home/ubuntu/ros2_ws/install/theora_image_transport/include/theora_image_transport/msg/rosidl_typesupport_introspection_c__visibility_control.h
[52.777s] -- Up-to-date symlink: /home/ubuntu/ros2_ws/install/theora_image_transport/include/theora_image_transport/msg/detail/packet__builder.hpp
[52.783s] -- Up-to-date symlink: /home/ubuntu/ros2_ws/install/theora_image_transport/include/theora_image_transport/msg/detail/packet__struct.hpp
[52.789s] -- Up-to-date symlink: /home/ubuntu/ros2_ws/install/theora_image_transport/include/theora_image_transport/msg/detail/packet__traits.hpp
[52.795s] -- Up-to-date symlink: /home/ubuntu/ros2_ws/install/theora_image_transport/include/theora_image_transport/msg/packet.hpp
[52.805s] -- Up-to-date symlink: /home/ubuntu/ros2_ws/install/theora_image_transport/include/theora_image_transport/msg/detail/packet__rosidl_typesupport_introspection_cpp.hpp
[52.811s] -- Up-to-date symlink: /home/ubuntu/ros2_ws/install/theora_image_transport/share/theora_image_transport/environment/pythonpath.sh
[52.818s] -- Up-to-date symlink: /home/ubuntu/ros2_ws/install/theora_image_transport/share/theora_image_transport/environment/pythonpath.dsv
[52.830s] -- Up-to-date symlink: /home/ubuntu/ros2_ws/install/theora_image_transport/lib/python3.8/site-packages/theora_image_transport/__init__.py
[52.842s] -- Up-to-date symlink: /home/ubuntu/ros2_ws/install/theora_image_transport/lib/python3.8/site-packages/theora_image_transport/msg/__init__.py
[52.848s] -- Up-to-date symlink: /home/ubuntu/ros2_ws/install/theora_image_transport/lib/python3.8/site-packages/theora_image_transport/msg/_packet.py
[52.860s] -- Up-to-date symlink: /home/ubuntu/ros2_ws/install/theora_image_transport/lib/python3.8/site-packages/theora_image_transport/theora_image_transport_s__rosidl_typesupport_fastrtps_c.cpython-38-aarch64-linux-gnu.so
[52.872s] -- Up-to-date symlink: /home/ubuntu/ros2_ws/install/theora_image_transport/lib/python3.8/site-packages/theora_image_transport/theora_image_transport_s__rosidl_typesupport_introspection_c.cpython-38-aarch64-linux-gnu.so
[52.883s] -- Up-to-date symlink: /home/ubuntu/ros2_ws/install/theora_image_transport/lib/python3.8/site-packages/theora_image_transport/theora_image_transport_s__rosidl_typesupport_c.cpython-38-aarch64-linux-gnu.so
[52.894s] -- Up-to-date symlink: /home/ubuntu/ros2_ws/install/theora_image_transport/lib/libtheora_image_transport__python.so
[52.904s] -- Up-to-date symlink: /home/ubuntu/ros2_ws/install/theora_image_transport/share/theora_image_transport/msg/Packet.idl
[52.911s] -- Up-to-date symlink: /home/ubuntu/ros2_ws/install/theora_image_transport/share/theora_image_transport/msg/Packet.msg
[52.926s] -- Up-to-date symlink: /home/ubuntu/ros2_ws/install/theora_image_transport/lib/theora_image_transport/libtheora_image_transport_component.so
[52.929s] -- Up-to-date symlink: /home/ubuntu/ros2_ws/install/theora_image_transport/bin/ogg_saver
[52.939s] -- Up-to-date symlink: /home/ubuntu/ros2_ws/install/theora_image_transport/include/theora_image_transport/theora_publisher.h
[52.944s] -- Up-to-date symlink: /home/ubuntu/ros2_ws/install/theora_image_transport/include/theora_image_transport/theora_subscriber.h
[52.950s] -- Up-to-date symlink: /home/ubuntu/ros2_ws/install/theora_image_transport/share/theora_image_transport//theora_plugins.xml
[52.962s] -- Up-to-date symlink: /home/ubuntu/ros2_ws/install/theora_image_transport/share/ament_index/resource_index/package_run_dependencies/theora_image_transport
[52.972s] -- Up-to-date symlink: /home/ubuntu/ros2_ws/install/theora_image_transport/share/ament_index/resource_index/parent_prefix_path/theora_image_transport
[53.002s] -- Up-to-date symlink: /home/ubuntu/ros2_ws/install/theora_image_transport/share/theora_image_transport/environment/ament_prefix_path.sh
[53.009s] -- Up-to-date symlink: /home/ubuntu/ros2_ws/install/theora_image_transport/share/theora_image_transport/environment/ament_prefix_path.dsv
[53.015s] -- Up-to-date symlink: /home/ubuntu/ros2_ws/install/theora_image_transport/share/theora_image_transport/environment/path.sh
[53.022s] -- Up-to-date symlink: /home/ubuntu/ros2_ws/install/theora_image_transport/share/theora_image_transport/environment/path.dsv
[53.029s] -- Up-to-date symlink: /home/ubuntu/ros2_ws/install/theora_image_transport/share/theora_image_transport/local_setup.bash
[53.036s] -- Up-to-date symlink: /home/ubuntu/ros2_ws/install/theora_image_transport/share/theora_image_transport/local_setup.sh
[53.043s] -- Up-to-date symlink: /home/ubuntu/ros2_ws/install/theora_image_transport/share/theora_image_transport/local_setup.zsh
[53.050s] -- Up-to-date symlink: /home/ubuntu/ros2_ws/install/theora_image_transport/share/theora_image_transport/local_setup.dsv
[53.052s] -- Symlinking: /home/ubuntu/ros2_ws/install/theora_image_transport/share/theora_image_transport/package.dsv
[53.155s] -- Up-to-date symlink: /home/ubuntu/ros2_ws/install/theora_image_transport/share/ament_index/resource_index/packages/theora_image_transport
[53.166s] -- Up-to-date symlink: /home/ubuntu/ros2_ws/install/theora_image_transport/share/ament_index/resource_index/image_transport__pluginlib__plugin/theora_image_transport
[53.176s] -- Up-to-date symlink: /home/ubuntu/ros2_ws/install/theora_image_transport/share/theora_image_transport/cmake/rosidl_cmake-extras.cmake
[53.183s] -- Up-to-date symlink: /home/ubuntu/ros2_ws/install/theora_image_transport/share/theora_image_transport/cmake/ament_cmake_export_dependencies-extras.cmake
[53.190s] -- Up-to-date symlink: /home/ubuntu/ros2_ws/install/theora_image_transport/share/theora_image_transport/cmake/ament_cmake_export_libraries-extras.cmake
[53.196s] -- Up-to-date symlink: /home/ubuntu/ros2_ws/install/theora_image_transport/share/theora_image_transport/cmake/ament_cmake_export_targets-extras.cmake
[53.203s] -- Up-to-date symlink: /home/ubuntu/ros2_ws/install/theora_image_transport/share/theora_image_transport/cmake/ament_cmake_export_include_directories-extras.cmake
[53.210s] -- Up-to-date symlink: /home/ubuntu/ros2_ws/install/theora_image_transport/share/theora_image_transport/cmake/rosidl_cmake_export_typesupport_libraries-extras.cmake
[53.216s] -- Up-to-date symlink: /home/ubuntu/ros2_ws/install/theora_image_transport/share/theora_image_transport/cmake/rosidl_cmake_export_typesupport_targets-extras.cmake
[53.223s] -- Up-to-date symlink: /home/ubuntu/ros2_ws/install/theora_image_transport/share/theora_image_transport/cmake/theora_image_transportConfig.cmake
[53.229s] -- Up-to-date symlink: /home/ubuntu/ros2_ws/install/theora_image_transport/share/theora_image_transport/cmake/theora_image_transportConfig-version.cmake
[53.236s] -- Up-to-date symlink: /home/ubuntu/ros2_ws/install/theora_image_transport/share/theora_image_transport/package.xml
[53.250s] -- Up-to-date: /home/ubuntu/ros2_ws/install/theora_image_transport/lib/libtheora_image_transport__rosidl_generator_c.so
[53.259s] -- Up-to-date: /home/ubuntu/ros2_ws/install/theora_image_transport/lib/libtheora_image_transport__rosidl_typesupport_introspection_c.so
[53.268s] -- Up-to-date: /home/ubuntu/ros2_ws/install/theora_image_transport/lib/libtheora_image_transport__rosidl_typesupport_c.so
[53.283s] -- Up-to-date: /home/ubuntu/ros2_ws/install/theora_image_transport/lib/libtheora_image_transport__rosidl_typesupport_introspection_cpp.so
[53.292s] -- Up-to-date: /home/ubuntu/ros2_ws/install/theora_image_transport/lib/libtheora_image_transport__rosidl_typesupport_cpp.so
[54.155s] Compiling '/home/ubuntu/ros2_ws/install/theora_image_transport/lib/python3.8/site-packages/theora_image_transport/__init__.py'...
[54.215s] -- Up-to-date: /home/ubuntu/ros2_ws/install/theora_image_transport/share/theora_image_transport/cmake/theora_image_transport__rosidl_generator_cExport.cmake
[54.216s] -- Installing: /home/ubuntu/ros2_ws/install/theora_image_transport/share/theora_image_transport/cmake/theora_image_transport__rosidl_generator_cExport-noconfig.cmake
[54.239s] -- Up-to-date: /home/ubuntu/ros2_ws/install/theora_image_transport/share/theora_image_transport/cmake/theora_image_transport__rosidl_typesupport_introspection_cExport.cmake
[54.241s] -- Installing: /home/ubuntu/ros2_ws/install/theora_image_transport/share/theora_image_transport/cmake/theora_image_transport__rosidl_typesupport_introspection_cExport-noconfig.cmake
[54.255s] -- Up-to-date: /home/ubuntu/ros2_ws/install/theora_image_transport/share/theora_image_transport/cmake/theora_image_transport__rosidl_typesupport_cExport.cmake
[54.257s] -- Installing: /home/ubuntu/ros2_ws/install/theora_image_transport/share/theora_image_transport/cmake/theora_image_transport__rosidl_typesupport_cExport-noconfig.cmake
[54.272s] -- Up-to-date: /home/ubuntu/ros2_ws/install/theora_image_transport/share/theora_image_transport/cmake/theora_image_transport__rosidl_generator_cppExport.cmake
[54.282s] -- Up-to-date: /home/ubuntu/ros2_ws/install/theora_image_transport/share/theora_image_transport/cmake/theora_image_transport__rosidl_typesupport_introspection_cppExport.cmake
[54.283s] -- Installing: /home/ubuntu/ros2_ws/install/theora_image_transport/share/theora_image_transport/cmake/theora_image_transport__rosidl_typesupport_introspection_cppExport-noconfig.cmake
[54.298s] -- Up-to-date: /home/ubuntu/ros2_ws/install/theora_image_transport/share/theora_image_transport/cmake/theora_image_transport__rosidl_typesupport_cppExport.cmake
[54.300s] -- Installing: /home/ubuntu/ros2_ws/install/theora_image_transport/share/theora_image_transport/cmake/theora_image_transport__rosidl_typesupport_cppExport-noconfig.cmake
[54.330s] Invoked command in '/home/ubuntu/ros2_ws/build/theora_image_transport' returned '0': CMAKE_PREFIX_PATH=/home/ubuntu/ros2_ws/install/image_transport:/home/ubuntu/ros2_ws/install/cv_bridge:/home/ubuntu/cv_cam_ws/install/opencv_cam:/home/ubuntu/cv_cam_ws/install/ros2_shared:/home/ubuntu/ros2_ws/install/vision_opencv:/home/ubuntu/ros2_ws/install/v4l2_camera:/home/ubuntu/ros2_ws/install/image_transport_plugins:/home/ubuntu/ros2_ws/install/theora_image_transport:/home/ubuntu/ros2_ws/install/image_common:/home/ubuntu/ros2_ws/install/compressed_image_transport:/home/ubuntu/ros2_ws/install/compressed_depth_image_transport:/home/ubuntu/ros2_ws/install/image_geometry:/home/ubuntu/ros2_ws/install/camera_info_manager:/home/ubuntu/ros2_ws/install/camera_calibration_parsers:/home/ubuntu/turtlebot3_ws/install/turtlebot3:/home/ubuntu/turtlebot3_ws/install/turtlebot3_bringup:/home/ubuntu/turtlebot3_ws/install/turtlebot3_node:/home/ubuntu/turtlebot3_ws/install/turtlebot3_description:/home/ubuntu/turtlebot3_ws/install/ld08_driver:/home/ubuntu/ros2_ws/install/opencv_tests:/home/ubuntu/turtlebot3_ws/install/turtlebot3_teleop:/home/ubuntu/turtlebot3_ws/install/turtlebot3_example:/opt/ros/foxy LD_LIBRARY_PATH=/home/ubuntu/ros2_ws/install/image_transport/lib:/home/ubuntu/ros2_ws/install/cv_bridge/lib:/home/ubuntu/cv_cam_ws/install/opencv_cam/lib:/home/ubuntu/ros2_ws/install/v4l2_camera/lib:/home/ubuntu/ros2_ws/install/theora_image_transport/lib:/home/ubuntu/ros2_ws/install/compressed_image_transport/lib:/home/ubuntu/ros2_ws/install/compressed_depth_image_transport/lib:/home/ubuntu/ros2_ws/install/image_geometry/lib:/home/ubuntu/ros2_ws/install/camera_info_manager/lib:/home/ubuntu/ros2_ws/install/camera_calibration_parsers/lib:/opt/ros/foxy/opt/yaml_cpp_vendor/lib:/opt/ros/foxy/lib/aarch64-linux-gnu:/opt/ros/foxy/lib PYTHONPATH=/home/ubuntu/ros2_ws/install/cv_bridge/lib/python3.8/site-packages:/home/ubuntu/ros2_ws/install/theora_image_transport/lib/python3.8/site-packages:/home/ubuntu/ros2_ws/install/opencv_tests/lib/python3.8/site-packages:/home/ubuntu/ros2_ws/install/image_geometry/lib/python3.8/site-packages:/home/ubuntu/turtlebot3_ws/build/turtlebot3_teleop:/home/ubuntu/turtlebot3_ws/install/turtlebot3_teleop/lib/python3.8/site-packages:/home/ubuntu/turtlebot3_ws/build/turtlebot3_example:/home/ubuntu/turtlebot3_ws/install/turtlebot3_example/lib/python3.8/site-packages:/opt/ros/foxy/lib/python3.8/site-packages /usr/bin/cmake --install /home/ubuntu/ros2_ws/build/theora_image_transport
