[0.561s] Invoking command in '/home/ubuntu/ros2_ws/build/tracetools_image_pipeline': CMAKE_PREFIX_PATH=${CMAKE_PREFIX_PATH}:/home/ubuntu/ros2_ws/install/opencv_tests:/home/ubuntu/ros2_ws/install/camera_calibration:/home/ubuntu/turtlebot3_ws/install/turtlebot3_teleop:/home/ubuntu/turtlebot3_ws/install/turtlebot3_example:/opt/ros/foxy /usr/bin/cmake --build /home/ubuntu/ros2_ws/build/tracetools_image_pipeline -- -j4 -l4
[1.386s] [ 60%] Built target tracetools_image_pipeline
[1.764s] [100%] Built target status
[3.500s] Invoked command in '/home/ubuntu/ros2_ws/build/tracetools_image_pipeline' returned '0': CMAKE_PREFIX_PATH=${CMAKE_PREFIX_PATH}:/home/ubuntu/ros2_ws/install/opencv_tests:/home/ubuntu/ros2_ws/install/camera_calibration:/home/ubuntu/turtlebot3_ws/install/turtlebot3_teleop:/home/ubuntu/turtlebot3_ws/install/turtlebot3_example:/opt/ros/foxy /usr/bin/cmake --build /home/ubuntu/ros2_ws/build/tracetools_image_pipeline -- -j4 -l4
[4.158s] Invoking command in '/home/ubuntu/ros2_ws/build/tracetools_image_pipeline': CMAKE_PREFIX_PATH=${CMAKE_PREFIX_PATH}:/home/ubuntu/ros2_ws/install/opencv_tests:/home/ubuntu/ros2_ws/install/camera_calibration:/home/ubuntu/turtlebot3_ws/install/turtlebot3_teleop:/home/ubuntu/turtlebot3_ws/install/turtlebot3_example:/opt/ros/foxy /usr/bin/cmake --install /home/ubuntu/ros2_ws/build/tracetools_image_pipeline
[4.347s] -- Install configuration: ""
[4.363s] -- Execute custom install script
[4.374s] -- Up-to-date symlink: /home/ubuntu/ros2_ws/install/tracetools_image_pipeline/share/tracetools_image_pipeline/environment/library_path.sh
[4.381s] -- Up-to-date symlink: /home/ubuntu/ros2_ws/install/tracetools_image_pipeline/share/tracetools_image_pipeline/environment/library_path.dsv
[4.393s] -- Up-to-date symlink: /home/ubuntu/ros2_ws/install/tracetools_image_pipeline/lib/tracetools_image_pipeline/status
[4.410s] -- Up-to-date symlink: /home/ubuntu/ros2_ws/install/tracetools_image_pipeline/include/tracetools_image_pipeline/config.h
[4.420s] -- Up-to-date symlink: /home/ubuntu/ros2_ws/install/tracetools_image_pipeline/include/tracetools_image_pipeline/tracetools.h
[4.432s] -- Up-to-date symlink: /home/ubuntu/ros2_ws/install/tracetools_image_pipeline/include/tracetools_image_pipeline/utils.hpp
[4.438s] -- Up-to-date symlink: /home/ubuntu/ros2_ws/install/tracetools_image_pipeline/include/tracetools_image_pipeline/visibility_control.hpp
[4.448s] -- Up-to-date symlink: /home/ubuntu/ros2_ws/install/tracetools_image_pipeline/share/ament_index/resource_index/package_run_dependencies/tracetools_image_pipeline
[4.461s] -- Up-to-date symlink: /home/ubuntu/ros2_ws/install/tracetools_image_pipeline/share/ament_index/resource_index/parent_prefix_path/tracetools_image_pipeline
[4.471s] -- Up-to-date symlink: /home/ubuntu/ros2_ws/install/tracetools_image_pipeline/share/tracetools_image_pipeline/environment/ament_prefix_path.sh
[4.474s] -- Up-to-date symlink: /home/ubuntu/ros2_ws/install/tracetools_image_pipeline/share/tracetools_image_pipeline/environment/ament_prefix_path.dsv
[4.493s] -- Up-to-date symlink: /home/ubuntu/ros2_ws/install/tracetools_image_pipeline/share/tracetools_image_pipeline/environment/path.sh
[4.504s] -- Up-to-date symlink: /home/ubuntu/ros2_ws/install/tracetools_image_pipeline/share/tracetools_image_pipeline/environment/path.dsv
[4.509s] -- Up-to-date symlink: /home/ubuntu/ros2_ws/install/tracetools_image_pipeline/share/tracetools_image_pipeline/local_setup.bash
[4.520s] -- Up-to-date symlink: /home/ubuntu/ros2_ws/install/tracetools_image_pipeline/share/tracetools_image_pipeline/local_setup.sh
[4.527s] -- Up-to-date symlink: /home/ubuntu/ros2_ws/install/tracetools_image_pipeline/share/tracetools_image_pipeline/local_setup.zsh
[4.537s] -- Up-to-date symlink: /home/ubuntu/ros2_ws/install/tracetools_image_pipeline/share/tracetools_image_pipeline/local_setup.dsv
[4.547s] -- Symlinking: /home/ubuntu/ros2_ws/install/tracetools_image_pipeline/share/tracetools_image_pipeline/package.dsv
[4.835s] -- Up-to-date symlink: /home/ubuntu/ros2_ws/install/tracetools_image_pipeline/share/ament_index/resource_index/packages/tracetools_image_pipeline
[4.841s] -- Up-to-date symlink: /home/ubuntu/ros2_ws/install/tracetools_image_pipeline/share/tracetools_image_pipeline/cmake/ament_cmake_export_targets-extras.cmake
[4.846s] -- Up-to-date symlink: /home/ubuntu/ros2_ws/install/tracetools_image_pipeline/share/tracetools_image_pipeline/cmake/ament_cmake_export_include_directories-extras.cmake
[4.854s] -- Up-to-date symlink: /home/ubuntu/ros2_ws/install/tracetools_image_pipeline/share/tracetools_image_pipeline/cmake/ament_cmake_export_libraries-extras.cmake
[4.869s] -- Up-to-date symlink: /home/ubuntu/ros2_ws/install/tracetools_image_pipeline/share/tracetools_image_pipeline/cmake/tracetools_image_pipelineConfig.cmake
[4.873s] -- Up-to-date symlink: /home/ubuntu/ros2_ws/install/tracetools_image_pipeline/share/tracetools_image_pipeline/cmake/tracetools_image_pipelineConfig-version.cmake
[4.881s] -- Up-to-date symlink: /home/ubuntu/ros2_ws/install/tracetools_image_pipeline/share/tracetools_image_pipeline/package.xml
[4.887s] -- Up-to-date: /home/ubuntu/ros2_ws/install/tracetools_image_pipeline/lib/libtracetools_image_pipeline.so
[4.894s] -- Up-to-date: /home/ubuntu/ros2_ws/install/tracetools_image_pipeline/share/tracetools_image_pipeline/cmake/tracetools_image_pipeline_exportExport.cmake
[4.896s] -- Up-to-date: /home/ubuntu/ros2_ws/install/tracetools_image_pipeline/share/tracetools_image_pipeline/cmake/tracetools_image_pipeline_exportExport-noconfig.cmake
[4.912s] Invoked command in '/home/ubuntu/ros2_ws/build/tracetools_image_pipeline' returned '0': CMAKE_PREFIX_PATH=${CMAKE_PREFIX_PATH}:/home/ubuntu/ros2_ws/install/opencv_tests:/home/ubuntu/ros2_ws/install/camera_calibration:/home/ubuntu/turtlebot3_ws/install/turtlebot3_teleop:/home/ubuntu/turtlebot3_ws/install/turtlebot3_example:/opt/ros/foxy /usr/bin/cmake --install /home/ubuntu/ros2_ws/build/tracetools_image_pipeline
