[3.000s] DEBUG:colcon:Command line arguments: ['/usr/bin/colcon', 'build']
[3.001s] DEBUG:colcon:Parsed command line arguments: Namespace(ament_cmake_args=None, base_paths=['.'], build_base='build', catkin_cmake_args=None, catkin_skip_building_tests=False, cmake_args=None, cmake_clean_cache=False, cmake_clean_first=False, cmake_force_configure=False, cmake_target=None, cmake_target_skip_unavailable=False, continue_on_error=False, event_handlers=None, executor='parallel', ignore_user_meta=False, install_base='install', log_base=None, log_level=None, main=<bound method BuildVerb.main of <colcon_core.verb.build.BuildVerb object at 0xffffb79a5160>>, merge_install=False, metas=['./colcon.meta'], packages_above=None, packages_above_and_dependencies=None, packages_above_depth=None, packages_end=None, packages_ignore=None, packages_ignore_regex=None, packages_select=None, packages_select_build_failed=False, packages_select_by_dep=None, packages_select_regex=None, packages_select_test_failures=False, packages_skip=None, packages_skip_build_finished=False, packages_skip_by_dep=None, packages_skip_regex=None, packages_skip_test_passed=False, packages_skip_up_to=None, packages_start=None, packages_up_to=None, packages_up_to_regex=None, parallel_workers=4, paths=None, symlink_install=False, test_result_base=None, verb_extension=<colcon_core.verb.build.BuildVerb object at 0xffffb79a5160>, verb_name='build', verb_parser=<colcon_defaults.argument_parser.defaults.DefaultArgumentsDecorator object at 0xffffb79a56a0>)
[3.056s] Level 1:colcon.colcon_core.package_discovery:discover_packages(colcon_meta) check parameters
[3.057s] Level 1:colcon.colcon_core.package_discovery:discover_packages(recursive) check parameters
[3.057s] Level 1:colcon.colcon_core.package_discovery:discover_packages(ignore) check parameters
[3.058s] Level 1:colcon.colcon_core.package_discovery:discover_packages(path) check parameters
[3.058s] Level 1:colcon.colcon_core.package_discovery:discover_packages(colcon_meta) discover
[3.059s] Level 1:colcon.colcon_core.package_discovery:discover_packages(recursive) discover
[3.059s] INFO:colcon.colcon_core.package_discovery:Crawling recursively for packages in '/home/ubuntu/cv_cam_ws'
[3.061s] Level 1:colcon.colcon_core.package_identification:_identify(.) by extensions ['ignore', 'ignore_ament_install']
[3.062s] Level 1:colcon.colcon_core.package_identification:_identify(.) by extension 'ignore'
[3.063s] Level 1:colcon.colcon_core.package_identification:_identify(.) by extension 'ignore_ament_install'
[3.063s] Level 1:colcon.colcon_core.package_identification:_identify(.) by extensions ['colcon_pkg']
[3.064s] Level 1:colcon.colcon_core.package_identification:_identify(.) by extension 'colcon_pkg'
[3.064s] Level 1:colcon.colcon_core.package_identification:_identify(.) by extensions ['colcon_meta']
[3.065s] Level 1:colcon.colcon_core.package_identification:_identify(.) by extension 'colcon_meta'
[3.065s] Level 1:colcon.colcon_core.package_identification:_identify(.) by extensions ['ros']
[3.065s] Level 1:colcon.colcon_core.package_identification:_identify(.) by extension 'ros'
[3.171s] Level 1:colcon.colcon_core.package_identification:_identify(.) by extensions ['cmake', 'python']
[3.172s] Level 1:colcon.colcon_core.package_identification:_identify(.) by extension 'cmake'
[3.173s] Level 1:colcon.colcon_core.package_identification:_identify(.) by extension 'python'
[3.174s] Level 1:colcon.colcon_core.package_identification:_identify(.) by extensions ['python_setup_py']
[3.174s] Level 1:colcon.colcon_core.package_identification:_identify(.) by extension 'python_setup_py'
[3.176s] Level 1:colcon.colcon_core.package_identification:_identify(build) by extensions ['ignore', 'ignore_ament_install']
[3.177s] Level 1:colcon.colcon_core.package_identification:_identify(build) by extension 'ignore'
[3.178s] Level 1:colcon.colcon_core.package_identification:_identify(build) ignored
[3.179s] Level 1:colcon.colcon_core.package_identification:_identify(install) by extensions ['ignore', 'ignore_ament_install']
[3.180s] Level 1:colcon.colcon_core.package_identification:_identify(install) by extension 'ignore'
[3.181s] Level 1:colcon.colcon_core.package_identification:_identify(install) ignored
[3.182s] Level 1:colcon.colcon_core.package_identification:_identify(log) by extensions ['ignore', 'ignore_ament_install']
[3.183s] Level 1:colcon.colcon_core.package_identification:_identify(log) by extension 'ignore'
[3.184s] Level 1:colcon.colcon_core.package_identification:_identify(log) ignored
[3.185s] Level 1:colcon.colcon_core.package_identification:_identify(src) by extensions ['ignore', 'ignore_ament_install']
[3.186s] Level 1:colcon.colcon_core.package_identification:_identify(src) by extension 'ignore'
[3.186s] Level 1:colcon.colcon_core.package_identification:_identify(src) by extension 'ignore_ament_install'
[3.187s] Level 1:colcon.colcon_core.package_identification:_identify(src) by extensions ['colcon_pkg']
[3.188s] Level 1:colcon.colcon_core.package_identification:_identify(src) by extension 'colcon_pkg'
[3.188s] Level 1:colcon.colcon_core.package_identification:_identify(src) by extensions ['colcon_meta']
[3.189s] Level 1:colcon.colcon_core.package_identification:_identify(src) by extension 'colcon_meta'
[3.189s] Level 1:colcon.colcon_core.package_identification:_identify(src) by extensions ['ros']
[3.190s] Level 1:colcon.colcon_core.package_identification:_identify(src) by extension 'ros'
[3.191s] Level 1:colcon.colcon_core.package_identification:_identify(src) by extensions ['cmake', 'python']
[3.191s] Level 1:colcon.colcon_core.package_identification:_identify(src) by extension 'cmake'
[3.192s] Level 1:colcon.colcon_core.package_identification:_identify(src) by extension 'python'
[3.192s] Level 1:colcon.colcon_core.package_identification:_identify(src) by extensions ['python_setup_py']
[3.193s] Level 1:colcon.colcon_core.package_identification:_identify(src) by extension 'python_setup_py'
[3.194s] Level 1:colcon.colcon_core.package_identification:_identify(src/ROS2_turtlebot3_project) by extensions ['ignore', 'ignore_ament_install']
[3.195s] Level 1:colcon.colcon_core.package_identification:_identify(src/ROS2_turtlebot3_project) by extension 'ignore'
[3.195s] Level 1:colcon.colcon_core.package_identification:_identify(src/ROS2_turtlebot3_project) by extension 'ignore_ament_install'
[3.196s] Level 1:colcon.colcon_core.package_identification:_identify(src/ROS2_turtlebot3_project) by extensions ['colcon_pkg']
[3.196s] Level 1:colcon.colcon_core.package_identification:_identify(src/ROS2_turtlebot3_project) by extension 'colcon_pkg'
[3.197s] Level 1:colcon.colcon_core.package_identification:_identify(src/ROS2_turtlebot3_project) by extensions ['colcon_meta']
[3.197s] Level 1:colcon.colcon_core.package_identification:_identify(src/ROS2_turtlebot3_project) by extension 'colcon_meta'
[3.198s] Level 1:colcon.colcon_core.package_identification:_identify(src/ROS2_turtlebot3_project) by extensions ['ros']
[3.198s] Level 1:colcon.colcon_core.package_identification:_identify(src/ROS2_turtlebot3_project) by extension 'ros'
[3.199s] Level 1:colcon.colcon_core.package_identification:_identify(src/ROS2_turtlebot3_project) by extensions ['cmake', 'python']
[3.200s] Level 1:colcon.colcon_core.package_identification:_identify(src/ROS2_turtlebot3_project) by extension 'cmake'
[3.200s] Level 1:colcon.colcon_core.package_identification:_identify(src/ROS2_turtlebot3_project) by extension 'python'
[3.201s] Level 1:colcon.colcon_core.package_identification:_identify(src/ROS2_turtlebot3_project) by extensions ['python_setup_py']
[3.201s] Level 1:colcon.colcon_core.package_identification:_identify(src/ROS2_turtlebot3_project) by extension 'python_setup_py'
[3.202s] Level 1:colcon.colcon_core.package_identification:_identify(src/ROS2_turtlebot3_project/cv_cam_ws) by extensions ['ignore', 'ignore_ament_install']
[3.203s] Level 1:colcon.colcon_core.package_identification:_identify(src/ROS2_turtlebot3_project/cv_cam_ws) by extension 'ignore'
[3.204s] Level 1:colcon.colcon_core.package_identification:_identify(src/ROS2_turtlebot3_project/cv_cam_ws) by extension 'ignore_ament_install'
[3.206s] Level 1:colcon.colcon_core.package_identification:_identify(src/ROS2_turtlebot3_project/cv_cam_ws) by extensions ['colcon_pkg']
[3.206s] Level 1:colcon.colcon_core.package_identification:_identify(src/ROS2_turtlebot3_project/cv_cam_ws) by extension 'colcon_pkg'
[3.207s] Level 1:colcon.colcon_core.package_identification:_identify(src/ROS2_turtlebot3_project/cv_cam_ws) by extensions ['colcon_meta']
[3.207s] Level 1:colcon.colcon_core.package_identification:_identify(src/ROS2_turtlebot3_project/cv_cam_ws) by extension 'colcon_meta'
[3.208s] Level 1:colcon.colcon_core.package_identification:_identify(src/ROS2_turtlebot3_project/cv_cam_ws) by extensions ['ros']
[3.208s] Level 1:colcon.colcon_core.package_identification:_identify(src/ROS2_turtlebot3_project/cv_cam_ws) by extension 'ros'
[3.209s] Level 1:colcon.colcon_core.package_identification:_identify(src/ROS2_turtlebot3_project/cv_cam_ws) by extensions ['cmake', 'python']
[3.210s] Level 1:colcon.colcon_core.package_identification:_identify(src/ROS2_turtlebot3_project/cv_cam_ws) by extension 'cmake'
[3.210s] Level 1:colcon.colcon_core.package_identification:_identify(src/ROS2_turtlebot3_project/cv_cam_ws) by extension 'python'
[3.211s] Level 1:colcon.colcon_core.package_identification:_identify(src/ROS2_turtlebot3_project/cv_cam_ws) by extensions ['python_setup_py']
[3.211s] Level 1:colcon.colcon_core.package_identification:_identify(src/ROS2_turtlebot3_project/cv_cam_ws) by extension 'python_setup_py'
[3.212s] Level 1:colcon.colcon_core.package_identification:_identify(src/ROS2_turtlebot3_project/cv_cam_ws/src) by extensions ['ignore', 'ignore_ament_install']
[3.213s] Level 1:colcon.colcon_core.package_identification:_identify(src/ROS2_turtlebot3_project/cv_cam_ws/src) by extension 'ignore'
[3.214s] Level 1:colcon.colcon_core.package_identification:_identify(src/ROS2_turtlebot3_project/cv_cam_ws/src) by extension 'ignore_ament_install'
[3.214s] Level 1:colcon.colcon_core.package_identification:_identify(src/ROS2_turtlebot3_project/cv_cam_ws/src) by extensions ['colcon_pkg']
[3.215s] Level 1:colcon.colcon_core.package_identification:_identify(src/ROS2_turtlebot3_project/cv_cam_ws/src) by extension 'colcon_pkg'
[3.216s] Level 1:colcon.colcon_core.package_identification:_identify(src/ROS2_turtlebot3_project/cv_cam_ws/src) by extensions ['colcon_meta']
[3.216s] Level 1:colcon.colcon_core.package_identification:_identify(src/ROS2_turtlebot3_project/cv_cam_ws/src) by extension 'colcon_meta'
[3.217s] Level 1:colcon.colcon_core.package_identification:_identify(src/ROS2_turtlebot3_project/cv_cam_ws/src) by extensions ['ros']
[3.217s] Level 1:colcon.colcon_core.package_identification:_identify(src/ROS2_turtlebot3_project/cv_cam_ws/src) by extension 'ros'
[3.218s] Level 1:colcon.colcon_core.package_identification:_identify(src/ROS2_turtlebot3_project/cv_cam_ws/src) by extensions ['cmake', 'python']
[3.219s] Level 1:colcon.colcon_core.package_identification:_identify(src/ROS2_turtlebot3_project/cv_cam_ws/src) by extension 'cmake'
[3.220s] Level 1:colcon.colcon_core.package_identification:_identify(src/ROS2_turtlebot3_project/cv_cam_ws/src) by extension 'python'
[3.221s] Level 1:colcon.colcon_core.package_identification:_identify(src/ROS2_turtlebot3_project/cv_cam_ws/src) by extensions ['python_setup_py']
[3.221s] Level 1:colcon.colcon_core.package_identification:_identify(src/ROS2_turtlebot3_project/cv_cam_ws/src) by extension 'python_setup_py'
[3.223s] Level 1:colcon.colcon_core.package_identification:_identify(src/ROS2_turtlebot3_project/cv_cam_ws/src/opencv_cam) by extensions ['ignore', 'ignore_ament_install']
[3.224s] Level 1:colcon.colcon_core.package_identification:_identify(src/ROS2_turtlebot3_project/cv_cam_ws/src/opencv_cam) by extension 'ignore'
[3.225s] Level 1:colcon.colcon_core.package_identification:_identify(src/ROS2_turtlebot3_project/cv_cam_ws/src/opencv_cam) by extension 'ignore_ament_install'
[3.226s] Level 1:colcon.colcon_core.package_identification:_identify(src/ROS2_turtlebot3_project/cv_cam_ws/src/opencv_cam) by extensions ['colcon_pkg']
[3.227s] Level 1:colcon.colcon_core.package_identification:_identify(src/ROS2_turtlebot3_project/cv_cam_ws/src/opencv_cam) by extension 'colcon_pkg'
[3.227s] Level 1:colcon.colcon_core.package_identification:_identify(src/ROS2_turtlebot3_project/cv_cam_ws/src/opencv_cam) by extensions ['colcon_meta']
[3.228s] Level 1:colcon.colcon_core.package_identification:_identify(src/ROS2_turtlebot3_project/cv_cam_ws/src/opencv_cam) by extension 'colcon_meta'
[3.229s] Level 1:colcon.colcon_core.package_identification:_identify(src/ROS2_turtlebot3_project/cv_cam_ws/src/opencv_cam) by extensions ['ros']
[3.229s] Level 1:colcon.colcon_core.package_identification:_identify(src/ROS2_turtlebot3_project/cv_cam_ws/src/opencv_cam) by extension 'ros'
[3.252s] DEBUG:colcon.colcon_core.package_identification:Package 'src/ROS2_turtlebot3_project/cv_cam_ws/src/opencv_cam' with type 'ros.ament_cmake' and name 'opencv_cam'
[3.254s] Level 1:colcon.colcon_core.package_identification:_identify(src/ROS2_turtlebot3_project/cv_cam_ws/src/ros2_shared) by extensions ['ignore', 'ignore_ament_install']
[3.255s] Level 1:colcon.colcon_core.package_identification:_identify(src/ROS2_turtlebot3_project/cv_cam_ws/src/ros2_shared) by extension 'ignore'
[3.255s] Level 1:colcon.colcon_core.package_identification:_identify(src/ROS2_turtlebot3_project/cv_cam_ws/src/ros2_shared) by extension 'ignore_ament_install'
[3.256s] Level 1:colcon.colcon_core.package_identification:_identify(src/ROS2_turtlebot3_project/cv_cam_ws/src/ros2_shared) by extensions ['colcon_pkg']
[3.257s] Level 1:colcon.colcon_core.package_identification:_identify(src/ROS2_turtlebot3_project/cv_cam_ws/src/ros2_shared) by extension 'colcon_pkg'
[3.257s] Level 1:colcon.colcon_core.package_identification:_identify(src/ROS2_turtlebot3_project/cv_cam_ws/src/ros2_shared) by extensions ['colcon_meta']
[3.257s] Level 1:colcon.colcon_core.package_identification:_identify(src/ROS2_turtlebot3_project/cv_cam_ws/src/ros2_shared) by extension 'colcon_meta'
[3.258s] Level 1:colcon.colcon_core.package_identification:_identify(src/ROS2_turtlebot3_project/cv_cam_ws/src/ros2_shared) by extensions ['ros']
[3.258s] Level 1:colcon.colcon_core.package_identification:_identify(src/ROS2_turtlebot3_project/cv_cam_ws/src/ros2_shared) by extension 'ros'
[3.263s] DEBUG:colcon.colcon_core.package_identification:Package 'src/ROS2_turtlebot3_project/cv_cam_ws/src/ros2_shared' with type 'ros.ament_cmake' and name 'ros2_shared'
[3.264s] Level 1:colcon.colcon_core.package_discovery:discover_packages(recursive) using defaults
[3.264s] Level 1:colcon.colcon_core.package_discovery:discover_packages(ignore) discover
[3.265s] Level 1:colcon.colcon_core.package_discovery:discover_packages(ignore) using defaults
[3.265s] Level 1:colcon.colcon_core.package_discovery:discover_packages(path) discover
[3.265s] Level 1:colcon.colcon_core.package_discovery:discover_packages(path) using defaults
[3.462s] Level 5:colcon.colcon_core.verb:set package 'ros2_shared' build argument 'cmake_args' from command line to 'None'
[3.463s] Level 5:colcon.colcon_core.verb:set package 'ros2_shared' build argument 'cmake_target' from command line to 'None'
[3.463s] Level 5:colcon.colcon_core.verb:set package 'ros2_shared' build argument 'cmake_target_skip_unavailable' from command line to 'False'
[3.463s] Level 5:colcon.colcon_core.verb:set package 'ros2_shared' build argument 'cmake_clean_cache' from command line to 'False'
[3.463s] Level 5:colcon.colcon_core.verb:set package 'ros2_shared' build argument 'cmake_clean_first' from command line to 'False'
[3.464s] Level 5:colcon.colcon_core.verb:set package 'ros2_shared' build argument 'cmake_force_configure' from command line to 'False'
[3.464s] Level 5:colcon.colcon_core.verb:set package 'ros2_shared' build argument 'ament_cmake_args' from command line to 'None'
[3.464s] Level 5:colcon.colcon_core.verb:set package 'ros2_shared' build argument 'catkin_cmake_args' from command line to 'None'
[3.465s] Level 5:colcon.colcon_core.verb:set package 'ros2_shared' build argument 'catkin_skip_building_tests' from command line to 'False'
[3.465s] DEBUG:colcon.colcon_core.verb:Building package 'ros2_shared' with the following arguments: {'ament_cmake_args': None, 'build_base': '/home/ubuntu/cv_cam_ws/build/ros2_shared', 'catkin_cmake_args': None, 'catkin_skip_building_tests': False, 'cmake_args': None, 'cmake_clean_cache': False, 'cmake_clean_first': False, 'cmake_force_configure': False, 'cmake_target': None, 'cmake_target_skip_unavailable': False, 'install_base': '/home/ubuntu/cv_cam_ws/install/ros2_shared', 'merge_install': False, 'path': '/home/ubuntu/cv_cam_ws/src/ROS2_turtlebot3_project/cv_cam_ws/src/ros2_shared', 'symlink_install': False, 'test_result_base': None}
[3.493s] Level 5:colcon.colcon_core.verb:set package 'opencv_cam' build argument 'cmake_args' from command line to 'None'
[3.494s] Level 5:colcon.colcon_core.verb:set package 'opencv_cam' build argument 'cmake_target' from command line to 'None'
[3.494s] Level 5:colcon.colcon_core.verb:set package 'opencv_cam' build argument 'cmake_target_skip_unavailable' from command line to 'False'
[3.494s] Level 5:colcon.colcon_core.verb:set package 'opencv_cam' build argument 'cmake_clean_cache' from command line to 'False'
[3.494s] Level 5:colcon.colcon_core.verb:set package 'opencv_cam' build argument 'cmake_clean_first' from command line to 'False'
[3.495s] Level 5:colcon.colcon_core.verb:set package 'opencv_cam' build argument 'cmake_force_configure' from command line to 'False'
[3.495s] Level 5:colcon.colcon_core.verb:set package 'opencv_cam' build argument 'ament_cmake_args' from command line to 'None'
[3.495s] Level 5:colcon.colcon_core.verb:set package 'opencv_cam' build argument 'catkin_cmake_args' from command line to 'None'
[3.496s] Level 5:colcon.colcon_core.verb:set package 'opencv_cam' build argument 'catkin_skip_building_tests' from command line to 'False'
[3.496s] DEBUG:colcon.colcon_core.verb:Building package 'opencv_cam' with the following arguments: {'ament_cmake_args': None, 'build_base': '/home/ubuntu/cv_cam_ws/build/opencv_cam', 'catkin_cmake_args': None, 'catkin_skip_building_tests': False, 'cmake_args': None, 'cmake_clean_cache': False, 'cmake_clean_first': False, 'cmake_force_configure': False, 'cmake_target': None, 'cmake_target_skip_unavailable': False, 'install_base': '/home/ubuntu/cv_cam_ws/install/opencv_cam', 'merge_install': False, 'path': '/home/ubuntu/cv_cam_ws/src/ROS2_turtlebot3_project/cv_cam_ws/src/opencv_cam', 'symlink_install': False, 'test_result_base': None}
[3.499s] INFO:colcon.colcon_core.executor:Executing jobs using 'parallel' executor
[3.516s] DEBUG:colcon.colcon_parallel_executor.executor.parallel:run_until_complete
[3.521s] INFO:colcon.colcon_ros.task.ament_cmake.build:Building ROS package in '/home/ubuntu/cv_cam_ws/src/ROS2_turtlebot3_project/cv_cam_ws/src/ros2_shared' with build type 'ament_cmake'
[3.523s] INFO:colcon.colcon_cmake.task.cmake.build:Building CMake package in '/home/ubuntu/cv_cam_ws/src/ROS2_turtlebot3_project/cv_cam_ws/src/ros2_shared'
[3.557s] INFO:colcon.colcon_core.plugin_system:Skipping extension 'colcon_core.shell.bat': Not used on non-Windows systems
[3.559s] INFO:colcon.colcon_core.shell:Skip shell extension 'powershell' for command environment: Not usable outside of PowerShell
[3.559s] DEBUG:colcon.colcon_core.shell:Skip shell extension 'dsv' for command environment
[3.604s] DEBUG:colcon.colcon_core.shell:Ignoring prefix path '/opt/ros/foxy'
[3.663s] DEBUG:colcon.colcon_core.event_handler.log_command:Invoking command in '/home/ubuntu/cv_cam_ws/build/ros2_shared': CMAKE_PREFIX_PATH=${CMAKE_PREFIX_PATH}:/home/ubuntu/ros2_ws/install/opencv_tests:/home/ubuntu/turtlebot3_ws/install/turtlebot3_teleop:/home/ubuntu/turtlebot3_ws/install/turtlebot3_example:/opt/ros/foxy /usr/bin/cmake /home/ubuntu/cv_cam_ws/src/ROS2_turtlebot3_project/cv_cam_ws/src/ros2_shared -DCMAKE_INSTALL_PREFIX=/home/ubuntu/cv_cam_ws/install/ros2_shared
[14.712s] DEBUG:colcon.colcon_core.event_handler.log_command:Invoked command in '/home/ubuntu/cv_cam_ws/build/ros2_shared' returned '0': CMAKE_PREFIX_PATH=${CMAKE_PREFIX_PATH}:/home/ubuntu/ros2_ws/install/opencv_tests:/home/ubuntu/turtlebot3_ws/install/turtlebot3_teleop:/home/ubuntu/turtlebot3_ws/install/turtlebot3_example:/opt/ros/foxy /usr/bin/cmake /home/ubuntu/cv_cam_ws/src/ROS2_turtlebot3_project/cv_cam_ws/src/ros2_shared -DCMAKE_INSTALL_PREFIX=/home/ubuntu/cv_cam_ws/install/ros2_shared
[14.737s] DEBUG:colcon.colcon_core.event_handler.log_command:Invoking command in '/home/ubuntu/cv_cam_ws/build/ros2_shared': CMAKE_PREFIX_PATH=${CMAKE_PREFIX_PATH}:/home/ubuntu/ros2_ws/install/opencv_tests:/home/ubuntu/turtlebot3_ws/install/turtlebot3_teleop:/home/ubuntu/turtlebot3_ws/install/turtlebot3_example:/opt/ros/foxy /usr/bin/cmake --build /home/ubuntu/cv_cam_ws/build/ros2_shared -- -j4 -l4
[15.119s] DEBUG:colcon.colcon_core.event_handler.log_command:Invoked command in '/home/ubuntu/cv_cam_ws/build/ros2_shared' returned '0': CMAKE_PREFIX_PATH=${CMAKE_PREFIX_PATH}:/home/ubuntu/ros2_ws/install/opencv_tests:/home/ubuntu/turtlebot3_ws/install/turtlebot3_teleop:/home/ubuntu/turtlebot3_ws/install/turtlebot3_example:/opt/ros/foxy /usr/bin/cmake --build /home/ubuntu/cv_cam_ws/build/ros2_shared -- -j4 -l4
[15.477s] DEBUG:colcon.colcon_core.event_handler.log_command:Invoking command in '/home/ubuntu/cv_cam_ws/build/ros2_shared': CMAKE_PREFIX_PATH=${CMAKE_PREFIX_PATH}:/home/ubuntu/ros2_ws/install/opencv_tests:/home/ubuntu/turtlebot3_ws/install/turtlebot3_teleop:/home/ubuntu/turtlebot3_ws/install/turtlebot3_example:/opt/ros/foxy /usr/bin/cmake --install /home/ubuntu/cv_cam_ws/build/ros2_shared
[15.616s] Level 1:colcon.colcon_core.environment:create_environment_scripts_only(ros2_shared)
[15.624s] DEBUG:colcon.colcon_core.event_handler.log_command:Invoked command in '/home/ubuntu/cv_cam_ws/build/ros2_shared' returned '0': CMAKE_PREFIX_PATH=${CMAKE_PREFIX_PATH}:/home/ubuntu/ros2_ws/install/opencv_tests:/home/ubuntu/turtlebot3_ws/install/turtlebot3_teleop:/home/ubuntu/turtlebot3_ws/install/turtlebot3_example:/opt/ros/foxy /usr/bin/cmake --install /home/ubuntu/cv_cam_ws/build/ros2_shared
[15.685s] Level 1:colcon.colcon_core.environment:checking '/home/ubuntu/cv_cam_ws/install/ros2_shared' for CMake module files
[15.691s] Level 1:colcon.colcon_core.environment:checking '/home/ubuntu/cv_cam_ws/install/ros2_shared' for CMake config files
[15.692s] Level 1:colcon.colcon_core.shell:create_environment_hook('ros2_shared', 'cmake_prefix_path')
[15.697s] INFO:colcon.colcon_core.shell:Creating environment hook '/home/ubuntu/cv_cam_ws/install/ros2_shared/share/ros2_shared/hook/cmake_prefix_path.ps1'
[15.705s] INFO:colcon.colcon_core.shell:Creating environment descriptor '/home/ubuntu/cv_cam_ws/install/ros2_shared/share/ros2_shared/hook/cmake_prefix_path.dsv'
[15.710s] INFO:colcon.colcon_core.shell:Creating environment hook '/home/ubuntu/cv_cam_ws/install/ros2_shared/share/ros2_shared/hook/cmake_prefix_path.sh'
[15.719s] Level 1:colcon.colcon_core.environment:checking '/home/ubuntu/cv_cam_ws/install/ros2_shared/bin'
[15.720s] Level 1:colcon.colcon_core.environment:checking '/home/ubuntu/cv_cam_ws/install/ros2_shared/lib/pkgconfig/ros2_shared.pc'
[15.721s] Level 1:colcon.colcon_core.environment:checking '/home/ubuntu/cv_cam_ws/install/ros2_shared/lib/python3.8/site-packages'
[15.728s] INFO:colcon.colcon_core.shell:Creating package script '/home/ubuntu/cv_cam_ws/install/ros2_shared/share/ros2_shared/package.ps1'
[15.737s] INFO:colcon.colcon_core.shell:Creating package descriptor '/home/ubuntu/cv_cam_ws/install/ros2_shared/share/ros2_shared/package.dsv'
[15.744s] INFO:colcon.colcon_core.shell:Creating package script '/home/ubuntu/cv_cam_ws/install/ros2_shared/share/ros2_shared/package.sh'
[15.753s] INFO:colcon.colcon_core.shell:Creating package script '/home/ubuntu/cv_cam_ws/install/ros2_shared/share/ros2_shared/package.bash'
[15.762s] INFO:colcon.colcon_core.shell:Creating package script '/home/ubuntu/cv_cam_ws/install/ros2_shared/share/ros2_shared/package.zsh'
[15.769s] Level 1:colcon.colcon_core.environment:create_file_with_runtime_dependencies(/home/ubuntu/cv_cam_ws/install/ros2_shared/share/colcon-core/packages/ros2_shared)
[16.026s] Level 1:colcon.colcon_core.environment:create_environment_scripts_only(ros2_shared)
[16.035s] Level 1:colcon.colcon_core.environment:checking '/home/ubuntu/cv_cam_ws/install/ros2_shared' for CMake module files
[16.041s] Level 1:colcon.colcon_core.environment:checking '/home/ubuntu/cv_cam_ws/install/ros2_shared' for CMake config files
[16.042s] Level 1:colcon.colcon_core.shell:create_environment_hook('ros2_shared', 'cmake_prefix_path')
[16.047s] INFO:colcon.colcon_core.shell:Creating environment hook '/home/ubuntu/cv_cam_ws/install/ros2_shared/share/ros2_shared/hook/cmake_prefix_path.ps1'
[16.051s] INFO:colcon.colcon_core.shell:Creating environment descriptor '/home/ubuntu/cv_cam_ws/install/ros2_shared/share/ros2_shared/hook/cmake_prefix_path.dsv'
[16.055s] INFO:colcon.colcon_core.shell:Creating environment hook '/home/ubuntu/cv_cam_ws/install/ros2_shared/share/ros2_shared/hook/cmake_prefix_path.sh'
[16.060s] Level 1:colcon.colcon_core.environment:checking '/home/ubuntu/cv_cam_ws/install/ros2_shared/bin'
[16.061s] Level 1:colcon.colcon_core.environment:checking '/home/ubuntu/cv_cam_ws/install/ros2_shared/lib/pkgconfig/ros2_shared.pc'
[16.062s] Level 1:colcon.colcon_core.environment:checking '/home/ubuntu/cv_cam_ws/install/ros2_shared/lib/python3.8/site-packages'
[16.068s] INFO:colcon.colcon_core.shell:Creating package script '/home/ubuntu/cv_cam_ws/install/ros2_shared/share/ros2_shared/package.ps1'
[16.073s] INFO:colcon.colcon_core.shell:Creating package descriptor '/home/ubuntu/cv_cam_ws/install/ros2_shared/share/ros2_shared/package.dsv'
[16.079s] INFO:colcon.colcon_core.shell:Creating package script '/home/ubuntu/cv_cam_ws/install/ros2_shared/share/ros2_shared/package.sh'
[16.083s] INFO:colcon.colcon_core.shell:Creating package script '/home/ubuntu/cv_cam_ws/install/ros2_shared/share/ros2_shared/package.bash'
[16.088s] INFO:colcon.colcon_core.shell:Creating package script '/home/ubuntu/cv_cam_ws/install/ros2_shared/share/ros2_shared/package.zsh'
[16.092s] Level 1:colcon.colcon_core.environment:create_file_with_runtime_dependencies(/home/ubuntu/cv_cam_ws/install/ros2_shared/share/colcon-core/packages/ros2_shared)
[16.095s] INFO:colcon.colcon_ros.task.ament_cmake.build:Building ROS package in '/home/ubuntu/cv_cam_ws/src/ROS2_turtlebot3_project/cv_cam_ws/src/opencv_cam' with build type 'ament_cmake'
[16.096s] INFO:colcon.colcon_cmake.task.cmake.build:Building CMake package in '/home/ubuntu/cv_cam_ws/src/ROS2_turtlebot3_project/cv_cam_ws/src/opencv_cam'
[16.101s] INFO:colcon.colcon_core.shell:Skip shell extension 'powershell' for command environment: Not usable outside of PowerShell
[16.102s] DEBUG:colcon.colcon_core.shell:Skip shell extension 'dsv' for command environment
[16.147s] DEBUG:colcon.colcon_core.shell:Ignoring prefix path '/opt/ros/foxy'
[16.217s] DEBUG:colcon.colcon_core.event_handler.log_command:Invoking command in '/home/ubuntu/cv_cam_ws/build/opencv_cam': AMENT_PREFIX_PATH=/home/ubuntu/cv_cam_ws/install/ros2_shared:${AMENT_PREFIX_PATH} CMAKE_PREFIX_PATH=/home/ubuntu/cv_cam_ws/install/ros2_shared:/home/ubuntu/ros2_ws/install/vision_opencv:/home/ubuntu/ros2_ws/install/v4l2_camera:/home/ubuntu/ros2_ws/install/image_transport_plugins:/home/ubuntu/ros2_ws/install/theora_image_transport:/home/ubuntu/ros2_ws/install/image_common:/home/ubuntu/ros2_ws/install/compressed_image_transport:/home/ubuntu/ros2_ws/install/compressed_depth_image_transport:/home/ubuntu/ros2_ws/install/image_transport:/home/ubuntu/ros2_ws/install/image_geometry:/home/ubuntu/ros2_ws/install/cv_bridge:/home/ubuntu/ros2_ws/install/camera_info_manager:/home/ubuntu/ros2_ws/install/camera_calibration_parsers:/home/ubuntu/turtlebot3_ws/install/turtlebot3:/home/ubuntu/turtlebot3_ws/install/turtlebot3_bringup:/home/ubuntu/turtlebot3_ws/install/turtlebot3_node:/home/ubuntu/turtlebot3_ws/install/turtlebot3_description:/home/ubuntu/turtlebot3_ws/install/ld08_driver:/home/ubuntu/ros2_ws/install/opencv_tests:/home/ubuntu/turtlebot3_ws/install/turtlebot3_teleop:/home/ubuntu/turtlebot3_ws/install/turtlebot3_example:/opt/ros/foxy /usr/bin/cmake /home/ubuntu/cv_cam_ws/src/ROS2_turtlebot3_project/cv_cam_ws/src/opencv_cam -DCMAKE_INSTALL_PREFIX=/home/ubuntu/cv_cam_ws/install/opencv_cam
[38.093s] DEBUG:colcon.colcon_core.event_handler.log_command:Invoked command in '/home/ubuntu/cv_cam_ws/build/opencv_cam' returned '0': AMENT_PREFIX_PATH=/home/ubuntu/cv_cam_ws/install/ros2_shared:${AMENT_PREFIX_PATH} CMAKE_PREFIX_PATH=/home/ubuntu/cv_cam_ws/install/ros2_shared:/home/ubuntu/ros2_ws/install/vision_opencv:/home/ubuntu/ros2_ws/install/v4l2_camera:/home/ubuntu/ros2_ws/install/image_transport_plugins:/home/ubuntu/ros2_ws/install/theora_image_transport:/home/ubuntu/ros2_ws/install/image_common:/home/ubuntu/ros2_ws/install/compressed_image_transport:/home/ubuntu/ros2_ws/install/compressed_depth_image_transport:/home/ubuntu/ros2_ws/install/image_transport:/home/ubuntu/ros2_ws/install/image_geometry:/home/ubuntu/ros2_ws/install/cv_bridge:/home/ubuntu/ros2_ws/install/camera_info_manager:/home/ubuntu/ros2_ws/install/camera_calibration_parsers:/home/ubuntu/turtlebot3_ws/install/turtlebot3:/home/ubuntu/turtlebot3_ws/install/turtlebot3_bringup:/home/ubuntu/turtlebot3_ws/install/turtlebot3_node:/home/ubuntu/turtlebot3_ws/install/turtlebot3_description:/home/ubuntu/turtlebot3_ws/install/ld08_driver:/home/ubuntu/ros2_ws/install/opencv_tests:/home/ubuntu/turtlebot3_ws/install/turtlebot3_teleop:/home/ubuntu/turtlebot3_ws/install/turtlebot3_example:/opt/ros/foxy /usr/bin/cmake /home/ubuntu/cv_cam_ws/src/ROS2_turtlebot3_project/cv_cam_ws/src/opencv_cam -DCMAKE_INSTALL_PREFIX=/home/ubuntu/cv_cam_ws/install/opencv_cam
[38.098s] DEBUG:colcon.colcon_core.event_handler.log_command:Invoking command in '/home/ubuntu/cv_cam_ws/build/opencv_cam': AMENT_PREFIX_PATH=/home/ubuntu/cv_cam_ws/install/ros2_shared:${AMENT_PREFIX_PATH} CMAKE_PREFIX_PATH=/home/ubuntu/cv_cam_ws/install/ros2_shared:/home/ubuntu/ros2_ws/install/vision_opencv:/home/ubuntu/ros2_ws/install/v4l2_camera:/home/ubuntu/ros2_ws/install/image_transport_plugins:/home/ubuntu/ros2_ws/install/theora_image_transport:/home/ubuntu/ros2_ws/install/image_common:/home/ubuntu/ros2_ws/install/compressed_image_transport:/home/ubuntu/ros2_ws/install/compressed_depth_image_transport:/home/ubuntu/ros2_ws/install/image_transport:/home/ubuntu/ros2_ws/install/image_geometry:/home/ubuntu/ros2_ws/install/cv_bridge:/home/ubuntu/ros2_ws/install/camera_info_manager:/home/ubuntu/ros2_ws/install/camera_calibration_parsers:/home/ubuntu/turtlebot3_ws/install/turtlebot3:/home/ubuntu/turtlebot3_ws/install/turtlebot3_bringup:/home/ubuntu/turtlebot3_ws/install/turtlebot3_node:/home/ubuntu/turtlebot3_ws/install/turtlebot3_description:/home/ubuntu/turtlebot3_ws/install/ld08_driver:/home/ubuntu/ros2_ws/install/opencv_tests:/home/ubuntu/turtlebot3_ws/install/turtlebot3_teleop:/home/ubuntu/turtlebot3_ws/install/turtlebot3_example:/opt/ros/foxy /usr/bin/cmake --build /home/ubuntu/cv_cam_ws/build/opencv_cam -- -j4 -l4
[216.832s] DEBUG:colcon.colcon_core.event_handler.log_command:Invoked command in '/home/ubuntu/cv_cam_ws/build/opencv_cam' returned '0': AMENT_PREFIX_PATH=/home/ubuntu/cv_cam_ws/install/ros2_shared:${AMENT_PREFIX_PATH} CMAKE_PREFIX_PATH=/home/ubuntu/cv_cam_ws/install/ros2_shared:/home/ubuntu/ros2_ws/install/vision_opencv:/home/ubuntu/ros2_ws/install/v4l2_camera:/home/ubuntu/ros2_ws/install/image_transport_plugins:/home/ubuntu/ros2_ws/install/theora_image_transport:/home/ubuntu/ros2_ws/install/image_common:/home/ubuntu/ros2_ws/install/compressed_image_transport:/home/ubuntu/ros2_ws/install/compressed_depth_image_transport:/home/ubuntu/ros2_ws/install/image_transport:/home/ubuntu/ros2_ws/install/image_geometry:/home/ubuntu/ros2_ws/install/cv_bridge:/home/ubuntu/ros2_ws/install/camera_info_manager:/home/ubuntu/ros2_ws/install/camera_calibration_parsers:/home/ubuntu/turtlebot3_ws/install/turtlebot3:/home/ubuntu/turtlebot3_ws/install/turtlebot3_bringup:/home/ubuntu/turtlebot3_ws/install/turtlebot3_node:/home/ubuntu/turtlebot3_ws/install/turtlebot3_description:/home/ubuntu/turtlebot3_ws/install/ld08_driver:/home/ubuntu/ros2_ws/install/opencv_tests:/home/ubuntu/turtlebot3_ws/install/turtlebot3_teleop:/home/ubuntu/turtlebot3_ws/install/turtlebot3_example:/opt/ros/foxy /usr/bin/cmake --build /home/ubuntu/cv_cam_ws/build/opencv_cam -- -j4 -l4
[217.543s] DEBUG:colcon.colcon_core.event_handler.log_command:Invoking command in '/home/ubuntu/cv_cam_ws/build/opencv_cam': AMENT_PREFIX_PATH=/home/ubuntu/cv_cam_ws/install/ros2_shared:${AMENT_PREFIX_PATH} CMAKE_PREFIX_PATH=/home/ubuntu/cv_cam_ws/install/ros2_shared:/home/ubuntu/ros2_ws/install/vision_opencv:/home/ubuntu/ros2_ws/install/v4l2_camera:/home/ubuntu/ros2_ws/install/image_transport_plugins:/home/ubuntu/ros2_ws/install/theora_image_transport:/home/ubuntu/ros2_ws/install/image_common:/home/ubuntu/ros2_ws/install/compressed_image_transport:/home/ubuntu/ros2_ws/install/compressed_depth_image_transport:/home/ubuntu/ros2_ws/install/image_transport:/home/ubuntu/ros2_ws/install/image_geometry:/home/ubuntu/ros2_ws/install/cv_bridge:/home/ubuntu/ros2_ws/install/camera_info_manager:/home/ubuntu/ros2_ws/install/camera_calibration_parsers:/home/ubuntu/turtlebot3_ws/install/turtlebot3:/home/ubuntu/turtlebot3_ws/install/turtlebot3_bringup:/home/ubuntu/turtlebot3_ws/install/turtlebot3_node:/home/ubuntu/turtlebot3_ws/install/turtlebot3_description:/home/ubuntu/turtlebot3_ws/install/ld08_driver:/home/ubuntu/ros2_ws/install/opencv_tests:/home/ubuntu/turtlebot3_ws/install/turtlebot3_teleop:/home/ubuntu/turtlebot3_ws/install/turtlebot3_example:/opt/ros/foxy /usr/bin/cmake --install /home/ubuntu/cv_cam_ws/build/opencv_cam
[217.899s] DEBUG:colcon.colcon_core.event_handler.log_command:Invoked command in '/home/ubuntu/cv_cam_ws/build/opencv_cam' returned '0': AMENT_PREFIX_PATH=/home/ubuntu/cv_cam_ws/install/ros2_shared:${AMENT_PREFIX_PATH} CMAKE_PREFIX_PATH=/home/ubuntu/cv_cam_ws/install/ros2_shared:/home/ubuntu/ros2_ws/install/vision_opencv:/home/ubuntu/ros2_ws/install/v4l2_camera:/home/ubuntu/ros2_ws/install/image_transport_plugins:/home/ubuntu/ros2_ws/install/theora_image_transport:/home/ubuntu/ros2_ws/install/image_common:/home/ubuntu/ros2_ws/install/compressed_image_transport:/home/ubuntu/ros2_ws/install/compressed_depth_image_transport:/home/ubuntu/ros2_ws/install/image_transport:/home/ubuntu/ros2_ws/install/image_geometry:/home/ubuntu/ros2_ws/install/cv_bridge:/home/ubuntu/ros2_ws/install/camera_info_manager:/home/ubuntu/ros2_ws/install/camera_calibration_parsers:/home/ubuntu/turtlebot3_ws/install/turtlebot3:/home/ubuntu/turtlebot3_ws/install/turtlebot3_bringup:/home/ubuntu/turtlebot3_ws/install/turtlebot3_node:/home/ubuntu/turtlebot3_ws/install/turtlebot3_description:/home/ubuntu/turtlebot3_ws/install/ld08_driver:/home/ubuntu/ros2_ws/install/opencv_tests:/home/ubuntu/turtlebot3_ws/install/turtlebot3_teleop:/home/ubuntu/turtlebot3_ws/install/turtlebot3_example:/opt/ros/foxy /usr/bin/cmake --install /home/ubuntu/cv_cam_ws/build/opencv_cam
[217.893s] Level 1:colcon.colcon_core.environment:create_environment_scripts_only(opencv_cam)
[218.102s] Level 1:colcon.colcon_core.environment:checking '/home/ubuntu/cv_cam_ws/install/opencv_cam' for CMake module files
[218.127s] Level 1:colcon.colcon_core.environment:checking '/home/ubuntu/cv_cam_ws/install/opencv_cam' for CMake config files
[218.143s] Level 1:colcon.colcon_core.shell:create_environment_hook('opencv_cam', 'cmake_prefix_path')
[218.188s] INFO:colcon.colcon_core.shell:Creating environment hook '/home/ubuntu/cv_cam_ws/install/opencv_cam/share/opencv_cam/hook/cmake_prefix_path.ps1'
[218.405s] INFO:colcon.colcon_core.shell:Creating environment descriptor '/home/ubuntu/cv_cam_ws/install/opencv_cam/share/opencv_cam/hook/cmake_prefix_path.dsv'
[218.447s] INFO:colcon.colcon_core.shell:Creating environment hook '/home/ubuntu/cv_cam_ws/install/opencv_cam/share/opencv_cam/hook/cmake_prefix_path.sh'
[218.506s] Level 1:colcon.colcon_core.environment:checking '/home/ubuntu/cv_cam_ws/install/opencv_cam/lib'
[218.609s] Level 1:colcon.colcon_core.shell:create_environment_hook('opencv_cam', 'ld_library_path_lib')
[218.616s] INFO:colcon.colcon_core.shell:Creating environment hook '/home/ubuntu/cv_cam_ws/install/opencv_cam/share/opencv_cam/hook/ld_library_path_lib.ps1'
[218.626s] INFO:colcon.colcon_core.shell:Creating environment descriptor '/home/ubuntu/cv_cam_ws/install/opencv_cam/share/opencv_cam/hook/ld_library_path_lib.dsv'
[218.633s] INFO:colcon.colcon_core.shell:Creating environment hook '/home/ubuntu/cv_cam_ws/install/opencv_cam/share/opencv_cam/hook/ld_library_path_lib.sh'
[218.639s] Level 1:colcon.colcon_core.environment:checking '/home/ubuntu/cv_cam_ws/install/opencv_cam/bin'
[218.644s] Level 1:colcon.colcon_core.environment:checking '/home/ubuntu/cv_cam_ws/install/opencv_cam/lib/pkgconfig/opencv_cam.pc'
[218.668s] Level 1:colcon.colcon_core.environment:checking '/home/ubuntu/cv_cam_ws/install/opencv_cam/lib/python3.8/site-packages'
[218.680s] INFO:colcon.colcon_core.shell:Creating package script '/home/ubuntu/cv_cam_ws/install/opencv_cam/share/opencv_cam/package.ps1'
[218.701s] INFO:colcon.colcon_core.shell:Creating package descriptor '/home/ubuntu/cv_cam_ws/install/opencv_cam/share/opencv_cam/package.dsv'
[218.717s] INFO:colcon.colcon_core.shell:Creating package script '/home/ubuntu/cv_cam_ws/install/opencv_cam/share/opencv_cam/package.sh'
[218.735s] INFO:colcon.colcon_core.shell:Creating package script '/home/ubuntu/cv_cam_ws/install/opencv_cam/share/opencv_cam/package.bash'
[218.764s] INFO:colcon.colcon_core.shell:Creating package script '/home/ubuntu/cv_cam_ws/install/opencv_cam/share/opencv_cam/package.zsh'
[218.783s] Level 1:colcon.colcon_core.environment:create_file_with_runtime_dependencies(/home/ubuntu/cv_cam_ws/install/opencv_cam/share/colcon-core/packages/opencv_cam)
[219.226s] Level 1:colcon.colcon_core.environment:create_environment_scripts_only(opencv_cam)
[219.235s] Level 1:colcon.colcon_core.environment:checking '/home/ubuntu/cv_cam_ws/install/opencv_cam' for CMake module files
[219.242s] Level 1:colcon.colcon_core.environment:checking '/home/ubuntu/cv_cam_ws/install/opencv_cam' for CMake config files
[219.245s] Level 1:colcon.colcon_core.shell:create_environment_hook('opencv_cam', 'cmake_prefix_path')
[219.249s] INFO:colcon.colcon_core.shell:Creating environment hook '/home/ubuntu/cv_cam_ws/install/opencv_cam/share/opencv_cam/hook/cmake_prefix_path.ps1'
[219.253s] INFO:colcon.colcon_core.shell:Creating environment descriptor '/home/ubuntu/cv_cam_ws/install/opencv_cam/share/opencv_cam/hook/cmake_prefix_path.dsv'
[219.257s] INFO:colcon.colcon_core.shell:Creating environment hook '/home/ubuntu/cv_cam_ws/install/opencv_cam/share/opencv_cam/hook/cmake_prefix_path.sh'
[219.265s] Level 1:colcon.colcon_core.environment:checking '/home/ubuntu/cv_cam_ws/install/opencv_cam/lib'
[219.267s] Level 1:colcon.colcon_core.shell:create_environment_hook('opencv_cam', 'ld_library_path_lib')
[219.274s] INFO:colcon.colcon_core.shell:Creating environment hook '/home/ubuntu/cv_cam_ws/install/opencv_cam/share/opencv_cam/hook/ld_library_path_lib.ps1'
[219.281s] INFO:colcon.colcon_core.shell:Creating environment descriptor '/home/ubuntu/cv_cam_ws/install/opencv_cam/share/opencv_cam/hook/ld_library_path_lib.dsv'
[219.285s] INFO:colcon.colcon_core.shell:Creating environment hook '/home/ubuntu/cv_cam_ws/install/opencv_cam/share/opencv_cam/hook/ld_library_path_lib.sh'
[219.288s] Level 1:colcon.colcon_core.environment:checking '/home/ubuntu/cv_cam_ws/install/opencv_cam/bin'
[219.291s] Level 1:colcon.colcon_core.environment:checking '/home/ubuntu/cv_cam_ws/install/opencv_cam/lib/pkgconfig/opencv_cam.pc'
[219.291s] Level 1:colcon.colcon_core.environment:checking '/home/ubuntu/cv_cam_ws/install/opencv_cam/lib/python3.8/site-packages'
[219.297s] INFO:colcon.colcon_core.shell:Creating package script '/home/ubuntu/cv_cam_ws/install/opencv_cam/share/opencv_cam/package.ps1'
[219.302s] INFO:colcon.colcon_core.shell:Creating package descriptor '/home/ubuntu/cv_cam_ws/install/opencv_cam/share/opencv_cam/package.dsv'
[219.307s] INFO:colcon.colcon_core.shell:Creating package script '/home/ubuntu/cv_cam_ws/install/opencv_cam/share/opencv_cam/package.sh'
[219.312s] INFO:colcon.colcon_core.shell:Creating package script '/home/ubuntu/cv_cam_ws/install/opencv_cam/share/opencv_cam/package.bash'
[219.318s] INFO:colcon.colcon_core.shell:Creating package script '/home/ubuntu/cv_cam_ws/install/opencv_cam/share/opencv_cam/package.zsh'
[219.325s] Level 1:colcon.colcon_core.environment:create_file_with_runtime_dependencies(/home/ubuntu/cv_cam_ws/install/opencv_cam/share/colcon-core/packages/opencv_cam)
[219.342s] DEBUG:colcon.colcon_parallel_executor.executor.parallel:closing loop
[219.359s] DEBUG:colcon.colcon_parallel_executor.executor.parallel:loop closed
[219.371s] DEBUG:colcon.colcon_parallel_executor.executor.parallel:run_until_complete finished with '0'
[219.383s] DEBUG:colcon.colcon_core.event_reactor:joining thread
[219.830s] INFO:colcon.colcon_core.plugin_system:Skipping extension 'colcon_notification.desktop_notification.notify_send': Could not find 'notify-send'
[219.831s] INFO:colcon.colcon_core.plugin_system:Skipping extension 'colcon_notification.desktop_notification.terminal_notifier': Not used on non-Darwin systems
[219.832s] INFO:colcon.colcon_core.plugin_system:Skipping extension 'colcon_notification.desktop_notification.win32': Not used on non-Windows systems
[219.832s] INFO:colcon.colcon_notification.desktop_notification:Sending desktop notification using 'notify2'
[219.938s] DEBUG:colcon.colcon_notification.desktop_notification.notify2:Failed to initialize notify2: org.freedesktop.DBus.Error.ServiceUnknown: The name org.freedesktop.Notifications was not provided by any .service files
[219.941s] DEBUG:colcon.colcon_core.event_reactor:joined thread
[219.986s] INFO:colcon.colcon_core.shell:Creating prefix script '/home/ubuntu/cv_cam_ws/install/local_setup.ps1'
[220.010s] INFO:colcon.colcon_core.shell:Creating prefix util module '/home/ubuntu/cv_cam_ws/install/_local_setup_util_ps1.py'
[220.028s] INFO:colcon.colcon_core.shell:Creating prefix chain script '/home/ubuntu/cv_cam_ws/install/setup.ps1'
[220.370s] INFO:colcon.colcon_core.shell:Creating prefix script '/home/ubuntu/cv_cam_ws/install/local_setup.sh'
[220.377s] INFO:colcon.colcon_core.shell:Creating prefix util module '/home/ubuntu/cv_cam_ws/install/_local_setup_util_sh.py'
[220.383s] INFO:colcon.colcon_core.shell:Creating prefix chain script '/home/ubuntu/cv_cam_ws/install/setup.sh'
[220.417s] INFO:colcon.colcon_core.shell:Creating prefix script '/home/ubuntu/cv_cam_ws/install/local_setup.bash'
[220.423s] INFO:colcon.colcon_core.shell:Creating prefix chain script '/home/ubuntu/cv_cam_ws/install/setup.bash'
[220.455s] INFO:colcon.colcon_core.shell:Creating prefix script '/home/ubuntu/cv_cam_ws/install/local_setup.zsh'
[220.461s] INFO:colcon.colcon_core.shell:Creating prefix chain script '/home/ubuntu/cv_cam_ws/install/setup.zsh'
