[1.260s] DEBUG:colcon:Command line arguments: ['/usr/bin/colcon', 'build', '--symlink-install']
[1.260s] DEBUG:colcon:Parsed command line arguments: Namespace(allow_overriding=[], ament_cmake_args=None, base_paths=['.'], build_base='build', catkin_cmake_args=None, catkin_skip_building_tests=False, cmake_args=None, cmake_clean_cache=False, cmake_clean_first=False, cmake_force_configure=False, cmake_target=None, cmake_target_skip_unavailable=False, continue_on_error=False, event_handlers=None, executor='parallel', ignore_user_meta=False, install_base='install', log_base=None, log_level=None, main=<bound method BuildVerb.main of <colcon_core.verb.build.BuildVerb object at 0xffff91807580>>, merge_install=False, metas=['./colcon.meta'], packages_above=None, packages_above_and_dependencies=None, packages_above_depth=None, packages_end=None, packages_ignore=None, packages_ignore_regex=None, packages_select=None, packages_select_build_failed=False, packages_select_by_dep=None, packages_select_regex=None, packages_select_test_failures=False, packages_skip=None, packages_skip_build_finished=False, packages_skip_by_dep=None, packages_skip_regex=None, packages_skip_test_passed=False, packages_skip_up_to=None, packages_start=None, packages_up_to=None, packages_up_to_regex=None, parallel_workers=4, paths=None, symlink_install=True, test_result_base=None, verb_extension=<colcon_core.verb.build.BuildVerb object at 0xffff91807580>, verb_name='build', verb_parser=<colcon_defaults.argument_parser.defaults.DefaultArgumentsDecorator object at 0xffff91714550>)
[1.965s] Level 1:colcon.colcon_core.package_discovery:discover_packages(colcon_meta) check parameters
[1.966s] Level 1:colcon.colcon_core.package_discovery:discover_packages(recursive) check parameters
[1.966s] Level 1:colcon.colcon_core.package_discovery:discover_packages(ignore) check parameters
[1.966s] Level 1:colcon.colcon_core.package_discovery:discover_packages(path) check parameters
[1.966s] Level 1:colcon.colcon_core.package_discovery:discover_packages(colcon_meta) discover
[1.966s] Level 1:colcon.colcon_core.package_discovery:discover_packages(recursive) discover
[1.967s] INFO:colcon.colcon_core.package_discovery:Crawling recursively for packages in '/home/ubuntu/lift_ws'
[1.967s] Level 1:colcon.colcon_core.package_identification:_identify(.) by extensions ['ignore', 'ignore_ament_install']
[1.968s] Level 1:colcon.colcon_core.package_identification:_identify(.) by extension 'ignore'
[1.968s] Level 1:colcon.colcon_core.package_identification:_identify(.) by extension 'ignore_ament_install'
[1.968s] Level 1:colcon.colcon_core.package_identification:_identify(.) by extensions ['colcon_pkg']
[1.968s] Level 1:colcon.colcon_core.package_identification:_identify(.) by extension 'colcon_pkg'
[1.969s] Level 1:colcon.colcon_core.package_identification:_identify(.) by extensions ['colcon_meta']
[1.969s] Level 1:colcon.colcon_core.package_identification:_identify(.) by extension 'colcon_meta'
[1.969s] Level 1:colcon.colcon_core.package_identification:_identify(.) by extensions ['ros']
[1.969s] Level 1:colcon.colcon_core.package_identification:_identify(.) by extension 'ros'
[2.050s] Level 1:colcon.colcon_core.package_identification:_identify(.) by extensions ['cmake', 'python']
[2.050s] Level 1:colcon.colcon_core.package_identification:_identify(.) by extension 'cmake'
[2.051s] Level 1:colcon.colcon_core.package_identification:_identify(.) by extension 'python'
[2.051s] Level 1:colcon.colcon_core.package_identification:_identify(.) by extensions ['python_setup_py']
[2.051s] Level 1:colcon.colcon_core.package_identification:_identify(.) by extension 'python_setup_py'
[2.051s] Level 1:colcon.colcon_core.package_identification:_identify(build) by extensions ['ignore', 'ignore_ament_install']
[2.052s] Level 1:colcon.colcon_core.package_identification:_identify(build) by extension 'ignore'
[2.052s] Level 1:colcon.colcon_core.package_identification:_identify(build) ignored
[2.053s] Level 1:colcon.colcon_core.package_identification:_identify(install) by extensions ['ignore', 'ignore_ament_install']
[2.053s] Level 1:colcon.colcon_core.package_identification:_identify(install) by extension 'ignore'
[2.053s] Level 1:colcon.colcon_core.package_identification:_identify(install) ignored
[2.054s] Level 1:colcon.colcon_core.package_identification:_identify(log) by extensions ['ignore', 'ignore_ament_install']
[2.054s] Level 1:colcon.colcon_core.package_identification:_identify(log) by extension 'ignore'
[2.054s] Level 1:colcon.colcon_core.package_identification:_identify(log) ignored
[2.057s] Level 1:colcon.colcon_core.package_identification:_identify(src) by extensions ['ignore', 'ignore_ament_install']
[2.058s] Level 1:colcon.colcon_core.package_identification:_identify(src) by extension 'ignore'
[2.058s] Level 1:colcon.colcon_core.package_identification:_identify(src) by extension 'ignore_ament_install'
[2.058s] Level 1:colcon.colcon_core.package_identification:_identify(src) by extensions ['colcon_pkg']
[2.058s] Level 1:colcon.colcon_core.package_identification:_identify(src) by extension 'colcon_pkg'
[2.058s] Level 1:colcon.colcon_core.package_identification:_identify(src) by extensions ['colcon_meta']
[2.058s] Level 1:colcon.colcon_core.package_identification:_identify(src) by extension 'colcon_meta'
[2.059s] Level 1:colcon.colcon_core.package_identification:_identify(src) by extensions ['ros']
[2.059s] Level 1:colcon.colcon_core.package_identification:_identify(src) by extension 'ros'
[2.059s] Level 1:colcon.colcon_core.package_identification:_identify(src) by extensions ['cmake', 'python']
[2.059s] Level 1:colcon.colcon_core.package_identification:_identify(src) by extension 'cmake'
[2.059s] Level 1:colcon.colcon_core.package_identification:_identify(src) by extension 'python'
[2.060s] Level 1:colcon.colcon_core.package_identification:_identify(src) by extensions ['python_setup_py']
[2.060s] Level 1:colcon.colcon_core.package_identification:_identify(src) by extension 'python_setup_py'
[2.061s] Level 1:colcon.colcon_core.package_identification:_identify(src/arduino) by extensions ['ignore', 'ignore_ament_install']
[2.061s] Level 1:colcon.colcon_core.package_identification:_identify(src/arduino) by extension 'ignore'
[2.061s] Level 1:colcon.colcon_core.package_identification:_identify(src/arduino) by extension 'ignore_ament_install'
[2.062s] Level 1:colcon.colcon_core.package_identification:_identify(src/arduino) by extensions ['colcon_pkg']
[2.062s] Level 1:colcon.colcon_core.package_identification:_identify(src/arduino) by extension 'colcon_pkg'
[2.062s] Level 1:colcon.colcon_core.package_identification:_identify(src/arduino) by extensions ['colcon_meta']
[2.062s] Level 1:colcon.colcon_core.package_identification:_identify(src/arduino) by extension 'colcon_meta'
[2.062s] Level 1:colcon.colcon_core.package_identification:_identify(src/arduino) by extensions ['ros']
[2.062s] Level 1:colcon.colcon_core.package_identification:_identify(src/arduino) by extension 'ros'
[2.078s] DEBUG:colcon.colcon_core.package_identification:Package 'src/arduino' with type 'ros.ament_python' and name 'arduino'
[2.078s] Level 1:colcon.colcon_core.package_discovery:discover_packages(recursive) using defaults
[2.078s] Level 1:colcon.colcon_core.package_discovery:discover_packages(ignore) discover
[2.078s] Level 1:colcon.colcon_core.package_discovery:discover_packages(ignore) using defaults
[2.078s] Level 1:colcon.colcon_core.package_discovery:discover_packages(path) discover
[2.079s] Level 1:colcon.colcon_core.package_discovery:discover_packages(path) using defaults
[2.189s] Level 1:colcon.colcon_core.package_discovery:discover_packages(prefix_path) check parameters
[2.189s] Level 1:colcon.colcon_core.package_discovery:discover_packages(prefix_path) discover
[2.217s] DEBUG:colcon.colcon_installed_package_information.package_discovery:Found 13 installed packages in /home/ubuntu/ros2_ws/install
[2.220s] DEBUG:colcon.colcon_installed_package_information.package_discovery:Found 2 installed packages in /home/ubuntu/cv_cam_ws/install
[2.224s] DEBUG:colcon.colcon_installed_package_information.package_discovery:Found 7 installed packages in /home/ubuntu/turtlebot3_ws/install
[2.231s] DEBUG:colcon.colcon_installed_package_information.package_discovery:Found 174 installed packages in /opt/ros/foxy
[2.237s] Level 1:colcon.colcon_core.package_discovery:discover_packages(prefix_path) using defaults
[2.608s] Level 5:colcon.colcon_core.verb:set package 'arduino' build argument 'cmake_args' from command line to 'None'
[2.608s] Level 5:colcon.colcon_core.verb:set package 'arduino' build argument 'cmake_target' from command line to 'None'
[2.608s] Level 5:colcon.colcon_core.verb:set package 'arduino' build argument 'cmake_target_skip_unavailable' from command line to 'False'
[2.608s] Level 5:colcon.colcon_core.verb:set package 'arduino' build argument 'cmake_clean_cache' from command line to 'False'
[2.609s] Level 5:colcon.colcon_core.verb:set package 'arduino' build argument 'cmake_clean_first' from command line to 'False'
[2.609s] Level 5:colcon.colcon_core.verb:set package 'arduino' build argument 'cmake_force_configure' from command line to 'False'
[2.609s] Level 5:colcon.colcon_core.verb:set package 'arduino' build argument 'ament_cmake_args' from command line to 'None'
[2.609s] Level 5:colcon.colcon_core.verb:set package 'arduino' build argument 'catkin_cmake_args' from command line to 'None'
[2.609s] Level 5:colcon.colcon_core.verb:set package 'arduino' build argument 'catkin_skip_building_tests' from command line to 'False'
[2.609s] DEBUG:colcon.colcon_core.verb:Building package 'arduino' with the following arguments: {'ament_cmake_args': None, 'build_base': '/home/ubuntu/lift_ws/build/arduino', 'catkin_cmake_args': None, 'catkin_skip_building_tests': False, 'cmake_args': None, 'cmake_clean_cache': False, 'cmake_clean_first': False, 'cmake_force_configure': False, 'cmake_target': None, 'cmake_target_skip_unavailable': False, 'install_base': '/home/ubuntu/lift_ws/install/arduino', 'merge_install': False, 'path': '/home/ubuntu/lift_ws/src/arduino', 'symlink_install': True, 'test_result_base': None}
[2.610s] INFO:colcon.colcon_core.executor:Executing jobs using 'parallel' executor
[2.614s] DEBUG:colcon.colcon_parallel_executor.executor.parallel:run_until_complete
[2.615s] INFO:colcon.colcon_ros.task.ament_python.build:Building ROS package in '/home/ubuntu/lift_ws/src/arduino' with build type 'ament_python'
[2.615s] Level 1:colcon.colcon_core.shell:create_environment_hook('arduino', 'ament_prefix_path')
[2.646s] INFO:colcon.colcon_core.plugin_system:Skipping extension 'colcon_core.shell.bat': Not used on non-Windows systems
[2.647s] INFO:colcon.colcon_core.shell:Creating environment hook '/home/ubuntu/lift_ws/install/arduino/share/arduino/hook/ament_prefix_path.ps1'
[2.654s] INFO:colcon.colcon_core.shell:Creating environment descriptor '/home/ubuntu/lift_ws/install/arduino/share/arduino/hook/ament_prefix_path.dsv'
[2.657s] INFO:colcon.colcon_core.shell:Creating environment hook '/home/ubuntu/lift_ws/install/arduino/share/arduino/hook/ament_prefix_path.sh'
[2.661s] INFO:colcon.colcon_core.shell:Skip shell extension 'powershell' for command environment: Not usable outside of PowerShell
[2.662s] DEBUG:colcon.colcon_core.shell:Skip shell extension 'dsv' for command environment
[3.643s] INFO:colcon.colcon_core.task.python.build:Building Python package in '/home/ubuntu/lift_ws/src/arduino'
[3.644s] INFO:colcon.colcon_core.shell:Skip shell extension 'powershell' for command environment: Not usable outside of PowerShell
[3.644s] DEBUG:colcon.colcon_core.shell:Skip shell extension 'dsv' for command environment
[5.457s] DEBUG:colcon.colcon_core.event_handler.log_command:Invoking command in '/home/ubuntu/lift_ws/build/arduino': PYTHONPATH=/home/ubuntu/lift_ws/build/arduino/prefix_override:/home/ubuntu/lift_ws/install/arduino/lib/python3.8/site-packages:${PYTHONPATH} /usr/bin/python3 -W ignore:setup.py install is deprecated setup.py develop --editable --build-directory /home/ubuntu/lift_ws/build/arduino/build --no-deps symlink_data
[7.247s] Level 1:colcon.colcon_core.shell:create_environment_hook('arduino', 'pythonpath_develop')
[7.249s] INFO:colcon.colcon_core.shell:Creating environment hook '/home/ubuntu/lift_ws/build/arduino/share/arduino/hook/pythonpath_develop.ps1'
[7.250s] DEBUG:colcon.colcon_core.event_handler.log_command:Invoked command in '/home/ubuntu/lift_ws/build/arduino' returned '0': PYTHONPATH=/home/ubuntu/lift_ws/build/arduino/prefix_override:/home/ubuntu/lift_ws/install/arduino/lib/python3.8/site-packages:${PYTHONPATH} /usr/bin/python3 -W ignore:setup.py install is deprecated setup.py develop --editable --build-directory /home/ubuntu/lift_ws/build/arduino/build --no-deps symlink_data
[7.256s] INFO:colcon.colcon_core.shell:Creating environment descriptor '/home/ubuntu/lift_ws/build/arduino/share/arduino/hook/pythonpath_develop.dsv'
[7.258s] INFO:colcon.colcon_core.shell:Creating environment hook '/home/ubuntu/lift_ws/build/arduino/share/arduino/hook/pythonpath_develop.sh'
[7.288s] Level 1:colcon.colcon_core.environment:checking '/home/ubuntu/lift_ws/install/arduino' for CMake module files
[7.291s] Level 1:colcon.colcon_core.environment:checking '/home/ubuntu/lift_ws/install/arduino' for CMake config files
[7.298s] Level 1:colcon.colcon_core.environment:checking '/home/ubuntu/lift_ws/install/arduino/lib'
[7.299s] Level 1:colcon.colcon_core.environment:checking '/home/ubuntu/lift_ws/install/arduino/bin'
[7.300s] Level 1:colcon.colcon_core.environment:checking '/home/ubuntu/lift_ws/install/arduino/lib/pkgconfig/arduino.pc'
[7.301s] Level 1:colcon.colcon_core.environment:checking '/home/ubuntu/lift_ws/install/arduino/lib/python3.8/site-packages'
[7.301s] Level 1:colcon.colcon_core.shell:create_environment_hook('arduino', 'pythonpath')
[7.302s] INFO:colcon.colcon_core.shell:Creating environment hook '/home/ubuntu/lift_ws/install/arduino/share/arduino/hook/pythonpath.ps1'
[7.304s] INFO:colcon.colcon_core.shell:Creating environment descriptor '/home/ubuntu/lift_ws/install/arduino/share/arduino/hook/pythonpath.dsv'
[7.306s] INFO:colcon.colcon_core.shell:Creating environment hook '/home/ubuntu/lift_ws/install/arduino/share/arduino/hook/pythonpath.sh'
[7.308s] Level 1:colcon.colcon_core.environment:checking '/home/ubuntu/lift_ws/install/arduino/bin'
[7.309s] Level 1:colcon.colcon_core.environment:create_environment_scripts_only(arduino)
[7.310s] INFO:colcon.colcon_core.shell:Creating package script '/home/ubuntu/lift_ws/install/arduino/share/arduino/package.ps1'
[7.316s] INFO:colcon.colcon_core.shell:Creating package descriptor '/home/ubuntu/lift_ws/install/arduino/share/arduino/package.dsv'
[7.319s] INFO:colcon.colcon_core.shell:Creating package script '/home/ubuntu/lift_ws/install/arduino/share/arduino/package.sh'
[7.323s] INFO:colcon.colcon_core.shell:Creating package script '/home/ubuntu/lift_ws/install/arduino/share/arduino/package.bash'
[7.328s] INFO:colcon.colcon_core.shell:Creating package script '/home/ubuntu/lift_ws/install/arduino/share/arduino/package.zsh'
[7.333s] Level 1:colcon.colcon_core.environment:create_file_with_runtime_dependencies(/home/ubuntu/lift_ws/install/arduino/share/colcon-core/packages/arduino)
[7.335s] DEBUG:colcon.colcon_parallel_executor.executor.parallel:closing loop
[7.336s] DEBUG:colcon.colcon_parallel_executor.executor.parallel:loop closed
[7.336s] DEBUG:colcon.colcon_parallel_executor.executor.parallel:run_until_complete finished with '0'
[7.337s] DEBUG:colcon.colcon_core.event_reactor:joining thread
[7.369s] INFO:colcon.colcon_core.plugin_system:Skipping extension 'colcon_notification.desktop_notification.notify_send': Could not find 'notify-send'
[7.369s] INFO:colcon.colcon_core.plugin_system:Skipping extension 'colcon_notification.desktop_notification.terminal_notifier': Not used on non-Darwin systems
[7.369s] INFO:colcon.colcon_core.plugin_system:Skipping extension 'colcon_notification.desktop_notification.win32': Not used on non-Windows systems
[7.370s] INFO:colcon.colcon_notification.desktop_notification:Sending desktop notification using 'notify2'
[7.401s] DEBUG:colcon.colcon_notification.desktop_notification.notify2:Failed to initialize notify2: org.freedesktop.DBus.Error.ServiceUnknown: The name org.freedesktop.Notifications was not provided by any .service files
[7.401s] DEBUG:colcon.colcon_core.event_reactor:joined thread
[7.403s] INFO:colcon.colcon_core.shell:Creating prefix script '/home/ubuntu/lift_ws/install/local_setup.ps1'
[7.411s] INFO:colcon.colcon_core.shell:Creating prefix util module '/home/ubuntu/lift_ws/install/_local_setup_util_ps1.py'
[7.419s] INFO:colcon.colcon_core.shell:Creating prefix chain script '/home/ubuntu/lift_ws/install/setup.ps1'
[7.431s] INFO:colcon.colcon_core.shell:Creating prefix script '/home/ubuntu/lift_ws/install/local_setup.sh'
[7.435s] INFO:colcon.colcon_core.shell:Creating prefix util module '/home/ubuntu/lift_ws/install/_local_setup_util_sh.py'
[7.437s] INFO:colcon.colcon_core.shell:Creating prefix chain script '/home/ubuntu/lift_ws/install/setup.sh'
[7.454s] INFO:colcon.colcon_core.shell:Creating prefix script '/home/ubuntu/lift_ws/install/local_setup.bash'
[7.459s] INFO:colcon.colcon_core.shell:Creating prefix chain script '/home/ubuntu/lift_ws/install/setup.bash'
[7.474s] INFO:colcon.colcon_core.shell:Creating prefix script '/home/ubuntu/lift_ws/install/local_setup.zsh'
[7.478s] INFO:colcon.colcon_core.shell:Creating prefix chain script '/home/ubuntu/lift_ws/install/setup.zsh'
