[0.870s] Invoking command in '/home/ubuntu/ros2_ws/build/tracetools_image_pipeline': CMAKE_PREFIX_PATH=${CMAKE_PREFIX_PATH}:/home/ubuntu/ros2_ws/install/opencv_tests:/home/ubuntu/ros2_ws/install/camera_calibration:/home/ubuntu/turtlebot3_ws/install/turtlebot3_teleop:/home/ubuntu/turtlebot3_ws/install/turtlebot3_example:/opt/ros/foxy /usr/bin/cmake --build /home/ubuntu/ros2_ws/build/tracetools_image_pipeline -- -j4 -l4
[1.895s] [ 60%] Built target tracetools_image_pipeline
[2.307s] [100%] Built target status
[3.747s] Invoked command in '/home/ubuntu/ros2_ws/build/tracetools_image_pipeline' returned '0': CMAKE_PREFIX_PATH=${CMAKE_PREFIX_PATH}:/home/ubuntu/ros2_ws/install/opencv_tests:/home/ubuntu/ros2_ws/install/camera_calibration:/home/ubuntu/turtlebot3_ws/install/turtlebot3_teleop:/home/ubuntu/turtlebot3_ws/install/turtlebot3_example:/opt/ros/foxy /usr/bin/cmake --build /home/ubuntu/ros2_ws/build/tracetools_image_pipeline -- -j4 -l4
[4.430s] Invoking command in '/home/ubuntu/ros2_ws/build/tracetools_image_pipeline': CMAKE_PREFIX_PATH=${CMAKE_PREFIX_PATH}:/home/ubuntu/ros2_ws/install/opencv_tests:/home/ubuntu/ros2_ws/install/camera_calibration:/home/ubuntu/turtlebot3_ws/install/turtlebot3_teleop:/home/ubuntu/turtlebot3_ws/install/turtlebot3_example:/opt/ros/foxy /usr/bin/cmake --install /home/ubuntu/ros2_ws/build/tracetools_image_pipeline
[4.614s] -- Install configuration: ""
[4.623s] -- Execute custom install script
[4.637s] -- Up-to-date symlink: /home/ubuntu/ros2_ws/install/tracetools_image_pipeline/share/tracetools_image_pipeline/environment/library_path.sh
[4.648s] -- Up-to-date symlink: /home/ubuntu/ros2_ws/install/tracetools_image_pipeline/share/tracetools_image_pipeline/environment/library_path.dsv
[4.664s] -- Up-to-date symlink: /home/ubuntu/ros2_ws/install/tracetools_image_pipeline/lib/tracetools_image_pipeline/status
[4.693s] -- Up-to-date symlink: /home/ubuntu/ros2_ws/install/tracetools_image_pipeline/include/tracetools_image_pipeline/config.h
[4.697s] -- Up-to-date symlink: /home/ubuntu/ros2_ws/install/tracetools_image_pipeline/include/tracetools_image_pipeline/tracetools.h
[4.702s] -- Up-to-date symlink: /home/ubuntu/ros2_ws/install/tracetools_image_pipeline/include/tracetools_image_pipeline/utils.hpp
[4.709s] -- Up-to-date symlink: /home/ubuntu/ros2_ws/install/tracetools_image_pipeline/include/tracetools_image_pipeline/visibility_control.hpp
[4.723s] -- Up-to-date symlink: /home/ubuntu/ros2_ws/install/tracetools_image_pipeline/share/ament_index/resource_index/package_run_dependencies/tracetools_image_pipeline
[4.734s] -- Up-to-date symlink: /home/ubuntu/ros2_ws/install/tracetools_image_pipeline/share/ament_index/resource_index/parent_prefix_path/tracetools_image_pipeline
[4.746s] -- Up-to-date symlink: /home/ubuntu/ros2_ws/install/tracetools_image_pipeline/share/tracetools_image_pipeline/environment/ament_prefix_path.sh
[4.755s] -- Up-to-date symlink: /home/ubuntu/ros2_ws/install/tracetools_image_pipeline/share/tracetools_image_pipeline/environment/ament_prefix_path.dsv
[4.763s] -- Up-to-date symlink: /home/ubuntu/ros2_ws/install/tracetools_image_pipeline/share/tracetools_image_pipeline/environment/path.sh
[4.770s] -- Up-to-date symlink: /home/ubuntu/ros2_ws/install/tracetools_image_pipeline/share/tracetools_image_pipeline/environment/path.dsv
[4.781s] -- Up-to-date symlink: /home/ubuntu/ros2_ws/install/tracetools_image_pipeline/share/tracetools_image_pipeline/local_setup.bash
[4.807s] -- Up-to-date symlink: /home/ubuntu/ros2_ws/install/tracetools_image_pipeline/share/tracetools_image_pipeline/local_setup.sh
[4.823s] -- Up-to-date symlink: /home/ubuntu/ros2_ws/install/tracetools_image_pipeline/share/tracetools_image_pipeline/local_setup.zsh
[4.839s] -- Up-to-date symlink: /home/ubuntu/ros2_ws/install/tracetools_image_pipeline/share/tracetools_image_pipeline/local_setup.dsv
[4.845s] -- Symlinking: /home/ubuntu/ros2_ws/install/tracetools_image_pipeline/share/tracetools_image_pipeline/package.dsv
[5.009s] -- Up-to-date symlink: /home/ubuntu/ros2_ws/install/tracetools_image_pipeline/share/ament_index/resource_index/packages/tracetools_image_pipeline
[5.193s] -- Up-to-date symlink: /home/ubuntu/ros2_ws/install/tracetools_image_pipeline/share/tracetools_image_pipeline/cmake/ament_cmake_export_targets-extras.cmake
[5.202s] -- Up-to-date symlink: /home/ubuntu/ros2_ws/install/tracetools_image_pipeline/share/tracetools_image_pipeline/cmake/ament_cmake_export_include_directories-extras.cmake
[5.210s] -- Up-to-date symlink: /home/ubuntu/ros2_ws/install/tracetools_image_pipeline/share/tracetools_image_pipeline/cmake/ament_cmake_export_libraries-extras.cmake
[5.222s] -- Up-to-date symlink: /home/ubuntu/ros2_ws/install/tracetools_image_pipeline/share/tracetools_image_pipeline/cmake/tracetools_image_pipelineConfig.cmake
[5.238s] -- Up-to-date symlink: /home/ubuntu/ros2_ws/install/tracetools_image_pipeline/share/tracetools_image_pipeline/cmake/tracetools_image_pipelineConfig-version.cmake
[5.247s] -- Up-to-date symlink: /home/ubuntu/ros2_ws/install/tracetools_image_pipeline/share/tracetools_image_pipeline/package.xml
[5.255s] -- Up-to-date: /home/ubuntu/ros2_ws/install/tracetools_image_pipeline/lib/libtracetools_image_pipeline.so
[5.268s] -- Up-to-date: /home/ubuntu/ros2_ws/install/tracetools_image_pipeline/share/tracetools_image_pipeline/cmake/tracetools_image_pipeline_exportExport.cmake
[5.272s] -- Up-to-date: /home/ubuntu/ros2_ws/install/tracetools_image_pipeline/share/tracetools_image_pipeline/cmake/tracetools_image_pipeline_exportExport-noconfig.cmake
[5.307s] Invoked command in '/home/ubuntu/ros2_ws/build/tracetools_image_pipeline' returned '0': CMAKE_PREFIX_PATH=${CMAKE_PREFIX_PATH}:/home/ubuntu/ros2_ws/install/opencv_tests:/home/ubuntu/ros2_ws/install/camera_calibration:/home/ubuntu/turtlebot3_ws/install/turtlebot3_teleop:/home/ubuntu/turtlebot3_ws/install/turtlebot3_example:/opt/ros/foxy /usr/bin/cmake --install /home/ubuntu/ros2_ws/build/tracetools_image_pipeline
