-- The C compiler identification is GNU 9.4.0
-- The CXX compiler identification is GNU 9.4.0
-- Check for working C compiler: /usr/bin/cc
-- Check for working C compiler: /usr/bin/cc -- works
-- Detecting C compiler ABI info
-- Detecting C compiler ABI info - done
-- Detecting C compile features
-- Detecting C compile features - done
-- Check for working CXX compiler: /usr/bin/c++
-- Check for working CXX compiler: /usr/bin/c++ -- works
-- Detecting CXX compiler ABI info
-- Detecting CXX compiler ABI info - done
-- Detecting CXX compile features
-- Detecting CXX compile features - done
-- Found ament_cmake: 0.9.8 (/opt/ros/foxy/share/ament_cmake/cmake)
-- Found PythonInterp: /usr/bin/python3 (found suitable version "3.8.10", minimum required is "3") 
-- Using PYTHON_EXECUTABLE: /usr/bin/python3
-- Override CMake install command with custom implementation using symlinks instead of copying resources
-- Configuring done
-- Generating done
-- Build files have been written to: /home/ubuntu/ros2_ws/build/image_transport_plugins
-- Install configuration: ""
-- Execute custom install script
-- Symlinking: /home/ubuntu/ros2_ws/install/image_transport_plugins/share/ament_index/resource_index/package_run_dependencies/image_transport_plugins
-- Symlinking: /home/ubuntu/ros2_ws/install/image_transport_plugins/share/ament_index/resource_index/parent_prefix_path/image_transport_plugins
-- Symlinking: /home/ubuntu/ros2_ws/install/image_transport_plugins/share/image_transport_plugins/environment/ament_prefix_path.sh
-- Symlinking: /home/ubuntu/ros2_ws/install/image_transport_plugins/share/image_transport_plugins/environment/ament_prefix_path.dsv
-- Symlinking: /home/ubuntu/ros2_ws/install/image_transport_plugins/share/image_transport_plugins/environment/path.sh
-- Symlinking: /home/ubuntu/ros2_ws/install/image_transport_plugins/share/image_transport_plugins/environment/path.dsv
-- Symlinking: /home/ubuntu/ros2_ws/install/image_transport_plugins/share/image_transport_plugins/local_setup.bash
-- Symlinking: /home/ubuntu/ros2_ws/install/image_transport_plugins/share/image_transport_plugins/local_setup.sh
-- Symlinking: /home/ubuntu/ros2_ws/install/image_transport_plugins/share/image_transport_plugins/local_setup.zsh
-- Symlinking: /home/ubuntu/ros2_ws/install/image_transport_plugins/share/image_transport_plugins/local_setup.dsv
-- Symlinking: /home/ubuntu/ros2_ws/install/image_transport_plugins/share/image_transport_plugins/package.dsv
-- Symlinking: /home/ubuntu/ros2_ws/install/image_transport_plugins/share/ament_index/resource_index/packages/image_transport_plugins
-- Symlinking: /home/ubuntu/ros2_ws/install/image_transport_plugins/share/image_transport_plugins/cmake/image_transport_pluginsConfig.cmake
-- Symlinking: /home/ubuntu/ros2_ws/install/image_transport_plugins/share/image_transport_plugins/cmake/image_transport_pluginsConfig-version.cmake
-- Symlinking: /home/ubuntu/ros2_ws/install/image_transport_plugins/share/image_transport_plugins/package.xml
