-- Found ament_cmake: 0.9.8 (/opt/ros/foxy/share/ament_cmake/cmake)
-- Using PYTHON_EXECUTABLE: /usr/bin/python3
-- Override CMake install command with custom implementation using symlinks instead of copying resources
-- Found image_transport: 2.4.0 (/home/ubuntu/ros2_ws/install/image_transport/share/image_transport/cmake)
-- Using all available rosidl_typesupport_c: rosidl_typesupport_fastrtps_c;rosidl_typesupport_introspection_c
-- Found rosidl_adapter: 1.2.1 (/opt/ros/foxy/share/rosidl_adapter/cmake)
-- Using all available rosidl_typesupport_cpp: rosidl_typesupport_fastrtps_cpp;rosidl_typesupport_introspection_cpp
-- Found rmw_implementation_cmake: 1.0.3 (/opt/ros/foxy/share/rmw_implementation_cmake/cmake)
-- Using RMW implementation 'rmw_fastrtps_cpp' as default
-- Found cv_bridge: 3.0.7 (/home/ubuntu/ros2_ws/install/cv_bridge/share/cv_bridge/cmake)
-- Configuring done
-- Generating done
-- Build files have been written to: /home/ubuntu/ros2_ws/build/compressed_depth_image_transport
[100%] Built target compressed_depth_image_transport
-- Install configuration: ""
-- Execute custom install script
-- Up-to-date symlink: /home/ubuntu/ros2_ws/install/compressed_depth_image_transport/lib/libcompressed_depth_image_transport.so
-- Up-to-date symlink: /home/ubuntu/ros2_ws/install/compressed_depth_image_transport/include/compressed_depth_image_transport/codec.h
-- Up-to-date symlink: /home/ubuntu/ros2_ws/install/compressed_depth_image_transport/include/compressed_depth_image_transport/compressed_depth_publisher.h
-- Up-to-date symlink: /home/ubuntu/ros2_ws/install/compressed_depth_image_transport/include/compressed_depth_image_transport/compressed_depth_subscriber.h
-- Up-to-date symlink: /home/ubuntu/ros2_ws/install/compressed_depth_image_transport/include/compressed_depth_image_transport/compression_common.h
-- Up-to-date symlink: /home/ubuntu/ros2_ws/install/compressed_depth_image_transport/share/compressed_depth_image_transport//compressed_depth_plugins.xml
-- Up-to-date symlink: /home/ubuntu/ros2_ws/install/compressed_depth_image_transport/share/ament_index/resource_index/package_run_dependencies/compressed_depth_image_transport
-- Up-to-date symlink: /home/ubuntu/ros2_ws/install/compressed_depth_image_transport/share/ament_index/resource_index/parent_prefix_path/compressed_depth_image_transport
-- Up-to-date symlink: /home/ubuntu/ros2_ws/install/compressed_depth_image_transport/share/compressed_depth_image_transport/environment/ament_prefix_path.sh
-- Up-to-date symlink: /home/ubuntu/ros2_ws/install/compressed_depth_image_transport/share/compressed_depth_image_transport/environment/ament_prefix_path.dsv
-- Up-to-date symlink: /home/ubuntu/ros2_ws/install/compressed_depth_image_transport/share/compressed_depth_image_transport/environment/path.sh
-- Up-to-date symlink: /home/ubuntu/ros2_ws/install/compressed_depth_image_transport/share/compressed_depth_image_transport/environment/path.dsv
-- Up-to-date symlink: /home/ubuntu/ros2_ws/install/compressed_depth_image_transport/share/compressed_depth_image_transport/local_setup.bash
-- Up-to-date symlink: /home/ubuntu/ros2_ws/install/compressed_depth_image_transport/share/compressed_depth_image_transport/local_setup.sh
-- Up-to-date symlink: /home/ubuntu/ros2_ws/install/compressed_depth_image_transport/share/compressed_depth_image_transport/local_setup.zsh
-- Up-to-date symlink: /home/ubuntu/ros2_ws/install/compressed_depth_image_transport/share/compressed_depth_image_transport/local_setup.dsv
-- Symlinking: /home/ubuntu/ros2_ws/install/compressed_depth_image_transport/share/compressed_depth_image_transport/package.dsv
-- Up-to-date symlink: /home/ubuntu/ros2_ws/install/compressed_depth_image_transport/share/ament_index/resource_index/packages/compressed_depth_image_transport
-- Up-to-date symlink: /home/ubuntu/ros2_ws/install/compressed_depth_image_transport/share/ament_index/resource_index/image_transport__pluginlib__plugin/compressed_depth_image_transport
-- Up-to-date symlink: /home/ubuntu/ros2_ws/install/compressed_depth_image_transport/share/compressed_depth_image_transport/cmake/compressed_depth_image_transportConfig.cmake
-- Up-to-date symlink: /home/ubuntu/ros2_ws/install/compressed_depth_image_transport/share/compressed_depth_image_transport/cmake/compressed_depth_image_transportConfig-version.cmake
-- Up-to-date symlink: /home/ubuntu/ros2_ws/install/compressed_depth_image_transport/share/compressed_depth_image_transport/package.xml
