[0.657s] Invoking command in '/home/a/aruco_ws/src/ros2_aruco/ar_track_copy': PYTHONPATH=/home/a/aruco_ws/build/ar_track/prefix_override:/home/a/aruco_ws/install/ar_track/lib/python3.8/site-packages:${PYTHONPATH} /usr/bin/python3 -W ignore:setup.py install is deprecated setup.py egg_info --egg-base ../../../build/ar_track build --build-base /home/a/aruco_ws/build/ar_track/build install --record /home/a/aruco_ws/build/ar_track/install.log --install-scripts $base/lib/ar_track --single-version-externally-managed install_data
[0.801s] /home/a/.local/lib/python3.8/site-packages/setuptools/dist.py:717: UserWarning: Usage of dash-separated 'script-dir' will not be supported in future versions. Please use the underscore name 'script_dir' instead
[0.801s]   warnings.warn(
[0.816s] running egg_info
[0.817s] writing ../../../build/ar_track/ar_track.egg-info/PKG-INFO
[0.817s] writing dependency_links to ../../../build/ar_track/ar_track.egg-info/dependency_links.txt
[0.817s] writing entry points to ../../../build/ar_track/ar_track.egg-info/entry_points.txt
[0.817s] writing requirements to ../../../build/ar_track/ar_track.egg-info/requires.txt
[0.817s] writing top-level names to ../../../build/ar_track/ar_track.egg-info/top_level.txt
[0.818s] reading manifest file '../../../build/ar_track/ar_track.egg-info/SOURCES.txt'
[0.818s] writing manifest file '../../../build/ar_track/ar_track.egg-info/SOURCES.txt'
[0.819s] running build
[0.819s] running install
[0.819s] running install_data
[0.819s] running install_egg_info
[0.820s] removing '/home/a/aruco_ws/install/ar_track/lib/python3.8/site-packages/ar_track-0.0.0-py3.8.egg-info' (and everything under it)
[0.820s] Copying ../../../build/ar_track/ar_track.egg-info to /home/a/aruco_ws/install/ar_track/lib/python3.8/site-packages/ar_track-0.0.0-py3.8.egg-info
[0.821s] running install_scripts
[0.832s] Installing pub_tb3_pose2d script to /home/a/aruco_ws/install/ar_track/lib/ar_track
[0.832s] Installing stop_tb3 script to /home/a/aruco_ws/install/ar_track/lib/ar_track
[0.832s] Installing track_marker script to /home/a/aruco_ws/install/ar_track/lib/ar_track
[0.832s] writing list of installed files to '/home/a/aruco_ws/build/ar_track/install.log'
[0.850s] Invoked command in '/home/a/aruco_ws/src/ros2_aruco/ar_track_copy' returned '0': PYTHONPATH=/home/a/aruco_ws/build/ar_track/prefix_override:/home/a/aruco_ws/install/ar_track/lib/python3.8/site-packages:${PYTHONPATH} /usr/bin/python3 -W ignore:setup.py install is deprecated setup.py egg_info --egg-base ../../../build/ar_track build --build-base /home/a/aruco_ws/build/ar_track/build install --record /home/a/aruco_ws/build/ar_track/install.log --install-scripts $base/lib/ar_track --single-version-externally-managed install_data
