[0.201s] Invoking command in '/home/ubuntu/ros2_ws/build/theora_image_transport': CMAKE_PREFIX_PATH=/home/ubuntu/ros2_ws/install/image_transport:/home/ubuntu/ros2_ws/install/cv_bridge:/home/ubuntu/ros2_ws/install/vision_opencv:/home/ubuntu/ros2_ws/install/v4l2_camera:/home/ubuntu/ros2_ws/install/image_transport_plugins:/home/ubuntu/ros2_ws/install/theora_image_transport:/home/ubuntu/ros2_ws/install/image_common:/home/ubuntu/ros2_ws/install/compressed_image_transport:/home/ubuntu/ros2_ws/install/compressed_depth_image_transport:/home/ubuntu/ros2_ws/install/image_geometry:/home/ubuntu/ros2_ws/install/camera_info_manager:/home/ubuntu/ros2_ws/install/camera_calibration_parsers:/home/ubuntu/turtlebot3_ws/install/turtlebot3:/home/ubuntu/turtlebot3_ws/install/turtlebot3_bringup:/home/ubuntu/turtlebot3_ws/install/turtlebot3_node:/home/ubuntu/turtlebot3_ws/install/turtlebot3_description:/home/ubuntu/turtlebot3_ws/install/ld08_driver:/home/ubuntu/ros2_ws/install/opencv_tests:/home/ubuntu/turtlebot3_ws/install/turtlebot3_teleop:/home/ubuntu/turtlebot3_ws/install/turtlebot3_example:/opt/ros/foxy LD_LIBRARY_PATH=/home/ubuntu/ros2_ws/install/image_transport/lib:/home/ubuntu/ros2_ws/install/cv_bridge/lib:/home/ubuntu/ros2_ws/install/v4l2_camera/lib:/home/ubuntu/ros2_ws/install/theora_image_transport/lib:/home/ubuntu/ros2_ws/install/compressed_image_transport/lib:/home/ubuntu/ros2_ws/install/compressed_depth_image_transport/lib:/home/ubuntu/ros2_ws/install/image_geometry/lib:/home/ubuntu/ros2_ws/install/camera_info_manager/lib:/home/ubuntu/ros2_ws/install/camera_calibration_parsers/lib:/opt/ros/foxy/opt/yaml_cpp_vendor/lib:/opt/ros/foxy/lib/aarch64-linux-gnu:/opt/ros/foxy/lib PYTHONPATH=/home/ubuntu/ros2_ws/install/cv_bridge/lib/python3.8/site-packages:/home/ubuntu/ros2_ws/install/theora_image_transport/lib/python3.8/site-packages:/home/ubuntu/ros2_ws/build/opencv_tests:/home/ubuntu/ros2_ws/install/opencv_tests/lib/python3.8/site-packages:/home/ubuntu/ros2_ws/install/image_geometry/lib/python3.8/site-packages:/home/ubuntu/turtlebot3_ws/build/turtlebot3_teleop:/home/ubuntu/turtlebot3_ws/install/turtlebot3_teleop/lib/python3.8/site-packages:/home/ubuntu/turtlebot3_ws/build/turtlebot3_example:/home/ubuntu/turtlebot3_ws/install/turtlebot3_example/lib/python3.8/site-packages:/opt/ros/foxy/lib/python3.8/site-packages /usr/bin/cmake /home/ubuntu/ros2_ws/src/image_transport_plugins/theora_image_transport -DCMAKE_INSTALL_PREFIX=/home/ubuntu/ros2_ws/install/theora_image_transport
[0.404s] -- Found ament_cmake: 0.9.8 (/opt/ros/foxy/share/ament_cmake/cmake)
[0.783s] -- Found PythonInterp: /usr/bin/python3 (found suitable version "3.8.10", minimum required is "3") 
[0.785s] -- Using PYTHON_EXECUTABLE: /usr/bin/python3
[2.940s] -- Override CMake install command with custom implementation using symlinks instead of copying resources
[3.015s] -- Found image_transport: 2.4.0 (/home/ubuntu/ros2_ws/install/image_transport/share/image_transport/cmake)
[3.405s] -- Using all available rosidl_typesupport_c: rosidl_typesupport_fastrtps_c;rosidl_typesupport_introspection_c
[3.441s] -- Found rosidl_adapter: 1.2.1 (/opt/ros/foxy/share/rosidl_adapter/cmake)
[4.873s] -- Using all available rosidl_typesupport_cpp: rosidl_typesupport_fastrtps_cpp;rosidl_typesupport_introspection_cpp
[5.367s] -- Found rmw_implementation_cmake: 1.0.3 (/opt/ros/foxy/share/rmw_implementation_cmake/cmake)
[5.393s] -- Using RMW implementation 'rmw_fastrtps_cpp' as default
[8.403s] -- Found cv_bridge: 3.0.7 (/home/ubuntu/ros2_ws/install/cv_bridge/share/cv_bridge/cmake)
[8.750s] -- Found rosidl_default_generators: 1.0.1 (/opt/ros/foxy/share/rosidl_default_generators/cmake)
[9.616s] -- Found PythonInterp: /usr/bin/python3 (found version "3.8.10") 
[11.982s] -- Found ament_cmake_cppcheck: 0.9.6 (/opt/ros/foxy/share/ament_cmake_cppcheck/cmake)
[11.989s] -- Found ament_cmake_cpplint: 0.9.6 (/opt/ros/foxy/share/ament_cmake_cpplint/cmake)
[11.997s] -- Found ament_cmake_uncrustify: 0.9.6 (/opt/ros/foxy/share/ament_cmake_uncrustify/cmake)
[12.009s] -- Found ament_cmake_ros: 0.9.2 (/opt/ros/foxy/share/ament_cmake_ros/cmake)
[15.933s] -- Using all available rosidl_typesupport_c: rosidl_typesupport_fastrtps_c;rosidl_typesupport_introspection_c
[17.943s] -- Using all available rosidl_typesupport_cpp: rosidl_typesupport_fastrtps_cpp;rosidl_typesupport_introspection_cpp
[18.371s] -- Found PythonInterp: /usr/bin/python3 (found suitable version "3.8.10", minimum required is "3.5") 
[18.373s] -- Found python_cmake_module: 0.8.1 (/opt/ros/foxy/share/python_cmake_module/cmake)
[18.727s] -- Using PYTHON_EXECUTABLE: /usr/bin/python3
[18.730s] -- Using PYTHON_INCLUDE_DIRS: /usr/include/python3.8
[18.732s] -- Using PYTHON_LIBRARIES: /usr/lib/aarch64-linux-gnu/libpython3.8.so
[19.631s] -- Found ament_cmake_flake8: 0.9.6 (/opt/ros/foxy/share/ament_cmake_flake8/cmake)
[19.639s] -- Found ament_cmake_pep257: 0.9.6 (/opt/ros/foxy/share/ament_cmake_pep257/cmake)
[19.860s] -- Configuring done
[21.285s] -- Generating done
[21.326s] -- Build files have been written to: /home/ubuntu/ros2_ws/build/theora_image_transport
[21.404s] Invoked command in '/home/ubuntu/ros2_ws/build/theora_image_transport' returned '0': CMAKE_PREFIX_PATH=/home/ubuntu/ros2_ws/install/image_transport:/home/ubuntu/ros2_ws/install/cv_bridge:/home/ubuntu/ros2_ws/install/vision_opencv:/home/ubuntu/ros2_ws/install/v4l2_camera:/home/ubuntu/ros2_ws/install/image_transport_plugins:/home/ubuntu/ros2_ws/install/theora_image_transport:/home/ubuntu/ros2_ws/install/image_common:/home/ubuntu/ros2_ws/install/compressed_image_transport:/home/ubuntu/ros2_ws/install/compressed_depth_image_transport:/home/ubuntu/ros2_ws/install/image_geometry:/home/ubuntu/ros2_ws/install/camera_info_manager:/home/ubuntu/ros2_ws/install/camera_calibration_parsers:/home/ubuntu/turtlebot3_ws/install/turtlebot3:/home/ubuntu/turtlebot3_ws/install/turtlebot3_bringup:/home/ubuntu/turtlebot3_ws/install/turtlebot3_node:/home/ubuntu/turtlebot3_ws/install/turtlebot3_description:/home/ubuntu/turtlebot3_ws/install/ld08_driver:/home/ubuntu/ros2_ws/install/opencv_tests:/home/ubuntu/turtlebot3_ws/install/turtlebot3_teleop:/home/ubuntu/turtlebot3_ws/install/turtlebot3_example:/opt/ros/foxy LD_LIBRARY_PATH=/home/ubuntu/ros2_ws/install/image_transport/lib:/home/ubuntu/ros2_ws/install/cv_bridge/lib:/home/ubuntu/ros2_ws/install/v4l2_camera/lib:/home/ubuntu/ros2_ws/install/theora_image_transport/lib:/home/ubuntu/ros2_ws/install/compressed_image_transport/lib:/home/ubuntu/ros2_ws/install/compressed_depth_image_transport/lib:/home/ubuntu/ros2_ws/install/image_geometry/lib:/home/ubuntu/ros2_ws/install/camera_info_manager/lib:/home/ubuntu/ros2_ws/install/camera_calibration_parsers/lib:/opt/ros/foxy/opt/yaml_cpp_vendor/lib:/opt/ros/foxy/lib/aarch64-linux-gnu:/opt/ros/foxy/lib PYTHONPATH=/home/ubuntu/ros2_ws/install/cv_bridge/lib/python3.8/site-packages:/home/ubuntu/ros2_ws/install/theora_image_transport/lib/python3.8/site-packages:/home/ubuntu/ros2_ws/build/opencv_tests:/home/ubuntu/ros2_ws/install/opencv_tests/lib/python3.8/site-packages:/home/ubuntu/ros2_ws/install/image_geometry/lib/python3.8/site-packages:/home/ubuntu/turtlebot3_ws/build/turtlebot3_teleop:/home/ubuntu/turtlebot3_ws/install/turtlebot3_teleop/lib/python3.8/site-packages:/home/ubuntu/turtlebot3_ws/build/turtlebot3_example:/home/ubuntu/turtlebot3_ws/install/turtlebot3_example/lib/python3.8/site-packages:/opt/ros/foxy/lib/python3.8/site-packages /usr/bin/cmake /home/ubuntu/ros2_ws/src/image_transport_plugins/theora_image_transport -DCMAKE_INSTALL_PREFIX=/home/ubuntu/ros2_ws/install/theora_image_transport
[21.424s] Invoking command in '/home/ubuntu/ros2_ws/build/theora_image_transport': CMAKE_PREFIX_PATH=/home/ubuntu/ros2_ws/install/image_transport:/home/ubuntu/ros2_ws/install/cv_bridge:/home/ubuntu/ros2_ws/install/vision_opencv:/home/ubuntu/ros2_ws/install/v4l2_camera:/home/ubuntu/ros2_ws/install/image_transport_plugins:/home/ubuntu/ros2_ws/install/theora_image_transport:/home/ubuntu/ros2_ws/install/image_common:/home/ubuntu/ros2_ws/install/compressed_image_transport:/home/ubuntu/ros2_ws/install/compressed_depth_image_transport:/home/ubuntu/ros2_ws/install/image_geometry:/home/ubuntu/ros2_ws/install/camera_info_manager:/home/ubuntu/ros2_ws/install/camera_calibration_parsers:/home/ubuntu/turtlebot3_ws/install/turtlebot3:/home/ubuntu/turtlebot3_ws/install/turtlebot3_bringup:/home/ubuntu/turtlebot3_ws/install/turtlebot3_node:/home/ubuntu/turtlebot3_ws/install/turtlebot3_description:/home/ubuntu/turtlebot3_ws/install/ld08_driver:/home/ubuntu/ros2_ws/install/opencv_tests:/home/ubuntu/turtlebot3_ws/install/turtlebot3_teleop:/home/ubuntu/turtlebot3_ws/install/turtlebot3_example:/opt/ros/foxy LD_LIBRARY_PATH=/home/ubuntu/ros2_ws/install/image_transport/lib:/home/ubuntu/ros2_ws/install/cv_bridge/lib:/home/ubuntu/ros2_ws/install/v4l2_camera/lib:/home/ubuntu/ros2_ws/install/theora_image_transport/lib:/home/ubuntu/ros2_ws/install/compressed_image_transport/lib:/home/ubuntu/ros2_ws/install/compressed_depth_image_transport/lib:/home/ubuntu/ros2_ws/install/image_geometry/lib:/home/ubuntu/ros2_ws/install/camera_info_manager/lib:/home/ubuntu/ros2_ws/install/camera_calibration_parsers/lib:/opt/ros/foxy/opt/yaml_cpp_vendor/lib:/opt/ros/foxy/lib/aarch64-linux-gnu:/opt/ros/foxy/lib PYTHONPATH=/home/ubuntu/ros2_ws/install/cv_bridge/lib/python3.8/site-packages:/home/ubuntu/ros2_ws/install/theora_image_transport/lib/python3.8/site-packages:/home/ubuntu/ros2_ws/build/opencv_tests:/home/ubuntu/ros2_ws/install/opencv_tests/lib/python3.8/site-packages:/home/ubuntu/ros2_ws/install/image_geometry/lib/python3.8/site-packages:/home/ubuntu/turtlebot3_ws/build/turtlebot3_teleop:/home/ubuntu/turtlebot3_ws/install/turtlebot3_teleop/lib/python3.8/site-packages:/home/ubuntu/turtlebot3_ws/build/turtlebot3_example:/home/ubuntu/turtlebot3_ws/install/turtlebot3_example/lib/python3.8/site-packages:/opt/ros/foxy/lib/python3.8/site-packages /usr/bin/cmake --build /home/ubuntu/ros2_ws/build/theora_image_transport -- -j4 -l4
[21.939s] [  2%] Built target theora_image_transport__cpp
[21.979s] [ 10%] Built target theora_image_transport__rosidl_generator_c
[22.202s] [ 18%] Built target theora_image_transport__rosidl_typesupport_cpp
[22.214s] [ 27%] Built target theora_image_transport__rosidl_typesupport_introspection_cpp
[22.252s] [ 35%] Built target theora_image_transport__rosidl_typesupport_fastrtps_cpp
[22.262s] [ 43%] Built target theora_image_transport__rosidl_typesupport_introspection_c
[22.451s] [ 51%] Built target theora_image_transport__rosidl_typesupport_c
[22.532s] [ 59%] Built target theora_image_transport__rosidl_typesupport_fastrtps_c
[22.730s] [ 59%] Built target theora_image_transport
[22.950s] [ 62%] Built target theora_image_transport__py
[23.044s] [ 67%] Built target ogg_saver
[23.126s] [ 78%] Built target theora_image_transport_component
[23.216s] [ 83%] Built target theora_image_transport__python
[23.485s] [ 89%] Built target theora_image_transport__rosidl_typesupport_c__pyext
[23.488s] [ 94%] Built target theora_image_transport__rosidl_typesupport_introspection_c__pyext
[23.497s] [100%] Built target theora_image_transport__rosidl_typesupport_fastrtps_c__pyext
[23.591s] Invoked command in '/home/ubuntu/ros2_ws/build/theora_image_transport' returned '0': CMAKE_PREFIX_PATH=/home/ubuntu/ros2_ws/install/image_transport:/home/ubuntu/ros2_ws/install/cv_bridge:/home/ubuntu/ros2_ws/install/vision_opencv:/home/ubuntu/ros2_ws/install/v4l2_camera:/home/ubuntu/ros2_ws/install/image_transport_plugins:/home/ubuntu/ros2_ws/install/theora_image_transport:/home/ubuntu/ros2_ws/install/image_common:/home/ubuntu/ros2_ws/install/compressed_image_transport:/home/ubuntu/ros2_ws/install/compressed_depth_image_transport:/home/ubuntu/ros2_ws/install/image_geometry:/home/ubuntu/ros2_ws/install/camera_info_manager:/home/ubuntu/ros2_ws/install/camera_calibration_parsers:/home/ubuntu/turtlebot3_ws/install/turtlebot3:/home/ubuntu/turtlebot3_ws/install/turtlebot3_bringup:/home/ubuntu/turtlebot3_ws/install/turtlebot3_node:/home/ubuntu/turtlebot3_ws/install/turtlebot3_description:/home/ubuntu/turtlebot3_ws/install/ld08_driver:/home/ubuntu/ros2_ws/install/opencv_tests:/home/ubuntu/turtlebot3_ws/install/turtlebot3_teleop:/home/ubuntu/turtlebot3_ws/install/turtlebot3_example:/opt/ros/foxy LD_LIBRARY_PATH=/home/ubuntu/ros2_ws/install/image_transport/lib:/home/ubuntu/ros2_ws/install/cv_bridge/lib:/home/ubuntu/ros2_ws/install/v4l2_camera/lib:/home/ubuntu/ros2_ws/install/theora_image_transport/lib:/home/ubuntu/ros2_ws/install/compressed_image_transport/lib:/home/ubuntu/ros2_ws/install/compressed_depth_image_transport/lib:/home/ubuntu/ros2_ws/install/image_geometry/lib:/home/ubuntu/ros2_ws/install/camera_info_manager/lib:/home/ubuntu/ros2_ws/install/camera_calibration_parsers/lib:/opt/ros/foxy/opt/yaml_cpp_vendor/lib:/opt/ros/foxy/lib/aarch64-linux-gnu:/opt/ros/foxy/lib PYTHONPATH=/home/ubuntu/ros2_ws/install/cv_bridge/lib/python3.8/site-packages:/home/ubuntu/ros2_ws/install/theora_image_transport/lib/python3.8/site-packages:/home/ubuntu/ros2_ws/build/opencv_tests:/home/ubuntu/ros2_ws/install/opencv_tests/lib/python3.8/site-packages:/home/ubuntu/ros2_ws/install/image_geometry/lib/python3.8/site-packages:/home/ubuntu/turtlebot3_ws/build/turtlebot3_teleop:/home/ubuntu/turtlebot3_ws/install/turtlebot3_teleop/lib/python3.8/site-packages:/home/ubuntu/turtlebot3_ws/build/turtlebot3_example:/home/ubuntu/turtlebot3_ws/install/turtlebot3_example/lib/python3.8/site-packages:/opt/ros/foxy/lib/python3.8/site-packages /usr/bin/cmake --build /home/ubuntu/ros2_ws/build/theora_image_transport -- -j4 -l4
[24.413s] Invoking command in '/home/ubuntu/ros2_ws/build/theora_image_transport': CMAKE_PREFIX_PATH=/home/ubuntu/ros2_ws/install/image_transport:/home/ubuntu/ros2_ws/install/cv_bridge:/home/ubuntu/ros2_ws/install/vision_opencv:/home/ubuntu/ros2_ws/install/v4l2_camera:/home/ubuntu/ros2_ws/install/image_transport_plugins:/home/ubuntu/ros2_ws/install/theora_image_transport:/home/ubuntu/ros2_ws/install/image_common:/home/ubuntu/ros2_ws/install/compressed_image_transport:/home/ubuntu/ros2_ws/install/compressed_depth_image_transport:/home/ubuntu/ros2_ws/install/image_geometry:/home/ubuntu/ros2_ws/install/camera_info_manager:/home/ubuntu/ros2_ws/install/camera_calibration_parsers:/home/ubuntu/turtlebot3_ws/install/turtlebot3:/home/ubuntu/turtlebot3_ws/install/turtlebot3_bringup:/home/ubuntu/turtlebot3_ws/install/turtlebot3_node:/home/ubuntu/turtlebot3_ws/install/turtlebot3_description:/home/ubuntu/turtlebot3_ws/install/ld08_driver:/home/ubuntu/ros2_ws/install/opencv_tests:/home/ubuntu/turtlebot3_ws/install/turtlebot3_teleop:/home/ubuntu/turtlebot3_ws/install/turtlebot3_example:/opt/ros/foxy LD_LIBRARY_PATH=/home/ubuntu/ros2_ws/install/image_transport/lib:/home/ubuntu/ros2_ws/install/cv_bridge/lib:/home/ubuntu/ros2_ws/install/v4l2_camera/lib:/home/ubuntu/ros2_ws/install/theora_image_transport/lib:/home/ubuntu/ros2_ws/install/compressed_image_transport/lib:/home/ubuntu/ros2_ws/install/compressed_depth_image_transport/lib:/home/ubuntu/ros2_ws/install/image_geometry/lib:/home/ubuntu/ros2_ws/install/camera_info_manager/lib:/home/ubuntu/ros2_ws/install/camera_calibration_parsers/lib:/opt/ros/foxy/opt/yaml_cpp_vendor/lib:/opt/ros/foxy/lib/aarch64-linux-gnu:/opt/ros/foxy/lib PYTHONPATH=/home/ubuntu/ros2_ws/install/cv_bridge/lib/python3.8/site-packages:/home/ubuntu/ros2_ws/install/theora_image_transport/lib/python3.8/site-packages:/home/ubuntu/ros2_ws/build/opencv_tests:/home/ubuntu/ros2_ws/install/opencv_tests/lib/python3.8/site-packages:/home/ubuntu/ros2_ws/install/image_geometry/lib/python3.8/site-packages:/home/ubuntu/turtlebot3_ws/build/turtlebot3_teleop:/home/ubuntu/turtlebot3_ws/install/turtlebot3_teleop/lib/python3.8/site-packages:/home/ubuntu/turtlebot3_ws/build/turtlebot3_example:/home/ubuntu/turtlebot3_ws/install/turtlebot3_example/lib/python3.8/site-packages:/opt/ros/foxy/lib/python3.8/site-packages /usr/bin/cmake --install /home/ubuntu/ros2_ws/build/theora_image_transport
[24.491s] -- Install configuration: ""
[24.495s] -- Execute custom install script
[24.500s] -- Up-to-date symlink: /home/ubuntu/ros2_ws/install/theora_image_transport/share/ament_index/resource_index/rosidl_interfaces/theora_image_transport
[24.507s] -- Up-to-date symlink: /home/ubuntu/ros2_ws/install/theora_image_transport/include/theora_image_transport/msg/detail/packet__functions.h
[24.510s] -- Up-to-date symlink: /home/ubuntu/ros2_ws/install/theora_image_transport/include/theora_image_transport/msg/detail/packet__struct.h
[24.514s] -- Up-to-date symlink: /home/ubuntu/ros2_ws/install/theora_image_transport/include/theora_image_transport/msg/detail/packet__type_support.h
[24.518s] -- Up-to-date symlink: /home/ubuntu/ros2_ws/install/theora_image_transport/include/theora_image_transport/msg/packet.h
[24.522s] -- Up-to-date symlink: /home/ubuntu/ros2_ws/install/theora_image_transport/include/theora_image_transport/msg/rosidl_generator_c__visibility_control.h
[24.525s] -- Up-to-date symlink: /home/ubuntu/ros2_ws/install/theora_image_transport/share/theora_image_transport/environment/library_path.sh
[24.528s] -- Up-to-date symlink: /home/ubuntu/ros2_ws/install/theora_image_transport/share/theora_image_transport/environment/library_path.dsv
[24.535s] -- Up-to-date symlink: /home/ubuntu/ros2_ws/install/theora_image_transport/include/theora_image_transport/msg/detail/packet__rosidl_typesupport_fastrtps_c.h
[24.539s] -- Up-to-date symlink: /home/ubuntu/ros2_ws/install/theora_image_transport/include/theora_image_transport/msg/rosidl_typesupport_fastrtps_c__visibility_control.h
[24.543s] -- Up-to-date symlink: /home/ubuntu/ros2_ws/install/theora_image_transport/lib/libtheora_image_transport__rosidl_typesupport_fastrtps_c.so
[24.551s] -- Up-to-date symlink: /home/ubuntu/ros2_ws/install/theora_image_transport/include/theora_image_transport/msg/detail/packet__rosidl_typesupport_fastrtps_cpp.hpp
[24.554s] -- Up-to-date symlink: /home/ubuntu/ros2_ws/install/theora_image_transport/include/theora_image_transport/msg/rosidl_typesupport_fastrtps_cpp__visibility_control.h
[24.558s] -- Up-to-date symlink: /home/ubuntu/ros2_ws/install/theora_image_transport/lib/libtheora_image_transport__rosidl_typesupport_fastrtps_cpp.so
[24.564s] -- Up-to-date symlink: /home/ubuntu/ros2_ws/install/theora_image_transport/include/theora_image_transport/msg/detail/packet__rosidl_typesupport_introspection_c.h
[24.568s] -- Up-to-date symlink: /home/ubuntu/ros2_ws/install/theora_image_transport/include/theora_image_transport/msg/rosidl_typesupport_introspection_c__visibility_control.h
[24.574s] -- Up-to-date symlink: /home/ubuntu/ros2_ws/install/theora_image_transport/include/theora_image_transport/msg/detail/packet__builder.hpp
[24.577s] -- Up-to-date symlink: /home/ubuntu/ros2_ws/install/theora_image_transport/include/theora_image_transport/msg/detail/packet__struct.hpp
[24.580s] -- Up-to-date symlink: /home/ubuntu/ros2_ws/install/theora_image_transport/include/theora_image_transport/msg/detail/packet__traits.hpp
[24.584s] -- Up-to-date symlink: /home/ubuntu/ros2_ws/install/theora_image_transport/include/theora_image_transport/msg/packet.hpp
[24.591s] -- Up-to-date symlink: /home/ubuntu/ros2_ws/install/theora_image_transport/include/theora_image_transport/msg/detail/packet__rosidl_typesupport_introspection_cpp.hpp
[24.594s] -- Up-to-date symlink: /home/ubuntu/ros2_ws/install/theora_image_transport/share/theora_image_transport/environment/pythonpath.sh
[24.596s] -- Up-to-date symlink: /home/ubuntu/ros2_ws/install/theora_image_transport/share/theora_image_transport/environment/pythonpath.dsv
[24.600s] -- Up-to-date symlink: /home/ubuntu/ros2_ws/install/theora_image_transport/lib/python3.8/site-packages/theora_image_transport/__init__.py
[24.606s] -- Up-to-date symlink: /home/ubuntu/ros2_ws/install/theora_image_transport/lib/python3.8/site-packages/theora_image_transport/msg/__init__.py
[24.609s] -- Up-to-date symlink: /home/ubuntu/ros2_ws/install/theora_image_transport/lib/python3.8/site-packages/theora_image_transport/msg/_packet.py
[24.614s] -- Up-to-date symlink: /home/ubuntu/ros2_ws/install/theora_image_transport/lib/python3.8/site-packages/theora_image_transport/theora_image_transport_s__rosidl_typesupport_fastrtps_c.cpython-38-aarch64-linux-gnu.so
[24.619s] -- Up-to-date symlink: /home/ubuntu/ros2_ws/install/theora_image_transport/lib/python3.8/site-packages/theora_image_transport/theora_image_transport_s__rosidl_typesupport_introspection_c.cpython-38-aarch64-linux-gnu.so
[24.624s] -- Up-to-date symlink: /home/ubuntu/ros2_ws/install/theora_image_transport/lib/python3.8/site-packages/theora_image_transport/theora_image_transport_s__rosidl_typesupport_c.cpython-38-aarch64-linux-gnu.so
[24.629s] -- Up-to-date symlink: /home/ubuntu/ros2_ws/install/theora_image_transport/lib/libtheora_image_transport__python.so
[24.633s] -- Up-to-date symlink: /home/ubuntu/ros2_ws/install/theora_image_transport/share/theora_image_transport/msg/Packet.idl
[24.636s] -- Up-to-date symlink: /home/ubuntu/ros2_ws/install/theora_image_transport/share/theora_image_transport/msg/Packet.msg
[24.640s] -- Up-to-date symlink: /home/ubuntu/ros2_ws/install/theora_image_transport/lib/theora_image_transport/libtheora_image_transport_component.so
[24.642s] -- Up-to-date symlink: /home/ubuntu/ros2_ws/install/theora_image_transport/bin/ogg_saver
[24.648s] -- Up-to-date symlink: /home/ubuntu/ros2_ws/install/theora_image_transport/include/theora_image_transport/theora_publisher.h
[24.651s] -- Up-to-date symlink: /home/ubuntu/ros2_ws/install/theora_image_transport/include/theora_image_transport/theora_subscriber.h
[24.654s] -- Up-to-date symlink: /home/ubuntu/ros2_ws/install/theora_image_transport/share/theora_image_transport//theora_plugins.xml
[24.658s] -- Up-to-date symlink: /home/ubuntu/ros2_ws/install/theora_image_transport/share/ament_index/resource_index/package_run_dependencies/theora_image_transport
[24.662s] -- Up-to-date symlink: /home/ubuntu/ros2_ws/install/theora_image_transport/share/ament_index/resource_index/parent_prefix_path/theora_image_transport
[24.666s] -- Up-to-date symlink: /home/ubuntu/ros2_ws/install/theora_image_transport/share/theora_image_transport/environment/ament_prefix_path.sh
[24.669s] -- Up-to-date symlink: /home/ubuntu/ros2_ws/install/theora_image_transport/share/theora_image_transport/environment/ament_prefix_path.dsv
[24.673s] -- Up-to-date symlink: /home/ubuntu/ros2_ws/install/theora_image_transport/share/theora_image_transport/environment/path.sh
[24.675s] -- Up-to-date symlink: /home/ubuntu/ros2_ws/install/theora_image_transport/share/theora_image_transport/environment/path.dsv
[24.679s] -- Up-to-date symlink: /home/ubuntu/ros2_ws/install/theora_image_transport/share/theora_image_transport/local_setup.bash
[24.683s] -- Up-to-date symlink: /home/ubuntu/ros2_ws/install/theora_image_transport/share/theora_image_transport/local_setup.sh
[24.686s] -- Up-to-date symlink: /home/ubuntu/ros2_ws/install/theora_image_transport/share/theora_image_transport/local_setup.zsh
[24.690s] -- Up-to-date symlink: /home/ubuntu/ros2_ws/install/theora_image_transport/share/theora_image_transport/local_setup.dsv
[24.692s] -- Symlinking: /home/ubuntu/ros2_ws/install/theora_image_transport/share/theora_image_transport/package.dsv
[24.776s] -- Up-to-date symlink: /home/ubuntu/ros2_ws/install/theora_image_transport/share/ament_index/resource_index/packages/theora_image_transport
[24.779s] -- Up-to-date symlink: /home/ubuntu/ros2_ws/install/theora_image_transport/share/ament_index/resource_index/image_transport__pluginlib__plugin/theora_image_transport
[24.783s] -- Up-to-date symlink: /home/ubuntu/ros2_ws/install/theora_image_transport/share/theora_image_transport/cmake/rosidl_cmake-extras.cmake
[24.787s] -- Up-to-date symlink: /home/ubuntu/ros2_ws/install/theora_image_transport/share/theora_image_transport/cmake/ament_cmake_export_dependencies-extras.cmake
[24.791s] -- Up-to-date symlink: /home/ubuntu/ros2_ws/install/theora_image_transport/share/theora_image_transport/cmake/ament_cmake_export_libraries-extras.cmake
[24.795s] -- Up-to-date symlink: /home/ubuntu/ros2_ws/install/theora_image_transport/share/theora_image_transport/cmake/ament_cmake_export_targets-extras.cmake
[24.799s] -- Up-to-date symlink: /home/ubuntu/ros2_ws/install/theora_image_transport/share/theora_image_transport/cmake/ament_cmake_export_include_directories-extras.cmake
[24.803s] -- Up-to-date symlink: /home/ubuntu/ros2_ws/install/theora_image_transport/share/theora_image_transport/cmake/rosidl_cmake_export_typesupport_libraries-extras.cmake
[24.807s] -- Up-to-date symlink: /home/ubuntu/ros2_ws/install/theora_image_transport/share/theora_image_transport/cmake/rosidl_cmake_export_typesupport_targets-extras.cmake
[24.810s] -- Up-to-date symlink: /home/ubuntu/ros2_ws/install/theora_image_transport/share/theora_image_transport/cmake/theora_image_transportConfig.cmake
[24.813s] -- Up-to-date symlink: /home/ubuntu/ros2_ws/install/theora_image_transport/share/theora_image_transport/cmake/theora_image_transportConfig-version.cmake
[24.816s] -- Up-to-date symlink: /home/ubuntu/ros2_ws/install/theora_image_transport/share/theora_image_transport/package.xml
[24.821s] -- Up-to-date: /home/ubuntu/ros2_ws/install/theora_image_transport/lib/libtheora_image_transport__rosidl_generator_c.so
[24.827s] -- Up-to-date: /home/ubuntu/ros2_ws/install/theora_image_transport/lib/libtheora_image_transport__rosidl_typesupport_introspection_c.so
[24.833s] -- Up-to-date: /home/ubuntu/ros2_ws/install/theora_image_transport/lib/libtheora_image_transport__rosidl_typesupport_c.so
[24.841s] -- Up-to-date: /home/ubuntu/ros2_ws/install/theora_image_transport/lib/libtheora_image_transport__rosidl_typesupport_introspection_cpp.so
[24.845s] -- Up-to-date: /home/ubuntu/ros2_ws/install/theora_image_transport/lib/libtheora_image_transport__rosidl_typesupport_cpp.so
[25.171s] Compiling '/home/ubuntu/ros2_ws/install/theora_image_transport/lib/python3.8/site-packages/theora_image_transport/__init__.py'...
[25.220s] -- Up-to-date: /home/ubuntu/ros2_ws/install/theora_image_transport/share/theora_image_transport/cmake/theora_image_transport__rosidl_generator_cExport.cmake
[25.220s] -- Installing: /home/ubuntu/ros2_ws/install/theora_image_transport/share/theora_image_transport/cmake/theora_image_transport__rosidl_generator_cExport-noconfig.cmake
[25.225s] -- Up-to-date: /home/ubuntu/ros2_ws/install/theora_image_transport/share/theora_image_transport/cmake/theora_image_transport__rosidl_typesupport_introspection_cExport.cmake
[25.226s] -- Installing: /home/ubuntu/ros2_ws/install/theora_image_transport/share/theora_image_transport/cmake/theora_image_transport__rosidl_typesupport_introspection_cExport-noconfig.cmake
[25.231s] -- Up-to-date: /home/ubuntu/ros2_ws/install/theora_image_transport/share/theora_image_transport/cmake/theora_image_transport__rosidl_typesupport_cExport.cmake
[25.232s] -- Installing: /home/ubuntu/ros2_ws/install/theora_image_transport/share/theora_image_transport/cmake/theora_image_transport__rosidl_typesupport_cExport-noconfig.cmake
[25.237s] -- Up-to-date: /home/ubuntu/ros2_ws/install/theora_image_transport/share/theora_image_transport/cmake/theora_image_transport__rosidl_generator_cppExport.cmake
[25.240s] -- Up-to-date: /home/ubuntu/ros2_ws/install/theora_image_transport/share/theora_image_transport/cmake/theora_image_transport__rosidl_typesupport_introspection_cppExport.cmake
[25.241s] -- Installing: /home/ubuntu/ros2_ws/install/theora_image_transport/share/theora_image_transport/cmake/theora_image_transport__rosidl_typesupport_introspection_cppExport-noconfig.cmake
[25.246s] -- Up-to-date: /home/ubuntu/ros2_ws/install/theora_image_transport/share/theora_image_transport/cmake/theora_image_transport__rosidl_typesupport_cppExport.cmake
[25.247s] -- Installing: /home/ubuntu/ros2_ws/install/theora_image_transport/share/theora_image_transport/cmake/theora_image_transport__rosidl_typesupport_cppExport-noconfig.cmake
[25.268s] Invoked command in '/home/ubuntu/ros2_ws/build/theora_image_transport' returned '0': CMAKE_PREFIX_PATH=/home/ubuntu/ros2_ws/install/image_transport:/home/ubuntu/ros2_ws/install/cv_bridge:/home/ubuntu/ros2_ws/install/vision_opencv:/home/ubuntu/ros2_ws/install/v4l2_camera:/home/ubuntu/ros2_ws/install/image_transport_plugins:/home/ubuntu/ros2_ws/install/theora_image_transport:/home/ubuntu/ros2_ws/install/image_common:/home/ubuntu/ros2_ws/install/compressed_image_transport:/home/ubuntu/ros2_ws/install/compressed_depth_image_transport:/home/ubuntu/ros2_ws/install/image_geometry:/home/ubuntu/ros2_ws/install/camera_info_manager:/home/ubuntu/ros2_ws/install/camera_calibration_parsers:/home/ubuntu/turtlebot3_ws/install/turtlebot3:/home/ubuntu/turtlebot3_ws/install/turtlebot3_bringup:/home/ubuntu/turtlebot3_ws/install/turtlebot3_node:/home/ubuntu/turtlebot3_ws/install/turtlebot3_description:/home/ubuntu/turtlebot3_ws/install/ld08_driver:/home/ubuntu/ros2_ws/install/opencv_tests:/home/ubuntu/turtlebot3_ws/install/turtlebot3_teleop:/home/ubuntu/turtlebot3_ws/install/turtlebot3_example:/opt/ros/foxy LD_LIBRARY_PATH=/home/ubuntu/ros2_ws/install/image_transport/lib:/home/ubuntu/ros2_ws/install/cv_bridge/lib:/home/ubuntu/ros2_ws/install/v4l2_camera/lib:/home/ubuntu/ros2_ws/install/theora_image_transport/lib:/home/ubuntu/ros2_ws/install/compressed_image_transport/lib:/home/ubuntu/ros2_ws/install/compressed_depth_image_transport/lib:/home/ubuntu/ros2_ws/install/image_geometry/lib:/home/ubuntu/ros2_ws/install/camera_info_manager/lib:/home/ubuntu/ros2_ws/install/camera_calibration_parsers/lib:/opt/ros/foxy/opt/yaml_cpp_vendor/lib:/opt/ros/foxy/lib/aarch64-linux-gnu:/opt/ros/foxy/lib PYTHONPATH=/home/ubuntu/ros2_ws/install/cv_bridge/lib/python3.8/site-packages:/home/ubuntu/ros2_ws/install/theora_image_transport/lib/python3.8/site-packages:/home/ubuntu/ros2_ws/build/opencv_tests:/home/ubuntu/ros2_ws/install/opencv_tests/lib/python3.8/site-packages:/home/ubuntu/ros2_ws/install/image_geometry/lib/python3.8/site-packages:/home/ubuntu/turtlebot3_ws/build/turtlebot3_teleop:/home/ubuntu/turtlebot3_ws/install/turtlebot3_teleop/lib/python3.8/site-packages:/home/ubuntu/turtlebot3_ws/build/turtlebot3_example:/home/ubuntu/turtlebot3_ws/install/turtlebot3_example/lib/python3.8/site-packages:/opt/ros/foxy/lib/python3.8/site-packages /usr/bin/cmake --install /home/ubuntu/ros2_ws/build/theora_image_transport
