[0.172s] Invoking command in '/home/ubuntu/cv_cam_ws/build/ros2_shared': CMAKE_PREFIX_PATH=${CMAKE_PREFIX_PATH}:/home/ubuntu/ros2_ws/install/opencv_tests:/home/ubuntu/turtlebot3_ws/install/turtlebot3_teleop:/home/ubuntu/turtlebot3_ws/install/turtlebot3_example:/opt/ros/foxy /usr/bin/cmake --build /home/ubuntu/cv_cam_ws/build/ros2_shared -- -j4 -l4
[1.170s] Invoked command in '/home/ubuntu/cv_cam_ws/build/ros2_shared' returned '0': CMAKE_PREFIX_PATH=${CMAKE_PREFIX_PATH}:/home/ubuntu/ros2_ws/install/opencv_tests:/home/ubuntu/turtlebot3_ws/install/turtlebot3_teleop:/home/ubuntu/turtlebot3_ws/install/turtlebot3_example:/opt/ros/foxy /usr/bin/cmake --build /home/ubuntu/cv_cam_ws/build/ros2_shared -- -j4 -l4
[1.458s] Invoking command in '/home/ubuntu/cv_cam_ws/build/ros2_shared': CMAKE_PREFIX_PATH=${CMAKE_PREFIX_PATH}:/home/ubuntu/ros2_ws/install/opencv_tests:/home/ubuntu/turtlebot3_ws/install/turtlebot3_teleop:/home/ubuntu/turtlebot3_ws/install/turtlebot3_example:/opt/ros/foxy /usr/bin/cmake --install /home/ubuntu/cv_cam_ws/build/ros2_shared
[1.526s] -- Install configuration: ""
[1.527s] -- Up-to-date: /home/ubuntu/cv_cam_ws/install/ros2_shared/include
[1.529s] -- Up-to-date: /home/ubuntu/cv_cam_ws/install/ros2_shared/include/ros2_shared
[1.532s] -- Up-to-date: /home/ubuntu/cv_cam_ws/install/ros2_shared/include/ros2_shared/param_macros.hpp
[1.533s] -- Up-to-date: /home/ubuntu/cv_cam_ws/install/ros2_shared/include/ros2_shared/string_printf.hpp
[1.533s] -- Up-to-date: /home/ubuntu/cv_cam_ws/install/ros2_shared/include/ros2_shared/context_macros.hpp
[1.537s] -- Up-to-date: /home/ubuntu/cv_cam_ws/install/ros2_shared/share/ament_index/resource_index/package_run_dependencies/ros2_shared
[1.539s] -- Up-to-date: /home/ubuntu/cv_cam_ws/install/ros2_shared/share/ament_index/resource_index/parent_prefix_path/ros2_shared
[1.542s] -- Up-to-date: /home/ubuntu/cv_cam_ws/install/ros2_shared/share/ros2_shared/environment/ament_prefix_path.sh
[1.544s] -- Up-to-date: /home/ubuntu/cv_cam_ws/install/ros2_shared/share/ros2_shared/environment/ament_prefix_path.dsv
[1.545s] -- Up-to-date: /home/ubuntu/cv_cam_ws/install/ros2_shared/share/ros2_shared/environment/path.sh
[1.546s] -- Up-to-date: /home/ubuntu/cv_cam_ws/install/ros2_shared/share/ros2_shared/environment/path.dsv
[1.548s] -- Up-to-date: /home/ubuntu/cv_cam_ws/install/ros2_shared/share/ros2_shared/local_setup.bash
[1.549s] -- Up-to-date: /home/ubuntu/cv_cam_ws/install/ros2_shared/share/ros2_shared/local_setup.sh
[1.550s] -- Up-to-date: /home/ubuntu/cv_cam_ws/install/ros2_shared/share/ros2_shared/local_setup.zsh
[1.551s] -- Up-to-date: /home/ubuntu/cv_cam_ws/install/ros2_shared/share/ros2_shared/local_setup.dsv
[1.551s] -- Installing: /home/ubuntu/cv_cam_ws/install/ros2_shared/share/ros2_shared/package.dsv
[1.554s] -- Up-to-date: /home/ubuntu/cv_cam_ws/install/ros2_shared/share/ament_index/resource_index/packages/ros2_shared
[1.556s] -- Up-to-date: /home/ubuntu/cv_cam_ws/install/ros2_shared/share/ros2_shared/cmake/ament_cmake_export_include_directories-extras.cmake
[1.557s] -- Up-to-date: /home/ubuntu/cv_cam_ws/install/ros2_shared/share/ros2_shared/cmake/ros2_sharedConfig.cmake
[1.558s] -- Up-to-date: /home/ubuntu/cv_cam_ws/install/ros2_shared/share/ros2_shared/cmake/ros2_sharedConfig-version.cmake
[1.559s] -- Up-to-date: /home/ubuntu/cv_cam_ws/install/ros2_shared/share/ros2_shared/package.xml
[1.570s] Invoked command in '/home/ubuntu/cv_cam_ws/build/ros2_shared' returned '0': CMAKE_PREFIX_PATH=${CMAKE_PREFIX_PATH}:/home/ubuntu/ros2_ws/install/opencv_tests:/home/ubuntu/turtlebot3_ws/install/turtlebot3_teleop:/home/ubuntu/turtlebot3_ws/install/turtlebot3_example:/opt/ros/foxy /usr/bin/cmake --install /home/ubuntu/cv_cam_ws/build/ros2_shared
