[0.541s] Invoking command in '/home/ubuntu/ros2_ws/build/theora_image_transport': CMAKE_PREFIX_PATH=/home/ubuntu/ros2_ws/install/image_transport:/home/ubuntu/ros2_ws/install/cv_bridge:/home/ubuntu/ros2_ws/install/vision_opencv:/home/ubuntu/ros2_ws/install/v4l2_camera:/home/ubuntu/ros2_ws/install/image_pipeline:/home/ubuntu/ros2_ws/install/stereo_image_proc:/home/ubuntu/ros2_ws/install/image_proc:/home/ubuntu/ros2_ws/install/tracetools_image_pipeline:/home/ubuntu/ros2_ws/install/image_transport_plugins:/home/ubuntu/ros2_ws/install/theora_image_transport:/home/ubuntu/ros2_ws/install/image_view:/home/ubuntu/ros2_ws/install/image_rotate:/home/ubuntu/ros2_ws/install/image_publisher:/home/ubuntu/ros2_ws/install/image_common:/home/ubuntu/ros2_ws/install/depth_image_proc:/home/ubuntu/ros2_ws/install/compressed_image_transport:/home/ubuntu/ros2_ws/install/compressed_depth_image_transport:/home/ubuntu/ros2_ws/install/image_geometry:/home/ubuntu/ros2_ws/install/camera_info_manager:/home/ubuntu/ros2_ws/install/camera_calibration_parsers:/home/ubuntu/cv_cam_ws/install/opencv_cam:/home/ubuntu/cv_cam_ws/install/ros2_shared:/home/ubuntu/turtlebot3_ws/install/turtlebot3:/home/ubuntu/turtlebot3_ws/install/turtlebot3_bringup:/home/ubuntu/turtlebot3_ws/install/turtlebot3_node:/home/ubuntu/turtlebot3_ws/install/turtlebot3_description:/home/ubuntu/turtlebot3_ws/install/ld08_driver:/home/ubuntu/ros2_ws/install/opencv_tests:/home/ubuntu/ros2_ws/install/camera_calibration:/home/ubuntu/turtlebot3_ws/install/turtlebot3_teleop:/home/ubuntu/turtlebot3_ws/install/turtlebot3_example:/opt/ros/foxy LD_LIBRARY_PATH=/home/ubuntu/ros2_ws/install/image_transport/lib:/home/ubuntu/ros2_ws/install/cv_bridge/lib:/home/ubuntu/ros2_ws/install/v4l2_camera/lib:/home/ubuntu/ros2_ws/install/stereo_image_proc/lib:/home/ubuntu/ros2_ws/install/image_proc/lib:/home/ubuntu/ros2_ws/install/tracetools_image_pipeline/lib:/home/ubuntu/ros2_ws/install/theora_image_transport/lib:/home/ubuntu/ros2_ws/install/image_view/lib:/home/ubuntu/ros2_ws/install/image_rotate/lib:/home/ubuntu/ros2_ws/install/image_publisher/lib:/home/ubuntu/ros2_ws/install/depth_image_proc/lib:/home/ubuntu/ros2_ws/install/compressed_image_transport/lib:/home/ubuntu/ros2_ws/install/compressed_depth_image_transport/lib:/home/ubuntu/ros2_ws/install/image_geometry/lib:/home/ubuntu/ros2_ws/install/camera_info_manager/lib:/home/ubuntu/ros2_ws/install/camera_calibration_parsers/lib:/home/ubuntu/cv_cam_ws/install/opencv_cam/lib:/opt/ros/foxy/opt/yaml_cpp_vendor/lib:/opt/ros/foxy/lib/aarch64-linux-gnu:/opt/ros/foxy/lib PYTHONPATH=/home/ubuntu/ros2_ws/install/cv_bridge/lib/python3.8/site-packages:/home/ubuntu/ros2_ws/install/theora_image_transport/lib/python3.8/site-packages:/home/ubuntu/ros2_ws/build/opencv_tests:/home/ubuntu/ros2_ws/install/opencv_tests/lib/python3.8/site-packages:/home/ubuntu/ros2_ws/build/camera_calibration/src:/home/ubuntu/ros2_ws/install/camera_calibration/lib/python3.8/site-packages:/home/ubuntu/ros2_ws/install/image_geometry/lib/python3.8/site-packages:/home/ubuntu/turtlebot3_ws/build/turtlebot3_teleop:/home/ubuntu/turtlebot3_ws/install/turtlebot3_teleop/lib/python3.8/site-packages:/home/ubuntu/turtlebot3_ws/build/turtlebot3_example:/home/ubuntu/turtlebot3_ws/install/turtlebot3_example/lib/python3.8/site-packages:/opt/ros/foxy/lib/python3.8/site-packages /usr/bin/cmake --build /home/ubuntu/ros2_ws/build/theora_image_transport -- -j4 -l4
[1.644s] [  2%] Built target theora_image_transport__cpp
[1.647s] [ 10%] Built target theora_image_transport__rosidl_generator_c
[2.173s] [ 18%] Built target theora_image_transport__rosidl_typesupport_c
[2.329s] [ 27%] Built target theora_image_transport__rosidl_typesupport_introspection_c
[2.778s] [ 35%] Built target theora_image_transport__rosidl_typesupport_introspection_cpp
[3.012s] [ 43%] Built target theora_image_transport__rosidl_typesupport_cpp
[3.063s] [ 51%] Built target theora_image_transport__rosidl_typesupport_fastrtps_cpp
[3.664s] [ 59%] Built target theora_image_transport__rosidl_typesupport_fastrtps_c
[4.029s] [ 59%] Built target theora_image_transport
[4.439s] [ 62%] Built target theora_image_transport__py
[4.956s] [ 67%] Built target ogg_saver
[5.437s] [ 72%] Built target theora_image_transport__python
[5.971s] [ 83%] Built target theora_image_transport_component
[6.385s] [ 89%] Built target theora_image_transport__rosidl_typesupport_fastrtps_c__pyext
[6.783s] [ 94%] Built target theora_image_transport__rosidl_typesupport_introspection_c__pyext
[7.182s] [100%] Built target theora_image_transport__rosidl_typesupport_c__pyext
[7.560s] Invoked command in '/home/ubuntu/ros2_ws/build/theora_image_transport' returned '0': CMAKE_PREFIX_PATH=/home/ubuntu/ros2_ws/install/image_transport:/home/ubuntu/ros2_ws/install/cv_bridge:/home/ubuntu/ros2_ws/install/vision_opencv:/home/ubuntu/ros2_ws/install/v4l2_camera:/home/ubuntu/ros2_ws/install/image_pipeline:/home/ubuntu/ros2_ws/install/stereo_image_proc:/home/ubuntu/ros2_ws/install/image_proc:/home/ubuntu/ros2_ws/install/tracetools_image_pipeline:/home/ubuntu/ros2_ws/install/image_transport_plugins:/home/ubuntu/ros2_ws/install/theora_image_transport:/home/ubuntu/ros2_ws/install/image_view:/home/ubuntu/ros2_ws/install/image_rotate:/home/ubuntu/ros2_ws/install/image_publisher:/home/ubuntu/ros2_ws/install/image_common:/home/ubuntu/ros2_ws/install/depth_image_proc:/home/ubuntu/ros2_ws/install/compressed_image_transport:/home/ubuntu/ros2_ws/install/compressed_depth_image_transport:/home/ubuntu/ros2_ws/install/image_geometry:/home/ubuntu/ros2_ws/install/camera_info_manager:/home/ubuntu/ros2_ws/install/camera_calibration_parsers:/home/ubuntu/cv_cam_ws/install/opencv_cam:/home/ubuntu/cv_cam_ws/install/ros2_shared:/home/ubuntu/turtlebot3_ws/install/turtlebot3:/home/ubuntu/turtlebot3_ws/install/turtlebot3_bringup:/home/ubuntu/turtlebot3_ws/install/turtlebot3_node:/home/ubuntu/turtlebot3_ws/install/turtlebot3_description:/home/ubuntu/turtlebot3_ws/install/ld08_driver:/home/ubuntu/ros2_ws/install/opencv_tests:/home/ubuntu/ros2_ws/install/camera_calibration:/home/ubuntu/turtlebot3_ws/install/turtlebot3_teleop:/home/ubuntu/turtlebot3_ws/install/turtlebot3_example:/opt/ros/foxy LD_LIBRARY_PATH=/home/ubuntu/ros2_ws/install/image_transport/lib:/home/ubuntu/ros2_ws/install/cv_bridge/lib:/home/ubuntu/ros2_ws/install/v4l2_camera/lib:/home/ubuntu/ros2_ws/install/stereo_image_proc/lib:/home/ubuntu/ros2_ws/install/image_proc/lib:/home/ubuntu/ros2_ws/install/tracetools_image_pipeline/lib:/home/ubuntu/ros2_ws/install/theora_image_transport/lib:/home/ubuntu/ros2_ws/install/image_view/lib:/home/ubuntu/ros2_ws/install/image_rotate/lib:/home/ubuntu/ros2_ws/install/image_publisher/lib:/home/ubuntu/ros2_ws/install/depth_image_proc/lib:/home/ubuntu/ros2_ws/install/compressed_image_transport/lib:/home/ubuntu/ros2_ws/install/compressed_depth_image_transport/lib:/home/ubuntu/ros2_ws/install/image_geometry/lib:/home/ubuntu/ros2_ws/install/camera_info_manager/lib:/home/ubuntu/ros2_ws/install/camera_calibration_parsers/lib:/home/ubuntu/cv_cam_ws/install/opencv_cam/lib:/opt/ros/foxy/opt/yaml_cpp_vendor/lib:/opt/ros/foxy/lib/aarch64-linux-gnu:/opt/ros/foxy/lib PYTHONPATH=/home/ubuntu/ros2_ws/install/cv_bridge/lib/python3.8/site-packages:/home/ubuntu/ros2_ws/install/theora_image_transport/lib/python3.8/site-packages:/home/ubuntu/ros2_ws/build/opencv_tests:/home/ubuntu/ros2_ws/install/opencv_tests/lib/python3.8/site-packages:/home/ubuntu/ros2_ws/build/camera_calibration/src:/home/ubuntu/ros2_ws/install/camera_calibration/lib/python3.8/site-packages:/home/ubuntu/ros2_ws/install/image_geometry/lib/python3.8/site-packages:/home/ubuntu/turtlebot3_ws/build/turtlebot3_teleop:/home/ubuntu/turtlebot3_ws/install/turtlebot3_teleop/lib/python3.8/site-packages:/home/ubuntu/turtlebot3_ws/build/turtlebot3_example:/home/ubuntu/turtlebot3_ws/install/turtlebot3_example/lib/python3.8/site-packages:/opt/ros/foxy/lib/python3.8/site-packages /usr/bin/cmake --build /home/ubuntu/ros2_ws/build/theora_image_transport -- -j4 -l4
[9.168s] Invoking command in '/home/ubuntu/ros2_ws/build/theora_image_transport': CMAKE_PREFIX_PATH=/home/ubuntu/ros2_ws/install/image_transport:/home/ubuntu/ros2_ws/install/cv_bridge:/home/ubuntu/ros2_ws/install/vision_opencv:/home/ubuntu/ros2_ws/install/v4l2_camera:/home/ubuntu/ros2_ws/install/image_pipeline:/home/ubuntu/ros2_ws/install/stereo_image_proc:/home/ubuntu/ros2_ws/install/image_proc:/home/ubuntu/ros2_ws/install/tracetools_image_pipeline:/home/ubuntu/ros2_ws/install/image_transport_plugins:/home/ubuntu/ros2_ws/install/theora_image_transport:/home/ubuntu/ros2_ws/install/image_view:/home/ubuntu/ros2_ws/install/image_rotate:/home/ubuntu/ros2_ws/install/image_publisher:/home/ubuntu/ros2_ws/install/image_common:/home/ubuntu/ros2_ws/install/depth_image_proc:/home/ubuntu/ros2_ws/install/compressed_image_transport:/home/ubuntu/ros2_ws/install/compressed_depth_image_transport:/home/ubuntu/ros2_ws/install/image_geometry:/home/ubuntu/ros2_ws/install/camera_info_manager:/home/ubuntu/ros2_ws/install/camera_calibration_parsers:/home/ubuntu/cv_cam_ws/install/opencv_cam:/home/ubuntu/cv_cam_ws/install/ros2_shared:/home/ubuntu/turtlebot3_ws/install/turtlebot3:/home/ubuntu/turtlebot3_ws/install/turtlebot3_bringup:/home/ubuntu/turtlebot3_ws/install/turtlebot3_node:/home/ubuntu/turtlebot3_ws/install/turtlebot3_description:/home/ubuntu/turtlebot3_ws/install/ld08_driver:/home/ubuntu/ros2_ws/install/opencv_tests:/home/ubuntu/ros2_ws/install/camera_calibration:/home/ubuntu/turtlebot3_ws/install/turtlebot3_teleop:/home/ubuntu/turtlebot3_ws/install/turtlebot3_example:/opt/ros/foxy LD_LIBRARY_PATH=/home/ubuntu/ros2_ws/install/image_transport/lib:/home/ubuntu/ros2_ws/install/cv_bridge/lib:/home/ubuntu/ros2_ws/install/v4l2_camera/lib:/home/ubuntu/ros2_ws/install/stereo_image_proc/lib:/home/ubuntu/ros2_ws/install/image_proc/lib:/home/ubuntu/ros2_ws/install/tracetools_image_pipeline/lib:/home/ubuntu/ros2_ws/install/theora_image_transport/lib:/home/ubuntu/ros2_ws/install/image_view/lib:/home/ubuntu/ros2_ws/install/image_rotate/lib:/home/ubuntu/ros2_ws/install/image_publisher/lib:/home/ubuntu/ros2_ws/install/depth_image_proc/lib:/home/ubuntu/ros2_ws/install/compressed_image_transport/lib:/home/ubuntu/ros2_ws/install/compressed_depth_image_transport/lib:/home/ubuntu/ros2_ws/install/image_geometry/lib:/home/ubuntu/ros2_ws/install/camera_info_manager/lib:/home/ubuntu/ros2_ws/install/camera_calibration_parsers/lib:/home/ubuntu/cv_cam_ws/install/opencv_cam/lib:/opt/ros/foxy/opt/yaml_cpp_vendor/lib:/opt/ros/foxy/lib/aarch64-linux-gnu:/opt/ros/foxy/lib PYTHONPATH=/home/ubuntu/ros2_ws/install/cv_bridge/lib/python3.8/site-packages:/home/ubuntu/ros2_ws/install/theora_image_transport/lib/python3.8/site-packages:/home/ubuntu/ros2_ws/build/opencv_tests:/home/ubuntu/ros2_ws/install/opencv_tests/lib/python3.8/site-packages:/home/ubuntu/ros2_ws/build/camera_calibration/src:/home/ubuntu/ros2_ws/install/camera_calibration/lib/python3.8/site-packages:/home/ubuntu/ros2_ws/install/image_geometry/lib/python3.8/site-packages:/home/ubuntu/turtlebot3_ws/build/turtlebot3_teleop:/home/ubuntu/turtlebot3_ws/install/turtlebot3_teleop/lib/python3.8/site-packages:/home/ubuntu/turtlebot3_ws/build/turtlebot3_example:/home/ubuntu/turtlebot3_ws/install/turtlebot3_example/lib/python3.8/site-packages:/opt/ros/foxy/lib/python3.8/site-packages /usr/bin/cmake --install /home/ubuntu/ros2_ws/build/theora_image_transport
[9.375s] -- Install configuration: ""
[9.384s] -- Execute custom install script
[9.396s] -- Up-to-date symlink: /home/ubuntu/ros2_ws/install/theora_image_transport/share/ament_index/resource_index/rosidl_interfaces/theora_image_transport
[9.416s] -- Up-to-date symlink: /home/ubuntu/ros2_ws/install/theora_image_transport/include/theora_image_transport/msg/detail/packet__functions.h
[9.422s] -- Up-to-date symlink: /home/ubuntu/ros2_ws/install/theora_image_transport/include/theora_image_transport/msg/detail/packet__struct.h
[9.429s] -- Up-to-date symlink: /home/ubuntu/ros2_ws/install/theora_image_transport/include/theora_image_transport/msg/detail/packet__type_support.h
[9.435s] -- Up-to-date symlink: /home/ubuntu/ros2_ws/install/theora_image_transport/include/theora_image_transport/msg/packet.h
[9.442s] -- Up-to-date symlink: /home/ubuntu/ros2_ws/install/theora_image_transport/include/theora_image_transport/msg/rosidl_generator_c__visibility_control.h
[9.451s] -- Up-to-date symlink: /home/ubuntu/ros2_ws/install/theora_image_transport/share/theora_image_transport/environment/library_path.sh
[9.458s] -- Up-to-date symlink: /home/ubuntu/ros2_ws/install/theora_image_transport/share/theora_image_transport/environment/library_path.dsv
[9.486s] -- Up-to-date symlink: /home/ubuntu/ros2_ws/install/theora_image_transport/include/theora_image_transport/msg/detail/packet__rosidl_typesupport_fastrtps_c.h
[9.498s] -- Up-to-date symlink: /home/ubuntu/ros2_ws/install/theora_image_transport/include/theora_image_transport/msg/rosidl_typesupport_fastrtps_c__visibility_control.h
[9.502s] -- Up-to-date symlink: /home/ubuntu/ros2_ws/install/theora_image_transport/lib/libtheora_image_transport__rosidl_typesupport_fastrtps_c.so
[9.516s] -- Up-to-date symlink: /home/ubuntu/ros2_ws/install/theora_image_transport/include/theora_image_transport/msg/detail/packet__rosidl_typesupport_fastrtps_cpp.hpp
[9.521s] -- Up-to-date symlink: /home/ubuntu/ros2_ws/install/theora_image_transport/include/theora_image_transport/msg/rosidl_typesupport_fastrtps_cpp__visibility_control.h
[9.527s] -- Up-to-date symlink: /home/ubuntu/ros2_ws/install/theora_image_transport/lib/libtheora_image_transport__rosidl_typesupport_fastrtps_cpp.so
[9.536s] -- Up-to-date symlink: /home/ubuntu/ros2_ws/install/theora_image_transport/include/theora_image_transport/msg/detail/packet__rosidl_typesupport_introspection_c.h
[9.549s] -- Up-to-date symlink: /home/ubuntu/ros2_ws/install/theora_image_transport/include/theora_image_transport/msg/rosidl_typesupport_introspection_c__visibility_control.h
[9.555s] -- Up-to-date symlink: /home/ubuntu/ros2_ws/install/theora_image_transport/include/theora_image_transport/msg/detail/packet__builder.hpp
[9.561s] -- Up-to-date symlink: /home/ubuntu/ros2_ws/install/theora_image_transport/include/theora_image_transport/msg/detail/packet__struct.hpp
[9.565s] -- Up-to-date symlink: /home/ubuntu/ros2_ws/install/theora_image_transport/include/theora_image_transport/msg/detail/packet__traits.hpp
[9.568s] -- Up-to-date symlink: /home/ubuntu/ros2_ws/install/theora_image_transport/include/theora_image_transport/msg/packet.hpp
[9.578s] -- Up-to-date symlink: /home/ubuntu/ros2_ws/install/theora_image_transport/include/theora_image_transport/msg/detail/packet__rosidl_typesupport_introspection_cpp.hpp
[9.590s] -- Up-to-date symlink: /home/ubuntu/ros2_ws/install/theora_image_transport/share/theora_image_transport/environment/pythonpath.sh
[9.596s] -- Up-to-date symlink: /home/ubuntu/ros2_ws/install/theora_image_transport/share/theora_image_transport/environment/pythonpath.dsv
[9.600s] -- Up-to-date symlink: /home/ubuntu/ros2_ws/install/theora_image_transport/lib/python3.8/site-packages/theora_image_transport/__init__.py
[9.606s] -- Up-to-date symlink: /home/ubuntu/ros2_ws/install/theora_image_transport/lib/python3.8/site-packages/theora_image_transport/msg/__init__.py
[9.613s] -- Up-to-date symlink: /home/ubuntu/ros2_ws/install/theora_image_transport/lib/python3.8/site-packages/theora_image_transport/msg/_packet.py
[9.626s] -- Up-to-date symlink: /home/ubuntu/ros2_ws/install/theora_image_transport/lib/python3.8/site-packages/theora_image_transport/theora_image_transport_s__rosidl_typesupport_fastrtps_c.cpython-38-aarch64-linux-gnu.so
[9.638s] -- Up-to-date symlink: /home/ubuntu/ros2_ws/install/theora_image_transport/lib/python3.8/site-packages/theora_image_transport/theora_image_transport_s__rosidl_typesupport_introspection_c.cpython-38-aarch64-linux-gnu.so
[9.651s] -- Up-to-date symlink: /home/ubuntu/ros2_ws/install/theora_image_transport/lib/python3.8/site-packages/theora_image_transport/theora_image_transport_s__rosidl_typesupport_c.cpython-38-aarch64-linux-gnu.so
[9.661s] -- Up-to-date symlink: /home/ubuntu/ros2_ws/install/theora_image_transport/lib/libtheora_image_transport__python.so
[9.666s] -- Up-to-date symlink: /home/ubuntu/ros2_ws/install/theora_image_transport/share/theora_image_transport/msg/Packet.idl
[9.679s] -- Up-to-date symlink: /home/ubuntu/ros2_ws/install/theora_image_transport/share/theora_image_transport/msg/Packet.msg
[9.685s] -- Up-to-date symlink: /home/ubuntu/ros2_ws/install/theora_image_transport/lib/theora_image_transport/libtheora_image_transport_component.so
[9.687s] -- Up-to-date symlink: /home/ubuntu/ros2_ws/install/theora_image_transport/bin/ogg_saver
[9.711s] -- Up-to-date symlink: /home/ubuntu/ros2_ws/install/theora_image_transport/include/theora_image_transport/theora_publisher.h
[9.725s] -- Up-to-date symlink: /home/ubuntu/ros2_ws/install/theora_image_transport/include/theora_image_transport/theora_subscriber.h
[9.729s] -- Up-to-date symlink: /home/ubuntu/ros2_ws/install/theora_image_transport/share/theora_image_transport//theora_plugins.xml
[9.732s] -- Up-to-date symlink: /home/ubuntu/ros2_ws/install/theora_image_transport/share/ament_index/resource_index/package_run_dependencies/theora_image_transport
[9.755s] -- Up-to-date symlink: /home/ubuntu/ros2_ws/install/theora_image_transport/share/ament_index/resource_index/parent_prefix_path/theora_image_transport
[9.768s] -- Up-to-date symlink: /home/ubuntu/ros2_ws/install/theora_image_transport/share/theora_image_transport/environment/ament_prefix_path.sh
[9.770s] -- Up-to-date symlink: /home/ubuntu/ros2_ws/install/theora_image_transport/share/theora_image_transport/environment/ament_prefix_path.dsv
[9.772s] -- Up-to-date symlink: /home/ubuntu/ros2_ws/install/theora_image_transport/share/theora_image_transport/environment/path.sh
[9.774s] -- Up-to-date symlink: /home/ubuntu/ros2_ws/install/theora_image_transport/share/theora_image_transport/environment/path.dsv
[9.775s] -- Up-to-date symlink: /home/ubuntu/ros2_ws/install/theora_image_transport/share/theora_image_transport/local_setup.bash
[9.777s] -- Up-to-date symlink: /home/ubuntu/ros2_ws/install/theora_image_transport/share/theora_image_transport/local_setup.sh
[9.778s] -- Up-to-date symlink: /home/ubuntu/ros2_ws/install/theora_image_transport/share/theora_image_transport/local_setup.zsh
[9.783s] -- Up-to-date symlink: /home/ubuntu/ros2_ws/install/theora_image_transport/share/theora_image_transport/local_setup.dsv
[9.788s] -- Symlinking: /home/ubuntu/ros2_ws/install/theora_image_transport/share/theora_image_transport/package.dsv
[9.958s] -- Up-to-date symlink: /home/ubuntu/ros2_ws/install/theora_image_transport/share/ament_index/resource_index/packages/theora_image_transport
[9.964s] -- Up-to-date symlink: /home/ubuntu/ros2_ws/install/theora_image_transport/share/ament_index/resource_index/image_transport__pluginlib__plugin/theora_image_transport
[9.972s] -- Up-to-date symlink: /home/ubuntu/ros2_ws/install/theora_image_transport/share/theora_image_transport/cmake/rosidl_cmake-extras.cmake
[9.982s] -- Up-to-date symlink: /home/ubuntu/ros2_ws/install/theora_image_transport/share/theora_image_transport/cmake/ament_cmake_export_dependencies-extras.cmake
[9.992s] -- Up-to-date symlink: /home/ubuntu/ros2_ws/install/theora_image_transport/share/theora_image_transport/cmake/ament_cmake_export_libraries-extras.cmake
[10.003s] -- Up-to-date symlink: /home/ubuntu/ros2_ws/install/theora_image_transport/share/theora_image_transport/cmake/ament_cmake_export_targets-extras.cmake
[10.015s] -- Up-to-date symlink: /home/ubuntu/ros2_ws/install/theora_image_transport/share/theora_image_transport/cmake/ament_cmake_export_include_directories-extras.cmake
[10.023s] -- Up-to-date symlink: /home/ubuntu/ros2_ws/install/theora_image_transport/share/theora_image_transport/cmake/rosidl_cmake_export_typesupport_libraries-extras.cmake
[10.028s] -- Up-to-date symlink: /home/ubuntu/ros2_ws/install/theora_image_transport/share/theora_image_transport/cmake/rosidl_cmake_export_typesupport_targets-extras.cmake
[10.039s] -- Up-to-date symlink: /home/ubuntu/ros2_ws/install/theora_image_transport/share/theora_image_transport/cmake/theora_image_transportConfig.cmake
[10.053s] -- Up-to-date symlink: /home/ubuntu/ros2_ws/install/theora_image_transport/share/theora_image_transport/cmake/theora_image_transportConfig-version.cmake
[10.064s] -- Up-to-date symlink: /home/ubuntu/ros2_ws/install/theora_image_transport/share/theora_image_transport/package.xml
[10.077s] -- Up-to-date: /home/ubuntu/ros2_ws/install/theora_image_transport/lib/libtheora_image_transport__rosidl_generator_c.so
[10.085s] -- Up-to-date: /home/ubuntu/ros2_ws/install/theora_image_transport/lib/libtheora_image_transport__rosidl_typesupport_introspection_c.so
[10.094s] -- Up-to-date: /home/ubuntu/ros2_ws/install/theora_image_transport/lib/libtheora_image_transport__rosidl_typesupport_c.so
[10.139s] -- Up-to-date: /home/ubuntu/ros2_ws/install/theora_image_transport/lib/libtheora_image_transport__rosidl_typesupport_introspection_cpp.so
[10.143s] -- Up-to-date: /home/ubuntu/ros2_ws/install/theora_image_transport/lib/libtheora_image_transport__rosidl_typesupport_cpp.so
[10.835s] -- Up-to-date: /home/ubuntu/ros2_ws/install/theora_image_transport/share/theora_image_transport/cmake/theora_image_transport__rosidl_generator_cExport.cmake
[10.845s] -- Up-to-date: /home/ubuntu/ros2_ws/install/theora_image_transport/share/theora_image_transport/cmake/theora_image_transport__rosidl_generator_cExport-noconfig.cmake
[10.868s] -- Up-to-date: /home/ubuntu/ros2_ws/install/theora_image_transport/share/theora_image_transport/cmake/theora_image_transport__rosidl_typesupport_introspection_cExport.cmake
[10.879s] -- Up-to-date: /home/ubuntu/ros2_ws/install/theora_image_transport/share/theora_image_transport/cmake/theora_image_transport__rosidl_typesupport_introspection_cExport-noconfig.cmake
[10.894s] -- Up-to-date: /home/ubuntu/ros2_ws/install/theora_image_transport/share/theora_image_transport/cmake/theora_image_transport__rosidl_typesupport_cExport.cmake
[10.897s] -- Up-to-date: /home/ubuntu/ros2_ws/install/theora_image_transport/share/theora_image_transport/cmake/theora_image_transport__rosidl_typesupport_cExport-noconfig.cmake
[10.917s] -- Up-to-date: /home/ubuntu/ros2_ws/install/theora_image_transport/share/theora_image_transport/cmake/theora_image_transport__rosidl_generator_cppExport.cmake
[10.933s] -- Up-to-date: /home/ubuntu/ros2_ws/install/theora_image_transport/share/theora_image_transport/cmake/theora_image_transport__rosidl_typesupport_introspection_cppExport.cmake
[10.935s] -- Up-to-date: /home/ubuntu/ros2_ws/install/theora_image_transport/share/theora_image_transport/cmake/theora_image_transport__rosidl_typesupport_introspection_cppExport-noconfig.cmake
[10.937s] -- Up-to-date: /home/ubuntu/ros2_ws/install/theora_image_transport/share/theora_image_transport/cmake/theora_image_transport__rosidl_typesupport_cppExport.cmake
[10.939s] -- Up-to-date: /home/ubuntu/ros2_ws/install/theora_image_transport/share/theora_image_transport/cmake/theora_image_transport__rosidl_typesupport_cppExport-noconfig.cmake
[11.082s] Invoked command in '/home/ubuntu/ros2_ws/build/theora_image_transport' returned '0': CMAKE_PREFIX_PATH=/home/ubuntu/ros2_ws/install/image_transport:/home/ubuntu/ros2_ws/install/cv_bridge:/home/ubuntu/ros2_ws/install/vision_opencv:/home/ubuntu/ros2_ws/install/v4l2_camera:/home/ubuntu/ros2_ws/install/image_pipeline:/home/ubuntu/ros2_ws/install/stereo_image_proc:/home/ubuntu/ros2_ws/install/image_proc:/home/ubuntu/ros2_ws/install/tracetools_image_pipeline:/home/ubuntu/ros2_ws/install/image_transport_plugins:/home/ubuntu/ros2_ws/install/theora_image_transport:/home/ubuntu/ros2_ws/install/image_view:/home/ubuntu/ros2_ws/install/image_rotate:/home/ubuntu/ros2_ws/install/image_publisher:/home/ubuntu/ros2_ws/install/image_common:/home/ubuntu/ros2_ws/install/depth_image_proc:/home/ubuntu/ros2_ws/install/compressed_image_transport:/home/ubuntu/ros2_ws/install/compressed_depth_image_transport:/home/ubuntu/ros2_ws/install/image_geometry:/home/ubuntu/ros2_ws/install/camera_info_manager:/home/ubuntu/ros2_ws/install/camera_calibration_parsers:/home/ubuntu/cv_cam_ws/install/opencv_cam:/home/ubuntu/cv_cam_ws/install/ros2_shared:/home/ubuntu/turtlebot3_ws/install/turtlebot3:/home/ubuntu/turtlebot3_ws/install/turtlebot3_bringup:/home/ubuntu/turtlebot3_ws/install/turtlebot3_node:/home/ubuntu/turtlebot3_ws/install/turtlebot3_description:/home/ubuntu/turtlebot3_ws/install/ld08_driver:/home/ubuntu/ros2_ws/install/opencv_tests:/home/ubuntu/ros2_ws/install/camera_calibration:/home/ubuntu/turtlebot3_ws/install/turtlebot3_teleop:/home/ubuntu/turtlebot3_ws/install/turtlebot3_example:/opt/ros/foxy LD_LIBRARY_PATH=/home/ubuntu/ros2_ws/install/image_transport/lib:/home/ubuntu/ros2_ws/install/cv_bridge/lib:/home/ubuntu/ros2_ws/install/v4l2_camera/lib:/home/ubuntu/ros2_ws/install/stereo_image_proc/lib:/home/ubuntu/ros2_ws/install/image_proc/lib:/home/ubuntu/ros2_ws/install/tracetools_image_pipeline/lib:/home/ubuntu/ros2_ws/install/theora_image_transport/lib:/home/ubuntu/ros2_ws/install/image_view/lib:/home/ubuntu/ros2_ws/install/image_rotate/lib:/home/ubuntu/ros2_ws/install/image_publisher/lib:/home/ubuntu/ros2_ws/install/depth_image_proc/lib:/home/ubuntu/ros2_ws/install/compressed_image_transport/lib:/home/ubuntu/ros2_ws/install/compressed_depth_image_transport/lib:/home/ubuntu/ros2_ws/install/image_geometry/lib:/home/ubuntu/ros2_ws/install/camera_info_manager/lib:/home/ubuntu/ros2_ws/install/camera_calibration_parsers/lib:/home/ubuntu/cv_cam_ws/install/opencv_cam/lib:/opt/ros/foxy/opt/yaml_cpp_vendor/lib:/opt/ros/foxy/lib/aarch64-linux-gnu:/opt/ros/foxy/lib PYTHONPATH=/home/ubuntu/ros2_ws/install/cv_bridge/lib/python3.8/site-packages:/home/ubuntu/ros2_ws/install/theora_image_transport/lib/python3.8/site-packages:/home/ubuntu/ros2_ws/build/opencv_tests:/home/ubuntu/ros2_ws/install/opencv_tests/lib/python3.8/site-packages:/home/ubuntu/ros2_ws/build/camera_calibration/src:/home/ubuntu/ros2_ws/install/camera_calibration/lib/python3.8/site-packages:/home/ubuntu/ros2_ws/install/image_geometry/lib/python3.8/site-packages:/home/ubuntu/turtlebot3_ws/build/turtlebot3_teleop:/home/ubuntu/turtlebot3_ws/install/turtlebot3_teleop/lib/python3.8/site-packages:/home/ubuntu/turtlebot3_ws/build/turtlebot3_example:/home/ubuntu/turtlebot3_ws/install/turtlebot3_example/lib/python3.8/site-packages:/opt/ros/foxy/lib/python3.8/site-packages /usr/bin/cmake --install /home/ubuntu/ros2_ws/build/theora_image_transport
