[1.170s] Invoking command in '/home/ubuntu/ros2_ws/build/stereo_image_proc': AMENT_PREFIX_PATH=/home/ubuntu/ros2_ws/install/image_proc:/home/ubuntu/ros2_ws/install/tracetools_image_pipeline:${AMENT_PREFIX_PATH} CMAKE_PREFIX_PATH=/home/ubuntu/ros2_ws/install/image_proc:/home/ubuntu/ros2_ws/install/tracetools_image_pipeline:/home/ubuntu/ros2_ws/install/image_transport:/home/ubuntu/ros2_ws/install/image_geometry:/home/ubuntu/ros2_ws/install/cv_bridge:/home/ubuntu/cv_cam_ws/install/opencv_cam:/home/ubuntu/cv_cam_ws/install/ros2_shared:/home/ubuntu/ros2_ws/install/vision_opencv:/home/ubuntu/ros2_ws/install/v4l2_camera:/home/ubuntu/ros2_ws/install/image_transport_plugins:/home/ubuntu/ros2_ws/install/theora_image_transport:/home/ubuntu/ros2_ws/install/image_common:/home/ubuntu/ros2_ws/install/compressed_image_transport:/home/ubuntu/ros2_ws/install/compressed_depth_image_transport:/home/ubuntu/ros2_ws/install/camera_info_manager:/home/ubuntu/ros2_ws/install/camera_calibration_parsers:/home/ubuntu/turtlebot3_ws/install/turtlebot3:/home/ubuntu/turtlebot3_ws/install/turtlebot3_bringup:/home/ubuntu/turtlebot3_ws/install/turtlebot3_node:/home/ubuntu/turtlebot3_ws/install/turtlebot3_description:/home/ubuntu/turtlebot3_ws/install/ld08_driver:/home/ubuntu/ros2_ws/install/opencv_tests:/home/ubuntu/turtlebot3_ws/install/turtlebot3_teleop:/home/ubuntu/turtlebot3_ws/install/turtlebot3_example:/opt/ros/foxy LD_LIBRARY_PATH=/home/ubuntu/ros2_ws/install/image_proc/lib:/home/ubuntu/ros2_ws/install/tracetools_image_pipeline/lib:/home/ubuntu/ros2_ws/install/image_transport/lib:/home/ubuntu/ros2_ws/install/image_geometry/lib:/home/ubuntu/ros2_ws/install/cv_bridge/lib:/home/ubuntu/cv_cam_ws/install/opencv_cam/lib:/home/ubuntu/ros2_ws/install/v4l2_camera/lib:/home/ubuntu/ros2_ws/install/theora_image_transport/lib:/home/ubuntu/ros2_ws/install/compressed_image_transport/lib:/home/ubuntu/ros2_ws/install/compressed_depth_image_transport/lib:/home/ubuntu/ros2_ws/install/camera_info_manager/lib:/home/ubuntu/ros2_ws/install/camera_calibration_parsers/lib:/opt/ros/foxy/opt/yaml_cpp_vendor/lib:/opt/ros/foxy/lib/aarch64-linux-gnu:/opt/ros/foxy/lib PATH=/home/ubuntu/ros2_ws/install/image_proc/bin:${PATH} PYTHONPATH=/home/ubuntu/ros2_ws/install/image_geometry/lib/python3.8/site-packages:/home/ubuntu/ros2_ws/install/cv_bridge/lib/python3.8/site-packages:/home/ubuntu/ros2_ws/install/theora_image_transport/lib/python3.8/site-packages:/home/ubuntu/ros2_ws/install/opencv_tests/lib/python3.8/site-packages:/home/ubuntu/turtlebot3_ws/build/turtlebot3_teleop:/home/ubuntu/turtlebot3_ws/install/turtlebot3_teleop/lib/python3.8/site-packages:/home/ubuntu/turtlebot3_ws/build/turtlebot3_example:/home/ubuntu/turtlebot3_ws/install/turtlebot3_example/lib/python3.8/site-packages:/opt/ros/foxy/lib/python3.8/site-packages /usr/bin/cmake /home/ubuntu/ros2_ws/src/image_pipeline/stereo_image_proc -DAMENT_CMAKE_SYMLINK_INSTALL=1 -DCMAKE_INSTALL_PREFIX=/home/ubuntu/ros2_ws/install/stereo_image_proc
[3.234s] -- The C compiler identification is GNU 9.4.0
[4.033s] -- The CXX compiler identification is GNU 9.4.0
[4.149s] -- Check for working C compiler: /usr/bin/cc
[4.813s] -- Check for working C compiler: /usr/bin/cc -- works
[4.832s] -- Detecting C compiler ABI info
[5.526s] -- Detecting C compiler ABI info - done
[5.614s] -- Detecting C compile features
[5.621s] -- Detecting C compile features - done
[5.656s] -- Check for working CXX compiler: /usr/bin/c++
[6.399s] -- Check for working CXX compiler: /usr/bin/c++ -- works
[6.410s] -- Detecting CXX compiler ABI info
[7.179s] -- Detecting CXX compiler ABI info - done
[7.276s] -- Detecting CXX compile features
[7.280s] -- Detecting CXX compile features - done
[7.394s] -- Found ament_cmake_auto: 0.9.8 (/opt/ros/foxy/share/ament_cmake_auto/cmake)
[8.524s] -- Found PythonInterp: /usr/bin/python3 (found suitable version "3.8.10", minimum required is "3") 
[8.525s] -- Using PYTHON_EXECUTABLE: /usr/bin/python3
[12.343s] -- Override CMake install command with custom implementation using symlinks instead of copying resources
[15.354s] -- Using all available rosidl_typesupport_c: rosidl_typesupport_fastrtps_c;rosidl_typesupport_introspection_c
[15.603s] -- Found rosidl_adapter: 1.2.1 (/opt/ros/foxy/share/rosidl_adapter/cmake)
[17.086s] -- Found OpenSSL: /usr/lib/aarch64-linux-gnu/libcrypto.so (found version "1.1.1f")  
[17.442s] -- Found FastRTPS: /opt/ros/foxy/include  
[18.741s] -- Using all available rosidl_typesupport_cpp: rosidl_typesupport_fastrtps_cpp;rosidl_typesupport_introspection_cpp
[22.727s] -- Found rmw_implementation_cmake: 1.0.3 (/opt/ros/foxy/share/rmw_implementation_cmake/cmake)
[22.773s] -- Using RMW implementation 'rmw_fastrtps_cpp' as default
[22.799s] -- Looking for pthread.h
[28.607s] -- Looking for pthread.h - found
[28.611s] -- Performing Test CMAKE_HAVE_LIBC_PTHREAD
[29.914s] -- Performing Test CMAKE_HAVE_LIBC_PTHREAD - Failed
[29.915s] -- Looking for pthread_create in pthreads
[30.504s] -- Looking for pthread_create in pthreads - not found
[30.506s] -- Looking for pthread_create in pthread
[31.224s] -- Looking for pthread_create in pthread - found
[31.232s] -- Found Threads: TRUE  
[38.839s] -- Found OpenCV: /usr (found version "4.2.0") 
[41.699s] -- Found ament_lint_auto: 0.9.6 (/opt/ros/foxy/share/ament_lint_auto/cmake)
[44.116s] -- Found python_cmake_module: 0.8.1 (/opt/ros/foxy/share/python_cmake_module/cmake)
[44.577s] -- Found PythonInterp: /usr/bin/python3 (found suitable version "3.8.10", minimum required is "3.5") 
[45.233s] -- Found PythonLibs: /usr/lib/aarch64-linux-gnu/libpython3.8.so (found suitable version "3.8.10", minimum required is "3.5") 
[45.235s] -- Using PYTHON_EXECUTABLE: /usr/bin/python3
[45.237s] -- Using PYTHON_INCLUDE_DIRS: /usr/include/python3.8
[45.238s] -- Using PYTHON_LIBRARIES: /usr/lib/aarch64-linux-gnu/libpython3.8.so
[46.083s] -- Found PythonExtra: .so  
[46.607s] -- Added test 'copyright' to check source files copyright and LICENSE
[46.675s] -- Added test 'cppcheck' to perform static code analysis on C / C++ code
[46.678s] -- Configured cppcheck include dirs: /home/ubuntu/ros2_ws/src/image_pipeline/stereo_image_proc/include
[46.679s] -- Configured cppcheck exclude dirs and/or files: 
[46.709s] -- Added test 'cpplint' to check C / C++ code against the Google style
[46.710s] -- Configured cpplint exclude dirs and/or files: 
[46.723s] -- Added test 'flake8' to check Python code syntax and style conventions
[46.741s] -- Added test 'lint_cmake' to check CMake code style
[46.754s] -- Added test 'pep257' to check Python code against some of the style conventions in PEP 257
[46.787s] -- Added test 'uncrustify' to check C / C++ code style
[46.788s] -- Configured uncrustify additional arguments: 
[46.802s] -- Added test 'xmllint' to check XML markup files
[46.930s] -- Configuring done
[48.683s] -- Generating done
[48.700s] -- Build files have been written to: /home/ubuntu/ros2_ws/build/stereo_image_proc
[49.046s] Invoked command in '/home/ubuntu/ros2_ws/build/stereo_image_proc' returned '0': AMENT_PREFIX_PATH=/home/ubuntu/ros2_ws/install/image_proc:/home/ubuntu/ros2_ws/install/tracetools_image_pipeline:${AMENT_PREFIX_PATH} CMAKE_PREFIX_PATH=/home/ubuntu/ros2_ws/install/image_proc:/home/ubuntu/ros2_ws/install/tracetools_image_pipeline:/home/ubuntu/ros2_ws/install/image_transport:/home/ubuntu/ros2_ws/install/image_geometry:/home/ubuntu/ros2_ws/install/cv_bridge:/home/ubuntu/cv_cam_ws/install/opencv_cam:/home/ubuntu/cv_cam_ws/install/ros2_shared:/home/ubuntu/ros2_ws/install/vision_opencv:/home/ubuntu/ros2_ws/install/v4l2_camera:/home/ubuntu/ros2_ws/install/image_transport_plugins:/home/ubuntu/ros2_ws/install/theora_image_transport:/home/ubuntu/ros2_ws/install/image_common:/home/ubuntu/ros2_ws/install/compressed_image_transport:/home/ubuntu/ros2_ws/install/compressed_depth_image_transport:/home/ubuntu/ros2_ws/install/camera_info_manager:/home/ubuntu/ros2_ws/install/camera_calibration_parsers:/home/ubuntu/turtlebot3_ws/install/turtlebot3:/home/ubuntu/turtlebot3_ws/install/turtlebot3_bringup:/home/ubuntu/turtlebot3_ws/install/turtlebot3_node:/home/ubuntu/turtlebot3_ws/install/turtlebot3_description:/home/ubuntu/turtlebot3_ws/install/ld08_driver:/home/ubuntu/ros2_ws/install/opencv_tests:/home/ubuntu/turtlebot3_ws/install/turtlebot3_teleop:/home/ubuntu/turtlebot3_ws/install/turtlebot3_example:/opt/ros/foxy LD_LIBRARY_PATH=/home/ubuntu/ros2_ws/install/image_proc/lib:/home/ubuntu/ros2_ws/install/tracetools_image_pipeline/lib:/home/ubuntu/ros2_ws/install/image_transport/lib:/home/ubuntu/ros2_ws/install/image_geometry/lib:/home/ubuntu/ros2_ws/install/cv_bridge/lib:/home/ubuntu/cv_cam_ws/install/opencv_cam/lib:/home/ubuntu/ros2_ws/install/v4l2_camera/lib:/home/ubuntu/ros2_ws/install/theora_image_transport/lib:/home/ubuntu/ros2_ws/install/compressed_image_transport/lib:/home/ubuntu/ros2_ws/install/compressed_depth_image_transport/lib:/home/ubuntu/ros2_ws/install/camera_info_manager/lib:/home/ubuntu/ros2_ws/install/camera_calibration_parsers/lib:/opt/ros/foxy/opt/yaml_cpp_vendor/lib:/opt/ros/foxy/lib/aarch64-linux-gnu:/opt/ros/foxy/lib PATH=/home/ubuntu/ros2_ws/install/image_proc/bin:${PATH} PYTHONPATH=/home/ubuntu/ros2_ws/install/image_geometry/lib/python3.8/site-packages:/home/ubuntu/ros2_ws/install/cv_bridge/lib/python3.8/site-packages:/home/ubuntu/ros2_ws/install/theora_image_transport/lib/python3.8/site-packages:/home/ubuntu/ros2_ws/install/opencv_tests/lib/python3.8/site-packages:/home/ubuntu/turtlebot3_ws/build/turtlebot3_teleop:/home/ubuntu/turtlebot3_ws/install/turtlebot3_teleop/lib/python3.8/site-packages:/home/ubuntu/turtlebot3_ws/build/turtlebot3_example:/home/ubuntu/turtlebot3_ws/install/turtlebot3_example/lib/python3.8/site-packages:/opt/ros/foxy/lib/python3.8/site-packages /usr/bin/cmake /home/ubuntu/ros2_ws/src/image_pipeline/stereo_image_proc -DAMENT_CMAKE_SYMLINK_INSTALL=1 -DCMAKE_INSTALL_PREFIX=/home/ubuntu/ros2_ws/install/stereo_image_proc
[49.113s] Invoking command in '/home/ubuntu/ros2_ws/build/stereo_image_proc': AMENT_PREFIX_PATH=/home/ubuntu/ros2_ws/install/image_proc:/home/ubuntu/ros2_ws/install/tracetools_image_pipeline:${AMENT_PREFIX_PATH} CMAKE_PREFIX_PATH=/home/ubuntu/ros2_ws/install/image_proc:/home/ubuntu/ros2_ws/install/tracetools_image_pipeline:/home/ubuntu/ros2_ws/install/image_transport:/home/ubuntu/ros2_ws/install/image_geometry:/home/ubuntu/ros2_ws/install/cv_bridge:/home/ubuntu/cv_cam_ws/install/opencv_cam:/home/ubuntu/cv_cam_ws/install/ros2_shared:/home/ubuntu/ros2_ws/install/vision_opencv:/home/ubuntu/ros2_ws/install/v4l2_camera:/home/ubuntu/ros2_ws/install/image_transport_plugins:/home/ubuntu/ros2_ws/install/theora_image_transport:/home/ubuntu/ros2_ws/install/image_common:/home/ubuntu/ros2_ws/install/compressed_image_transport:/home/ubuntu/ros2_ws/install/compressed_depth_image_transport:/home/ubuntu/ros2_ws/install/camera_info_manager:/home/ubuntu/ros2_ws/install/camera_calibration_parsers:/home/ubuntu/turtlebot3_ws/install/turtlebot3:/home/ubuntu/turtlebot3_ws/install/turtlebot3_bringup:/home/ubuntu/turtlebot3_ws/install/turtlebot3_node:/home/ubuntu/turtlebot3_ws/install/turtlebot3_description:/home/ubuntu/turtlebot3_ws/install/ld08_driver:/home/ubuntu/ros2_ws/install/opencv_tests:/home/ubuntu/turtlebot3_ws/install/turtlebot3_teleop:/home/ubuntu/turtlebot3_ws/install/turtlebot3_example:/opt/ros/foxy LD_LIBRARY_PATH=/home/ubuntu/ros2_ws/install/image_proc/lib:/home/ubuntu/ros2_ws/install/tracetools_image_pipeline/lib:/home/ubuntu/ros2_ws/install/image_transport/lib:/home/ubuntu/ros2_ws/install/image_geometry/lib:/home/ubuntu/ros2_ws/install/cv_bridge/lib:/home/ubuntu/cv_cam_ws/install/opencv_cam/lib:/home/ubuntu/ros2_ws/install/v4l2_camera/lib:/home/ubuntu/ros2_ws/install/theora_image_transport/lib:/home/ubuntu/ros2_ws/install/compressed_image_transport/lib:/home/ubuntu/ros2_ws/install/compressed_depth_image_transport/lib:/home/ubuntu/ros2_ws/install/camera_info_manager/lib:/home/ubuntu/ros2_ws/install/camera_calibration_parsers/lib:/opt/ros/foxy/opt/yaml_cpp_vendor/lib:/opt/ros/foxy/lib/aarch64-linux-gnu:/opt/ros/foxy/lib PATH=/home/ubuntu/ros2_ws/install/image_proc/bin:${PATH} PYTHONPATH=/home/ubuntu/ros2_ws/install/image_geometry/lib/python3.8/site-packages:/home/ubuntu/ros2_ws/install/cv_bridge/lib/python3.8/site-packages:/home/ubuntu/ros2_ws/install/theora_image_transport/lib/python3.8/site-packages:/home/ubuntu/ros2_ws/install/opencv_tests/lib/python3.8/site-packages:/home/ubuntu/turtlebot3_ws/build/turtlebot3_teleop:/home/ubuntu/turtlebot3_ws/install/turtlebot3_teleop/lib/python3.8/site-packages:/home/ubuntu/turtlebot3_ws/build/turtlebot3_example:/home/ubuntu/turtlebot3_ws/install/turtlebot3_example/lib/python3.8/site-packages:/opt/ros/foxy/lib/python3.8/site-packages /usr/bin/cmake --build /home/ubuntu/ros2_ws/build/stereo_image_proc -- -j4 -l4
[49.517s] Scanning dependencies of target disparity_node
[52.453s] [ 12%] Building CXX object CMakeFiles/disparity_node.dir/rclcpp_components/node_main_disparity_node.cpp.o
[304.588s] [ 25%] Linking CXX executable disparity_node
[306.485s] [ 25%] Built target disparity_node
[306.752s] Scanning dependencies of target point_cloud_node
[308.321s] [ 37%] Building CXX object CMakeFiles/point_cloud_node.dir/rclcpp_components/node_main_point_cloud_node.cpp.o
[394.376s] [ 50%] Linking CXX executable point_cloud_node
[396.734s] [ 50%] Built target point_cloud_node
[396.952s] Scanning dependencies of target stereo_image_proc
[400.629s] [ 62%] Building CXX object CMakeFiles/stereo_image_proc.dir/src/stereo_image_proc/stereo_processor.cpp.o
[427.211s] [ 75%] Building CXX object CMakeFiles/stereo_image_proc.dir/src/stereo_image_proc/point_cloud_node.cpp.o
[6356.642s] [ 87%] Building CXX object CMakeFiles/stereo_image_proc.dir/src/stereo_image_proc/disparity_node.cpp.o
[6917.723s] [100%] Linking CXX shared library libstereo_image_proc.so
[6932.578s] [100%] Built target stereo_image_proc
[6934.200s] Invoked command in '/home/ubuntu/ros2_ws/build/stereo_image_proc' returned '0': AMENT_PREFIX_PATH=/home/ubuntu/ros2_ws/install/image_proc:/home/ubuntu/ros2_ws/install/tracetools_image_pipeline:${AMENT_PREFIX_PATH} CMAKE_PREFIX_PATH=/home/ubuntu/ros2_ws/install/image_proc:/home/ubuntu/ros2_ws/install/tracetools_image_pipeline:/home/ubuntu/ros2_ws/install/image_transport:/home/ubuntu/ros2_ws/install/image_geometry:/home/ubuntu/ros2_ws/install/cv_bridge:/home/ubuntu/cv_cam_ws/install/opencv_cam:/home/ubuntu/cv_cam_ws/install/ros2_shared:/home/ubuntu/ros2_ws/install/vision_opencv:/home/ubuntu/ros2_ws/install/v4l2_camera:/home/ubuntu/ros2_ws/install/image_transport_plugins:/home/ubuntu/ros2_ws/install/theora_image_transport:/home/ubuntu/ros2_ws/install/image_common:/home/ubuntu/ros2_ws/install/compressed_image_transport:/home/ubuntu/ros2_ws/install/compressed_depth_image_transport:/home/ubuntu/ros2_ws/install/camera_info_manager:/home/ubuntu/ros2_ws/install/camera_calibration_parsers:/home/ubuntu/turtlebot3_ws/install/turtlebot3:/home/ubuntu/turtlebot3_ws/install/turtlebot3_bringup:/home/ubuntu/turtlebot3_ws/install/turtlebot3_node:/home/ubuntu/turtlebot3_ws/install/turtlebot3_description:/home/ubuntu/turtlebot3_ws/install/ld08_driver:/home/ubuntu/ros2_ws/install/opencv_tests:/home/ubuntu/turtlebot3_ws/install/turtlebot3_teleop:/home/ubuntu/turtlebot3_ws/install/turtlebot3_example:/opt/ros/foxy LD_LIBRARY_PATH=/home/ubuntu/ros2_ws/install/image_proc/lib:/home/ubuntu/ros2_ws/install/tracetools_image_pipeline/lib:/home/ubuntu/ros2_ws/install/image_transport/lib:/home/ubuntu/ros2_ws/install/image_geometry/lib:/home/ubuntu/ros2_ws/install/cv_bridge/lib:/home/ubuntu/cv_cam_ws/install/opencv_cam/lib:/home/ubuntu/ros2_ws/install/v4l2_camera/lib:/home/ubuntu/ros2_ws/install/theora_image_transport/lib:/home/ubuntu/ros2_ws/install/compressed_image_transport/lib:/home/ubuntu/ros2_ws/install/compressed_depth_image_transport/lib:/home/ubuntu/ros2_ws/install/camera_info_manager/lib:/home/ubuntu/ros2_ws/install/camera_calibration_parsers/lib:/opt/ros/foxy/opt/yaml_cpp_vendor/lib:/opt/ros/foxy/lib/aarch64-linux-gnu:/opt/ros/foxy/lib PATH=/home/ubuntu/ros2_ws/install/image_proc/bin:${PATH} PYTHONPATH=/home/ubuntu/ros2_ws/install/image_geometry/lib/python3.8/site-packages:/home/ubuntu/ros2_ws/install/cv_bridge/lib/python3.8/site-packages:/home/ubuntu/ros2_ws/install/theora_image_transport/lib/python3.8/site-packages:/home/ubuntu/ros2_ws/install/opencv_tests/lib/python3.8/site-packages:/home/ubuntu/turtlebot3_ws/build/turtlebot3_teleop:/home/ubuntu/turtlebot3_ws/install/turtlebot3_teleop/lib/python3.8/site-packages:/home/ubuntu/turtlebot3_ws/build/turtlebot3_example:/home/ubuntu/turtlebot3_ws/install/turtlebot3_example/lib/python3.8/site-packages:/opt/ros/foxy/lib/python3.8/site-packages /usr/bin/cmake --build /home/ubuntu/ros2_ws/build/stereo_image_proc -- -j4 -l4
[6935.379s] Invoking command in '/home/ubuntu/ros2_ws/build/stereo_image_proc': AMENT_PREFIX_PATH=/home/ubuntu/ros2_ws/install/image_proc:/home/ubuntu/ros2_ws/install/tracetools_image_pipeline:${AMENT_PREFIX_PATH} CMAKE_PREFIX_PATH=/home/ubuntu/ros2_ws/install/image_proc:/home/ubuntu/ros2_ws/install/tracetools_image_pipeline:/home/ubuntu/ros2_ws/install/image_transport:/home/ubuntu/ros2_ws/install/image_geometry:/home/ubuntu/ros2_ws/install/cv_bridge:/home/ubuntu/cv_cam_ws/install/opencv_cam:/home/ubuntu/cv_cam_ws/install/ros2_shared:/home/ubuntu/ros2_ws/install/vision_opencv:/home/ubuntu/ros2_ws/install/v4l2_camera:/home/ubuntu/ros2_ws/install/image_transport_plugins:/home/ubuntu/ros2_ws/install/theora_image_transport:/home/ubuntu/ros2_ws/install/image_common:/home/ubuntu/ros2_ws/install/compressed_image_transport:/home/ubuntu/ros2_ws/install/compressed_depth_image_transport:/home/ubuntu/ros2_ws/install/camera_info_manager:/home/ubuntu/ros2_ws/install/camera_calibration_parsers:/home/ubuntu/turtlebot3_ws/install/turtlebot3:/home/ubuntu/turtlebot3_ws/install/turtlebot3_bringup:/home/ubuntu/turtlebot3_ws/install/turtlebot3_node:/home/ubuntu/turtlebot3_ws/install/turtlebot3_description:/home/ubuntu/turtlebot3_ws/install/ld08_driver:/home/ubuntu/ros2_ws/install/opencv_tests:/home/ubuntu/turtlebot3_ws/install/turtlebot3_teleop:/home/ubuntu/turtlebot3_ws/install/turtlebot3_example:/opt/ros/foxy LD_LIBRARY_PATH=/home/ubuntu/ros2_ws/install/image_proc/lib:/home/ubuntu/ros2_ws/install/tracetools_image_pipeline/lib:/home/ubuntu/ros2_ws/install/image_transport/lib:/home/ubuntu/ros2_ws/install/image_geometry/lib:/home/ubuntu/ros2_ws/install/cv_bridge/lib:/home/ubuntu/cv_cam_ws/install/opencv_cam/lib:/home/ubuntu/ros2_ws/install/v4l2_camera/lib:/home/ubuntu/ros2_ws/install/theora_image_transport/lib:/home/ubuntu/ros2_ws/install/compressed_image_transport/lib:/home/ubuntu/ros2_ws/install/compressed_depth_image_transport/lib:/home/ubuntu/ros2_ws/install/camera_info_manager/lib:/home/ubuntu/ros2_ws/install/camera_calibration_parsers/lib:/opt/ros/foxy/opt/yaml_cpp_vendor/lib:/opt/ros/foxy/lib/aarch64-linux-gnu:/opt/ros/foxy/lib PATH=/home/ubuntu/ros2_ws/install/image_proc/bin:${PATH} PYTHONPATH=/home/ubuntu/ros2_ws/install/image_geometry/lib/python3.8/site-packages:/home/ubuntu/ros2_ws/install/cv_bridge/lib/python3.8/site-packages:/home/ubuntu/ros2_ws/install/theora_image_transport/lib/python3.8/site-packages:/home/ubuntu/ros2_ws/install/opencv_tests/lib/python3.8/site-packages:/home/ubuntu/turtlebot3_ws/build/turtlebot3_teleop:/home/ubuntu/turtlebot3_ws/install/turtlebot3_teleop/lib/python3.8/site-packages:/home/ubuntu/turtlebot3_ws/build/turtlebot3_example:/home/ubuntu/turtlebot3_ws/install/turtlebot3_example/lib/python3.8/site-packages:/opt/ros/foxy/lib/python3.8/site-packages /usr/bin/cmake --install /home/ubuntu/ros2_ws/build/stereo_image_proc
[6935.498s] -- Install configuration: ""
[6935.507s] -- Execute custom install script
[6935.514s] -- Symlinking: /home/ubuntu/ros2_ws/install/stereo_image_proc/lib/stereo_image_proc/disparity_node
[6935.604s] -- Symlinking: /home/ubuntu/ros2_ws/install/stereo_image_proc/lib/stereo_image_proc/point_cloud_node
[6935.709s] -- Symlinking: /home/ubuntu/ros2_ws/install/stereo_image_proc/include/stereo_image_proc/stereo_processor.hpp
[6935.819s] -- Symlinking: /home/ubuntu/ros2_ws/install/stereo_image_proc/share/stereo_image_proc/environment/library_path.sh
[6935.905s] -- Symlinking: /home/ubuntu/ros2_ws/install/stereo_image_proc/share/stereo_image_proc/environment/library_path.dsv
[6935.994s] -- Symlinking: /home/ubuntu/ros2_ws/install/stereo_image_proc/lib/libstereo_image_proc.so
[6936.088s] -- Symlinking: /home/ubuntu/ros2_ws/install/stereo_image_proc/share/stereo_image_proc/launch/stereo_image_proc.launch.py
[6936.188s] -- Symlinking: /home/ubuntu/ros2_ws/install/stereo_image_proc/share/ament_index/resource_index/package_run_dependencies/stereo_image_proc
[6936.276s] -- Symlinking: /home/ubuntu/ros2_ws/install/stereo_image_proc/share/ament_index/resource_index/parent_prefix_path/stereo_image_proc
[6936.372s] -- Symlinking: /home/ubuntu/ros2_ws/install/stereo_image_proc/share/stereo_image_proc/environment/ament_prefix_path.sh
[6936.468s] -- Symlinking: /home/ubuntu/ros2_ws/install/stereo_image_proc/share/stereo_image_proc/environment/ament_prefix_path.dsv
[6936.554s] -- Symlinking: /home/ubuntu/ros2_ws/install/stereo_image_proc/share/stereo_image_proc/environment/path.sh
[6936.648s] -- Symlinking: /home/ubuntu/ros2_ws/install/stereo_image_proc/share/stereo_image_proc/environment/path.dsv
[6936.743s] -- Symlinking: /home/ubuntu/ros2_ws/install/stereo_image_proc/share/stereo_image_proc/local_setup.bash
[6936.839s] -- Symlinking: /home/ubuntu/ros2_ws/install/stereo_image_proc/share/stereo_image_proc/local_setup.sh
[6936.935s] -- Symlinking: /home/ubuntu/ros2_ws/install/stereo_image_proc/share/stereo_image_proc/local_setup.zsh
[6937.027s] -- Symlinking: /home/ubuntu/ros2_ws/install/stereo_image_proc/share/stereo_image_proc/local_setup.dsv
[6937.120s] -- Symlinking: /home/ubuntu/ros2_ws/install/stereo_image_proc/share/stereo_image_proc/package.dsv
[6937.215s] -- Symlinking: /home/ubuntu/ros2_ws/install/stereo_image_proc/share/ament_index/resource_index/packages/stereo_image_proc
[6937.311s] -- Symlinking: /home/ubuntu/ros2_ws/install/stereo_image_proc/share/ament_index/resource_index/rclcpp_components/stereo_image_proc
[6937.409s] -- Symlinking: /home/ubuntu/ros2_ws/install/stereo_image_proc/share/stereo_image_proc/cmake/ament_cmake_export_dependencies-extras.cmake
[6937.507s] -- Symlinking: /home/ubuntu/ros2_ws/install/stereo_image_proc/share/stereo_image_proc/cmake/ament_cmake_export_include_directories-extras.cmake
[6937.599s] -- Symlinking: /home/ubuntu/ros2_ws/install/stereo_image_proc/share/stereo_image_proc/cmake/ament_cmake_export_libraries-extras.cmake
[6937.695s] -- Symlinking: /home/ubuntu/ros2_ws/install/stereo_image_proc/share/stereo_image_proc/cmake/stereo_image_procConfig.cmake
[6937.787s] -- Symlinking: /home/ubuntu/ros2_ws/install/stereo_image_proc/share/stereo_image_proc/cmake/stereo_image_procConfig-version.cmake
[6937.881s] -- Symlinking: /home/ubuntu/ros2_ws/install/stereo_image_proc/share/stereo_image_proc/package.xml
[6938.019s] Invoked command in '/home/ubuntu/ros2_ws/build/stereo_image_proc' returned '0': AMENT_PREFIX_PATH=/home/ubuntu/ros2_ws/install/image_proc:/home/ubuntu/ros2_ws/install/tracetools_image_pipeline:${AMENT_PREFIX_PATH} CMAKE_PREFIX_PATH=/home/ubuntu/ros2_ws/install/image_proc:/home/ubuntu/ros2_ws/install/tracetools_image_pipeline:/home/ubuntu/ros2_ws/install/image_transport:/home/ubuntu/ros2_ws/install/image_geometry:/home/ubuntu/ros2_ws/install/cv_bridge:/home/ubuntu/cv_cam_ws/install/opencv_cam:/home/ubuntu/cv_cam_ws/install/ros2_shared:/home/ubuntu/ros2_ws/install/vision_opencv:/home/ubuntu/ros2_ws/install/v4l2_camera:/home/ubuntu/ros2_ws/install/image_transport_plugins:/home/ubuntu/ros2_ws/install/theora_image_transport:/home/ubuntu/ros2_ws/install/image_common:/home/ubuntu/ros2_ws/install/compressed_image_transport:/home/ubuntu/ros2_ws/install/compressed_depth_image_transport:/home/ubuntu/ros2_ws/install/camera_info_manager:/home/ubuntu/ros2_ws/install/camera_calibration_parsers:/home/ubuntu/turtlebot3_ws/install/turtlebot3:/home/ubuntu/turtlebot3_ws/install/turtlebot3_bringup:/home/ubuntu/turtlebot3_ws/install/turtlebot3_node:/home/ubuntu/turtlebot3_ws/install/turtlebot3_description:/home/ubuntu/turtlebot3_ws/install/ld08_driver:/home/ubuntu/ros2_ws/install/opencv_tests:/home/ubuntu/turtlebot3_ws/install/turtlebot3_teleop:/home/ubuntu/turtlebot3_ws/install/turtlebot3_example:/opt/ros/foxy LD_LIBRARY_PATH=/home/ubuntu/ros2_ws/install/image_proc/lib:/home/ubuntu/ros2_ws/install/tracetools_image_pipeline/lib:/home/ubuntu/ros2_ws/install/image_transport/lib:/home/ubuntu/ros2_ws/install/image_geometry/lib:/home/ubuntu/ros2_ws/install/cv_bridge/lib:/home/ubuntu/cv_cam_ws/install/opencv_cam/lib:/home/ubuntu/ros2_ws/install/v4l2_camera/lib:/home/ubuntu/ros2_ws/install/theora_image_transport/lib:/home/ubuntu/ros2_ws/install/compressed_image_transport/lib:/home/ubuntu/ros2_ws/install/compressed_depth_image_transport/lib:/home/ubuntu/ros2_ws/install/camera_info_manager/lib:/home/ubuntu/ros2_ws/install/camera_calibration_parsers/lib:/opt/ros/foxy/opt/yaml_cpp_vendor/lib:/opt/ros/foxy/lib/aarch64-linux-gnu:/opt/ros/foxy/lib PATH=/home/ubuntu/ros2_ws/install/image_proc/bin:${PATH} PYTHONPATH=/home/ubuntu/ros2_ws/install/image_geometry/lib/python3.8/site-packages:/home/ubuntu/ros2_ws/install/cv_bridge/lib/python3.8/site-packages:/home/ubuntu/ros2_ws/install/theora_image_transport/lib/python3.8/site-packages:/home/ubuntu/ros2_ws/install/opencv_tests/lib/python3.8/site-packages:/home/ubuntu/turtlebot3_ws/build/turtlebot3_teleop:/home/ubuntu/turtlebot3_ws/install/turtlebot3_teleop/lib/python3.8/site-packages:/home/ubuntu/turtlebot3_ws/build/turtlebot3_example:/home/ubuntu/turtlebot3_ws/install/turtlebot3_example/lib/python3.8/site-packages:/opt/ros/foxy/lib/python3.8/site-packages /usr/bin/cmake --install /home/ubuntu/ros2_ws/build/stereo_image_proc
