[0.444s] Invoking command in '/home/a/ar_track/src/ar_track_copy': PYTHONPATH=/home/a/ar_track/build/ar_track/prefix_override:/home/a/ar_track/install/ar_track/lib/python3.8/site-packages:${PYTHONPATH} /usr/bin/python3 -W ignore:setup.py install is deprecated setup.py egg_info --egg-base ../../build/ar_track build --build-base /home/a/ar_track/build/ar_track/build install --record /home/a/ar_track/build/ar_track/install.log --single-version-externally-managed install_data
[0.613s] running egg_info
[0.613s] writing ../../build/ar_track/ar_track.egg-info/PKG-INFO
[0.613s] writing dependency_links to ../../build/ar_track/ar_track.egg-info/dependency_links.txt
[0.613s] writing entry points to ../../build/ar_track/ar_track.egg-info/entry_points.txt
[0.613s] writing requirements to ../../build/ar_track/ar_track.egg-info/requires.txt
[0.613s] writing top-level names to ../../build/ar_track/ar_track.egg-info/top_level.txt
[0.614s] reading manifest file '../../build/ar_track/ar_track.egg-info/SOURCES.txt'
[0.615s] writing manifest file '../../build/ar_track/ar_track.egg-info/SOURCES.txt'
[0.615s] running build
[0.615s] running install
[0.616s] running install_data
[0.616s] running install_egg_info
[0.617s] removing '/home/a/ar_track/install/ar_track/lib/python3.8/site-packages/ar_track-0.1.0-py3.8.egg-info' (and everything under it)
[0.617s] Copying ../../build/ar_track/ar_track.egg-info to /home/a/ar_track/install/ar_track/lib/python3.8/site-packages/ar_track-0.1.0-py3.8.egg-info
[0.617s] running install_scripts
[0.628s] Installing pub_tb3_pose2d script to /home/a/ar_track/install/ar_track/lib/ar_track
[0.629s] Installing stop_tb3 script to /home/a/ar_track/install/ar_track/lib/ar_track
[0.629s] Installing track_marker script to /home/a/ar_track/install/ar_track/lib/ar_track
[0.629s] writing list of installed files to '/home/a/ar_track/build/ar_track/install.log'
[0.640s] Invoked command in '/home/a/ar_track/src/ar_track_copy' returned '0': PYTHONPATH=/home/a/ar_track/build/ar_track/prefix_override:/home/a/ar_track/install/ar_track/lib/python3.8/site-packages:${PYTHONPATH} /usr/bin/python3 -W ignore:setup.py install is deprecated setup.py egg_info --egg-base ../../build/ar_track build --build-base /home/a/ar_track/build/ar_track/build install --record /home/a/ar_track/build/ar_track/install.log --single-version-externally-managed install_data
