[0.786s] DEBUG:colcon:Command line arguments: ['/usr/bin/colcon', 'build', '--symlink-install']
[0.786s] DEBUG:colcon:Parsed command line arguments: Namespace(allow_overriding=[], ament_cmake_args=None, base_paths=['.'], build_base='build', catkin_cmake_args=None, catkin_skip_building_tests=False, cmake_args=None, cmake_clean_cache=False, cmake_clean_first=False, cmake_force_configure=False, cmake_target=None, cmake_target_skip_unavailable=False, continue_on_error=False, event_handlers=None, executor='parallel', ignore_user_meta=False, install_base='install', log_base=None, log_level=None, main=<bound method BuildVerb.main of <colcon_core.verb.build.BuildVerb object at 0xffffb4596880>>, merge_install=False, metas=['./colcon.meta'], packages_above=None, packages_above_and_dependencies=None, packages_above_depth=None, packages_end=None, packages_ignore=None, packages_ignore_regex=None, packages_select=None, packages_select_build_failed=False, packages_select_by_dep=None, packages_select_regex=None, packages_select_test_failures=False, packages_skip=None, packages_skip_build_finished=False, packages_skip_by_dep=None, packages_skip_regex=None, packages_skip_test_passed=False, packages_skip_up_to=None, packages_start=None, packages_up_to=None, packages_up_to_regex=None, parallel_workers=4, paths=None, symlink_install=True, test_result_base=None, verb_extension=<colcon_core.verb.build.BuildVerb object at 0xffffb4596880>, verb_name='build', verb_parser=<colcon_defaults.argument_parser.defaults.DefaultArgumentsDecorator object at 0xffffb44a3790>)
[1.403s] Level 1:colcon.colcon_core.package_discovery:discover_packages(colcon_meta) check parameters
[1.403s] Level 1:colcon.colcon_core.package_discovery:discover_packages(recursive) check parameters
[1.403s] Level 1:colcon.colcon_core.package_discovery:discover_packages(ignore) check parameters
[1.403s] Level 1:colcon.colcon_core.package_discovery:discover_packages(path) check parameters
[1.404s] Level 1:colcon.colcon_core.package_discovery:discover_packages(colcon_meta) discover
[1.404s] Level 1:colcon.colcon_core.package_discovery:discover_packages(recursive) discover
[1.404s] INFO:colcon.colcon_core.package_discovery:Crawling recursively for packages in '/home/ubuntu/lift_ws'
[1.404s] Level 1:colcon.colcon_core.package_identification:_identify(.) by extensions ['ignore', 'ignore_ament_install']
[1.405s] Level 1:colcon.colcon_core.package_identification:_identify(.) by extension 'ignore'
[1.405s] Level 1:colcon.colcon_core.package_identification:_identify(.) by extension 'ignore_ament_install'
[1.405s] Level 1:colcon.colcon_core.package_identification:_identify(.) by extensions ['colcon_pkg']
[1.405s] Level 1:colcon.colcon_core.package_identification:_identify(.) by extension 'colcon_pkg'
[1.406s] Level 1:colcon.colcon_core.package_identification:_identify(.) by extensions ['colcon_meta']
[1.406s] Level 1:colcon.colcon_core.package_identification:_identify(.) by extension 'colcon_meta'
[1.406s] Level 1:colcon.colcon_core.package_identification:_identify(.) by extensions ['ros']
[1.406s] Level 1:colcon.colcon_core.package_identification:_identify(.) by extension 'ros'
[1.454s] Level 1:colcon.colcon_core.package_identification:_identify(.) by extensions ['cmake', 'python']
[1.454s] Level 1:colcon.colcon_core.package_identification:_identify(.) by extension 'cmake'
[1.455s] Level 1:colcon.colcon_core.package_identification:_identify(.) by extension 'python'
[1.455s] Level 1:colcon.colcon_core.package_identification:_identify(.) by extensions ['python_setup_py']
[1.455s] Level 1:colcon.colcon_core.package_identification:_identify(.) by extension 'python_setup_py'
[1.455s] Level 1:colcon.colcon_core.package_identification:_identify(build) by extensions ['ignore', 'ignore_ament_install']
[1.456s] Level 1:colcon.colcon_core.package_identification:_identify(build) by extension 'ignore'
[1.456s] Level 1:colcon.colcon_core.package_identification:_identify(build) ignored
[1.457s] Level 1:colcon.colcon_core.package_identification:_identify(install) by extensions ['ignore', 'ignore_ament_install']
[1.457s] Level 1:colcon.colcon_core.package_identification:_identify(install) by extension 'ignore'
[1.457s] Level 1:colcon.colcon_core.package_identification:_identify(install) ignored
[1.458s] Level 1:colcon.colcon_core.package_identification:_identify(log) by extensions ['ignore', 'ignore_ament_install']
[1.458s] Level 1:colcon.colcon_core.package_identification:_identify(log) by extension 'ignore'
[1.458s] Level 1:colcon.colcon_core.package_identification:_identify(log) ignored
[1.459s] Level 1:colcon.colcon_core.package_identification:_identify(src) by extensions ['ignore', 'ignore_ament_install']
[1.459s] Level 1:colcon.colcon_core.package_identification:_identify(src) by extension 'ignore'
[1.459s] Level 1:colcon.colcon_core.package_identification:_identify(src) by extension 'ignore_ament_install'
[1.459s] Level 1:colcon.colcon_core.package_identification:_identify(src) by extensions ['colcon_pkg']
[1.459s] Level 1:colcon.colcon_core.package_identification:_identify(src) by extension 'colcon_pkg'
[1.460s] Level 1:colcon.colcon_core.package_identification:_identify(src) by extensions ['colcon_meta']
[1.460s] Level 1:colcon.colcon_core.package_identification:_identify(src) by extension 'colcon_meta'
[1.460s] Level 1:colcon.colcon_core.package_identification:_identify(src) by extensions ['ros']
[1.460s] Level 1:colcon.colcon_core.package_identification:_identify(src) by extension 'ros'
[1.460s] Level 1:colcon.colcon_core.package_identification:_identify(src) by extensions ['cmake', 'python']
[1.460s] Level 1:colcon.colcon_core.package_identification:_identify(src) by extension 'cmake'
[1.461s] Level 1:colcon.colcon_core.package_identification:_identify(src) by extension 'python'
[1.461s] Level 1:colcon.colcon_core.package_identification:_identify(src) by extensions ['python_setup_py']
[1.461s] Level 1:colcon.colcon_core.package_identification:_identify(src) by extension 'python_setup_py'
[1.461s] Level 1:colcon.colcon_core.package_identification:_identify(src/arduino) by extensions ['ignore', 'ignore_ament_install']
[1.462s] Level 1:colcon.colcon_core.package_identification:_identify(src/arduino) by extension 'ignore'
[1.462s] Level 1:colcon.colcon_core.package_identification:_identify(src/arduino) by extension 'ignore_ament_install'
[1.462s] Level 1:colcon.colcon_core.package_identification:_identify(src/arduino) by extensions ['colcon_pkg']
[1.462s] Level 1:colcon.colcon_core.package_identification:_identify(src/arduino) by extension 'colcon_pkg'
[1.463s] Level 1:colcon.colcon_core.package_identification:_identify(src/arduino) by extensions ['colcon_meta']
[1.463s] Level 1:colcon.colcon_core.package_identification:_identify(src/arduino) by extension 'colcon_meta'
[1.463s] Level 1:colcon.colcon_core.package_identification:_identify(src/arduino) by extensions ['ros']
[1.463s] Level 1:colcon.colcon_core.package_identification:_identify(src/arduino) by extension 'ros'
[1.473s] DEBUG:colcon.colcon_core.package_identification:Package 'src/arduino' with type 'ros.ament_python' and name 'arduino'
[1.473s] Level 1:colcon.colcon_core.package_discovery:discover_packages(recursive) using defaults
[1.473s] Level 1:colcon.colcon_core.package_discovery:discover_packages(ignore) discover
[1.473s] Level 1:colcon.colcon_core.package_discovery:discover_packages(ignore) using defaults
[1.474s] Level 1:colcon.colcon_core.package_discovery:discover_packages(path) discover
[1.474s] Level 1:colcon.colcon_core.package_discovery:discover_packages(path) using defaults
[1.548s] Level 1:colcon.colcon_core.package_discovery:discover_packages(prefix_path) check parameters
[1.548s] Level 1:colcon.colcon_core.package_discovery:discover_packages(prefix_path) discover
[1.562s] DEBUG:colcon.colcon_installed_package_information.package_discovery:Found 1 installed packages in /home/ubuntu/lift_ws/install
[1.566s] DEBUG:colcon.colcon_installed_package_information.package_discovery:Found 13 installed packages in /home/ubuntu/ros2_ws/install
[1.569s] DEBUG:colcon.colcon_installed_package_information.package_discovery:Found 2 installed packages in /home/ubuntu/cv_cam_ws/install
[1.573s] DEBUG:colcon.colcon_installed_package_information.package_discovery:Found 7 installed packages in /home/ubuntu/turtlebot3_ws/install
[1.579s] DEBUG:colcon.colcon_installed_package_information.package_discovery:Found 174 installed packages in /opt/ros/foxy
[1.585s] Level 1:colcon.colcon_core.package_discovery:discover_packages(prefix_path) using defaults
[1.788s] Level 5:colcon.colcon_core.verb:set package 'arduino' build argument 'cmake_args' from command line to 'None'
[1.789s] Level 5:colcon.colcon_core.verb:set package 'arduino' build argument 'cmake_target' from command line to 'None'
[1.789s] Level 5:colcon.colcon_core.verb:set package 'arduino' build argument 'cmake_target_skip_unavailable' from command line to 'False'
[1.789s] Level 5:colcon.colcon_core.verb:set package 'arduino' build argument 'cmake_clean_cache' from command line to 'False'
[1.789s] Level 5:colcon.colcon_core.verb:set package 'arduino' build argument 'cmake_clean_first' from command line to 'False'
[1.789s] Level 5:colcon.colcon_core.verb:set package 'arduino' build argument 'cmake_force_configure' from command line to 'False'
[1.789s] Level 5:colcon.colcon_core.verb:set package 'arduino' build argument 'ament_cmake_args' from command line to 'None'
[1.789s] Level 5:colcon.colcon_core.verb:set package 'arduino' build argument 'catkin_cmake_args' from command line to 'None'
[1.789s] Level 5:colcon.colcon_core.verb:set package 'arduino' build argument 'catkin_skip_building_tests' from command line to 'False'
[1.790s] DEBUG:colcon.colcon_core.verb:Building package 'arduino' with the following arguments: {'ament_cmake_args': None, 'build_base': '/home/ubuntu/lift_ws/build/arduino', 'catkin_cmake_args': None, 'catkin_skip_building_tests': False, 'cmake_args': None, 'cmake_clean_cache': False, 'cmake_clean_first': False, 'cmake_force_configure': False, 'cmake_target': None, 'cmake_target_skip_unavailable': False, 'install_base': '/home/ubuntu/lift_ws/install/arduino', 'merge_install': False, 'path': '/home/ubuntu/lift_ws/src/arduino', 'symlink_install': True, 'test_result_base': None}
[1.790s] INFO:colcon.colcon_core.executor:Executing jobs using 'parallel' executor
[1.794s] DEBUG:colcon.colcon_parallel_executor.executor.parallel:run_until_complete
[1.795s] INFO:colcon.colcon_ros.task.ament_python.build:Building ROS package in '/home/ubuntu/lift_ws/src/arduino' with build type 'ament_python'
[1.796s] Level 1:colcon.colcon_core.shell:create_environment_hook('arduino', 'ament_prefix_path')
[1.805s] INFO:colcon.colcon_core.plugin_system:Skipping extension 'colcon_core.shell.bat': Not used on non-Windows systems
[1.806s] INFO:colcon.colcon_core.shell:Creating environment hook '/home/ubuntu/lift_ws/install/arduino/share/arduino/hook/ament_prefix_path.ps1'
[1.809s] INFO:colcon.colcon_core.shell:Creating environment descriptor '/home/ubuntu/lift_ws/install/arduino/share/arduino/hook/ament_prefix_path.dsv'
[1.811s] INFO:colcon.colcon_core.shell:Creating environment hook '/home/ubuntu/lift_ws/install/arduino/share/arduino/hook/ament_prefix_path.sh'
[1.814s] INFO:colcon.colcon_core.shell:Skip shell extension 'powershell' for command environment: Not usable outside of PowerShell
[1.815s] DEBUG:colcon.colcon_core.shell:Skip shell extension 'dsv' for command environment
[2.807s] INFO:colcon.colcon_core.task.python.build:Building Python package in '/home/ubuntu/lift_ws/src/arduino'
[2.809s] INFO:colcon.colcon_core.shell:Skip shell extension 'powershell' for command environment: Not usable outside of PowerShell
[2.809s] DEBUG:colcon.colcon_core.shell:Skip shell extension 'dsv' for command environment
[4.329s] DEBUG:colcon.colcon_core.event_handler.log_command:Invoking command in '/home/ubuntu/lift_ws/build/arduino': PYTHONPATH=/home/ubuntu/lift_ws/build/arduino/prefix_override:/home/ubuntu/lift_ws/install/arduino/lib/python3.8/site-packages:${PYTHONPATH} /usr/bin/python3 -W ignore:setup.py install is deprecated setup.py develop --editable --build-directory /home/ubuntu/lift_ws/build/arduino/build --no-deps symlink_data
[6.105s] Level 1:colcon.colcon_core.shell:create_environment_hook('arduino', 'pythonpath_develop')
[6.106s] INFO:colcon.colcon_core.shell:Creating environment hook '/home/ubuntu/lift_ws/build/arduino/share/arduino/hook/pythonpath_develop.ps1'
[6.108s] DEBUG:colcon.colcon_core.event_handler.log_command:Invoked command in '/home/ubuntu/lift_ws/build/arduino' returned '0': PYTHONPATH=/home/ubuntu/lift_ws/build/arduino/prefix_override:/home/ubuntu/lift_ws/install/arduino/lib/python3.8/site-packages:${PYTHONPATH} /usr/bin/python3 -W ignore:setup.py install is deprecated setup.py develop --editable --build-directory /home/ubuntu/lift_ws/build/arduino/build --no-deps symlink_data
[6.110s] INFO:colcon.colcon_core.shell:Creating environment descriptor '/home/ubuntu/lift_ws/build/arduino/share/arduino/hook/pythonpath_develop.dsv'
[6.112s] INFO:colcon.colcon_core.shell:Creating environment hook '/home/ubuntu/lift_ws/build/arduino/share/arduino/hook/pythonpath_develop.sh'
[6.128s] Level 1:colcon.colcon_core.environment:checking '/home/ubuntu/lift_ws/install/arduino' for CMake module files
[6.130s] Level 1:colcon.colcon_core.environment:checking '/home/ubuntu/lift_ws/install/arduino' for CMake config files
[6.134s] Level 1:colcon.colcon_core.environment:checking '/home/ubuntu/lift_ws/install/arduino/lib'
[6.134s] Level 1:colcon.colcon_core.environment:checking '/home/ubuntu/lift_ws/install/arduino/bin'
[6.135s] Level 1:colcon.colcon_core.environment:checking '/home/ubuntu/lift_ws/install/arduino/lib/pkgconfig/arduino.pc'
[6.135s] Level 1:colcon.colcon_core.environment:checking '/home/ubuntu/lift_ws/install/arduino/lib/python3.8/site-packages'
[6.136s] Level 1:colcon.colcon_core.shell:create_environment_hook('arduino', 'pythonpath')
[6.137s] INFO:colcon.colcon_core.shell:Creating environment hook '/home/ubuntu/lift_ws/install/arduino/share/arduino/hook/pythonpath.ps1'
[6.138s] INFO:colcon.colcon_core.shell:Creating environment descriptor '/home/ubuntu/lift_ws/install/arduino/share/arduino/hook/pythonpath.dsv'
[6.140s] INFO:colcon.colcon_core.shell:Creating environment hook '/home/ubuntu/lift_ws/install/arduino/share/arduino/hook/pythonpath.sh'
[6.142s] Level 1:colcon.colcon_core.environment:checking '/home/ubuntu/lift_ws/install/arduino/bin'
[6.143s] Level 1:colcon.colcon_core.environment:create_environment_scripts_only(arduino)
[6.144s] INFO:colcon.colcon_core.shell:Creating package script '/home/ubuntu/lift_ws/install/arduino/share/arduino/package.ps1'
[6.148s] INFO:colcon.colcon_core.shell:Creating package descriptor '/home/ubuntu/lift_ws/install/arduino/share/arduino/package.dsv'
[6.151s] INFO:colcon.colcon_core.shell:Creating package script '/home/ubuntu/lift_ws/install/arduino/share/arduino/package.sh'
[6.154s] INFO:colcon.colcon_core.shell:Creating package script '/home/ubuntu/lift_ws/install/arduino/share/arduino/package.bash'
[6.157s] INFO:colcon.colcon_core.shell:Creating package script '/home/ubuntu/lift_ws/install/arduino/share/arduino/package.zsh'
[6.160s] Level 1:colcon.colcon_core.environment:create_file_with_runtime_dependencies(/home/ubuntu/lift_ws/install/arduino/share/colcon-core/packages/arduino)
[6.162s] DEBUG:colcon.colcon_parallel_executor.executor.parallel:closing loop
[6.163s] DEBUG:colcon.colcon_parallel_executor.executor.parallel:loop closed
[6.163s] DEBUG:colcon.colcon_parallel_executor.executor.parallel:run_until_complete finished with '0'
[6.163s] DEBUG:colcon.colcon_core.event_reactor:joining thread
[6.191s] INFO:colcon.colcon_core.plugin_system:Skipping extension 'colcon_notification.desktop_notification.notify_send': Could not find 'notify-send'
[6.192s] INFO:colcon.colcon_core.plugin_system:Skipping extension 'colcon_notification.desktop_notification.terminal_notifier': Not used on non-Darwin systems
[6.192s] INFO:colcon.colcon_core.plugin_system:Skipping extension 'colcon_notification.desktop_notification.win32': Not used on non-Windows systems
[6.192s] INFO:colcon.colcon_notification.desktop_notification:Sending desktop notification using 'notify2'
[6.195s] DEBUG:colcon.colcon_notification.desktop_notification.notify2:Failed to initialize notify2: org.freedesktop.DBus.Error.ServiceUnknown: The name org.freedesktop.Notifications was not provided by any .service files
[6.195s] DEBUG:colcon.colcon_core.event_reactor:joined thread
[6.197s] INFO:colcon.colcon_core.shell:Creating prefix script '/home/ubuntu/lift_ws/install/local_setup.ps1'
[6.200s] INFO:colcon.colcon_core.shell:Creating prefix util module '/home/ubuntu/lift_ws/install/_local_setup_util_ps1.py'
[6.206s] INFO:colcon.colcon_core.shell:Creating prefix chain script '/home/ubuntu/lift_ws/install/setup.ps1'
[6.218s] INFO:colcon.colcon_core.shell:Creating prefix script '/home/ubuntu/lift_ws/install/local_setup.sh'
[6.220s] INFO:colcon.colcon_core.shell:Creating prefix util module '/home/ubuntu/lift_ws/install/_local_setup_util_sh.py'
[6.223s] INFO:colcon.colcon_core.shell:Creating prefix chain script '/home/ubuntu/lift_ws/install/setup.sh'
[6.234s] INFO:colcon.colcon_core.shell:Creating prefix script '/home/ubuntu/lift_ws/install/local_setup.bash'
[6.239s] INFO:colcon.colcon_core.shell:Creating prefix chain script '/home/ubuntu/lift_ws/install/setup.bash'
[6.250s] INFO:colcon.colcon_core.shell:Creating prefix script '/home/ubuntu/lift_ws/install/local_setup.zsh'
[6.252s] INFO:colcon.colcon_core.shell:Creating prefix chain script '/home/ubuntu/lift_ws/install/setup.zsh'
