[0.120s] Invoking command in '/home/ubuntu/cv_cam_ws/build/ros2_shared': CMAKE_PREFIX_PATH=${CMAKE_PREFIX_PATH}:/home/ubuntu/ros2_ws/install/opencv_tests:/home/ubuntu/turtlebot3_ws/install/turtlebot3_teleop:/home/ubuntu/turtlebot3_ws/install/turtlebot3_example:/opt/ros/foxy /usr/bin/cmake --build /home/ubuntu/cv_cam_ws/build/ros2_shared -- -j4 -l4
[0.456s] Invoked command in '/home/ubuntu/cv_cam_ws/build/ros2_shared' returned '0': CMAKE_PREFIX_PATH=${CMAKE_PREFIX_PATH}:/home/ubuntu/ros2_ws/install/opencv_tests:/home/ubuntu/turtlebot3_ws/install/turtlebot3_teleop:/home/ubuntu/turtlebot3_ws/install/turtlebot3_example:/opt/ros/foxy /usr/bin/cmake --build /home/ubuntu/cv_cam_ws/build/ros2_shared -- -j4 -l4
[0.777s] Invoking command in '/home/ubuntu/cv_cam_ws/build/ros2_shared': CMAKE_PREFIX_PATH=${CMAKE_PREFIX_PATH}:/home/ubuntu/ros2_ws/install/opencv_tests:/home/ubuntu/turtlebot3_ws/install/turtlebot3_teleop:/home/ubuntu/turtlebot3_ws/install/turtlebot3_example:/opt/ros/foxy /usr/bin/cmake --install /home/ubuntu/cv_cam_ws/build/ros2_shared
[0.847s] -- Install configuration: ""
[0.848s] -- Up-to-date: /home/ubuntu/cv_cam_ws/install/ros2_shared/include
[0.849s] -- Up-to-date: /home/ubuntu/cv_cam_ws/install/ros2_shared/include/ros2_shared
[0.850s] -- Up-to-date: /home/ubuntu/cv_cam_ws/install/ros2_shared/include/ros2_shared/param_macros.hpp
[0.852s] -- Up-to-date: /home/ubuntu/cv_cam_ws/install/ros2_shared/include/ros2_shared/string_printf.hpp
[0.853s] -- Up-to-date: /home/ubuntu/cv_cam_ws/install/ros2_shared/include/ros2_shared/context_macros.hpp
[0.854s] -- Up-to-date: /home/ubuntu/cv_cam_ws/install/ros2_shared/share/ament_index/resource_index/package_run_dependencies/ros2_shared
[0.855s] -- Up-to-date: /home/ubuntu/cv_cam_ws/install/ros2_shared/share/ament_index/resource_index/parent_prefix_path/ros2_shared
[0.856s] -- Up-to-date: /home/ubuntu/cv_cam_ws/install/ros2_shared/share/ros2_shared/environment/ament_prefix_path.sh
[0.857s] -- Up-to-date: /home/ubuntu/cv_cam_ws/install/ros2_shared/share/ros2_shared/environment/ament_prefix_path.dsv
[0.858s] -- Up-to-date: /home/ubuntu/cv_cam_ws/install/ros2_shared/share/ros2_shared/environment/path.sh
[0.859s] -- Up-to-date: /home/ubuntu/cv_cam_ws/install/ros2_shared/share/ros2_shared/environment/path.dsv
[0.860s] -- Up-to-date: /home/ubuntu/cv_cam_ws/install/ros2_shared/share/ros2_shared/local_setup.bash
[0.861s] -- Up-to-date: /home/ubuntu/cv_cam_ws/install/ros2_shared/share/ros2_shared/local_setup.sh
[0.862s] -- Up-to-date: /home/ubuntu/cv_cam_ws/install/ros2_shared/share/ros2_shared/local_setup.zsh
[0.863s] -- Up-to-date: /home/ubuntu/cv_cam_ws/install/ros2_shared/share/ros2_shared/local_setup.dsv
[0.864s] -- Installing: /home/ubuntu/cv_cam_ws/install/ros2_shared/share/ros2_shared/package.dsv
[0.865s] -- Up-to-date: /home/ubuntu/cv_cam_ws/install/ros2_shared/share/ament_index/resource_index/packages/ros2_shared
[0.866s] -- Up-to-date: /home/ubuntu/cv_cam_ws/install/ros2_shared/share/ros2_shared/cmake/ament_cmake_export_include_directories-extras.cmake
[0.867s] -- Up-to-date: /home/ubuntu/cv_cam_ws/install/ros2_shared/share/ros2_shared/cmake/ros2_sharedConfig.cmake
[0.868s] -- Up-to-date: /home/ubuntu/cv_cam_ws/install/ros2_shared/share/ros2_shared/cmake/ros2_sharedConfig-version.cmake
[0.869s] -- Up-to-date: /home/ubuntu/cv_cam_ws/install/ros2_shared/share/ros2_shared/package.xml
[0.876s] Invoked command in '/home/ubuntu/cv_cam_ws/build/ros2_shared' returned '0': CMAKE_PREFIX_PATH=${CMAKE_PREFIX_PATH}:/home/ubuntu/ros2_ws/install/opencv_tests:/home/ubuntu/turtlebot3_ws/install/turtlebot3_teleop:/home/ubuntu/turtlebot3_ws/install/turtlebot3_example:/opt/ros/foxy /usr/bin/cmake --install /home/ubuntu/cv_cam_ws/build/ros2_shared
