[0.274s] Invoking command in '/home/ubuntu/ros2_ws/build/image_transport': CMAKE_PREFIX_PATH=${CMAKE_PREFIX_PATH}:/home/ubuntu/ros2_ws/install/opencv_tests:/home/ubuntu/turtlebot3_ws/install/turtlebot3_teleop:/home/ubuntu/turtlebot3_ws/install/turtlebot3_example:/opt/ros/foxy /usr/bin/cmake /home/ubuntu/ros2_ws/src/image_common/image_transport -DCMAKE_INSTALL_PREFIX=/home/ubuntu/ros2_ws/install/image_transport
[0.724s] -- Found ament_cmake_ros: 0.9.2 (/opt/ros/foxy/share/ament_cmake_ros/cmake)
[1.154s] -- Using PYTHON_EXECUTABLE: /usr/bin/python3
[3.211s] -- Override CMake install command with custom implementation using symlinks instead of copying resources
[3.395s] -- Found message_filters: 3.2.5 (/opt/ros/foxy/share/message_filters/cmake)
[3.447s] -- Found pluginlib: 2.5.3 (/opt/ros/foxy/share/pluginlib/cmake)
[3.979s] -- Found rclcpp: 2.3.1 (/opt/ros/foxy/share/rclcpp/cmake)
[4.130s] -- Using all available rosidl_typesupport_c: rosidl_typesupport_fastrtps_c;rosidl_typesupport_introspection_c
[4.160s] -- Found rosidl_adapter: 1.2.1 (/opt/ros/foxy/share/rosidl_adapter/cmake)
[5.525s] -- Using all available rosidl_typesupport_cpp: rosidl_typesupport_fastrtps_cpp;rosidl_typesupport_introspection_cpp
[5.993s] -- Found rmw_implementation_cmake: 1.0.3 (/opt/ros/foxy/share/rmw_implementation_cmake/cmake)
[6.015s] -- Using RMW implementation 'rmw_fastrtps_cpp' as default
[7.389s] -- Found sensor_msgs: 2.0.5 (/opt/ros/foxy/share/sensor_msgs/cmake)
[8.600s] -- Found gtest sources under '/opt/ros/foxy/src/gtest_vendor': C++ tests using 'Google Test' will be built
[9.725s] -- Configuring done
[10.532s] -- Generating done
[10.569s] -- Build files have been written to: /home/ubuntu/ros2_ws/build/image_transport
[10.629s] Invoked command in '/home/ubuntu/ros2_ws/build/image_transport' returned '0': CMAKE_PREFIX_PATH=${CMAKE_PREFIX_PATH}:/home/ubuntu/ros2_ws/install/opencv_tests:/home/ubuntu/turtlebot3_ws/install/turtlebot3_teleop:/home/ubuntu/turtlebot3_ws/install/turtlebot3_example:/opt/ros/foxy /usr/bin/cmake /home/ubuntu/ros2_ws/src/image_common/image_transport -DCMAKE_INSTALL_PREFIX=/home/ubuntu/ros2_ws/install/image_transport
[10.639s] Invoking command in '/home/ubuntu/ros2_ws/build/image_transport': CMAKE_PREFIX_PATH=${CMAKE_PREFIX_PATH}:/home/ubuntu/ros2_ws/install/opencv_tests:/home/ubuntu/turtlebot3_ws/install/turtlebot3_teleop:/home/ubuntu/turtlebot3_ws/install/turtlebot3_example:/opt/ros/foxy /usr/bin/cmake --build /home/ubuntu/ros2_ws/build/image_transport -- -j4 -l4
[11.503s] [  6%] Built target gtest
[11.570s] [ 13%] Built target gtest_main
[11.886s] [ 40%] Built target image_transport
[12.511s] [ 46%] Built target list_transports
[12.555s] [ 53%] Built target image_transport_plugins
[12.602s] [ 60%] Built target image_transport-remapping
[12.692s] [ 66%] Built target republish
[13.047s] [ 73%] Built target image_transport-camera_common
[13.062s] [ 80%] Built target image_transport-subscriber
[13.135s] [ 86%] Built target image_transport-message_passing
[13.211s] [ 93%] Built target image_transport-publisher
[13.452s] [100%] Built target image_transport-single_subscriber_publisher
[13.569s] Invoked command in '/home/ubuntu/ros2_ws/build/image_transport' returned '0': CMAKE_PREFIX_PATH=${CMAKE_PREFIX_PATH}:/home/ubuntu/ros2_ws/install/opencv_tests:/home/ubuntu/turtlebot3_ws/install/turtlebot3_teleop:/home/ubuntu/turtlebot3_ws/install/turtlebot3_example:/opt/ros/foxy /usr/bin/cmake --build /home/ubuntu/ros2_ws/build/image_transport -- -j4 -l4
[14.431s] Invoking command in '/home/ubuntu/ros2_ws/build/image_transport': CMAKE_PREFIX_PATH=${CMAKE_PREFIX_PATH}:/home/ubuntu/ros2_ws/install/opencv_tests:/home/ubuntu/turtlebot3_ws/install/turtlebot3_teleop:/home/ubuntu/turtlebot3_ws/install/turtlebot3_example:/opt/ros/foxy /usr/bin/cmake --install /home/ubuntu/ros2_ws/build/image_transport
[14.524s] -- Install configuration: ""
[14.528s] -- Execute custom install script
[14.531s] -- Up-to-date symlink: /home/ubuntu/ros2_ws/install/image_transport/share/image_transport//default_plugins.xml
[14.535s] -- Up-to-date symlink: /home/ubuntu/ros2_ws/install/image_transport/lib/libimage_transport.so
[14.538s] -- Up-to-date symlink: /home/ubuntu/ros2_ws/install/image_transport/lib/libimage_transport_plugins.so
[14.543s] -- Up-to-date symlink: /home/ubuntu/ros2_ws/install/image_transport/lib/image_transport/list_transports
[14.546s] -- Up-to-date symlink: /home/ubuntu/ros2_ws/install/image_transport/lib/image_transport/republish
[14.560s] -- Up-to-date symlink: /home/ubuntu/ros2_ws/install/image_transport/include/image_transport/camera_common.h
[14.564s] -- Up-to-date symlink: /home/ubuntu/ros2_ws/install/image_transport/include/image_transport/camera_common.hpp
[14.568s] -- Up-to-date symlink: /home/ubuntu/ros2_ws/install/image_transport/include/image_transport/camera_publisher.h
[14.572s] -- Up-to-date symlink: /home/ubuntu/ros2_ws/install/image_transport/include/image_transport/camera_publisher.hpp
[14.578s] -- Up-to-date symlink: /home/ubuntu/ros2_ws/install/image_transport/include/image_transport/camera_subscriber.h
[14.581s] -- Up-to-date symlink: /home/ubuntu/ros2_ws/install/image_transport/include/image_transport/camera_subscriber.hpp
[14.585s] -- Up-to-date symlink: /home/ubuntu/ros2_ws/install/image_transport/include/image_transport/exception.h
[14.588s] -- Up-to-date symlink: /home/ubuntu/ros2_ws/install/image_transport/include/image_transport/exception.hpp
[14.592s] -- Up-to-date symlink: /home/ubuntu/ros2_ws/install/image_transport/include/image_transport/image_transport.h
[14.596s] -- Up-to-date symlink: /home/ubuntu/ros2_ws/install/image_transport/include/image_transport/image_transport.hpp
[14.600s] -- Up-to-date symlink: /home/ubuntu/ros2_ws/install/image_transport/include/image_transport/loader_fwds.h
[14.606s] -- Up-to-date symlink: /home/ubuntu/ros2_ws/install/image_transport/include/image_transport/loader_fwds.hpp
[14.611s] -- Up-to-date symlink: /home/ubuntu/ros2_ws/install/image_transport/include/image_transport/publisher.h
[14.615s] -- Up-to-date symlink: /home/ubuntu/ros2_ws/install/image_transport/include/image_transport/publisher.hpp
[14.619s] -- Up-to-date symlink: /home/ubuntu/ros2_ws/install/image_transport/include/image_transport/publisher_plugin.h
[14.623s] -- Up-to-date symlink: /home/ubuntu/ros2_ws/install/image_transport/include/image_transport/publisher_plugin.hpp
[14.628s] -- Up-to-date symlink: /home/ubuntu/ros2_ws/install/image_transport/include/image_transport/raw_publisher.h
[14.632s] -- Up-to-date symlink: /home/ubuntu/ros2_ws/install/image_transport/include/image_transport/raw_publisher.hpp
[14.636s] -- Up-to-date symlink: /home/ubuntu/ros2_ws/install/image_transport/include/image_transport/raw_subscriber.h
[14.640s] -- Up-to-date symlink: /home/ubuntu/ros2_ws/install/image_transport/include/image_transport/raw_subscriber.hpp
[14.643s] -- Up-to-date symlink: /home/ubuntu/ros2_ws/install/image_transport/include/image_transport/simple_publisher_plugin.h
[14.647s] -- Up-to-date symlink: /home/ubuntu/ros2_ws/install/image_transport/include/image_transport/simple_publisher_plugin.hpp
[14.651s] -- Up-to-date symlink: /home/ubuntu/ros2_ws/install/image_transport/include/image_transport/simple_subscriber_plugin.h
[14.655s] -- Up-to-date symlink: /home/ubuntu/ros2_ws/install/image_transport/include/image_transport/simple_subscriber_plugin.hpp
[14.659s] -- Up-to-date symlink: /home/ubuntu/ros2_ws/install/image_transport/include/image_transport/single_subscriber_publisher.h
[14.663s] -- Up-to-date symlink: /home/ubuntu/ros2_ws/install/image_transport/include/image_transport/single_subscriber_publisher.hpp
[14.666s] -- Up-to-date symlink: /home/ubuntu/ros2_ws/install/image_transport/include/image_transport/subscriber.h
[14.671s] -- Up-to-date symlink: /home/ubuntu/ros2_ws/install/image_transport/include/image_transport/subscriber.hpp
[14.675s] -- Up-to-date symlink: /home/ubuntu/ros2_ws/install/image_transport/include/image_transport/subscriber_filter.h
[14.679s] -- Up-to-date symlink: /home/ubuntu/ros2_ws/install/image_transport/include/image_transport/subscriber_filter.hpp
[14.684s] -- Up-to-date symlink: /home/ubuntu/ros2_ws/install/image_transport/include/image_transport/subscriber_plugin.h
[14.688s] -- Up-to-date symlink: /home/ubuntu/ros2_ws/install/image_transport/include/image_transport/subscriber_plugin.hpp
[14.692s] -- Up-to-date symlink: /home/ubuntu/ros2_ws/install/image_transport/include/image_transport/transport_hints.h
[14.696s] -- Up-to-date symlink: /home/ubuntu/ros2_ws/install/image_transport/include/image_transport/transport_hints.hpp
[14.700s] -- Up-to-date symlink: /home/ubuntu/ros2_ws/install/image_transport/include/image_transport/visibility_control.hpp
[14.706s] -- Up-to-date symlink: /home/ubuntu/ros2_ws/install/image_transport/share/image_transport/environment/library_path.sh
[14.711s] -- Up-to-date symlink: /home/ubuntu/ros2_ws/install/image_transport/share/image_transport/environment/library_path.dsv
[14.716s] -- Up-to-date symlink: /home/ubuntu/ros2_ws/install/image_transport/share/ament_index/resource_index/package_run_dependencies/image_transport
[14.723s] -- Up-to-date symlink: /home/ubuntu/ros2_ws/install/image_transport/share/ament_index/resource_index/parent_prefix_path/image_transport
[14.728s] -- Up-to-date symlink: /home/ubuntu/ros2_ws/install/image_transport/share/image_transport/environment/ament_prefix_path.sh
[14.732s] -- Up-to-date symlink: /home/ubuntu/ros2_ws/install/image_transport/share/image_transport/environment/ament_prefix_path.dsv
[14.737s] -- Up-to-date symlink: /home/ubuntu/ros2_ws/install/image_transport/share/image_transport/environment/path.sh
[14.740s] -- Up-to-date symlink: /home/ubuntu/ros2_ws/install/image_transport/share/image_transport/environment/path.dsv
[14.745s] -- Up-to-date symlink: /home/ubuntu/ros2_ws/install/image_transport/share/image_transport/local_setup.bash
[14.750s] -- Up-to-date symlink: /home/ubuntu/ros2_ws/install/image_transport/share/image_transport/local_setup.sh
[14.754s] -- Up-to-date symlink: /home/ubuntu/ros2_ws/install/image_transport/share/image_transport/local_setup.zsh
[14.758s] -- Up-to-date symlink: /home/ubuntu/ros2_ws/install/image_transport/share/image_transport/local_setup.dsv
[14.761s] -- Symlinking: /home/ubuntu/ros2_ws/install/image_transport/share/image_transport/package.dsv
[14.863s] -- Up-to-date symlink: /home/ubuntu/ros2_ws/install/image_transport/share/ament_index/resource_index/packages/image_transport
[14.868s] -- Up-to-date symlink: /home/ubuntu/ros2_ws/install/image_transport/share/ament_index/resource_index/image_transport__pluginlib__plugin/image_transport
[14.874s] -- Up-to-date symlink: /home/ubuntu/ros2_ws/install/image_transport/share/image_transport/cmake/ament_cmake_export_include_directories-extras.cmake
[14.879s] -- Up-to-date symlink: /home/ubuntu/ros2_ws/install/image_transport/share/image_transport/cmake/ament_cmake_export_libraries-extras.cmake
[14.884s] -- Up-to-date symlink: /home/ubuntu/ros2_ws/install/image_transport/share/image_transport/cmake/ament_cmake_export_dependencies-extras.cmake
[14.889s] -- Up-to-date symlink: /home/ubuntu/ros2_ws/install/image_transport/share/image_transport/cmake/image_transportConfig.cmake
[14.893s] -- Up-to-date symlink: /home/ubuntu/ros2_ws/install/image_transport/share/image_transport/cmake/image_transportConfig-version.cmake
[14.897s] -- Up-to-date symlink: /home/ubuntu/ros2_ws/install/image_transport/share/image_transport/package.xml
[14.926s] Invoked command in '/home/ubuntu/ros2_ws/build/image_transport' returned '0': CMAKE_PREFIX_PATH=${CMAKE_PREFIX_PATH}:/home/ubuntu/ros2_ws/install/opencv_tests:/home/ubuntu/turtlebot3_ws/install/turtlebot3_teleop:/home/ubuntu/turtlebot3_ws/install/turtlebot3_example:/opt/ros/foxy /usr/bin/cmake --install /home/ubuntu/ros2_ws/build/image_transport
