-- Found ament_cmake: 0.9.8 (/opt/ros/foxy/share/ament_cmake/cmake)
-- Using PYTHON_EXECUTABLE: /usr/bin/python3
-- Override CMake install command with custom implementation using symlinks instead of copying resources
-- Configuring done
-- Generating done
-- Build files have been written to: /home/ubuntu/ros2_ws/build/image_transport_plugins
-- Install configuration: ""
-- Execute custom install script
-- Up-to-date symlink: /home/ubuntu/ros2_ws/install/image_transport_plugins/share/ament_index/resource_index/package_run_dependencies/image_transport_plugins
-- Up-to-date symlink: /home/ubuntu/ros2_ws/install/image_transport_plugins/share/ament_index/resource_index/parent_prefix_path/image_transport_plugins
-- Up-to-date symlink: /home/ubuntu/ros2_ws/install/image_transport_plugins/share/image_transport_plugins/environment/ament_prefix_path.sh
-- Up-to-date symlink: /home/ubuntu/ros2_ws/install/image_transport_plugins/share/image_transport_plugins/environment/ament_prefix_path.dsv
-- Up-to-date symlink: /home/ubuntu/ros2_ws/install/image_transport_plugins/share/image_transport_plugins/environment/path.sh
-- Up-to-date symlink: /home/ubuntu/ros2_ws/install/image_transport_plugins/share/image_transport_plugins/environment/path.dsv
-- Up-to-date symlink: /home/ubuntu/ros2_ws/install/image_transport_plugins/share/image_transport_plugins/local_setup.bash
-- Up-to-date symlink: /home/ubuntu/ros2_ws/install/image_transport_plugins/share/image_transport_plugins/local_setup.sh
-- Up-to-date symlink: /home/ubuntu/ros2_ws/install/image_transport_plugins/share/image_transport_plugins/local_setup.zsh
-- Up-to-date symlink: /home/ubuntu/ros2_ws/install/image_transport_plugins/share/image_transport_plugins/local_setup.dsv
-- Symlinking: /home/ubuntu/ros2_ws/install/image_transport_plugins/share/image_transport_plugins/package.dsv
-- Up-to-date symlink: /home/ubuntu/ros2_ws/install/image_transport_plugins/share/ament_index/resource_index/packages/image_transport_plugins
-- Up-to-date symlink: /home/ubuntu/ros2_ws/install/image_transport_plugins/share/image_transport_plugins/cmake/image_transport_pluginsConfig.cmake
-- Up-to-date symlink: /home/ubuntu/ros2_ws/install/image_transport_plugins/share/image_transport_plugins/cmake/image_transport_pluginsConfig-version.cmake
-- Up-to-date symlink: /home/ubuntu/ros2_ws/install/image_transport_plugins/share/image_transport_plugins/package.xml
