[0.640s] Invoking command in '/home/a/aruco_ws/src/ar_track': PYTHONPATH=/home/a/aruco_ws/build/ar_track/prefix_override:/home/a/aruco_ws/install/ar_track/lib/python3.8/site-packages:${PYTHONPATH} /usr/bin/python3 -W ignore:setup.py install is deprecated setup.py egg_info --egg-base ../../build/ar_track build --build-base /home/a/aruco_ws/build/ar_track/build install --record /home/a/aruco_ws/build/ar_track/install.log --single-version-externally-managed install_data
[0.784s] running egg_info
[0.793s] writing ../../build/ar_track/ar_track.egg-info/PKG-INFO
[0.793s] writing dependency_links to ../../build/ar_track/ar_track.egg-info/dependency_links.txt
[0.793s] writing entry points to ../../build/ar_track/ar_track.egg-info/entry_points.txt
[0.793s] writing requirements to ../../build/ar_track/ar_track.egg-info/requires.txt
[0.793s] writing top-level names to ../../build/ar_track/ar_track.egg-info/top_level.txt
[0.854s] reading manifest file '../../build/ar_track/ar_track.egg-info/SOURCES.txt'
[0.855s] writing manifest file '../../build/ar_track/ar_track.egg-info/SOURCES.txt'
[0.855s] running build
[0.855s] running install
[0.859s] running install_data
[0.859s] copying resource/ar_track -> /home/a/aruco_ws/install/ar_track/share/ament_index/resource_index/packages
[0.859s] copying package.xml -> /home/a/aruco_ws/install/ar_track/share/ar_track
[0.859s] running install_egg_info
[0.876s] removing '/home/a/aruco_ws/install/ar_track/lib/python3.8/site-packages/ar_track-0.0.0-py3.8.egg-info' (and everything under it)
[0.876s] Copying ../../build/ar_track/ar_track.egg-info to /home/a/aruco_ws/install/ar_track/lib/python3.8/site-packages/ar_track-0.0.0-py3.8.egg-info
[0.876s] running install_scripts
[0.898s] Installing pub_tb3_pose2d script to /home/a/aruco_ws/install/ar_track/lib/ar_track
[0.898s] Installing stop_tb3 script to /home/a/aruco_ws/install/ar_track/lib/ar_track
[0.898s] Installing track_marker script to /home/a/aruco_ws/install/ar_track/lib/ar_track
[0.898s] writing list of installed files to '/home/a/aruco_ws/build/ar_track/install.log'
[0.913s] Invoked command in '/home/a/aruco_ws/src/ar_track' returned '0': PYTHONPATH=/home/a/aruco_ws/build/ar_track/prefix_override:/home/a/aruco_ws/install/ar_track/lib/python3.8/site-packages:${PYTHONPATH} /usr/bin/python3 -W ignore:setup.py install is deprecated setup.py egg_info --egg-base ../../build/ar_track build --build-base /home/a/aruco_ws/build/ar_track/build install --record /home/a/aruco_ws/build/ar_track/install.log --single-version-externally-managed install_data
