[0.139s] Invoking command in '/home/a/aruco_ws/build/ros2_aruco_interfaces': CMAKE_PREFIX_PATH=${CMAKE_PREFIX_PATH}:/home/a/aruco_ws/install/ar_track:/home/a/aruco_ws/install/ros2_aruco:/home/a/turtlebot3_ws/install/turtlebot3_teleop:/home/a/turtlebot3_ws/install/turtlebot3_example:/opt/ros/foxy /usr/bin/cmake /home/a/aruco_ws/src/ros2_aruco/ros2_aruco_interfaces -DCMAKE_INSTALL_PREFIX=/home/a/aruco_ws/install/ros2_aruco_interfaces
[0.148s] -- Found ament_cmake: 0.9.12 (/opt/ros/foxy/share/ament_cmake/cmake)
[0.166s] -- Found PythonInterp: /usr/bin/python3 (found suitable version "3.8.10", minimum required is "3") 
[0.166s] -- Using PYTHON_EXECUTABLE: /usr/bin/python3
[0.277s] -- Override CMake install command with custom implementation using symlinks instead of copying resources
[0.281s] -- Found geometry_msgs: 2.0.5 (/opt/ros/foxy/share/geometry_msgs/cmake)
[0.296s] -- Using all available rosidl_typesupport_c: rosidl_typesupport_fastrtps_c;rosidl_typesupport_introspection_c
[0.297s] -- Found rosidl_adapter: 1.3.1 (/opt/ros/foxy/share/rosidl_adapter/cmake)
[0.377s] -- Using all available rosidl_typesupport_cpp: rosidl_typesupport_fastrtps_cpp;rosidl_typesupport_introspection_cpp
[0.427s] -- Found rosidl_default_generators: 1.0.1 (/opt/ros/foxy/share/rosidl_default_generators/cmake)
[0.451s] -- Found PythonInterp: /usr/bin/python3 (found version "3.8.10") 
[0.566s] -- Found ament_cmake_ros: 0.9.2 (/opt/ros/foxy/share/ament_cmake_ros/cmake)
[0.714s] -- Using all available rosidl_typesupport_c: rosidl_typesupport_fastrtps_c;rosidl_typesupport_introspection_c
[0.778s] -- Using all available rosidl_typesupport_cpp: rosidl_typesupport_fastrtps_cpp;rosidl_typesupport_introspection_cpp
[0.799s] -- Found PythonInterp: /usr/bin/python3 (found suitable version "3.8.10", minimum required is "3.5") 
[0.800s] -- Found python_cmake_module: 0.8.1 (/opt/ros/foxy/share/python_cmake_module/cmake)
[0.818s] -- Using PYTHON_EXECUTABLE: /usr/bin/python3
[0.818s] -- Using PYTHON_INCLUDE_DIRS: /usr/include/python3.8
[0.818s] -- Using PYTHON_LIBRARIES: /usr/lib/x86_64-linux-gnu/libpython3.8.so
[0.854s] -- Found ament_lint_auto: 0.9.8 (/opt/ros/foxy/share/ament_lint_auto/cmake)
[0.860s] -- Added test 'copyright' to check source files copyright and LICENSE
[0.861s] -- Added test 'lint_cmake' to check CMake code style
[0.861s] -- Added test 'xmllint' to check XML markup files
[0.864s] -- Configuring done
[0.892s] -- Generating done
[0.894s] -- Build files have been written to: /home/a/aruco_ws/build/ros2_aruco_interfaces
[0.899s] Invoked command in '/home/a/aruco_ws/build/ros2_aruco_interfaces' returned '0': CMAKE_PREFIX_PATH=${CMAKE_PREFIX_PATH}:/home/a/aruco_ws/install/ar_track:/home/a/aruco_ws/install/ros2_aruco:/home/a/turtlebot3_ws/install/turtlebot3_teleop:/home/a/turtlebot3_ws/install/turtlebot3_example:/opt/ros/foxy /usr/bin/cmake /home/a/aruco_ws/src/ros2_aruco/ros2_aruco_interfaces -DCMAKE_INSTALL_PREFIX=/home/a/aruco_ws/install/ros2_aruco_interfaces
[0.900s] Invoking command in '/home/a/aruco_ws/build/ros2_aruco_interfaces': CMAKE_PREFIX_PATH=${CMAKE_PREFIX_PATH}:/home/a/aruco_ws/install/ar_track:/home/a/aruco_ws/install/ros2_aruco:/home/a/turtlebot3_ws/install/turtlebot3_teleop:/home/a/turtlebot3_ws/install/turtlebot3_example:/opt/ros/foxy /usr/bin/cmake --build /home/a/aruco_ws/build/ros2_aruco_interfaces -- -j16 -l16
[0.931s] [  3%] Built target ros2_aruco_interfaces__cpp
[0.933s] [ 12%] Built target ros2_aruco_interfaces__rosidl_generator_c
[0.948s] [ 22%] Built target ros2_aruco_interfaces__rosidl_typesupport_cpp
[0.948s] [ 32%] Built target ros2_aruco_interfaces__rosidl_typesupport_introspection_cpp
[0.949s] [ 41%] Built target ros2_aruco_interfaces__rosidl_typesupport_c
[0.950s] [ 51%] Built target ros2_aruco_interfaces__rosidl_typesupport_introspection_c
[0.951s] [ 61%] Built target ros2_aruco_interfaces__rosidl_typesupport_fastrtps_cpp
[0.969s] [ 70%] Built target ros2_aruco_interfaces__rosidl_typesupport_fastrtps_c
[0.981s] [ 70%] Built target ros2_aruco_interfaces
[0.993s] [ 74%] Built target ros2_aruco_interfaces__py
[1.009s] [ 80%] Built target ros2_aruco_interfaces__python
[1.027s] [100%] Built target ros2_aruco_interfaces__rosidl_typesupport_c__pyext
[1.027s] [100%] Built target ros2_aruco_interfaces__rosidl_typesupport_fastrtps_c__pyext
[1.028s] [100%] Built target ros2_aruco_interfaces__rosidl_typesupport_introspection_c__pyext
[1.034s] Invoked command in '/home/a/aruco_ws/build/ros2_aruco_interfaces' returned '0': CMAKE_PREFIX_PATH=${CMAKE_PREFIX_PATH}:/home/a/aruco_ws/install/ar_track:/home/a/aruco_ws/install/ros2_aruco:/home/a/turtlebot3_ws/install/turtlebot3_teleop:/home/a/turtlebot3_ws/install/turtlebot3_example:/opt/ros/foxy /usr/bin/cmake --build /home/a/aruco_ws/build/ros2_aruco_interfaces -- -j16 -l16
[1.076s] Invoking command in '/home/a/aruco_ws/build/ros2_aruco_interfaces': CMAKE_PREFIX_PATH=${CMAKE_PREFIX_PATH}:/home/a/aruco_ws/install/ar_track:/home/a/aruco_ws/install/ros2_aruco:/home/a/turtlebot3_ws/install/turtlebot3_teleop:/home/a/turtlebot3_ws/install/turtlebot3_example:/opt/ros/foxy /usr/bin/cmake --install /home/a/aruco_ws/build/ros2_aruco_interfaces
[1.082s] -- Install configuration: ""
[1.082s] -- Execute custom install script
[1.083s] -- Up-to-date symlink: /home/a/aruco_ws/install/ros2_aruco_interfaces/share/ament_index/resource_index/rosidl_interfaces/ros2_aruco_interfaces
[1.083s] -- Up-to-date symlink: /home/a/aruco_ws/install/ros2_aruco_interfaces/include/ros2_aruco_interfaces/msg/aruco_markers.h
[1.083s] -- Up-to-date symlink: /home/a/aruco_ws/install/ros2_aruco_interfaces/include/ros2_aruco_interfaces/msg/detail/aruco_markers__functions.h
[1.083s] -- Up-to-date symlink: /home/a/aruco_ws/install/ros2_aruco_interfaces/include/ros2_aruco_interfaces/msg/detail/aruco_markers__struct.h
[1.083s] -- Up-to-date symlink: /home/a/aruco_ws/install/ros2_aruco_interfaces/include/ros2_aruco_interfaces/msg/detail/aruco_markers__type_support.h
[1.083s] -- Up-to-date symlink: /home/a/aruco_ws/install/ros2_aruco_interfaces/include/ros2_aruco_interfaces/msg/rosidl_generator_c__visibility_control.h
[1.083s] -- Up-to-date symlink: /home/a/aruco_ws/install/ros2_aruco_interfaces/share/ros2_aruco_interfaces/environment/library_path.sh
[1.083s] -- Up-to-date symlink: /home/a/aruco_ws/install/ros2_aruco_interfaces/share/ros2_aruco_interfaces/environment/library_path.dsv
[1.083s] -- Up-to-date symlink: /home/a/aruco_ws/install/ros2_aruco_interfaces/include/ros2_aruco_interfaces/msg/detail/aruco_markers__rosidl_typesupport_fastrtps_c.h
[1.083s] -- Up-to-date symlink: /home/a/aruco_ws/install/ros2_aruco_interfaces/include/ros2_aruco_interfaces/msg/rosidl_typesupport_fastrtps_c__visibility_control.h
[1.084s] -- Up-to-date symlink: /home/a/aruco_ws/install/ros2_aruco_interfaces/lib/libros2_aruco_interfaces__rosidl_typesupport_fastrtps_c.so
[1.084s] -- Up-to-date symlink: /home/a/aruco_ws/install/ros2_aruco_interfaces/include/ros2_aruco_interfaces/msg/detail/aruco_markers__rosidl_typesupport_fastrtps_cpp.hpp
[1.084s] -- Up-to-date symlink: /home/a/aruco_ws/install/ros2_aruco_interfaces/include/ros2_aruco_interfaces/msg/rosidl_typesupport_fastrtps_cpp__visibility_control.h
[1.084s] -- Up-to-date symlink: /home/a/aruco_ws/install/ros2_aruco_interfaces/lib/libros2_aruco_interfaces__rosidl_typesupport_fastrtps_cpp.so
[1.084s] -- Up-to-date symlink: /home/a/aruco_ws/install/ros2_aruco_interfaces/include/ros2_aruco_interfaces/msg/detail/aruco_markers__rosidl_typesupport_introspection_c.h
[1.084s] -- Up-to-date symlink: /home/a/aruco_ws/install/ros2_aruco_interfaces/include/ros2_aruco_interfaces/msg/rosidl_typesupport_introspection_c__visibility_control.h
[1.085s] -- Up-to-date symlink: /home/a/aruco_ws/install/ros2_aruco_interfaces/include/ros2_aruco_interfaces/msg/aruco_markers.hpp
[1.085s] -- Up-to-date symlink: /home/a/aruco_ws/install/ros2_aruco_interfaces/include/ros2_aruco_interfaces/msg/detail/aruco_markers__builder.hpp
[1.085s] -- Up-to-date symlink: /home/a/aruco_ws/install/ros2_aruco_interfaces/include/ros2_aruco_interfaces/msg/detail/aruco_markers__struct.hpp
[1.085s] -- Up-to-date symlink: /home/a/aruco_ws/install/ros2_aruco_interfaces/include/ros2_aruco_interfaces/msg/detail/aruco_markers__traits.hpp
[1.085s] -- Up-to-date symlink: /home/a/aruco_ws/install/ros2_aruco_interfaces/include/ros2_aruco_interfaces/msg/detail/aruco_markers__type_support.hpp
[1.085s] -- Up-to-date symlink: /home/a/aruco_ws/install/ros2_aruco_interfaces/include/ros2_aruco_interfaces/msg/rosidl_generator_cpp__visibility_control.hpp
[1.086s] -- Up-to-date symlink: /home/a/aruco_ws/install/ros2_aruco_interfaces/include/ros2_aruco_interfaces/msg/detail/aruco_markers__rosidl_typesupport_introspection_cpp.hpp
[1.086s] -- Up-to-date symlink: /home/a/aruco_ws/install/ros2_aruco_interfaces/share/ros2_aruco_interfaces/environment/pythonpath.sh
[1.086s] -- Up-to-date symlink: /home/a/aruco_ws/install/ros2_aruco_interfaces/share/ros2_aruco_interfaces/environment/pythonpath.dsv
[1.086s] -- Up-to-date symlink: /home/a/aruco_ws/install/ros2_aruco_interfaces/lib/python3.8/site-packages/ros2_aruco_interfaces/__init__.py
[1.086s] -- Up-to-date symlink: /home/a/aruco_ws/install/ros2_aruco_interfaces/lib/python3.8/site-packages/ros2_aruco_interfaces/msg/__init__.py
[1.086s] -- Up-to-date symlink: /home/a/aruco_ws/install/ros2_aruco_interfaces/lib/python3.8/site-packages/ros2_aruco_interfaces/msg/_aruco_markers.py
[1.086s] -- Up-to-date symlink: /home/a/aruco_ws/install/ros2_aruco_interfaces/lib/python3.8/site-packages/ros2_aruco_interfaces/ros2_aruco_interfaces_s__rosidl_typesupport_fastrtps_c.cpython-38-x86_64-linux-gnu.so
[1.086s] -- Up-to-date symlink: /home/a/aruco_ws/install/ros2_aruco_interfaces/lib/python3.8/site-packages/ros2_aruco_interfaces/ros2_aruco_interfaces_s__rosidl_typesupport_introspection_c.cpython-38-x86_64-linux-gnu.so
[1.087s] -- Up-to-date symlink: /home/a/aruco_ws/install/ros2_aruco_interfaces/lib/python3.8/site-packages/ros2_aruco_interfaces/ros2_aruco_interfaces_s__rosidl_typesupport_c.cpython-38-x86_64-linux-gnu.so
[1.087s] -- Up-to-date symlink: /home/a/aruco_ws/install/ros2_aruco_interfaces/lib/libros2_aruco_interfaces__python.so
[1.087s] -- Up-to-date symlink: /home/a/aruco_ws/install/ros2_aruco_interfaces/share/ros2_aruco_interfaces/msg/ArucoMarkers.idl
[1.087s] -- Up-to-date symlink: /home/a/aruco_ws/install/ros2_aruco_interfaces/share/ros2_aruco_interfaces/msg/ArucoMarkers.msg
[1.087s] -- Up-to-date symlink: /home/a/aruco_ws/install/ros2_aruco_interfaces/share/ament_index/resource_index/package_run_dependencies/ros2_aruco_interfaces
[1.087s] -- Up-to-date symlink: /home/a/aruco_ws/install/ros2_aruco_interfaces/share/ament_index/resource_index/parent_prefix_path/ros2_aruco_interfaces
[1.088s] -- Up-to-date symlink: /home/a/aruco_ws/install/ros2_aruco_interfaces/share/ros2_aruco_interfaces/environment/ament_prefix_path.sh
[1.088s] -- Up-to-date symlink: /home/a/aruco_ws/install/ros2_aruco_interfaces/share/ros2_aruco_interfaces/environment/ament_prefix_path.dsv
[1.088s] -- Up-to-date symlink: /home/a/aruco_ws/install/ros2_aruco_interfaces/share/ros2_aruco_interfaces/environment/path.sh
[1.088s] -- Up-to-date symlink: /home/a/aruco_ws/install/ros2_aruco_interfaces/share/ros2_aruco_interfaces/environment/path.dsv
[1.088s] -- Up-to-date symlink: /home/a/aruco_ws/install/ros2_aruco_interfaces/share/ros2_aruco_interfaces/local_setup.bash
[1.088s] -- Up-to-date symlink: /home/a/aruco_ws/install/ros2_aruco_interfaces/share/ros2_aruco_interfaces/local_setup.sh
[1.088s] -- Up-to-date symlink: /home/a/aruco_ws/install/ros2_aruco_interfaces/share/ros2_aruco_interfaces/local_setup.zsh
[1.088s] -- Up-to-date symlink: /home/a/aruco_ws/install/ros2_aruco_interfaces/share/ros2_aruco_interfaces/local_setup.dsv
[1.088s] -- Symlinking: /home/a/aruco_ws/install/ros2_aruco_interfaces/share/ros2_aruco_interfaces/package.dsv
[1.094s] -- Up-to-date symlink: /home/a/aruco_ws/install/ros2_aruco_interfaces/share/ament_index/resource_index/packages/ros2_aruco_interfaces
[1.094s] -- Up-to-date symlink: /home/a/aruco_ws/install/ros2_aruco_interfaces/share/ros2_aruco_interfaces/cmake/rosidl_cmake-extras.cmake
[1.094s] -- Up-to-date symlink: /home/a/aruco_ws/install/ros2_aruco_interfaces/share/ros2_aruco_interfaces/cmake/ament_cmake_export_dependencies-extras.cmake
[1.094s] -- Up-to-date symlink: /home/a/aruco_ws/install/ros2_aruco_interfaces/share/ros2_aruco_interfaces/cmake/ament_cmake_export_libraries-extras.cmake
[1.094s] -- Up-to-date symlink: /home/a/aruco_ws/install/ros2_aruco_interfaces/share/ros2_aruco_interfaces/cmake/ament_cmake_export_targets-extras.cmake
[1.094s] -- Up-to-date symlink: /home/a/aruco_ws/install/ros2_aruco_interfaces/share/ros2_aruco_interfaces/cmake/ament_cmake_export_include_directories-extras.cmake
[1.095s] -- Up-to-date symlink: /home/a/aruco_ws/install/ros2_aruco_interfaces/share/ros2_aruco_interfaces/cmake/rosidl_cmake_export_typesupport_libraries-extras.cmake
[1.095s] -- Up-to-date symlink: /home/a/aruco_ws/install/ros2_aruco_interfaces/share/ros2_aruco_interfaces/cmake/rosidl_cmake_export_typesupport_targets-extras.cmake
[1.095s] -- Up-to-date symlink: /home/a/aruco_ws/install/ros2_aruco_interfaces/share/ros2_aruco_interfaces/cmake/ros2_aruco_interfacesConfig.cmake
[1.095s] -- Up-to-date symlink: /home/a/aruco_ws/install/ros2_aruco_interfaces/share/ros2_aruco_interfaces/cmake/ros2_aruco_interfacesConfig-version.cmake
[1.095s] -- Up-to-date symlink: /home/a/aruco_ws/install/ros2_aruco_interfaces/share/ros2_aruco_interfaces/package.xml
[1.095s] -- Up-to-date: /home/a/aruco_ws/install/ros2_aruco_interfaces/lib/libros2_aruco_interfaces__rosidl_generator_c.so
[1.095s] -- Up-to-date: /home/a/aruco_ws/install/ros2_aruco_interfaces/lib/libros2_aruco_interfaces__rosidl_typesupport_introspection_c.so
[1.096s] -- Up-to-date: /home/a/aruco_ws/install/ros2_aruco_interfaces/lib/libros2_aruco_interfaces__rosidl_typesupport_c.so
[1.096s] -- Up-to-date: /home/a/aruco_ws/install/ros2_aruco_interfaces/lib/libros2_aruco_interfaces__rosidl_typesupport_introspection_cpp.so
[1.096s] -- Up-to-date: /home/a/aruco_ws/install/ros2_aruco_interfaces/lib/libros2_aruco_interfaces__rosidl_typesupport_cpp.so
[1.118s] Compiling '/home/a/aruco_ws/install/ros2_aruco_interfaces/lib/python3.8/site-packages/ros2_aruco_interfaces/__init__.py'...
[1.121s] -- Up-to-date: /home/a/aruco_ws/install/ros2_aruco_interfaces/share/ros2_aruco_interfaces/cmake/ros2_aruco_interfaces__rosidl_generator_cExport.cmake
[1.121s] -- Installing: /home/a/aruco_ws/install/ros2_aruco_interfaces/share/ros2_aruco_interfaces/cmake/ros2_aruco_interfaces__rosidl_generator_cExport-noconfig.cmake
[1.121s] -- Up-to-date: /home/a/aruco_ws/install/ros2_aruco_interfaces/share/ros2_aruco_interfaces/cmake/ros2_aruco_interfaces__rosidl_typesupport_introspection_cExport.cmake
[1.121s] -- Installing: /home/a/aruco_ws/install/ros2_aruco_interfaces/share/ros2_aruco_interfaces/cmake/ros2_aruco_interfaces__rosidl_typesupport_introspection_cExport-noconfig.cmake
[1.121s] -- Up-to-date: /home/a/aruco_ws/install/ros2_aruco_interfaces/share/ros2_aruco_interfaces/cmake/ros2_aruco_interfaces__rosidl_typesupport_cExport.cmake
[1.121s] -- Installing: /home/a/aruco_ws/install/ros2_aruco_interfaces/share/ros2_aruco_interfaces/cmake/ros2_aruco_interfaces__rosidl_typesupport_cExport-noconfig.cmake
[1.121s] -- Up-to-date: /home/a/aruco_ws/install/ros2_aruco_interfaces/share/ros2_aruco_interfaces/cmake/ros2_aruco_interfaces__rosidl_generator_cppExport.cmake
[1.121s] -- Up-to-date: /home/a/aruco_ws/install/ros2_aruco_interfaces/share/ros2_aruco_interfaces/cmake/ros2_aruco_interfaces__rosidl_typesupport_introspection_cppExport.cmake
[1.121s] -- Installing: /home/a/aruco_ws/install/ros2_aruco_interfaces/share/ros2_aruco_interfaces/cmake/ros2_aruco_interfaces__rosidl_typesupport_introspection_cppExport-noconfig.cmake
[1.121s] -- Up-to-date: /home/a/aruco_ws/install/ros2_aruco_interfaces/share/ros2_aruco_interfaces/cmake/ros2_aruco_interfaces__rosidl_typesupport_cppExport.cmake
[1.121s] -- Installing: /home/a/aruco_ws/install/ros2_aruco_interfaces/share/ros2_aruco_interfaces/cmake/ros2_aruco_interfaces__rosidl_typesupport_cppExport-noconfig.cmake
[1.123s] Invoked command in '/home/a/aruco_ws/build/ros2_aruco_interfaces' returned '0': CMAKE_PREFIX_PATH=${CMAKE_PREFIX_PATH}:/home/a/aruco_ws/install/ar_track:/home/a/aruco_ws/install/ros2_aruco:/home/a/turtlebot3_ws/install/turtlebot3_teleop:/home/a/turtlebot3_ws/install/turtlebot3_example:/opt/ros/foxy /usr/bin/cmake --install /home/a/aruco_ws/build/ros2_aruco_interfaces
