[0.159s] Invoking command in '/home/ubuntu/ros2_ws/build/tracetools_image_pipeline': CMAKE_PREFIX_PATH=${CMAKE_PREFIX_PATH}:/home/ubuntu/ros2_ws/install/opencv_tests:/home/ubuntu/turtlebot3_ws/install/turtlebot3_teleop:/home/ubuntu/turtlebot3_ws/install/turtlebot3_example:/opt/ros/foxy /usr/bin/cmake /home/ubuntu/ros2_ws/src/image_pipeline/tracetools_image_pipeline -DAMENT_CMAKE_SYMLINK_INSTALL=1 -DCMAKE_INSTALL_PREFIX=/home/ubuntu/ros2_ws/install/tracetools_image_pipeline
[2.840s] -- The C compiler identification is GNU 9.4.0
[4.683s] -- The CXX compiler identification is GNU 9.4.0
[4.745s] -- Check for working C compiler: /usr/bin/cc
[5.491s] -- Check for working C compiler: /usr/bin/cc -- works
[5.502s] -- Detecting C compiler ABI info
[6.239s] -- Detecting C compiler ABI info - done
[6.339s] -- Detecting C compile features
[6.343s] -- Detecting C compile features - done
[6.366s] -- Check for working CXX compiler: /usr/bin/c++
[7.301s] -- Check for working CXX compiler: /usr/bin/c++ -- works
[7.313s] -- Detecting CXX compiler ABI info
[8.145s] -- Detecting CXX compiler ABI info - done
[8.252s] -- Detecting CXX compile features
[8.256s] -- Detecting CXX compile features - done
[8.316s] -- Found ament_cmake_ros: 0.9.2 (/opt/ros/foxy/share/ament_cmake_ros/cmake)
[8.942s] -- Found PythonInterp: /usr/bin/python3 (found suitable version "3.8.10", minimum required is "3") 
[8.944s] -- Using PYTHON_EXECUTABLE: /usr/bin/python3
[11.020s] -- Override CMake install command with custom implementation using symlinks instead of copying resources
[11.832s] -- Found PkgConfig: /usr/bin/pkg-config (found version "0.29.1") 
[11.841s] -- Checking for module 'lttng-ust'
[11.907s] --   No package 'lttng-ust' found
[12.007s] -- Found ament_lint_auto: 0.9.6 (/opt/ros/foxy/share/ament_lint_auto/cmake)
[13.339s] -- Added test 'copyright' to check source files copyright and LICENSE
[13.369s] -- Added test 'cppcheck' to perform static code analysis on C / C++ code
[13.371s] -- Configured cppcheck include dirs: 
[13.373s] -- Configured cppcheck exclude dirs and/or files: 
[13.396s] -- Added test 'cpplint' to check C / C++ code against the Google style
[13.397s] -- Configured cpplint exclude dirs and/or files: 
[13.415s] -- Added test 'lint_cmake' to check CMake code style
[13.444s] -- Added test 'uncrustify' to check C / C++ code style
[13.445s] -- Configured uncrustify additional arguments: 
[13.456s] -- Added test 'xmllint' to check XML markup files
[13.521s] -- Configuring done
[13.582s] -- Generating done
[13.630s] -- Build files have been written to: /home/ubuntu/ros2_ws/build/tracetools_image_pipeline
[13.769s] Invoked command in '/home/ubuntu/ros2_ws/build/tracetools_image_pipeline' returned '0': CMAKE_PREFIX_PATH=${CMAKE_PREFIX_PATH}:/home/ubuntu/ros2_ws/install/opencv_tests:/home/ubuntu/turtlebot3_ws/install/turtlebot3_teleop:/home/ubuntu/turtlebot3_ws/install/turtlebot3_example:/opt/ros/foxy /usr/bin/cmake /home/ubuntu/ros2_ws/src/image_pipeline/tracetools_image_pipeline -DAMENT_CMAKE_SYMLINK_INSTALL=1 -DCMAKE_INSTALL_PREFIX=/home/ubuntu/ros2_ws/install/tracetools_image_pipeline
[13.786s] Invoking command in '/home/ubuntu/ros2_ws/build/tracetools_image_pipeline': CMAKE_PREFIX_PATH=${CMAKE_PREFIX_PATH}:/home/ubuntu/ros2_ws/install/opencv_tests:/home/ubuntu/turtlebot3_ws/install/turtlebot3_teleop:/home/ubuntu/turtlebot3_ws/install/turtlebot3_example:/opt/ros/foxy /usr/bin/cmake --build /home/ubuntu/ros2_ws/build/tracetools_image_pipeline -- -j4 -l4
[14.315s] Scanning dependencies of target tracetools_image_pipeline
[14.501s] [ 20%] Building CXX object CMakeFiles/tracetools_image_pipeline.dir/src/utils.cpp.o
[14.517s] [ 40%] Building C object CMakeFiles/tracetools_image_pipeline.dir/src/tracetools.c.o
[18.759s] [ 60%] Linking CXX shared library libtracetools_image_pipeline.so
[19.156s] [ 60%] Built target tracetools_image_pipeline
[19.279s] Scanning dependencies of target status
[19.407s] [ 80%] Building C object CMakeFiles/status.dir/src/status.c.o
[19.749s] [100%] Linking C executable status
[20.151s] [100%] Built target status
[20.281s] Invoked command in '/home/ubuntu/ros2_ws/build/tracetools_image_pipeline' returned '0': CMAKE_PREFIX_PATH=${CMAKE_PREFIX_PATH}:/home/ubuntu/ros2_ws/install/opencv_tests:/home/ubuntu/turtlebot3_ws/install/turtlebot3_teleop:/home/ubuntu/turtlebot3_ws/install/turtlebot3_example:/opt/ros/foxy /usr/bin/cmake --build /home/ubuntu/ros2_ws/build/tracetools_image_pipeline -- -j4 -l4
[20.882s] Invoking command in '/home/ubuntu/ros2_ws/build/tracetools_image_pipeline': CMAKE_PREFIX_PATH=${CMAKE_PREFIX_PATH}:/home/ubuntu/ros2_ws/install/opencv_tests:/home/ubuntu/turtlebot3_ws/install/turtlebot3_teleop:/home/ubuntu/turtlebot3_ws/install/turtlebot3_example:/opt/ros/foxy /usr/bin/cmake --install /home/ubuntu/ros2_ws/build/tracetools_image_pipeline
[20.977s] -- Install configuration: ""
[20.981s] -- Execute custom install script
[20.984s] -- Symlinking: /home/ubuntu/ros2_ws/install/tracetools_image_pipeline/share/tracetools_image_pipeline/environment/library_path.sh
[21.086s] -- Symlinking: /home/ubuntu/ros2_ws/install/tracetools_image_pipeline/share/tracetools_image_pipeline/environment/library_path.dsv
[21.188s] -- Symlinking: /home/ubuntu/ros2_ws/install/tracetools_image_pipeline/lib/tracetools_image_pipeline/status
[21.292s] -- Symlinking: /home/ubuntu/ros2_ws/install/tracetools_image_pipeline/include/tracetools_image_pipeline/config.h
[21.393s] -- Symlinking: /home/ubuntu/ros2_ws/install/tracetools_image_pipeline/include/tracetools_image_pipeline/tracetools.h
[21.493s] -- Symlinking: /home/ubuntu/ros2_ws/install/tracetools_image_pipeline/include/tracetools_image_pipeline/utils.hpp
[21.592s] -- Symlinking: /home/ubuntu/ros2_ws/install/tracetools_image_pipeline/include/tracetools_image_pipeline/visibility_control.hpp
[21.727s] -- Symlinking: /home/ubuntu/ros2_ws/install/tracetools_image_pipeline/share/ament_index/resource_index/package_run_dependencies/tracetools_image_pipeline
[21.829s] -- Symlinking: /home/ubuntu/ros2_ws/install/tracetools_image_pipeline/share/ament_index/resource_index/parent_prefix_path/tracetools_image_pipeline
[21.927s] -- Symlinking: /home/ubuntu/ros2_ws/install/tracetools_image_pipeline/share/tracetools_image_pipeline/environment/ament_prefix_path.sh
[22.030s] -- Symlinking: /home/ubuntu/ros2_ws/install/tracetools_image_pipeline/share/tracetools_image_pipeline/environment/ament_prefix_path.dsv
[22.132s] -- Symlinking: /home/ubuntu/ros2_ws/install/tracetools_image_pipeline/share/tracetools_image_pipeline/environment/path.sh
[22.237s] -- Symlinking: /home/ubuntu/ros2_ws/install/tracetools_image_pipeline/share/tracetools_image_pipeline/environment/path.dsv
[22.342s] -- Symlinking: /home/ubuntu/ros2_ws/install/tracetools_image_pipeline/share/tracetools_image_pipeline/local_setup.bash
[22.447s] -- Symlinking: /home/ubuntu/ros2_ws/install/tracetools_image_pipeline/share/tracetools_image_pipeline/local_setup.sh
[22.549s] -- Symlinking: /home/ubuntu/ros2_ws/install/tracetools_image_pipeline/share/tracetools_image_pipeline/local_setup.zsh
[22.650s] -- Symlinking: /home/ubuntu/ros2_ws/install/tracetools_image_pipeline/share/tracetools_image_pipeline/local_setup.dsv
[22.753s] -- Symlinking: /home/ubuntu/ros2_ws/install/tracetools_image_pipeline/share/tracetools_image_pipeline/package.dsv
[22.850s] -- Symlinking: /home/ubuntu/ros2_ws/install/tracetools_image_pipeline/share/ament_index/resource_index/packages/tracetools_image_pipeline
[22.946s] -- Symlinking: /home/ubuntu/ros2_ws/install/tracetools_image_pipeline/share/tracetools_image_pipeline/cmake/ament_cmake_export_targets-extras.cmake
[23.048s] -- Symlinking: /home/ubuntu/ros2_ws/install/tracetools_image_pipeline/share/tracetools_image_pipeline/cmake/ament_cmake_export_include_directories-extras.cmake
[23.150s] -- Symlinking: /home/ubuntu/ros2_ws/install/tracetools_image_pipeline/share/tracetools_image_pipeline/cmake/ament_cmake_export_libraries-extras.cmake
[23.256s] -- Symlinking: /home/ubuntu/ros2_ws/install/tracetools_image_pipeline/share/tracetools_image_pipeline/cmake/tracetools_image_pipelineConfig.cmake
[23.372s] -- Symlinking: /home/ubuntu/ros2_ws/install/tracetools_image_pipeline/share/tracetools_image_pipeline/cmake/tracetools_image_pipelineConfig-version.cmake
[23.467s] -- Symlinking: /home/ubuntu/ros2_ws/install/tracetools_image_pipeline/share/tracetools_image_pipeline/package.xml
[23.569s] -- Installing: /home/ubuntu/ros2_ws/install/tracetools_image_pipeline/lib/libtracetools_image_pipeline.so
[23.571s] -- Installing: /home/ubuntu/ros2_ws/install/tracetools_image_pipeline/share/tracetools_image_pipeline/cmake/tracetools_image_pipeline_exportExport.cmake
[23.574s] -- Installing: /home/ubuntu/ros2_ws/install/tracetools_image_pipeline/share/tracetools_image_pipeline/cmake/tracetools_image_pipeline_exportExport-noconfig.cmake
[23.604s] Invoked command in '/home/ubuntu/ros2_ws/build/tracetools_image_pipeline' returned '0': CMAKE_PREFIX_PATH=${CMAKE_PREFIX_PATH}:/home/ubuntu/ros2_ws/install/opencv_tests:/home/ubuntu/turtlebot3_ws/install/turtlebot3_teleop:/home/ubuntu/turtlebot3_ws/install/turtlebot3_example:/opt/ros/foxy /usr/bin/cmake --install /home/ubuntu/ros2_ws/build/tracetools_image_pipeline
