/home/a/.local/lib/python3.8/site-packages/setuptools/dist.py:476: SetuptoolsDeprecationWarning: Invalid dash-separated options
!!

        ********************************************************************************
        Usage of dash-separated 'script-dir' will not be supported in future
        versions. Please use the underscore name 'script_dir' instead.

        By 2024-Sep-26, you need to update your project and remove deprecated calls
        or your builds will no longer be supported.

        See https://setuptools.pypa.io/en/latest/userguide/declarative_config.html for details.
        ********************************************************************************

!!
  opt = self.warn_dash_deprecation(opt, section)
running egg_info
creating ../../build/ar_track/ar_track.egg-info
writing ../../build/ar_track/ar_track.egg-info/PKG-INFO
writing dependency_links to ../../build/ar_track/ar_track.egg-info/dependency_links.txt
writing entry points to ../../build/ar_track/ar_track.egg-info/entry_points.txt
writing requirements to ../../build/ar_track/ar_track.egg-info/requires.txt
writing top-level names to ../../build/ar_track/ar_track.egg-info/top_level.txt
writing manifest file '../../build/ar_track/ar_track.egg-info/SOURCES.txt'
reading manifest file '../../build/ar_track/ar_track.egg-info/SOURCES.txt'
writing manifest file '../../build/ar_track/ar_track.egg-info/SOURCES.txt'
running build
running install
running install_data
creating /home/a/aruco_ws/install/ar_track/share/ament_index
creating /home/a/aruco_ws/install/ar_track/share/ament_index/resource_index
creating /home/a/aruco_ws/install/ar_track/share/ament_index/resource_index/packages
copying resource/ar_track -> /home/a/aruco_ws/install/ar_track/share/ament_index/resource_index/packages
copying package.xml -> /home/a/aruco_ws/install/ar_track/share/ar_track
running install_egg_info
Copying ../../build/ar_track/ar_track.egg-info to /home/a/aruco_ws/install/ar_track/lib/python3.8/site-packages/ar_track-0.0.0-py3.8.egg-info
running install_scripts
Installing pub_tb3_pose2d script to /home/a/aruco_ws/install/ar_track/lib/ar_track
Installing stop_tb3 script to /home/a/aruco_ws/install/ar_track/lib/ar_track
Installing track_marker script to /home/a/aruco_ws/install/ar_track/lib/ar_track
writing list of installed files to '/home/a/aruco_ws/build/ar_track/install.log'
