[0.103s] Invoking command in '/home/ubuntu/cv_cam_ws/build/opencv_cam': AMENT_PREFIX_PATH=/home/ubuntu/cv_cam_ws/install/ros2_shared:${AMENT_PREFIX_PATH} CMAKE_PREFIX_PATH=/home/ubuntu/cv_cam_ws/install/ros2_shared:/home/ubuntu/ros2_ws/install/vision_opencv:/home/ubuntu/ros2_ws/install/v4l2_camera:/home/ubuntu/ros2_ws/install/image_transport_plugins:/home/ubuntu/ros2_ws/install/theora_image_transport:/home/ubuntu/ros2_ws/install/image_common:/home/ubuntu/ros2_ws/install/compressed_image_transport:/home/ubuntu/ros2_ws/install/compressed_depth_image_transport:/home/ubuntu/ros2_ws/install/image_transport:/home/ubuntu/ros2_ws/install/image_geometry:/home/ubuntu/ros2_ws/install/cv_bridge:/home/ubuntu/ros2_ws/install/camera_info_manager:/home/ubuntu/ros2_ws/install/camera_calibration_parsers:/home/ubuntu/turtlebot3_ws/install/turtlebot3:/home/ubuntu/turtlebot3_ws/install/turtlebot3_bringup:/home/ubuntu/turtlebot3_ws/install/turtlebot3_node:/home/ubuntu/turtlebot3_ws/install/turtlebot3_description:/home/ubuntu/turtlebot3_ws/install/ld08_driver:/home/ubuntu/ros2_ws/install/opencv_tests:/home/ubuntu/turtlebot3_ws/install/turtlebot3_teleop:/home/ubuntu/turtlebot3_ws/install/turtlebot3_example:/opt/ros/foxy /usr/bin/cmake --build /home/ubuntu/cv_cam_ws/build/opencv_cam -- -j4 -l4
[0.877s] [ 25%] Built target subscriber_node
[0.922s] [ 50%] Built target opencv_cam_node
[1.248s] [ 75%] Built target ipc_test_main
[1.253s] [100%] Built target opencv_cam_main
[1.339s] Invoked command in '/home/ubuntu/cv_cam_ws/build/opencv_cam' returned '0': AMENT_PREFIX_PATH=/home/ubuntu/cv_cam_ws/install/ros2_shared:${AMENT_PREFIX_PATH} CMAKE_PREFIX_PATH=/home/ubuntu/cv_cam_ws/install/ros2_shared:/home/ubuntu/ros2_ws/install/vision_opencv:/home/ubuntu/ros2_ws/install/v4l2_camera:/home/ubuntu/ros2_ws/install/image_transport_plugins:/home/ubuntu/ros2_ws/install/theora_image_transport:/home/ubuntu/ros2_ws/install/image_common:/home/ubuntu/ros2_ws/install/compressed_image_transport:/home/ubuntu/ros2_ws/install/compressed_depth_image_transport:/home/ubuntu/ros2_ws/install/image_transport:/home/ubuntu/ros2_ws/install/image_geometry:/home/ubuntu/ros2_ws/install/cv_bridge:/home/ubuntu/ros2_ws/install/camera_info_manager:/home/ubuntu/ros2_ws/install/camera_calibration_parsers:/home/ubuntu/turtlebot3_ws/install/turtlebot3:/home/ubuntu/turtlebot3_ws/install/turtlebot3_bringup:/home/ubuntu/turtlebot3_ws/install/turtlebot3_node:/home/ubuntu/turtlebot3_ws/install/turtlebot3_description:/home/ubuntu/turtlebot3_ws/install/ld08_driver:/home/ubuntu/ros2_ws/install/opencv_tests:/home/ubuntu/turtlebot3_ws/install/turtlebot3_teleop:/home/ubuntu/turtlebot3_ws/install/turtlebot3_example:/opt/ros/foxy /usr/bin/cmake --build /home/ubuntu/cv_cam_ws/build/opencv_cam -- -j4 -l4
[1.743s] Invoking command in '/home/ubuntu/cv_cam_ws/build/opencv_cam': AMENT_PREFIX_PATH=/home/ubuntu/cv_cam_ws/install/ros2_shared:${AMENT_PREFIX_PATH} CMAKE_PREFIX_PATH=/home/ubuntu/cv_cam_ws/install/ros2_shared:/home/ubuntu/ros2_ws/install/vision_opencv:/home/ubuntu/ros2_ws/install/v4l2_camera:/home/ubuntu/ros2_ws/install/image_transport_plugins:/home/ubuntu/ros2_ws/install/theora_image_transport:/home/ubuntu/ros2_ws/install/image_common:/home/ubuntu/ros2_ws/install/compressed_image_transport:/home/ubuntu/ros2_ws/install/compressed_depth_image_transport:/home/ubuntu/ros2_ws/install/image_transport:/home/ubuntu/ros2_ws/install/image_geometry:/home/ubuntu/ros2_ws/install/cv_bridge:/home/ubuntu/ros2_ws/install/camera_info_manager:/home/ubuntu/ros2_ws/install/camera_calibration_parsers:/home/ubuntu/turtlebot3_ws/install/turtlebot3:/home/ubuntu/turtlebot3_ws/install/turtlebot3_bringup:/home/ubuntu/turtlebot3_ws/install/turtlebot3_node:/home/ubuntu/turtlebot3_ws/install/turtlebot3_description:/home/ubuntu/turtlebot3_ws/install/ld08_driver:/home/ubuntu/ros2_ws/install/opencv_tests:/home/ubuntu/turtlebot3_ws/install/turtlebot3_teleop:/home/ubuntu/turtlebot3_ws/install/turtlebot3_example:/opt/ros/foxy /usr/bin/cmake --install /home/ubuntu/cv_cam_ws/build/opencv_cam
[1.815s] -- Install configuration: ""
[1.819s] -- Up-to-date: /home/ubuntu/cv_cam_ws/install/opencv_cam/share/opencv_cam/environment/library_path.sh
[1.821s] -- Up-to-date: /home/ubuntu/cv_cam_ws/install/opencv_cam/share/opencv_cam/environment/library_path.dsv
[1.824s] -- Up-to-date: /home/ubuntu/cv_cam_ws/install/opencv_cam/share/ament_index/resource_index/package_run_dependencies/opencv_cam
[1.826s] -- Up-to-date: /home/ubuntu/cv_cam_ws/install/opencv_cam/share/ament_index/resource_index/parent_prefix_path/opencv_cam
[1.828s] -- Up-to-date: /home/ubuntu/cv_cam_ws/install/opencv_cam/share/opencv_cam/environment/ament_prefix_path.sh
[1.830s] -- Up-to-date: /home/ubuntu/cv_cam_ws/install/opencv_cam/share/opencv_cam/environment/ament_prefix_path.dsv
[1.831s] -- Up-to-date: /home/ubuntu/cv_cam_ws/install/opencv_cam/share/opencv_cam/environment/path.sh
[1.833s] -- Up-to-date: /home/ubuntu/cv_cam_ws/install/opencv_cam/share/opencv_cam/environment/path.dsv
[1.834s] -- Up-to-date: /home/ubuntu/cv_cam_ws/install/opencv_cam/share/opencv_cam/local_setup.bash
[1.836s] -- Up-to-date: /home/ubuntu/cv_cam_ws/install/opencv_cam/share/opencv_cam/local_setup.sh
[1.837s] -- Up-to-date: /home/ubuntu/cv_cam_ws/install/opencv_cam/share/opencv_cam/local_setup.zsh
[1.838s] -- Up-to-date: /home/ubuntu/cv_cam_ws/install/opencv_cam/share/opencv_cam/local_setup.dsv
[1.840s] -- Installing: /home/ubuntu/cv_cam_ws/install/opencv_cam/share/opencv_cam/package.dsv
[1.841s] -- Up-to-date: /home/ubuntu/cv_cam_ws/install/opencv_cam/share/ament_index/resource_index/packages/opencv_cam
[1.842s] -- Up-to-date: /home/ubuntu/cv_cam_ws/install/opencv_cam/share/ament_index/resource_index/rclcpp_components/opencv_cam
[1.852s] -- Up-to-date: /home/ubuntu/cv_cam_ws/install/opencv_cam/share/opencv_cam/cmake/export_opencv_cam_nodeExport.cmake
[1.853s] -- Up-to-date: /home/ubuntu/cv_cam_ws/install/opencv_cam/share/opencv_cam/cmake/export_opencv_cam_nodeExport-noconfig.cmake
[1.858s] -- Up-to-date: /home/ubuntu/cv_cam_ws/install/opencv_cam/share/opencv_cam/cmake/export_subscriber_nodeExport.cmake
[1.859s] -- Up-to-date: /home/ubuntu/cv_cam_ws/install/opencv_cam/share/opencv_cam/cmake/export_subscriber_nodeExport-noconfig.cmake
[1.863s] -- Up-to-date: /home/ubuntu/cv_cam_ws/install/opencv_cam/share/opencv_cam/cmake/ament_cmake_export_dependencies-extras.cmake
[1.864s] -- Up-to-date: /home/ubuntu/cv_cam_ws/install/opencv_cam/share/opencv_cam/cmake/ament_cmake_export_include_directories-extras.cmake
[1.865s] -- Up-to-date: /home/ubuntu/cv_cam_ws/install/opencv_cam/share/opencv_cam/cmake/ament_cmake_export_targets-extras.cmake
[1.866s] -- Up-to-date: /home/ubuntu/cv_cam_ws/install/opencv_cam/share/opencv_cam/cmake/ament_cmake_export_libraries-extras.cmake
[1.867s] -- Up-to-date: /home/ubuntu/cv_cam_ws/install/opencv_cam/share/opencv_cam/cmake/opencv_camConfig.cmake
[1.868s] -- Up-to-date: /home/ubuntu/cv_cam_ws/install/opencv_cam/share/opencv_cam/cmake/opencv_camConfig-version.cmake
[1.869s] -- Up-to-date: /home/ubuntu/cv_cam_ws/install/opencv_cam/share/opencv_cam/package.xml
[1.872s] -- Up-to-date: /home/ubuntu/cv_cam_ws/install/opencv_cam/lib/libopencv_cam_node.so
[1.879s] -- Up-to-date: /home/ubuntu/cv_cam_ws/install/opencv_cam/lib/libsubscriber_node.so
[1.889s] -- Up-to-date: /home/ubuntu/cv_cam_ws/install/opencv_cam/lib/opencv_cam/opencv_cam_main
[1.898s] -- Up-to-date: /home/ubuntu/cv_cam_ws/install/opencv_cam/lib/opencv_cam/ipc_test_main
[1.901s] -- Up-to-date: /home/ubuntu/cv_cam_ws/install/opencv_cam/share/opencv_cam/launch
[1.904s] -- Up-to-date: /home/ubuntu/cv_cam_ws/install/opencv_cam/share/opencv_cam/launch/composition_launch.py
[1.924s] Invoked command in '/home/ubuntu/cv_cam_ws/build/opencv_cam' returned '0': AMENT_PREFIX_PATH=/home/ubuntu/cv_cam_ws/install/ros2_shared:${AMENT_PREFIX_PATH} CMAKE_PREFIX_PATH=/home/ubuntu/cv_cam_ws/install/ros2_shared:/home/ubuntu/ros2_ws/install/vision_opencv:/home/ubuntu/ros2_ws/install/v4l2_camera:/home/ubuntu/ros2_ws/install/image_transport_plugins:/home/ubuntu/ros2_ws/install/theora_image_transport:/home/ubuntu/ros2_ws/install/image_common:/home/ubuntu/ros2_ws/install/compressed_image_transport:/home/ubuntu/ros2_ws/install/compressed_depth_image_transport:/home/ubuntu/ros2_ws/install/image_transport:/home/ubuntu/ros2_ws/install/image_geometry:/home/ubuntu/ros2_ws/install/cv_bridge:/home/ubuntu/ros2_ws/install/camera_info_manager:/home/ubuntu/ros2_ws/install/camera_calibration_parsers:/home/ubuntu/turtlebot3_ws/install/turtlebot3:/home/ubuntu/turtlebot3_ws/install/turtlebot3_bringup:/home/ubuntu/turtlebot3_ws/install/turtlebot3_node:/home/ubuntu/turtlebot3_ws/install/turtlebot3_description:/home/ubuntu/turtlebot3_ws/install/ld08_driver:/home/ubuntu/ros2_ws/install/opencv_tests:/home/ubuntu/turtlebot3_ws/install/turtlebot3_teleop:/home/ubuntu/turtlebot3_ws/install/turtlebot3_example:/opt/ros/foxy /usr/bin/cmake --install /home/ubuntu/cv_cam_ws/build/opencv_cam
