[0.481s] Invoking command in '/home/a/aruco_ws/build/ros2_aruco': PYTHONPATH=/home/a/aruco_ws/build/ros2_aruco/prefix_override:/home/a/aruco_ws/install/ros2_aruco/lib/python3.8/site-packages:${PYTHONPATH} /usr/bin/python3 -W ignore:setup.py install is deprecated setup.py develop --uninstall --editable --build-directory /home/a/aruco_ws/build/ros2_aruco/build
[0.657s] running develop
[0.657s] /home/a/.local/lib/python3.8/site-packages/setuptools/command/develop.py:42: EasyInstallDeprecationWarning: easy_install command is deprecated.
[0.657s] !!
[0.657s] 
[0.657s]         ********************************************************************************
[0.657s]         Please avoid running ``setup.py`` and ``easy_install``.
[0.657s]         Instead, use pypa/build, pypa/installer or other
[0.657s]         standards-based tools.
[0.657s] 
[0.658s]         See https://github.com/pypa/setuptools/issues/917 for details.
[0.658s]         ********************************************************************************
[0.658s] 
[0.658s] !!
[0.658s]   easy_install.initialize_options(self)
[0.766s] Removing /home/a/aruco_ws/install/ros2_aruco/lib/python3.8/site-packages/ros2-aruco.egg-link (link to .)
[0.781s] Invoked command in '/home/a/aruco_ws/build/ros2_aruco' returned '0': PYTHONPATH=/home/a/aruco_ws/build/ros2_aruco/prefix_override:/home/a/aruco_ws/install/ros2_aruco/lib/python3.8/site-packages:${PYTHONPATH} /usr/bin/python3 -W ignore:setup.py install is deprecated setup.py develop --uninstall --editable --build-directory /home/a/aruco_ws/build/ros2_aruco/build
[0.783s] Invoking command in '/home/a/aruco_ws/src/ros2_aruco/ros2_aruco': PYTHONPATH=/home/a/aruco_ws/build/ros2_aruco/prefix_override:/home/a/aruco_ws/install/ros2_aruco/lib/python3.8/site-packages:${PYTHONPATH} /usr/bin/python3 -W ignore:setup.py install is deprecated setup.py egg_info --egg-base ../../../build/ros2_aruco build --build-base /home/a/aruco_ws/build/ros2_aruco/build install --record /home/a/aruco_ws/build/ros2_aruco/install.log --single-version-externally-managed install_data --force
[0.929s] running egg_info
[0.937s] writing ../../../build/ros2_aruco/ros2_aruco.egg-info/PKG-INFO
[0.938s] writing dependency_links to ../../../build/ros2_aruco/ros2_aruco.egg-info/dependency_links.txt
[0.938s] writing entry points to ../../../build/ros2_aruco/ros2_aruco.egg-info/entry_points.txt
[0.938s] writing requirements to ../../../build/ros2_aruco/ros2_aruco.egg-info/requires.txt
[0.938s] writing top-level names to ../../../build/ros2_aruco/ros2_aruco.egg-info/top_level.txt
[1.013s] reading manifest file '../../../build/ros2_aruco/ros2_aruco.egg-info/SOURCES.txt'
[1.014s] writing manifest file '../../../build/ros2_aruco/ros2_aruco.egg-info/SOURCES.txt'
[1.014s] running build
[1.014s] running build_py
[1.014s] copying ros2_aruco/aruco_node.py -> /home/a/aruco_ws/build/ros2_aruco/build/lib/ros2_aruco
[1.014s] copying ros2_aruco/__init__.py -> /home/a/aruco_ws/build/ros2_aruco/build/lib/ros2_aruco
[1.014s] copying ros2_aruco/aruco_generate_marker.py -> /home/a/aruco_ws/build/ros2_aruco/build/lib/ros2_aruco
[1.014s] running install
[1.018s] running install_lib
[1.026s] creating /home/a/aruco_ws/install/ros2_aruco/lib/python3.8/site-packages/ros2_aruco
[1.027s] copying /home/a/aruco_ws/build/ros2_aruco/build/lib/ros2_aruco/aruco_node.py -> /home/a/aruco_ws/install/ros2_aruco/lib/python3.8/site-packages/ros2_aruco
[1.027s] copying /home/a/aruco_ws/build/ros2_aruco/build/lib/ros2_aruco/__init__.py -> /home/a/aruco_ws/install/ros2_aruco/lib/python3.8/site-packages/ros2_aruco
[1.027s] copying /home/a/aruco_ws/build/ros2_aruco/build/lib/ros2_aruco/aruco_generate_marker.py -> /home/a/aruco_ws/install/ros2_aruco/lib/python3.8/site-packages/ros2_aruco
[1.027s] byte-compiling /home/a/aruco_ws/install/ros2_aruco/lib/python3.8/site-packages/ros2_aruco/aruco_node.py to aruco_node.cpython-38.pyc
[1.028s] byte-compiling /home/a/aruco_ws/install/ros2_aruco/lib/python3.8/site-packages/ros2_aruco/__init__.py to __init__.cpython-38.pyc
[1.028s] byte-compiling /home/a/aruco_ws/install/ros2_aruco/lib/python3.8/site-packages/ros2_aruco/aruco_generate_marker.py to aruco_generate_marker.cpython-38.pyc
[1.028s] running install_data
[1.029s] copying resource/ros2_aruco -> /home/a/aruco_ws/install/ros2_aruco/share/ament_index/resource_index/packages
[1.029s] copying package.xml -> /home/a/aruco_ws/install/ros2_aruco/share/ros2_aruco
[1.029s] copying launch/aruco_recognition.launch.py -> /home/a/aruco_ws/install/ros2_aruco/share/ros2_aruco/launch
[1.029s] copying config/aruco_parameters.yaml -> /home/a/aruco_ws/install/ros2_aruco/share/ros2_aruco/config
[1.029s] running install_egg_info
[1.039s] Copying ../../../build/ros2_aruco/ros2_aruco.egg-info to /home/a/aruco_ws/install/ros2_aruco/lib/python3.8/site-packages/ros2_aruco-0.1.0-py3.8.egg-info
[1.039s] running install_scripts
[1.062s] Installing aruco_generate_marker script to /home/a/aruco_ws/install/ros2_aruco/lib/ros2_aruco
[1.062s] Installing aruco_node script to /home/a/aruco_ws/install/ros2_aruco/lib/ros2_aruco
[1.062s] writing list of installed files to '/home/a/aruco_ws/build/ros2_aruco/install.log'
[1.084s] Invoked command in '/home/a/aruco_ws/src/ros2_aruco/ros2_aruco' returned '0': PYTHONPATH=/home/a/aruco_ws/build/ros2_aruco/prefix_override:/home/a/aruco_ws/install/ros2_aruco/lib/python3.8/site-packages:${PYTHONPATH} /usr/bin/python3 -W ignore:setup.py install is deprecated setup.py egg_info --egg-base ../../../build/ros2_aruco build --build-base /home/a/aruco_ws/build/ros2_aruco/build install --record /home/a/aruco_ws/build/ros2_aruco/install.log --single-version-externally-managed install_data --force
