[0.283s] Invoking command in '/home/ubuntu/ros2_ws/build/image_common': CMAKE_PREFIX_PATH=/home/ubuntu/ros2_ws/install/camera_info_manager:/home/ubuntu/ros2_ws/install/image_transport:/home/ubuntu/ros2_ws/install/camera_calibration_parsers:/home/ubuntu/ros2_ws/install/vision_opencv:/home/ubuntu/ros2_ws/install/v4l2_camera:/home/ubuntu/ros2_ws/install/image_transport_plugins:/home/ubuntu/ros2_ws/install/theora_image_transport:/home/ubuntu/ros2_ws/install/image_common:/home/ubuntu/ros2_ws/install/compressed_image_transport:/home/ubuntu/ros2_ws/install/compressed_depth_image_transport:/home/ubuntu/ros2_ws/install/image_geometry:/home/ubuntu/ros2_ws/install/cv_bridge:/home/ubuntu/turtlebot3_ws/install/turtlebot3:/home/ubuntu/turtlebot3_ws/install/turtlebot3_bringup:/home/ubuntu/turtlebot3_ws/install/turtlebot3_node:/home/ubuntu/turtlebot3_ws/install/turtlebot3_description:/home/ubuntu/turtlebot3_ws/install/ld08_driver:/home/ubuntu/ros2_ws/install/opencv_tests:/home/ubuntu/turtlebot3_ws/install/turtlebot3_teleop:/home/ubuntu/turtlebot3_ws/install/turtlebot3_example:/opt/ros/foxy LD_LIBRARY_PATH=/home/ubuntu/ros2_ws/install/camera_info_manager/lib:/home/ubuntu/ros2_ws/install/image_transport/lib:/home/ubuntu/ros2_ws/install/camera_calibration_parsers/lib:/home/ubuntu/ros2_ws/install/v4l2_camera/lib:/home/ubuntu/ros2_ws/install/theora_image_transport/lib:/home/ubuntu/ros2_ws/install/compressed_image_transport/lib:/home/ubuntu/ros2_ws/install/compressed_depth_image_transport/lib:/home/ubuntu/ros2_ws/install/image_geometry/lib:/home/ubuntu/ros2_ws/install/cv_bridge/lib:/opt/ros/foxy/opt/yaml_cpp_vendor/lib:/opt/ros/foxy/lib/aarch64-linux-gnu:/opt/ros/foxy/lib /usr/bin/cmake /home/ubuntu/ros2_ws/src/image_common/image_common -DAMENT_CMAKE_SYMLINK_INSTALL=1 -DCMAKE_INSTALL_PREFIX=/home/ubuntu/ros2_ws/install/image_common
[1.847s] -- The C compiler identification is GNU 9.4.0
[2.533s] -- The CXX compiler identification is GNU 9.4.0
[2.610s] -- Check for working C compiler: /usr/bin/cc
[3.409s] -- Check for working C compiler: /usr/bin/cc -- works
[3.425s] -- Detecting C compiler ABI info
[4.216s] -- Detecting C compiler ABI info - done
[4.319s] -- Detecting C compile features
[4.332s] -- Detecting C compile features - done
[4.358s] -- Check for working CXX compiler: /usr/bin/c++
[5.352s] -- Check for working CXX compiler: /usr/bin/c++ -- works
[5.361s] -- Detecting CXX compiler ABI info
[6.266s] -- Detecting CXX compiler ABI info - done
[6.372s] -- Detecting CXX compile features
[6.377s] -- Detecting CXX compile features - done
[6.447s] -- Found ament_cmake: 0.9.8 (/opt/ros/foxy/share/ament_cmake/cmake)
[7.161s] -- Found PythonInterp: /usr/bin/python3 (found suitable version "3.8.10", minimum required is "3") 
[7.168s] -- Using PYTHON_EXECUTABLE: /usr/bin/python3
[10.308s] -- Override CMake install command with custom implementation using symlinks instead of copying resources
[10.949s] -- Found ament_lint_auto: 0.9.6 (/opt/ros/foxy/share/ament_lint_auto/cmake)
[12.153s] -- Added test 'copyright' to check source files copyright and LICENSE
[12.178s] -- Added test 'lint_cmake' to check CMake code style
[12.193s] -- Added test 'xmllint' to check XML markup files
[12.231s] -- Configuring done
[12.248s] -- Generating done
[12.257s] -- Build files have been written to: /home/ubuntu/ros2_ws/build/image_common
[12.290s] Invoked command in '/home/ubuntu/ros2_ws/build/image_common' returned '0': CMAKE_PREFIX_PATH=/home/ubuntu/ros2_ws/install/camera_info_manager:/home/ubuntu/ros2_ws/install/image_transport:/home/ubuntu/ros2_ws/install/camera_calibration_parsers:/home/ubuntu/ros2_ws/install/vision_opencv:/home/ubuntu/ros2_ws/install/v4l2_camera:/home/ubuntu/ros2_ws/install/image_transport_plugins:/home/ubuntu/ros2_ws/install/theora_image_transport:/home/ubuntu/ros2_ws/install/image_common:/home/ubuntu/ros2_ws/install/compressed_image_transport:/home/ubuntu/ros2_ws/install/compressed_depth_image_transport:/home/ubuntu/ros2_ws/install/image_geometry:/home/ubuntu/ros2_ws/install/cv_bridge:/home/ubuntu/turtlebot3_ws/install/turtlebot3:/home/ubuntu/turtlebot3_ws/install/turtlebot3_bringup:/home/ubuntu/turtlebot3_ws/install/turtlebot3_node:/home/ubuntu/turtlebot3_ws/install/turtlebot3_description:/home/ubuntu/turtlebot3_ws/install/ld08_driver:/home/ubuntu/ros2_ws/install/opencv_tests:/home/ubuntu/turtlebot3_ws/install/turtlebot3_teleop:/home/ubuntu/turtlebot3_ws/install/turtlebot3_example:/opt/ros/foxy LD_LIBRARY_PATH=/home/ubuntu/ros2_ws/install/camera_info_manager/lib:/home/ubuntu/ros2_ws/install/image_transport/lib:/home/ubuntu/ros2_ws/install/camera_calibration_parsers/lib:/home/ubuntu/ros2_ws/install/v4l2_camera/lib:/home/ubuntu/ros2_ws/install/theora_image_transport/lib:/home/ubuntu/ros2_ws/install/compressed_image_transport/lib:/home/ubuntu/ros2_ws/install/compressed_depth_image_transport/lib:/home/ubuntu/ros2_ws/install/image_geometry/lib:/home/ubuntu/ros2_ws/install/cv_bridge/lib:/opt/ros/foxy/opt/yaml_cpp_vendor/lib:/opt/ros/foxy/lib/aarch64-linux-gnu:/opt/ros/foxy/lib /usr/bin/cmake /home/ubuntu/ros2_ws/src/image_common/image_common -DAMENT_CMAKE_SYMLINK_INSTALL=1 -DCMAKE_INSTALL_PREFIX=/home/ubuntu/ros2_ws/install/image_common
[12.305s] Invoking command in '/home/ubuntu/ros2_ws/build/image_common': CMAKE_PREFIX_PATH=/home/ubuntu/ros2_ws/install/camera_info_manager:/home/ubuntu/ros2_ws/install/image_transport:/home/ubuntu/ros2_ws/install/camera_calibration_parsers:/home/ubuntu/ros2_ws/install/vision_opencv:/home/ubuntu/ros2_ws/install/v4l2_camera:/home/ubuntu/ros2_ws/install/image_transport_plugins:/home/ubuntu/ros2_ws/install/theora_image_transport:/home/ubuntu/ros2_ws/install/image_common:/home/ubuntu/ros2_ws/install/compressed_image_transport:/home/ubuntu/ros2_ws/install/compressed_depth_image_transport:/home/ubuntu/ros2_ws/install/image_geometry:/home/ubuntu/ros2_ws/install/cv_bridge:/home/ubuntu/turtlebot3_ws/install/turtlebot3:/home/ubuntu/turtlebot3_ws/install/turtlebot3_bringup:/home/ubuntu/turtlebot3_ws/install/turtlebot3_node:/home/ubuntu/turtlebot3_ws/install/turtlebot3_description:/home/ubuntu/turtlebot3_ws/install/ld08_driver:/home/ubuntu/ros2_ws/install/opencv_tests:/home/ubuntu/turtlebot3_ws/install/turtlebot3_teleop:/home/ubuntu/turtlebot3_ws/install/turtlebot3_example:/opt/ros/foxy LD_LIBRARY_PATH=/home/ubuntu/ros2_ws/install/camera_info_manager/lib:/home/ubuntu/ros2_ws/install/image_transport/lib:/home/ubuntu/ros2_ws/install/camera_calibration_parsers/lib:/home/ubuntu/ros2_ws/install/v4l2_camera/lib:/home/ubuntu/ros2_ws/install/theora_image_transport/lib:/home/ubuntu/ros2_ws/install/compressed_image_transport/lib:/home/ubuntu/ros2_ws/install/compressed_depth_image_transport/lib:/home/ubuntu/ros2_ws/install/image_geometry/lib:/home/ubuntu/ros2_ws/install/cv_bridge/lib:/opt/ros/foxy/opt/yaml_cpp_vendor/lib:/opt/ros/foxy/lib/aarch64-linux-gnu:/opt/ros/foxy/lib /usr/bin/cmake --build /home/ubuntu/ros2_ws/build/image_common -- -j4 -l4
[12.669s] Invoked command in '/home/ubuntu/ros2_ws/build/image_common' returned '0': CMAKE_PREFIX_PATH=/home/ubuntu/ros2_ws/install/camera_info_manager:/home/ubuntu/ros2_ws/install/image_transport:/home/ubuntu/ros2_ws/install/camera_calibration_parsers:/home/ubuntu/ros2_ws/install/vision_opencv:/home/ubuntu/ros2_ws/install/v4l2_camera:/home/ubuntu/ros2_ws/install/image_transport_plugins:/home/ubuntu/ros2_ws/install/theora_image_transport:/home/ubuntu/ros2_ws/install/image_common:/home/ubuntu/ros2_ws/install/compressed_image_transport:/home/ubuntu/ros2_ws/install/compressed_depth_image_transport:/home/ubuntu/ros2_ws/install/image_geometry:/home/ubuntu/ros2_ws/install/cv_bridge:/home/ubuntu/turtlebot3_ws/install/turtlebot3:/home/ubuntu/turtlebot3_ws/install/turtlebot3_bringup:/home/ubuntu/turtlebot3_ws/install/turtlebot3_node:/home/ubuntu/turtlebot3_ws/install/turtlebot3_description:/home/ubuntu/turtlebot3_ws/install/ld08_driver:/home/ubuntu/ros2_ws/install/opencv_tests:/home/ubuntu/turtlebot3_ws/install/turtlebot3_teleop:/home/ubuntu/turtlebot3_ws/install/turtlebot3_example:/opt/ros/foxy LD_LIBRARY_PATH=/home/ubuntu/ros2_ws/install/camera_info_manager/lib:/home/ubuntu/ros2_ws/install/image_transport/lib:/home/ubuntu/ros2_ws/install/camera_calibration_parsers/lib:/home/ubuntu/ros2_ws/install/v4l2_camera/lib:/home/ubuntu/ros2_ws/install/theora_image_transport/lib:/home/ubuntu/ros2_ws/install/compressed_image_transport/lib:/home/ubuntu/ros2_ws/install/compressed_depth_image_transport/lib:/home/ubuntu/ros2_ws/install/image_geometry/lib:/home/ubuntu/ros2_ws/install/cv_bridge/lib:/opt/ros/foxy/opt/yaml_cpp_vendor/lib:/opt/ros/foxy/lib/aarch64-linux-gnu:/opt/ros/foxy/lib /usr/bin/cmake --build /home/ubuntu/ros2_ws/build/image_common -- -j4 -l4
[12.937s] Invoking command in '/home/ubuntu/ros2_ws/build/image_common': CMAKE_PREFIX_PATH=/home/ubuntu/ros2_ws/install/camera_info_manager:/home/ubuntu/ros2_ws/install/image_transport:/home/ubuntu/ros2_ws/install/camera_calibration_parsers:/home/ubuntu/ros2_ws/install/vision_opencv:/home/ubuntu/ros2_ws/install/v4l2_camera:/home/ubuntu/ros2_ws/install/image_transport_plugins:/home/ubuntu/ros2_ws/install/theora_image_transport:/home/ubuntu/ros2_ws/install/image_common:/home/ubuntu/ros2_ws/install/compressed_image_transport:/home/ubuntu/ros2_ws/install/compressed_depth_image_transport:/home/ubuntu/ros2_ws/install/image_geometry:/home/ubuntu/ros2_ws/install/cv_bridge:/home/ubuntu/turtlebot3_ws/install/turtlebot3:/home/ubuntu/turtlebot3_ws/install/turtlebot3_bringup:/home/ubuntu/turtlebot3_ws/install/turtlebot3_node:/home/ubuntu/turtlebot3_ws/install/turtlebot3_description:/home/ubuntu/turtlebot3_ws/install/ld08_driver:/home/ubuntu/ros2_ws/install/opencv_tests:/home/ubuntu/turtlebot3_ws/install/turtlebot3_teleop:/home/ubuntu/turtlebot3_ws/install/turtlebot3_example:/opt/ros/foxy LD_LIBRARY_PATH=/home/ubuntu/ros2_ws/install/camera_info_manager/lib:/home/ubuntu/ros2_ws/install/image_transport/lib:/home/ubuntu/ros2_ws/install/camera_calibration_parsers/lib:/home/ubuntu/ros2_ws/install/v4l2_camera/lib:/home/ubuntu/ros2_ws/install/theora_image_transport/lib:/home/ubuntu/ros2_ws/install/compressed_image_transport/lib:/home/ubuntu/ros2_ws/install/compressed_depth_image_transport/lib:/home/ubuntu/ros2_ws/install/image_geometry/lib:/home/ubuntu/ros2_ws/install/cv_bridge/lib:/opt/ros/foxy/opt/yaml_cpp_vendor/lib:/opt/ros/foxy/lib/aarch64-linux-gnu:/opt/ros/foxy/lib /usr/bin/cmake --install /home/ubuntu/ros2_ws/build/image_common
[13.015s] -- Install configuration: ""
[13.019s] -- Execute custom install script
[13.024s] -- Symlinking: /home/ubuntu/ros2_ws/install/image_common/share/ament_index/resource_index/package_run_dependencies/image_common
[13.109s] -- Symlinking: /home/ubuntu/ros2_ws/install/image_common/share/ament_index/resource_index/parent_prefix_path/image_common
[13.197s] -- Symlinking: /home/ubuntu/ros2_ws/install/image_common/share/image_common/environment/ament_prefix_path.sh
[13.449s] -- Symlinking: /home/ubuntu/ros2_ws/install/image_common/share/image_common/environment/ament_prefix_path.dsv
[13.534s] -- Symlinking: /home/ubuntu/ros2_ws/install/image_common/share/image_common/environment/path.sh
[13.610s] -- Symlinking: /home/ubuntu/ros2_ws/install/image_common/share/image_common/environment/path.dsv
[13.685s] -- Symlinking: /home/ubuntu/ros2_ws/install/image_common/share/image_common/local_setup.bash
[13.769s] -- Symlinking: /home/ubuntu/ros2_ws/install/image_common/share/image_common/local_setup.sh
[13.853s] -- Symlinking: /home/ubuntu/ros2_ws/install/image_common/share/image_common/local_setup.zsh
[13.935s] -- Symlinking: /home/ubuntu/ros2_ws/install/image_common/share/image_common/local_setup.dsv
[14.016s] -- Symlinking: /home/ubuntu/ros2_ws/install/image_common/share/image_common/package.dsv
[14.095s] -- Symlinking: /home/ubuntu/ros2_ws/install/image_common/share/ament_index/resource_index/packages/image_common
[14.172s] -- Symlinking: /home/ubuntu/ros2_ws/install/image_common/share/image_common/cmake/image_commonConfig.cmake
[14.263s] -- Symlinking: /home/ubuntu/ros2_ws/install/image_common/share/image_common/cmake/image_commonConfig-version.cmake
[14.340s] -- Symlinking: /home/ubuntu/ros2_ws/install/image_common/share/image_common/package.xml
[14.439s] Invoked command in '/home/ubuntu/ros2_ws/build/image_common' returned '0': CMAKE_PREFIX_PATH=/home/ubuntu/ros2_ws/install/camera_info_manager:/home/ubuntu/ros2_ws/install/image_transport:/home/ubuntu/ros2_ws/install/camera_calibration_parsers:/home/ubuntu/ros2_ws/install/vision_opencv:/home/ubuntu/ros2_ws/install/v4l2_camera:/home/ubuntu/ros2_ws/install/image_transport_plugins:/home/ubuntu/ros2_ws/install/theora_image_transport:/home/ubuntu/ros2_ws/install/image_common:/home/ubuntu/ros2_ws/install/compressed_image_transport:/home/ubuntu/ros2_ws/install/compressed_depth_image_transport:/home/ubuntu/ros2_ws/install/image_geometry:/home/ubuntu/ros2_ws/install/cv_bridge:/home/ubuntu/turtlebot3_ws/install/turtlebot3:/home/ubuntu/turtlebot3_ws/install/turtlebot3_bringup:/home/ubuntu/turtlebot3_ws/install/turtlebot3_node:/home/ubuntu/turtlebot3_ws/install/turtlebot3_description:/home/ubuntu/turtlebot3_ws/install/ld08_driver:/home/ubuntu/ros2_ws/install/opencv_tests:/home/ubuntu/turtlebot3_ws/install/turtlebot3_teleop:/home/ubuntu/turtlebot3_ws/install/turtlebot3_example:/opt/ros/foxy LD_LIBRARY_PATH=/home/ubuntu/ros2_ws/install/camera_info_manager/lib:/home/ubuntu/ros2_ws/install/image_transport/lib:/home/ubuntu/ros2_ws/install/camera_calibration_parsers/lib:/home/ubuntu/ros2_ws/install/v4l2_camera/lib:/home/ubuntu/ros2_ws/install/theora_image_transport/lib:/home/ubuntu/ros2_ws/install/compressed_image_transport/lib:/home/ubuntu/ros2_ws/install/compressed_depth_image_transport/lib:/home/ubuntu/ros2_ws/install/image_geometry/lib:/home/ubuntu/ros2_ws/install/cv_bridge/lib:/opt/ros/foxy/opt/yaml_cpp_vendor/lib:/opt/ros/foxy/lib/aarch64-linux-gnu:/opt/ros/foxy/lib /usr/bin/cmake --install /home/ubuntu/ros2_ws/build/image_common
