-- The C compiler identification is GNU 9.4.0
-- The CXX compiler identification is GNU 9.4.0
-- Check for working C compiler: /usr/bin/cc
-- Check for working C compiler: /usr/bin/cc -- works
-- Detecting C compiler ABI info
-- Detecting C compiler ABI info - done
-- Detecting C compile features
-- Detecting C compile features - done
-- Check for working CXX compiler: /usr/bin/c++
-- Check for working CXX compiler: /usr/bin/c++ -- works
-- Detecting CXX compiler ABI info
-- Detecting CXX compiler ABI info - done
-- Detecting CXX compile features
-- Detecting CXX compile features - done
-- Found ament_cmake_auto: 0.9.8 (/opt/ros/foxy/share/ament_cmake_auto/cmake)
-- Found PythonInterp: /usr/bin/python3 (found suitable version "3.8.10", minimum required is "3") 
-- Using PYTHON_EXECUTABLE: /usr/bin/python3
-- Override CMake install command with custom implementation using symlinks instead of copying resources
-- Using all available rosidl_typesupport_c: rosidl_typesupport_fastrtps_c;rosidl_typesupport_introspection_c
-- Found rosidl_adapter: 1.2.1 (/opt/ros/foxy/share/rosidl_adapter/cmake)
-- Found OpenSSL: /usr/lib/aarch64-linux-gnu/libcrypto.so (found version "1.1.1f")  
-- Found FastRTPS: /opt/ros/foxy/include  
-- Using all available rosidl_typesupport_cpp: rosidl_typesupport_fastrtps_cpp;rosidl_typesupport_introspection_cpp
-- Found rmw_implementation_cmake: 1.0.3 (/opt/ros/foxy/share/rmw_implementation_cmake/cmake)
-- Using RMW implementation 'rmw_fastrtps_cpp' as default
-- Looking for pthread.h
-- Looking for pthread.h - found
-- Performing Test CMAKE_HAVE_LIBC_PTHREAD
-- Performing Test CMAKE_HAVE_LIBC_PTHREAD - Failed
-- Looking for pthread_create in pthreads
-- Looking for pthread_create in pthreads - not found
-- Looking for pthread_create in pthread
-- Looking for pthread_create in pthread - found
-- Found Threads: TRUE  
-- Found eigen3_cmake_module: 0.1.1 (/opt/ros/foxy/share/eigen3_cmake_module/cmake)
-- Found Eigen3: TRUE (found version "3.3.7") 
-- Found OpenCV: /usr (found version "4.2.0") found components: core imgproc 
-- Found ament_lint_auto: 0.9.6 (/opt/ros/foxy/share/ament_lint_auto/cmake)
-- Added test 'copyright' to check source files copyright and LICENSE
-- Added test 'cppcheck' to perform static code analysis on C / C++ code
-- Configured cppcheck include dirs: /home/ubuntu/ros2_ws/src/image_pipeline/image_rotate/include
-- Configured cppcheck exclude dirs and/or files: 
-- Added test 'cpplint' to check C / C++ code against the Google style
-- Configured cpplint exclude dirs and/or files: 
-- Added test 'flake8' to check Python code syntax and style conventions
-- Added test 'lint_cmake' to check CMake code style
-- Added test 'pep257' to check Python code against some of the style conventions in PEP 257
-- Added test 'uncrustify' to check C / C++ code style
-- Configured uncrustify additional arguments: 
-- Added test 'xmllint' to check XML markup files
-- Configuring done
-- Generating done
-- Build files have been written to: /home/ubuntu/ros2_ws/build/image_rotate
Scanning dependencies of target image_rotate
[ 25%] Building CXX object CMakeFiles/image_rotate.dir/src/image_rotate_node.cpp.o
[ 50%] Linking CXX shared library libimage_rotate.so
[ 50%] Built target image_rotate
Scanning dependencies of target image_rotate_bin
[ 75%] Building CXX object CMakeFiles/image_rotate_bin.dir/src/image_rotate.cpp.o
[100%] Linking CXX executable image_rotate
[100%] Built target image_rotate_bin
-- Install configuration: ""
-- Execute custom install script
-- Symlinking: /home/ubuntu/ros2_ws/install/image_rotate/include/image_rotate/image_rotate_node.hpp
-- Symlinking: /home/ubuntu/ros2_ws/install/image_rotate/include/image_rotate/visibility.h
-- Symlinking: /home/ubuntu/ros2_ws/install/image_rotate/share/image_rotate/environment/library_path.sh
-- Symlinking: /home/ubuntu/ros2_ws/install/image_rotate/share/image_rotate/environment/library_path.dsv
-- Symlinking: /home/ubuntu/ros2_ws/install/image_rotate/lib/libimage_rotate.so
-- Symlinking: /home/ubuntu/ros2_ws/install/image_rotate/lib/image_rotate/image_rotate
-- Symlinking: /home/ubuntu/ros2_ws/install/image_rotate/share/image_rotate/launch/image_rotate.launch.py
-- Symlinking: /home/ubuntu/ros2_ws/install/image_rotate/share/ament_index/resource_index/package_run_dependencies/image_rotate
-- Symlinking: /home/ubuntu/ros2_ws/install/image_rotate/share/ament_index/resource_index/parent_prefix_path/image_rotate
-- Symlinking: /home/ubuntu/ros2_ws/install/image_rotate/share/image_rotate/environment/ament_prefix_path.sh
-- Symlinking: /home/ubuntu/ros2_ws/install/image_rotate/share/image_rotate/environment/ament_prefix_path.dsv
-- Symlinking: /home/ubuntu/ros2_ws/install/image_rotate/share/image_rotate/environment/path.sh
-- Symlinking: /home/ubuntu/ros2_ws/install/image_rotate/share/image_rotate/environment/path.dsv
-- Symlinking: /home/ubuntu/ros2_ws/install/image_rotate/share/image_rotate/local_setup.bash
-- Symlinking: /home/ubuntu/ros2_ws/install/image_rotate/share/image_rotate/local_setup.sh
-- Symlinking: /home/ubuntu/ros2_ws/install/image_rotate/share/image_rotate/local_setup.zsh
-- Symlinking: /home/ubuntu/ros2_ws/install/image_rotate/share/image_rotate/local_setup.dsv
-- Symlinking: /home/ubuntu/ros2_ws/install/image_rotate/share/image_rotate/package.dsv
-- Symlinking: /home/ubuntu/ros2_ws/install/image_rotate/share/ament_index/resource_index/packages/image_rotate
-- Symlinking: /home/ubuntu/ros2_ws/install/image_rotate/share/ament_index/resource_index/rclcpp_components/image_rotate
-- Symlinking: /home/ubuntu/ros2_ws/install/image_rotate/share/image_rotate/cmake/ament_cmake_export_dependencies-extras.cmake
-- Symlinking: /home/ubuntu/ros2_ws/install/image_rotate/share/image_rotate/cmake/ament_cmake_export_include_directories-extras.cmake
-- Symlinking: /home/ubuntu/ros2_ws/install/image_rotate/share/image_rotate/cmake/ament_cmake_export_libraries-extras.cmake
-- Symlinking: /home/ubuntu/ros2_ws/install/image_rotate/share/image_rotate/cmake/image_rotateConfig.cmake
-- Symlinking: /home/ubuntu/ros2_ws/install/image_rotate/share/image_rotate/cmake/image_rotateConfig-version.cmake
-- Symlinking: /home/ubuntu/ros2_ws/install/image_rotate/share/image_rotate/package.xml
