[0.183s] Invoking command in '/home/ubuntu/ros2_ws/build/image_rotate': CMAKE_PREFIX_PATH=/home/ubuntu/ros2_ws/install/image_transport:/home/ubuntu/ros2_ws/install/cv_bridge:/home/ubuntu/cv_cam_ws/install/opencv_cam:/home/ubuntu/cv_cam_ws/install/ros2_shared:/home/ubuntu/ros2_ws/install/vision_opencv:/home/ubuntu/ros2_ws/install/v4l2_camera:/home/ubuntu/ros2_ws/install/image_transport_plugins:/home/ubuntu/ros2_ws/install/theora_image_transport:/home/ubuntu/ros2_ws/install/image_common:/home/ubuntu/ros2_ws/install/compressed_image_transport:/home/ubuntu/ros2_ws/install/compressed_depth_image_transport:/home/ubuntu/ros2_ws/install/image_geometry:/home/ubuntu/ros2_ws/install/camera_info_manager:/home/ubuntu/ros2_ws/install/camera_calibration_parsers:/home/ubuntu/turtlebot3_ws/install/turtlebot3:/home/ubuntu/turtlebot3_ws/install/turtlebot3_bringup:/home/ubuntu/turtlebot3_ws/install/turtlebot3_node:/home/ubuntu/turtlebot3_ws/install/turtlebot3_description:/home/ubuntu/turtlebot3_ws/install/ld08_driver:/home/ubuntu/ros2_ws/install/opencv_tests:/home/ubuntu/turtlebot3_ws/install/turtlebot3_teleop:/home/ubuntu/turtlebot3_ws/install/turtlebot3_example:/opt/ros/foxy LD_LIBRARY_PATH=/home/ubuntu/ros2_ws/install/image_transport/lib:/home/ubuntu/ros2_ws/install/cv_bridge/lib:/home/ubuntu/cv_cam_ws/install/opencv_cam/lib:/home/ubuntu/ros2_ws/install/v4l2_camera/lib:/home/ubuntu/ros2_ws/install/theora_image_transport/lib:/home/ubuntu/ros2_ws/install/compressed_image_transport/lib:/home/ubuntu/ros2_ws/install/compressed_depth_image_transport/lib:/home/ubuntu/ros2_ws/install/image_geometry/lib:/home/ubuntu/ros2_ws/install/camera_info_manager/lib:/home/ubuntu/ros2_ws/install/camera_calibration_parsers/lib:/opt/ros/foxy/opt/yaml_cpp_vendor/lib:/opt/ros/foxy/lib/aarch64-linux-gnu:/opt/ros/foxy/lib PYTHONPATH=/home/ubuntu/ros2_ws/install/cv_bridge/lib/python3.8/site-packages:/home/ubuntu/ros2_ws/install/theora_image_transport/lib/python3.8/site-packages:/home/ubuntu/ros2_ws/install/opencv_tests/lib/python3.8/site-packages:/home/ubuntu/ros2_ws/install/image_geometry/lib/python3.8/site-packages:/home/ubuntu/turtlebot3_ws/build/turtlebot3_teleop:/home/ubuntu/turtlebot3_ws/install/turtlebot3_teleop/lib/python3.8/site-packages:/home/ubuntu/turtlebot3_ws/build/turtlebot3_example:/home/ubuntu/turtlebot3_ws/install/turtlebot3_example/lib/python3.8/site-packages:/opt/ros/foxy/lib/python3.8/site-packages /usr/bin/cmake /home/ubuntu/ros2_ws/src/image_pipeline/image_rotate -DAMENT_CMAKE_SYMLINK_INSTALL=1 -DCMAKE_INSTALL_PREFIX=/home/ubuntu/ros2_ws/install/image_rotate
[0.853s] -- The C compiler identification is GNU 9.4.0
[1.415s] -- The CXX compiler identification is GNU 9.4.0
[1.473s] -- Check for working C compiler: /usr/bin/cc
[2.277s] -- Check for working C compiler: /usr/bin/cc -- works
[2.286s] -- Detecting C compiler ABI info
[3.094s] -- Detecting C compiler ABI info - done
[3.214s] -- Detecting C compile features
[3.240s] -- Detecting C compile features - done
[3.246s] -- Check for working CXX compiler: /usr/bin/c++
[4.192s] -- Check for working CXX compiler: /usr/bin/c++ -- works
[4.202s] -- Detecting CXX compiler ABI info
[5.091s] -- Detecting CXX compiler ABI info - done
[5.208s] -- Detecting CXX compile features
[5.214s] -- Detecting CXX compile features - done
[5.276s] -- Found ament_cmake_auto: 0.9.8 (/opt/ros/foxy/share/ament_cmake_auto/cmake)
[5.802s] -- Found PythonInterp: /usr/bin/python3 (found suitable version "3.8.10", minimum required is "3") 
[5.804s] -- Using PYTHON_EXECUTABLE: /usr/bin/python3
[7.868s] -- Override CMake install command with custom implementation using symlinks instead of copying resources
[10.311s] -- Using all available rosidl_typesupport_c: rosidl_typesupport_fastrtps_c;rosidl_typesupport_introspection_c
[10.511s] -- Found rosidl_adapter: 1.2.1 (/opt/ros/foxy/share/rosidl_adapter/cmake)
[11.632s] -- Found OpenSSL: /usr/lib/aarch64-linux-gnu/libcrypto.so (found version "1.1.1f")  
[11.999s] -- Found FastRTPS: /opt/ros/foxy/include  
[13.063s] -- Using all available rosidl_typesupport_cpp: rosidl_typesupport_fastrtps_cpp;rosidl_typesupport_introspection_cpp
[16.217s] -- Found rmw_implementation_cmake: 1.0.3 (/opt/ros/foxy/share/rmw_implementation_cmake/cmake)
[16.246s] -- Using RMW implementation 'rmw_fastrtps_cpp' as default
[16.256s] -- Looking for pthread.h
[17.108s] -- Looking for pthread.h - found
[17.112s] -- Performing Test CMAKE_HAVE_LIBC_PTHREAD
[17.977s] -- Performing Test CMAKE_HAVE_LIBC_PTHREAD - Failed
[17.979s] -- Looking for pthread_create in pthreads
[18.685s] -- Looking for pthread_create in pthreads - not found
[18.688s] -- Looking for pthread_create in pthread
[19.573s] -- Looking for pthread_create in pthread - found
[19.584s] -- Found Threads: TRUE  
[23.038s] -- Found eigen3_cmake_module: 0.1.1 (/opt/ros/foxy/share/eigen3_cmake_module/cmake)
[23.113s] -- Found Eigen3: TRUE (found version "3.3.7") 
[26.604s] -- Found OpenCV: /usr (found version "4.2.0") found components: core imgproc 
[27.263s] -- Found ament_lint_auto: 0.9.6 (/opt/ros/foxy/share/ament_lint_auto/cmake)
[27.862s] -- Added test 'copyright' to check source files copyright and LICENSE
[27.885s] -- Added test 'cppcheck' to perform static code analysis on C / C++ code
[27.889s] -- Configured cppcheck include dirs: /home/ubuntu/ros2_ws/src/image_pipeline/image_rotate/include
[27.890s] -- Configured cppcheck exclude dirs and/or files: 
[27.909s] -- Added test 'cpplint' to check C / C++ code against the Google style
[27.910s] -- Configured cpplint exclude dirs and/or files: 
[27.918s] -- Added test 'flake8' to check Python code syntax and style conventions
[27.929s] -- Added test 'lint_cmake' to check CMake code style
[27.938s] -- Added test 'pep257' to check Python code against some of the style conventions in PEP 257
[27.959s] -- Added test 'uncrustify' to check C / C++ code style
[27.961s] -- Configured uncrustify additional arguments: 
[27.969s] -- Added test 'xmllint' to check XML markup files
[28.062s] -- Configuring done
[28.885s] -- Generating done
[28.905s] -- Build files have been written to: /home/ubuntu/ros2_ws/build/image_rotate
[29.000s] Invoked command in '/home/ubuntu/ros2_ws/build/image_rotate' returned '0': CMAKE_PREFIX_PATH=/home/ubuntu/ros2_ws/install/image_transport:/home/ubuntu/ros2_ws/install/cv_bridge:/home/ubuntu/cv_cam_ws/install/opencv_cam:/home/ubuntu/cv_cam_ws/install/ros2_shared:/home/ubuntu/ros2_ws/install/vision_opencv:/home/ubuntu/ros2_ws/install/v4l2_camera:/home/ubuntu/ros2_ws/install/image_transport_plugins:/home/ubuntu/ros2_ws/install/theora_image_transport:/home/ubuntu/ros2_ws/install/image_common:/home/ubuntu/ros2_ws/install/compressed_image_transport:/home/ubuntu/ros2_ws/install/compressed_depth_image_transport:/home/ubuntu/ros2_ws/install/image_geometry:/home/ubuntu/ros2_ws/install/camera_info_manager:/home/ubuntu/ros2_ws/install/camera_calibration_parsers:/home/ubuntu/turtlebot3_ws/install/turtlebot3:/home/ubuntu/turtlebot3_ws/install/turtlebot3_bringup:/home/ubuntu/turtlebot3_ws/install/turtlebot3_node:/home/ubuntu/turtlebot3_ws/install/turtlebot3_description:/home/ubuntu/turtlebot3_ws/install/ld08_driver:/home/ubuntu/ros2_ws/install/opencv_tests:/home/ubuntu/turtlebot3_ws/install/turtlebot3_teleop:/home/ubuntu/turtlebot3_ws/install/turtlebot3_example:/opt/ros/foxy LD_LIBRARY_PATH=/home/ubuntu/ros2_ws/install/image_transport/lib:/home/ubuntu/ros2_ws/install/cv_bridge/lib:/home/ubuntu/cv_cam_ws/install/opencv_cam/lib:/home/ubuntu/ros2_ws/install/v4l2_camera/lib:/home/ubuntu/ros2_ws/install/theora_image_transport/lib:/home/ubuntu/ros2_ws/install/compressed_image_transport/lib:/home/ubuntu/ros2_ws/install/compressed_depth_image_transport/lib:/home/ubuntu/ros2_ws/install/image_geometry/lib:/home/ubuntu/ros2_ws/install/camera_info_manager/lib:/home/ubuntu/ros2_ws/install/camera_calibration_parsers/lib:/opt/ros/foxy/opt/yaml_cpp_vendor/lib:/opt/ros/foxy/lib/aarch64-linux-gnu:/opt/ros/foxy/lib PYTHONPATH=/home/ubuntu/ros2_ws/install/cv_bridge/lib/python3.8/site-packages:/home/ubuntu/ros2_ws/install/theora_image_transport/lib/python3.8/site-packages:/home/ubuntu/ros2_ws/install/opencv_tests/lib/python3.8/site-packages:/home/ubuntu/ros2_ws/install/image_geometry/lib/python3.8/site-packages:/home/ubuntu/turtlebot3_ws/build/turtlebot3_teleop:/home/ubuntu/turtlebot3_ws/install/turtlebot3_teleop/lib/python3.8/site-packages:/home/ubuntu/turtlebot3_ws/build/turtlebot3_example:/home/ubuntu/turtlebot3_ws/install/turtlebot3_example/lib/python3.8/site-packages:/opt/ros/foxy/lib/python3.8/site-packages /usr/bin/cmake /home/ubuntu/ros2_ws/src/image_pipeline/image_rotate -DAMENT_CMAKE_SYMLINK_INSTALL=1 -DCMAKE_INSTALL_PREFIX=/home/ubuntu/ros2_ws/install/image_rotate
[29.026s] Invoking command in '/home/ubuntu/ros2_ws/build/image_rotate': CMAKE_PREFIX_PATH=/home/ubuntu/ros2_ws/install/image_transport:/home/ubuntu/ros2_ws/install/cv_bridge:/home/ubuntu/cv_cam_ws/install/opencv_cam:/home/ubuntu/cv_cam_ws/install/ros2_shared:/home/ubuntu/ros2_ws/install/vision_opencv:/home/ubuntu/ros2_ws/install/v4l2_camera:/home/ubuntu/ros2_ws/install/image_transport_plugins:/home/ubuntu/ros2_ws/install/theora_image_transport:/home/ubuntu/ros2_ws/install/image_common:/home/ubuntu/ros2_ws/install/compressed_image_transport:/home/ubuntu/ros2_ws/install/compressed_depth_image_transport:/home/ubuntu/ros2_ws/install/image_geometry:/home/ubuntu/ros2_ws/install/camera_info_manager:/home/ubuntu/ros2_ws/install/camera_calibration_parsers:/home/ubuntu/turtlebot3_ws/install/turtlebot3:/home/ubuntu/turtlebot3_ws/install/turtlebot3_bringup:/home/ubuntu/turtlebot3_ws/install/turtlebot3_node:/home/ubuntu/turtlebot3_ws/install/turtlebot3_description:/home/ubuntu/turtlebot3_ws/install/ld08_driver:/home/ubuntu/ros2_ws/install/opencv_tests:/home/ubuntu/turtlebot3_ws/install/turtlebot3_teleop:/home/ubuntu/turtlebot3_ws/install/turtlebot3_example:/opt/ros/foxy LD_LIBRARY_PATH=/home/ubuntu/ros2_ws/install/image_transport/lib:/home/ubuntu/ros2_ws/install/cv_bridge/lib:/home/ubuntu/cv_cam_ws/install/opencv_cam/lib:/home/ubuntu/ros2_ws/install/v4l2_camera/lib:/home/ubuntu/ros2_ws/install/theora_image_transport/lib:/home/ubuntu/ros2_ws/install/compressed_image_transport/lib:/home/ubuntu/ros2_ws/install/compressed_depth_image_transport/lib:/home/ubuntu/ros2_ws/install/image_geometry/lib:/home/ubuntu/ros2_ws/install/camera_info_manager/lib:/home/ubuntu/ros2_ws/install/camera_calibration_parsers/lib:/opt/ros/foxy/opt/yaml_cpp_vendor/lib:/opt/ros/foxy/lib/aarch64-linux-gnu:/opt/ros/foxy/lib PYTHONPATH=/home/ubuntu/ros2_ws/install/cv_bridge/lib/python3.8/site-packages:/home/ubuntu/ros2_ws/install/theora_image_transport/lib/python3.8/site-packages:/home/ubuntu/ros2_ws/install/opencv_tests/lib/python3.8/site-packages:/home/ubuntu/ros2_ws/install/image_geometry/lib/python3.8/site-packages:/home/ubuntu/turtlebot3_ws/build/turtlebot3_teleop:/home/ubuntu/turtlebot3_ws/install/turtlebot3_teleop/lib/python3.8/site-packages:/home/ubuntu/turtlebot3_ws/build/turtlebot3_example:/home/ubuntu/turtlebot3_ws/install/turtlebot3_example/lib/python3.8/site-packages:/opt/ros/foxy/lib/python3.8/site-packages /usr/bin/cmake --build /home/ubuntu/ros2_ws/build/image_rotate -- -j4 -l4
[29.580s] Scanning dependencies of target image_rotate
[30.913s] [ 25%] Building CXX object CMakeFiles/image_rotate.dir/src/image_rotate_node.cpp.o
[7859.243s] [ 50%] Linking CXX shared library libimage_rotate.so
[7868.352s] [ 50%] Built target image_rotate
[7868.628s] Scanning dependencies of target image_rotate_bin
[7872.505s] [ 75%] Building CXX object CMakeFiles/image_rotate_bin.dir/src/image_rotate.cpp.o
[8192.736s] [100%] Linking CXX executable image_rotate
[8202.480s] [100%] Built target image_rotate_bin
[8205.362s] Invoked command in '/home/ubuntu/ros2_ws/build/image_rotate' returned '0': CMAKE_PREFIX_PATH=/home/ubuntu/ros2_ws/install/image_transport:/home/ubuntu/ros2_ws/install/cv_bridge:/home/ubuntu/cv_cam_ws/install/opencv_cam:/home/ubuntu/cv_cam_ws/install/ros2_shared:/home/ubuntu/ros2_ws/install/vision_opencv:/home/ubuntu/ros2_ws/install/v4l2_camera:/home/ubuntu/ros2_ws/install/image_transport_plugins:/home/ubuntu/ros2_ws/install/theora_image_transport:/home/ubuntu/ros2_ws/install/image_common:/home/ubuntu/ros2_ws/install/compressed_image_transport:/home/ubuntu/ros2_ws/install/compressed_depth_image_transport:/home/ubuntu/ros2_ws/install/image_geometry:/home/ubuntu/ros2_ws/install/camera_info_manager:/home/ubuntu/ros2_ws/install/camera_calibration_parsers:/home/ubuntu/turtlebot3_ws/install/turtlebot3:/home/ubuntu/turtlebot3_ws/install/turtlebot3_bringup:/home/ubuntu/turtlebot3_ws/install/turtlebot3_node:/home/ubuntu/turtlebot3_ws/install/turtlebot3_description:/home/ubuntu/turtlebot3_ws/install/ld08_driver:/home/ubuntu/ros2_ws/install/opencv_tests:/home/ubuntu/turtlebot3_ws/install/turtlebot3_teleop:/home/ubuntu/turtlebot3_ws/install/turtlebot3_example:/opt/ros/foxy LD_LIBRARY_PATH=/home/ubuntu/ros2_ws/install/image_transport/lib:/home/ubuntu/ros2_ws/install/cv_bridge/lib:/home/ubuntu/cv_cam_ws/install/opencv_cam/lib:/home/ubuntu/ros2_ws/install/v4l2_camera/lib:/home/ubuntu/ros2_ws/install/theora_image_transport/lib:/home/ubuntu/ros2_ws/install/compressed_image_transport/lib:/home/ubuntu/ros2_ws/install/compressed_depth_image_transport/lib:/home/ubuntu/ros2_ws/install/image_geometry/lib:/home/ubuntu/ros2_ws/install/camera_info_manager/lib:/home/ubuntu/ros2_ws/install/camera_calibration_parsers/lib:/opt/ros/foxy/opt/yaml_cpp_vendor/lib:/opt/ros/foxy/lib/aarch64-linux-gnu:/opt/ros/foxy/lib PYTHONPATH=/home/ubuntu/ros2_ws/install/cv_bridge/lib/python3.8/site-packages:/home/ubuntu/ros2_ws/install/theora_image_transport/lib/python3.8/site-packages:/home/ubuntu/ros2_ws/install/opencv_tests/lib/python3.8/site-packages:/home/ubuntu/ros2_ws/install/image_geometry/lib/python3.8/site-packages:/home/ubuntu/turtlebot3_ws/build/turtlebot3_teleop:/home/ubuntu/turtlebot3_ws/install/turtlebot3_teleop/lib/python3.8/site-packages:/home/ubuntu/turtlebot3_ws/build/turtlebot3_example:/home/ubuntu/turtlebot3_ws/install/turtlebot3_example/lib/python3.8/site-packages:/opt/ros/foxy/lib/python3.8/site-packages /usr/bin/cmake --build /home/ubuntu/ros2_ws/build/image_rotate -- -j4 -l4
[8207.058s] Invoking command in '/home/ubuntu/ros2_ws/build/image_rotate': CMAKE_PREFIX_PATH=/home/ubuntu/ros2_ws/install/image_transport:/home/ubuntu/ros2_ws/install/cv_bridge:/home/ubuntu/cv_cam_ws/install/opencv_cam:/home/ubuntu/cv_cam_ws/install/ros2_shared:/home/ubuntu/ros2_ws/install/vision_opencv:/home/ubuntu/ros2_ws/install/v4l2_camera:/home/ubuntu/ros2_ws/install/image_transport_plugins:/home/ubuntu/ros2_ws/install/theora_image_transport:/home/ubuntu/ros2_ws/install/image_common:/home/ubuntu/ros2_ws/install/compressed_image_transport:/home/ubuntu/ros2_ws/install/compressed_depth_image_transport:/home/ubuntu/ros2_ws/install/image_geometry:/home/ubuntu/ros2_ws/install/camera_info_manager:/home/ubuntu/ros2_ws/install/camera_calibration_parsers:/home/ubuntu/turtlebot3_ws/install/turtlebot3:/home/ubuntu/turtlebot3_ws/install/turtlebot3_bringup:/home/ubuntu/turtlebot3_ws/install/turtlebot3_node:/home/ubuntu/turtlebot3_ws/install/turtlebot3_description:/home/ubuntu/turtlebot3_ws/install/ld08_driver:/home/ubuntu/ros2_ws/install/opencv_tests:/home/ubuntu/turtlebot3_ws/install/turtlebot3_teleop:/home/ubuntu/turtlebot3_ws/install/turtlebot3_example:/opt/ros/foxy LD_LIBRARY_PATH=/home/ubuntu/ros2_ws/install/image_transport/lib:/home/ubuntu/ros2_ws/install/cv_bridge/lib:/home/ubuntu/cv_cam_ws/install/opencv_cam/lib:/home/ubuntu/ros2_ws/install/v4l2_camera/lib:/home/ubuntu/ros2_ws/install/theora_image_transport/lib:/home/ubuntu/ros2_ws/install/compressed_image_transport/lib:/home/ubuntu/ros2_ws/install/compressed_depth_image_transport/lib:/home/ubuntu/ros2_ws/install/image_geometry/lib:/home/ubuntu/ros2_ws/install/camera_info_manager/lib:/home/ubuntu/ros2_ws/install/camera_calibration_parsers/lib:/opt/ros/foxy/opt/yaml_cpp_vendor/lib:/opt/ros/foxy/lib/aarch64-linux-gnu:/opt/ros/foxy/lib PYTHONPATH=/home/ubuntu/ros2_ws/install/cv_bridge/lib/python3.8/site-packages:/home/ubuntu/ros2_ws/install/theora_image_transport/lib/python3.8/site-packages:/home/ubuntu/ros2_ws/install/opencv_tests/lib/python3.8/site-packages:/home/ubuntu/ros2_ws/install/image_geometry/lib/python3.8/site-packages:/home/ubuntu/turtlebot3_ws/build/turtlebot3_teleop:/home/ubuntu/turtlebot3_ws/install/turtlebot3_teleop/lib/python3.8/site-packages:/home/ubuntu/turtlebot3_ws/build/turtlebot3_example:/home/ubuntu/turtlebot3_ws/install/turtlebot3_example/lib/python3.8/site-packages:/opt/ros/foxy/lib/python3.8/site-packages /usr/bin/cmake --install /home/ubuntu/ros2_ws/build/image_rotate
[8207.228s] -- Install configuration: ""
[8207.240s] -- Execute custom install script
[8207.271s] -- Symlinking: /home/ubuntu/ros2_ws/install/image_rotate/include/image_rotate/image_rotate_node.hpp
[8207.352s] -- Symlinking: /home/ubuntu/ros2_ws/install/image_rotate/include/image_rotate/visibility.h
[8207.458s] -- Symlinking: /home/ubuntu/ros2_ws/install/image_rotate/share/image_rotate/environment/library_path.sh
[8207.542s] -- Symlinking: /home/ubuntu/ros2_ws/install/image_rotate/share/image_rotate/environment/library_path.dsv
[8207.628s] -- Symlinking: /home/ubuntu/ros2_ws/install/image_rotate/lib/libimage_rotate.so
[8207.714s] -- Symlinking: /home/ubuntu/ros2_ws/install/image_rotate/lib/image_rotate/image_rotate
[8207.807s] -- Symlinking: /home/ubuntu/ros2_ws/install/image_rotate/share/image_rotate/launch/image_rotate.launch.py
[8207.962s] -- Symlinking: /home/ubuntu/ros2_ws/install/image_rotate/share/ament_index/resource_index/package_run_dependencies/image_rotate
[8208.049s] -- Symlinking: /home/ubuntu/ros2_ws/install/image_rotate/share/ament_index/resource_index/parent_prefix_path/image_rotate
[8208.157s] -- Symlinking: /home/ubuntu/ros2_ws/install/image_rotate/share/image_rotate/environment/ament_prefix_path.sh
[8208.244s] -- Symlinking: /home/ubuntu/ros2_ws/install/image_rotate/share/image_rotate/environment/ament_prefix_path.dsv
[8208.331s] -- Symlinking: /home/ubuntu/ros2_ws/install/image_rotate/share/image_rotate/environment/path.sh
[8208.408s] -- Symlinking: /home/ubuntu/ros2_ws/install/image_rotate/share/image_rotate/environment/path.dsv
[8208.486s] -- Symlinking: /home/ubuntu/ros2_ws/install/image_rotate/share/image_rotate/local_setup.bash
[8208.567s] -- Symlinking: /home/ubuntu/ros2_ws/install/image_rotate/share/image_rotate/local_setup.sh
[8208.647s] -- Symlinking: /home/ubuntu/ros2_ws/install/image_rotate/share/image_rotate/local_setup.zsh
[8208.726s] -- Symlinking: /home/ubuntu/ros2_ws/install/image_rotate/share/image_rotate/local_setup.dsv
[8208.807s] -- Symlinking: /home/ubuntu/ros2_ws/install/image_rotate/share/image_rotate/package.dsv
[8208.891s] -- Symlinking: /home/ubuntu/ros2_ws/install/image_rotate/share/ament_index/resource_index/packages/image_rotate
[8208.975s] -- Symlinking: /home/ubuntu/ros2_ws/install/image_rotate/share/ament_index/resource_index/rclcpp_components/image_rotate
[8209.059s] -- Symlinking: /home/ubuntu/ros2_ws/install/image_rotate/share/image_rotate/cmake/ament_cmake_export_dependencies-extras.cmake
[8209.142s] -- Symlinking: /home/ubuntu/ros2_ws/install/image_rotate/share/image_rotate/cmake/ament_cmake_export_include_directories-extras.cmake
[8209.226s] -- Symlinking: /home/ubuntu/ros2_ws/install/image_rotate/share/image_rotate/cmake/ament_cmake_export_libraries-extras.cmake
[8209.309s] -- Symlinking: /home/ubuntu/ros2_ws/install/image_rotate/share/image_rotate/cmake/image_rotateConfig.cmake
[8209.388s] -- Symlinking: /home/ubuntu/ros2_ws/install/image_rotate/share/image_rotate/cmake/image_rotateConfig-version.cmake
[8209.471s] -- Symlinking: /home/ubuntu/ros2_ws/install/image_rotate/share/image_rotate/package.xml
[8209.616s] Invoked command in '/home/ubuntu/ros2_ws/build/image_rotate' returned '0': CMAKE_PREFIX_PATH=/home/ubuntu/ros2_ws/install/image_transport:/home/ubuntu/ros2_ws/install/cv_bridge:/home/ubuntu/cv_cam_ws/install/opencv_cam:/home/ubuntu/cv_cam_ws/install/ros2_shared:/home/ubuntu/ros2_ws/install/vision_opencv:/home/ubuntu/ros2_ws/install/v4l2_camera:/home/ubuntu/ros2_ws/install/image_transport_plugins:/home/ubuntu/ros2_ws/install/theora_image_transport:/home/ubuntu/ros2_ws/install/image_common:/home/ubuntu/ros2_ws/install/compressed_image_transport:/home/ubuntu/ros2_ws/install/compressed_depth_image_transport:/home/ubuntu/ros2_ws/install/image_geometry:/home/ubuntu/ros2_ws/install/camera_info_manager:/home/ubuntu/ros2_ws/install/camera_calibration_parsers:/home/ubuntu/turtlebot3_ws/install/turtlebot3:/home/ubuntu/turtlebot3_ws/install/turtlebot3_bringup:/home/ubuntu/turtlebot3_ws/install/turtlebot3_node:/home/ubuntu/turtlebot3_ws/install/turtlebot3_description:/home/ubuntu/turtlebot3_ws/install/ld08_driver:/home/ubuntu/ros2_ws/install/opencv_tests:/home/ubuntu/turtlebot3_ws/install/turtlebot3_teleop:/home/ubuntu/turtlebot3_ws/install/turtlebot3_example:/opt/ros/foxy LD_LIBRARY_PATH=/home/ubuntu/ros2_ws/install/image_transport/lib:/home/ubuntu/ros2_ws/install/cv_bridge/lib:/home/ubuntu/cv_cam_ws/install/opencv_cam/lib:/home/ubuntu/ros2_ws/install/v4l2_camera/lib:/home/ubuntu/ros2_ws/install/theora_image_transport/lib:/home/ubuntu/ros2_ws/install/compressed_image_transport/lib:/home/ubuntu/ros2_ws/install/compressed_depth_image_transport/lib:/home/ubuntu/ros2_ws/install/image_geometry/lib:/home/ubuntu/ros2_ws/install/camera_info_manager/lib:/home/ubuntu/ros2_ws/install/camera_calibration_parsers/lib:/opt/ros/foxy/opt/yaml_cpp_vendor/lib:/opt/ros/foxy/lib/aarch64-linux-gnu:/opt/ros/foxy/lib PYTHONPATH=/home/ubuntu/ros2_ws/install/cv_bridge/lib/python3.8/site-packages:/home/ubuntu/ros2_ws/install/theora_image_transport/lib/python3.8/site-packages:/home/ubuntu/ros2_ws/install/opencv_tests/lib/python3.8/site-packages:/home/ubuntu/ros2_ws/install/image_geometry/lib/python3.8/site-packages:/home/ubuntu/turtlebot3_ws/build/turtlebot3_teleop:/home/ubuntu/turtlebot3_ws/install/turtlebot3_teleop/lib/python3.8/site-packages:/home/ubuntu/turtlebot3_ws/build/turtlebot3_example:/home/ubuntu/turtlebot3_ws/install/turtlebot3_example/lib/python3.8/site-packages:/opt/ros/foxy/lib/python3.8/site-packages /usr/bin/cmake --install /home/ubuntu/ros2_ws/build/image_rotate
