[0.262s] Invoking command in '/home/ubuntu/ros2_ws/build/theora_image_transport': CMAKE_PREFIX_PATH=/home/ubuntu/ros2_ws/install/image_transport:/home/ubuntu/ros2_ws/install/cv_bridge:/home/ubuntu/ros2_ws/install/vision_opencv:/home/ubuntu/ros2_ws/install/v4l2_camera:/home/ubuntu/ros2_ws/install/image_transport_plugins:/home/ubuntu/ros2_ws/install/theora_image_transport:/home/ubuntu/ros2_ws/install/image_common:/home/ubuntu/ros2_ws/install/compressed_image_transport:/home/ubuntu/ros2_ws/install/compressed_depth_image_transport:/home/ubuntu/ros2_ws/install/image_geometry:/home/ubuntu/ros2_ws/install/camera_info_manager:/home/ubuntu/ros2_ws/install/camera_calibration_parsers:/home/ubuntu/turtlebot3_ws/install/turtlebot3:/home/ubuntu/turtlebot3_ws/install/turtlebot3_bringup:/home/ubuntu/turtlebot3_ws/install/turtlebot3_node:/home/ubuntu/turtlebot3_ws/install/turtlebot3_description:/home/ubuntu/turtlebot3_ws/install/ld08_driver:/home/ubuntu/ros2_ws/install/opencv_tests:/home/ubuntu/turtlebot3_ws/install/turtlebot3_teleop:/home/ubuntu/turtlebot3_ws/install/turtlebot3_example:/opt/ros/foxy LD_LIBRARY_PATH=/home/ubuntu/ros2_ws/install/image_transport/lib:/home/ubuntu/ros2_ws/install/cv_bridge/lib:/home/ubuntu/ros2_ws/install/v4l2_camera/lib:/home/ubuntu/ros2_ws/install/theora_image_transport/lib:/home/ubuntu/ros2_ws/install/compressed_image_transport/lib:/home/ubuntu/ros2_ws/install/compressed_depth_image_transport/lib:/home/ubuntu/ros2_ws/install/image_geometry/lib:/home/ubuntu/ros2_ws/install/camera_info_manager/lib:/home/ubuntu/ros2_ws/install/camera_calibration_parsers/lib:/opt/ros/foxy/opt/yaml_cpp_vendor/lib:/opt/ros/foxy/lib/aarch64-linux-gnu:/opt/ros/foxy/lib PYTHONPATH=/home/ubuntu/ros2_ws/install/cv_bridge/lib/python3.8/site-packages:/home/ubuntu/ros2_ws/install/theora_image_transport/lib/python3.8/site-packages:/home/ubuntu/ros2_ws/build/opencv_tests:/home/ubuntu/ros2_ws/install/opencv_tests/lib/python3.8/site-packages:/home/ubuntu/ros2_ws/install/image_geometry/lib/python3.8/site-packages:/home/ubuntu/turtlebot3_ws/build/turtlebot3_teleop:/home/ubuntu/turtlebot3_ws/install/turtlebot3_teleop/lib/python3.8/site-packages:/home/ubuntu/turtlebot3_ws/build/turtlebot3_example:/home/ubuntu/turtlebot3_ws/install/turtlebot3_example/lib/python3.8/site-packages:/opt/ros/foxy/lib/python3.8/site-packages /usr/bin/cmake /home/ubuntu/ros2_ws/src/image_transport_plugins/theora_image_transport -DAMENT_CMAKE_SYMLINK_INSTALL=1 -DCMAKE_INSTALL_PREFIX=/home/ubuntu/ros2_ws/install/theora_image_transport
[1.912s] -- The C compiler identification is GNU 9.4.0
[2.599s] -- The CXX compiler identification is GNU 9.4.0
[2.676s] -- Check for working C compiler: /usr/bin/cc
[3.459s] -- Check for working C compiler: /usr/bin/cc -- works
[3.475s] -- Detecting C compiler ABI info
[4.267s] -- Detecting C compiler ABI info - done
[4.384s] -- Detecting C compile features
[4.389s] -- Detecting C compile features - done
[4.418s] -- Check for working CXX compiler: /usr/bin/c++
[5.385s] -- Check for working CXX compiler: /usr/bin/c++ -- works
[5.412s] -- Detecting CXX compiler ABI info
[6.279s] -- Detecting CXX compiler ABI info - done
[6.386s] -- Detecting CXX compile features
[6.394s] -- Detecting CXX compile features - done
[6.509s] -- Found ament_cmake: 0.9.8 (/opt/ros/foxy/share/ament_cmake/cmake)
[7.226s] -- Found PythonInterp: /usr/bin/python3 (found suitable version "3.8.10", minimum required is "3") 
[7.227s] -- Using PYTHON_EXECUTABLE: /usr/bin/python3
[10.380s] -- Override CMake install command with custom implementation using symlinks instead of copying resources
[10.977s] -- Found image_transport: 2.4.0 (/home/ubuntu/ros2_ws/install/image_transport/share/image_transport/cmake)
[12.048s] -- Using all available rosidl_typesupport_c: rosidl_typesupport_fastrtps_c;rosidl_typesupport_introspection_c
[12.219s] -- Found rosidl_adapter: 1.2.1 (/opt/ros/foxy/share/rosidl_adapter/cmake)
[13.554s] -- Found OpenSSL: /usr/lib/aarch64-linux-gnu/libcrypto.so (found version "1.1.1f")  
[13.902s] -- Found FastRTPS: /opt/ros/foxy/include  
[15.007s] -- Using all available rosidl_typesupport_cpp: rosidl_typesupport_fastrtps_cpp;rosidl_typesupport_introspection_cpp
[15.852s] -- Found rmw_implementation_cmake: 1.0.3 (/opt/ros/foxy/share/rmw_implementation_cmake/cmake)
[15.885s] -- Using RMW implementation 'rmw_fastrtps_cpp' as default
[15.894s] -- Looking for pthread.h
[16.705s] -- Looking for pthread.h - found
[16.711s] -- Performing Test CMAKE_HAVE_LIBC_PTHREAD
[17.600s] -- Performing Test CMAKE_HAVE_LIBC_PTHREAD - Failed
[17.602s] -- Looking for pthread_create in pthreads
[18.202s] -- Looking for pthread_create in pthreads - not found
[18.204s] -- Looking for pthread_create in pthread
[19.046s] -- Looking for pthread_create in pthread - found
[19.049s] -- Found Threads: TRUE  
[22.863s] -- Found cv_bridge: 3.0.7 (/home/ubuntu/ros2_ws/install/cv_bridge/share/cv_bridge/cmake)
[23.259s] -- Found rosidl_default_generators: 1.0.1 (/opt/ros/foxy/share/rosidl_default_generators/cmake)
[23.472s] -- Found OpenCV: /usr (found version "4.2.0") found components: imgproc 
[23.503s] -- Found PkgConfig: /usr/bin/pkg-config (found version "0.29.1") 
[23.512s] -- Checking for module 'ogg'
[23.675s] --   Found ogg, version 1.3.4
[24.042s] -- Checking for module 'theora'
[24.213s] --   Found theora, version 1.1.1
[24.554s] -- Checking for module 'theoraenc'
[24.706s] --   Found theoraenc, version 1.1.1
[25.095s] -- Checking for module 'theoradec'
[25.248s] --   Found theoradec, version 1.1.1
[26.161s] -- Found PythonInterp: /usr/bin/python3 (found version "3.8.10") 
[30.347s] -- Found ament_cmake_cppcheck: 0.9.6 (/opt/ros/foxy/share/ament_cmake_cppcheck/cmake)
[30.473s] -- Found ament_cmake_cpplint: 0.9.6 (/opt/ros/foxy/share/ament_cmake_cpplint/cmake)
[30.605s] -- Found ament_cmake_uncrustify: 0.9.6 (/opt/ros/foxy/share/ament_cmake_uncrustify/cmake)
[30.737s] -- Found ament_cmake_ros: 0.9.2 (/opt/ros/foxy/share/ament_cmake_ros/cmake)
[68.100s] -- Using all available rosidl_typesupport_c: rosidl_typesupport_fastrtps_c;rosidl_typesupport_introspection_c
[85.800s] -- Using all available rosidl_typesupport_cpp: rosidl_typesupport_fastrtps_cpp;rosidl_typesupport_introspection_cpp
[98.843s] -- Found PythonInterp: /usr/bin/python3 (found suitable version "3.8.10", minimum required is "3.5") 
[98.937s] -- Found python_cmake_module: 0.8.1 (/opt/ros/foxy/share/python_cmake_module/cmake)
[105.387s] -- Found PythonLibs: /usr/lib/aarch64-linux-gnu/libpython3.8.so (found suitable version "3.8.10", minimum required is "3.5") 
[105.396s] -- Using PYTHON_EXECUTABLE: /usr/bin/python3
[105.397s] -- Using PYTHON_INCLUDE_DIRS: /usr/include/python3.8
[105.398s] -- Using PYTHON_LIBRARIES: /usr/lib/aarch64-linux-gnu/libpython3.8.so
[105.399s] -- Found PythonExtra: .so  
[108.663s] -- Found ament_cmake_flake8: 0.9.6 (/opt/ros/foxy/share/ament_cmake_flake8/cmake)
[108.722s] -- Found ament_cmake_pep257: 0.9.6 (/opt/ros/foxy/share/ament_cmake_pep257/cmake)
[109.776s] -- Configuring done
[112.536s] -- Generating done
[112.554s] -- Build files have been written to: /home/ubuntu/ros2_ws/build/theora_image_transport
[120.800s] Invoked command in '/home/ubuntu/ros2_ws/build/theora_image_transport' returned '0': CMAKE_PREFIX_PATH=/home/ubuntu/ros2_ws/install/image_transport:/home/ubuntu/ros2_ws/install/cv_bridge:/home/ubuntu/ros2_ws/install/vision_opencv:/home/ubuntu/ros2_ws/install/v4l2_camera:/home/ubuntu/ros2_ws/install/image_transport_plugins:/home/ubuntu/ros2_ws/install/theora_image_transport:/home/ubuntu/ros2_ws/install/image_common:/home/ubuntu/ros2_ws/install/compressed_image_transport:/home/ubuntu/ros2_ws/install/compressed_depth_image_transport:/home/ubuntu/ros2_ws/install/image_geometry:/home/ubuntu/ros2_ws/install/camera_info_manager:/home/ubuntu/ros2_ws/install/camera_calibration_parsers:/home/ubuntu/turtlebot3_ws/install/turtlebot3:/home/ubuntu/turtlebot3_ws/install/turtlebot3_bringup:/home/ubuntu/turtlebot3_ws/install/turtlebot3_node:/home/ubuntu/turtlebot3_ws/install/turtlebot3_description:/home/ubuntu/turtlebot3_ws/install/ld08_driver:/home/ubuntu/ros2_ws/install/opencv_tests:/home/ubuntu/turtlebot3_ws/install/turtlebot3_teleop:/home/ubuntu/turtlebot3_ws/install/turtlebot3_example:/opt/ros/foxy LD_LIBRARY_PATH=/home/ubuntu/ros2_ws/install/image_transport/lib:/home/ubuntu/ros2_ws/install/cv_bridge/lib:/home/ubuntu/ros2_ws/install/v4l2_camera/lib:/home/ubuntu/ros2_ws/install/theora_image_transport/lib:/home/ubuntu/ros2_ws/install/compressed_image_transport/lib:/home/ubuntu/ros2_ws/install/compressed_depth_image_transport/lib:/home/ubuntu/ros2_ws/install/image_geometry/lib:/home/ubuntu/ros2_ws/install/camera_info_manager/lib:/home/ubuntu/ros2_ws/install/camera_calibration_parsers/lib:/opt/ros/foxy/opt/yaml_cpp_vendor/lib:/opt/ros/foxy/lib/aarch64-linux-gnu:/opt/ros/foxy/lib PYTHONPATH=/home/ubuntu/ros2_ws/install/cv_bridge/lib/python3.8/site-packages:/home/ubuntu/ros2_ws/install/theora_image_transport/lib/python3.8/site-packages:/home/ubuntu/ros2_ws/build/opencv_tests:/home/ubuntu/ros2_ws/install/opencv_tests/lib/python3.8/site-packages:/home/ubuntu/ros2_ws/install/image_geometry/lib/python3.8/site-packages:/home/ubuntu/turtlebot3_ws/build/turtlebot3_teleop:/home/ubuntu/turtlebot3_ws/install/turtlebot3_teleop/lib/python3.8/site-packages:/home/ubuntu/turtlebot3_ws/build/turtlebot3_example:/home/ubuntu/turtlebot3_ws/install/turtlebot3_example/lib/python3.8/site-packages:/opt/ros/foxy/lib/python3.8/site-packages /usr/bin/cmake /home/ubuntu/ros2_ws/src/image_transport_plugins/theora_image_transport -DAMENT_CMAKE_SYMLINK_INSTALL=1 -DCMAKE_INSTALL_PREFIX=/home/ubuntu/ros2_ws/install/theora_image_transport
[127.100s] Invoking command in '/home/ubuntu/ros2_ws/build/theora_image_transport': CMAKE_PREFIX_PATH=/home/ubuntu/ros2_ws/install/image_transport:/home/ubuntu/ros2_ws/install/cv_bridge:/home/ubuntu/ros2_ws/install/vision_opencv:/home/ubuntu/ros2_ws/install/v4l2_camera:/home/ubuntu/ros2_ws/install/image_transport_plugins:/home/ubuntu/ros2_ws/install/theora_image_transport:/home/ubuntu/ros2_ws/install/image_common:/home/ubuntu/ros2_ws/install/compressed_image_transport:/home/ubuntu/ros2_ws/install/compressed_depth_image_transport:/home/ubuntu/ros2_ws/install/image_geometry:/home/ubuntu/ros2_ws/install/camera_info_manager:/home/ubuntu/ros2_ws/install/camera_calibration_parsers:/home/ubuntu/turtlebot3_ws/install/turtlebot3:/home/ubuntu/turtlebot3_ws/install/turtlebot3_bringup:/home/ubuntu/turtlebot3_ws/install/turtlebot3_node:/home/ubuntu/turtlebot3_ws/install/turtlebot3_description:/home/ubuntu/turtlebot3_ws/install/ld08_driver:/home/ubuntu/ros2_ws/install/opencv_tests:/home/ubuntu/turtlebot3_ws/install/turtlebot3_teleop:/home/ubuntu/turtlebot3_ws/install/turtlebot3_example:/opt/ros/foxy LD_LIBRARY_PATH=/home/ubuntu/ros2_ws/install/image_transport/lib:/home/ubuntu/ros2_ws/install/cv_bridge/lib:/home/ubuntu/ros2_ws/install/v4l2_camera/lib:/home/ubuntu/ros2_ws/install/theora_image_transport/lib:/home/ubuntu/ros2_ws/install/compressed_image_transport/lib:/home/ubuntu/ros2_ws/install/compressed_depth_image_transport/lib:/home/ubuntu/ros2_ws/install/image_geometry/lib:/home/ubuntu/ros2_ws/install/camera_info_manager/lib:/home/ubuntu/ros2_ws/install/camera_calibration_parsers/lib:/opt/ros/foxy/opt/yaml_cpp_vendor/lib:/opt/ros/foxy/lib/aarch64-linux-gnu:/opt/ros/foxy/lib PYTHONPATH=/home/ubuntu/ros2_ws/install/cv_bridge/lib/python3.8/site-packages:/home/ubuntu/ros2_ws/install/theora_image_transport/lib/python3.8/site-packages:/home/ubuntu/ros2_ws/build/opencv_tests:/home/ubuntu/ros2_ws/install/opencv_tests/lib/python3.8/site-packages:/home/ubuntu/ros2_ws/install/image_geometry/lib/python3.8/site-packages:/home/ubuntu/turtlebot3_ws/build/turtlebot3_teleop:/home/ubuntu/turtlebot3_ws/install/turtlebot3_teleop/lib/python3.8/site-packages:/home/ubuntu/turtlebot3_ws/build/turtlebot3_example:/home/ubuntu/turtlebot3_ws/install/turtlebot3_example/lib/python3.8/site-packages:/opt/ros/foxy/lib/python3.8/site-packages /usr/bin/cmake --build /home/ubuntu/ros2_ws/build/theora_image_transport -- -j4 -l4
[145.418s] [35m[1mScanning dependencies of target theora_image_transport__cpp[0m
[145.426s] [  2%] [34m[1mGenerating C++ code for ROS interfaces[0m
[158.865s] [  2%] Built target theora_image_transport__cpp
[159.060s] [  5%] [34m[1mGenerating C code for ROS interfaces[0m
[167.844s] [35m[1mScanning dependencies of target theora_image_transport__rosidl_generator_c[0m
[170.277s] [  8%] [32mBuilding C object CMakeFiles/theora_image_transport__rosidl_generator_c.dir/rosidl_generator_c/theora_image_transport/msg/detail/packet__functions.c.o[0m
[173.638s] [ 10%] [32m[1mLinking C shared library libtheora_image_transport__rosidl_generator_c.so[0m
[175.970s] [ 10%] Built target theora_image_transport__rosidl_generator_c
[176.393s] [ 13%] [34m[1mGenerating C++ type support for eProsima Fast-RTPS[0m
[217.798s] [35m[1mScanning dependencies of target theora_image_transport__rosidl_typesupport_fastrtps_cpp[0m
[222.607s] [ 16%] [32mBuilding CXX object CMakeFiles/theora_image_transport__rosidl_typesupport_fastrtps_cpp.dir/rosidl_typesupport_fastrtps_cpp/theora_image_transport/msg/detail/dds_fastrtps/packet__type_support.cpp.o[0m
[242.895s] [ 18%] [32m[1mLinking CXX shared library libtheora_image_transport__rosidl_typesupport_fastrtps_cpp.so[0m
[245.185s] [ 18%] Built target theora_image_transport__rosidl_typesupport_fastrtps_cpp
[245.644s] [ 21%] [34m[1mGenerating C introspection for ROS interfaces[0m
[251.116s] [35m[1mScanning dependencies of target theora_image_transport__rosidl_typesupport_introspection_c[0m
[251.578s] [ 24%] [32mBuilding C object CMakeFiles/theora_image_transport__rosidl_typesupport_introspection_c.dir/rosidl_typesupport_introspection_c/theora_image_transport/msg/detail/packet__type_support.c.o[0m
[253.534s] [ 27%] [32m[1mLinking C shared library libtheora_image_transport__rosidl_typesupport_introspection_c.so[0m
[253.907s] [ 27%] Built target theora_image_transport__rosidl_typesupport_introspection_c
[254.163s] [ 29%] [34m[1mGenerating C type support dispatch for ROS interfaces[0m
[257.455s] [35m[1mScanning dependencies of target theora_image_transport__rosidl_typesupport_c[0m
[257.684s] [ 32%] [32mBuilding CXX object CMakeFiles/theora_image_transport__rosidl_typesupport_c.dir/rosidl_typesupport_c/theora_image_transport/msg/packet__type_support.cpp.o[0m
[258.071s] [ 35%] [32m[1mLinking CXX shared library libtheora_image_transport__rosidl_typesupport_c.so[0m
[258.501s] [ 35%] Built target theora_image_transport__rosidl_typesupport_c
[258.711s] [ 37%] [34m[1mGenerating C type support for eProsima Fast-RTPS[0m
[262.865s] [35m[1mScanning dependencies of target theora_image_transport__rosidl_typesupport_fastrtps_c[0m
[263.288s] [ 40%] [32mBuilding CXX object CMakeFiles/theora_image_transport__rosidl_typesupport_fastrtps_c.dir/rosidl_typesupport_fastrtps_c/theora_image_transport/msg/detail/packet__type_support_c.cpp.o[0m
[274.917s] [ 43%] [32m[1mLinking CXX shared library libtheora_image_transport__rosidl_typesupport_fastrtps_c.so[0m
[277.933s] [ 43%] Built target theora_image_transport__rosidl_typesupport_fastrtps_c
[278.309s] [ 45%] [34m[1mGenerating C++ type support dispatch for ROS interfaces[0m
[283.796s] [35m[1mScanning dependencies of target theora_image_transport__rosidl_typesupport_cpp[0m
[284.273s] [ 48%] [32mBuilding CXX object CMakeFiles/theora_image_transport__rosidl_typesupport_cpp.dir/rosidl_typesupport_cpp/theora_image_transport/msg/packet__type_support.cpp.o[0m
[289.350s] [ 51%] [32m[1mLinking CXX shared library libtheora_image_transport__rosidl_typesupport_cpp.so[0m
[289.724s] [ 51%] Built target theora_image_transport__rosidl_typesupport_cpp
[289.904s] [ 54%] [34m[1mGenerating C++ introspection for ROS interfaces[0m
[293.435s] [35m[1mScanning dependencies of target theora_image_transport__rosidl_typesupport_introspection_cpp[0m
[293.659s] [ 56%] [32mBuilding CXX object CMakeFiles/theora_image_transport__rosidl_typesupport_introspection_cpp.dir/rosidl_typesupport_introspection_cpp/theora_image_transport/msg/detail/packet__type_support.cpp.o[0m
[297.679s] [ 59%] [32m[1mLinking CXX shared library libtheora_image_transport__rosidl_typesupport_introspection_cpp.so[0m
[298.483s] [ 59%] Built target theora_image_transport__rosidl_typesupport_introspection_cpp
[298.681s] [35m[1mScanning dependencies of target theora_image_transport[0m
[298.814s] [ 59%] Built target theora_image_transport
[298.985s] [35m[1mScanning dependencies of target theora_image_transport__py[0m
[299.155s] [ 62%] [34m[1mGenerating Python code for ROS interfaces[0m
[338.850s] [ 62%] Built target theora_image_transport__py
[341.694s] [35m[1mScanning dependencies of target ogg_saver[0m
[345.295s] [ 64%] [32mBuilding CXX object CMakeFiles/ogg_saver.dir/src/ogg_saver.cpp.o[0m
[3475.125s] [ 67%] [32m[1mLinking CXX executable ogg_saver[0m
[3495.613s] [ 67%] Built target ogg_saver
[3496.059s] [35m[1mScanning dependencies of target theora_image_transport__python[0m
[3497.365s] [ 70%] [32mBuilding C object CMakeFiles/theora_image_transport__python.dir/rosidl_generator_py/theora_image_transport/msg/_packet_s.c.o[0m
[3540.877s] [ 72%] [32m[1mLinking C shared library rosidl_generator_py/theora_image_transport/libtheora_image_transport__python.so[0m
[3553.350s] [ 72%] Built target theora_image_transport__python
[3553.680s] [35m[1mScanning dependencies of target theora_image_transport_component[0m
[3598.500s] [ 75%] [32mBuilding CXX object CMakeFiles/theora_image_transport_component.dir/src/theora_publisher.cpp.o[0m
[4057.485s] [ 78%] [32mBuilding CXX object CMakeFiles/theora_image_transport_component.dir/src/theora_subscriber.cpp.o[0m
[7986.207s] [ 81%] [32mBuilding CXX object CMakeFiles/theora_image_transport_component.dir/src/manifest.cpp.o[0m
[8242.361s] [ 83%] [32m[1mLinking CXX shared library libtheora_image_transport_component.so[0m
[8251.911s] [ 83%] Built target theora_image_transport_component
[8252.193s] [35m[1mScanning dependencies of target theora_image_transport__rosidl_typesupport_fastrtps_c__pyext[0m
[8253.139s] [ 86%] [32mBuilding C object CMakeFiles/theora_image_transport__rosidl_typesupport_fastrtps_c__pyext.dir/rosidl_generator_py/theora_image_transport/_theora_image_transport_s.ep.rosidl_typesupport_fastrtps_c.c.o[0m
[8256.296s] [ 89%] [32m[1mLinking CXX shared library rosidl_generator_py/theora_image_transport/theora_image_transport_s__rosidl_typesupport_fastrtps_c.cpython-38-aarch64-linux-gnu.so[0m
[8257.418s] [ 89%] Built target theora_image_transport__rosidl_typesupport_fastrtps_c__pyext
[8257.553s] [35m[1mScanning dependencies of target theora_image_transport__rosidl_typesupport_introspection_c__pyext[0m
[8257.737s] [ 91%] [32mBuilding C object CMakeFiles/theora_image_transport__rosidl_typesupport_introspection_c__pyext.dir/rosidl_generator_py/theora_image_transport/_theora_image_transport_s.ep.rosidl_typesupport_introspection_c.c.o[0m
[8258.412s] [ 94%] [32m[1mLinking C shared library rosidl_generator_py/theora_image_transport/theora_image_transport_s__rosidl_typesupport_introspection_c.cpython-38-aarch64-linux-gnu.so[0m
[8258.836s] [ 94%] Built target theora_image_transport__rosidl_typesupport_introspection_c__pyext
[8258.948s] [35m[1mScanning dependencies of target theora_image_transport__rosidl_typesupport_c__pyext[0m
[8259.122s] [ 97%] [32mBuilding C object CMakeFiles/theora_image_transport__rosidl_typesupport_c__pyext.dir/rosidl_generator_py/theora_image_transport/_theora_image_transport_s.ep.rosidl_typesupport_c.c.o[0m
[8259.784s] [100%] [32m[1mLinking C shared library rosidl_generator_py/theora_image_transport/theora_image_transport_s__rosidl_typesupport_c.cpython-38-aarch64-linux-gnu.so[0m
[8260.205s] [100%] Built target theora_image_transport__rosidl_typesupport_c__pyext
[8263.739s] Invoked command in '/home/ubuntu/ros2_ws/build/theora_image_transport' returned '0': CMAKE_PREFIX_PATH=/home/ubuntu/ros2_ws/install/image_transport:/home/ubuntu/ros2_ws/install/cv_bridge:/home/ubuntu/ros2_ws/install/vision_opencv:/home/ubuntu/ros2_ws/install/v4l2_camera:/home/ubuntu/ros2_ws/install/image_transport_plugins:/home/ubuntu/ros2_ws/install/theora_image_transport:/home/ubuntu/ros2_ws/install/image_common:/home/ubuntu/ros2_ws/install/compressed_image_transport:/home/ubuntu/ros2_ws/install/compressed_depth_image_transport:/home/ubuntu/ros2_ws/install/image_geometry:/home/ubuntu/ros2_ws/install/camera_info_manager:/home/ubuntu/ros2_ws/install/camera_calibration_parsers:/home/ubuntu/turtlebot3_ws/install/turtlebot3:/home/ubuntu/turtlebot3_ws/install/turtlebot3_bringup:/home/ubuntu/turtlebot3_ws/install/turtlebot3_node:/home/ubuntu/turtlebot3_ws/install/turtlebot3_description:/home/ubuntu/turtlebot3_ws/install/ld08_driver:/home/ubuntu/ros2_ws/install/opencv_tests:/home/ubuntu/turtlebot3_ws/install/turtlebot3_teleop:/home/ubuntu/turtlebot3_ws/install/turtlebot3_example:/opt/ros/foxy LD_LIBRARY_PATH=/home/ubuntu/ros2_ws/install/image_transport/lib:/home/ubuntu/ros2_ws/install/cv_bridge/lib:/home/ubuntu/ros2_ws/install/v4l2_camera/lib:/home/ubuntu/ros2_ws/install/theora_image_transport/lib:/home/ubuntu/ros2_ws/install/compressed_image_transport/lib:/home/ubuntu/ros2_ws/install/compressed_depth_image_transport/lib:/home/ubuntu/ros2_ws/install/image_geometry/lib:/home/ubuntu/ros2_ws/install/camera_info_manager/lib:/home/ubuntu/ros2_ws/install/camera_calibration_parsers/lib:/opt/ros/foxy/opt/yaml_cpp_vendor/lib:/opt/ros/foxy/lib/aarch64-linux-gnu:/opt/ros/foxy/lib PYTHONPATH=/home/ubuntu/ros2_ws/install/cv_bridge/lib/python3.8/site-packages:/home/ubuntu/ros2_ws/install/theora_image_transport/lib/python3.8/site-packages:/home/ubuntu/ros2_ws/build/opencv_tests:/home/ubuntu/ros2_ws/install/opencv_tests/lib/python3.8/site-packages:/home/ubuntu/ros2_ws/install/image_geometry/lib/python3.8/site-packages:/home/ubuntu/turtlebot3_ws/build/turtlebot3_teleop:/home/ubuntu/turtlebot3_ws/install/turtlebot3_teleop/lib/python3.8/site-packages:/home/ubuntu/turtlebot3_ws/build/turtlebot3_example:/home/ubuntu/turtlebot3_ws/install/turtlebot3_example/lib/python3.8/site-packages:/opt/ros/foxy/lib/python3.8/site-packages /usr/bin/cmake --build /home/ubuntu/ros2_ws/build/theora_image_transport -- -j4 -l4
[8266.435s] Invoking command in '/home/ubuntu/ros2_ws/build/theora_image_transport': CMAKE_PREFIX_PATH=/home/ubuntu/ros2_ws/install/image_transport:/home/ubuntu/ros2_ws/install/cv_bridge:/home/ubuntu/ros2_ws/install/vision_opencv:/home/ubuntu/ros2_ws/install/v4l2_camera:/home/ubuntu/ros2_ws/install/image_transport_plugins:/home/ubuntu/ros2_ws/install/theora_image_transport:/home/ubuntu/ros2_ws/install/image_common:/home/ubuntu/ros2_ws/install/compressed_image_transport:/home/ubuntu/ros2_ws/install/compressed_depth_image_transport:/home/ubuntu/ros2_ws/install/image_geometry:/home/ubuntu/ros2_ws/install/camera_info_manager:/home/ubuntu/ros2_ws/install/camera_calibration_parsers:/home/ubuntu/turtlebot3_ws/install/turtlebot3:/home/ubuntu/turtlebot3_ws/install/turtlebot3_bringup:/home/ubuntu/turtlebot3_ws/install/turtlebot3_node:/home/ubuntu/turtlebot3_ws/install/turtlebot3_description:/home/ubuntu/turtlebot3_ws/install/ld08_driver:/home/ubuntu/ros2_ws/install/opencv_tests:/home/ubuntu/turtlebot3_ws/install/turtlebot3_teleop:/home/ubuntu/turtlebot3_ws/install/turtlebot3_example:/opt/ros/foxy LD_LIBRARY_PATH=/home/ubuntu/ros2_ws/install/image_transport/lib:/home/ubuntu/ros2_ws/install/cv_bridge/lib:/home/ubuntu/ros2_ws/install/v4l2_camera/lib:/home/ubuntu/ros2_ws/install/theora_image_transport/lib:/home/ubuntu/ros2_ws/install/compressed_image_transport/lib:/home/ubuntu/ros2_ws/install/compressed_depth_image_transport/lib:/home/ubuntu/ros2_ws/install/image_geometry/lib:/home/ubuntu/ros2_ws/install/camera_info_manager/lib:/home/ubuntu/ros2_ws/install/camera_calibration_parsers/lib:/opt/ros/foxy/opt/yaml_cpp_vendor/lib:/opt/ros/foxy/lib/aarch64-linux-gnu:/opt/ros/foxy/lib PYTHONPATH=/home/ubuntu/ros2_ws/install/cv_bridge/lib/python3.8/site-packages:/home/ubuntu/ros2_ws/install/theora_image_transport/lib/python3.8/site-packages:/home/ubuntu/ros2_ws/build/opencv_tests:/home/ubuntu/ros2_ws/install/opencv_tests/lib/python3.8/site-packages:/home/ubuntu/ros2_ws/install/image_geometry/lib/python3.8/site-packages:/home/ubuntu/turtlebot3_ws/build/turtlebot3_teleop:/home/ubuntu/turtlebot3_ws/install/turtlebot3_teleop/lib/python3.8/site-packages:/home/ubuntu/turtlebot3_ws/build/turtlebot3_example:/home/ubuntu/turtlebot3_ws/install/turtlebot3_example/lib/python3.8/site-packages:/opt/ros/foxy/lib/python3.8/site-packages /usr/bin/cmake --install /home/ubuntu/ros2_ws/build/theora_image_transport
[8266.631s] -- Install configuration: ""
[8266.632s] -- Execute custom install script
[8266.635s] -- Symlinking: /home/ubuntu/ros2_ws/install/theora_image_transport/share/ament_index/resource_index/rosidl_interfaces/theora_image_transport
[8266.714s] -- Symlinking: /home/ubuntu/ros2_ws/install/theora_image_transport/include/theora_image_transport/msg/detail/packet__functions.h
[8266.786s] -- Symlinking: /home/ubuntu/ros2_ws/install/theora_image_transport/include/theora_image_transport/msg/detail/packet__struct.h
[8266.853s] -- Symlinking: /home/ubuntu/ros2_ws/install/theora_image_transport/include/theora_image_transport/msg/detail/packet__type_support.h
[8266.920s] -- Symlinking: /home/ubuntu/ros2_ws/install/theora_image_transport/include/theora_image_transport/msg/packet.h
[8266.987s] -- Symlinking: /home/ubuntu/ros2_ws/install/theora_image_transport/include/theora_image_transport/msg/rosidl_generator_c__visibility_control.h
[8267.083s] -- Symlinking: /home/ubuntu/ros2_ws/install/theora_image_transport/share/theora_image_transport/environment/library_path.sh
[8267.160s] -- Symlinking: /home/ubuntu/ros2_ws/install/theora_image_transport/share/theora_image_transport/environment/library_path.dsv
[8267.252s] -- Symlinking: /home/ubuntu/ros2_ws/install/theora_image_transport/include/theora_image_transport/msg/detail/packet__rosidl_typesupport_fastrtps_c.h
[8267.323s] -- Symlinking: /home/ubuntu/ros2_ws/install/theora_image_transport/include/theora_image_transport/msg/rosidl_typesupport_fastrtps_c__visibility_control.h
[8267.396s] -- Symlinking: /home/ubuntu/ros2_ws/install/theora_image_transport/lib/libtheora_image_transport__rosidl_typesupport_fastrtps_c.so
[8267.490s] -- Symlinking: /home/ubuntu/ros2_ws/install/theora_image_transport/include/theora_image_transport/msg/detail/packet__rosidl_typesupport_fastrtps_cpp.hpp
[8267.564s] -- Symlinking: /home/ubuntu/ros2_ws/install/theora_image_transport/include/theora_image_transport/msg/rosidl_typesupport_fastrtps_cpp__visibility_control.h
[8267.638s] -- Symlinking: /home/ubuntu/ros2_ws/install/theora_image_transport/lib/libtheora_image_transport__rosidl_typesupport_fastrtps_cpp.so
[8267.727s] -- Symlinking: /home/ubuntu/ros2_ws/install/theora_image_transport/include/theora_image_transport/msg/detail/packet__rosidl_typesupport_introspection_c.h
[8267.802s] -- Symlinking: /home/ubuntu/ros2_ws/install/theora_image_transport/include/theora_image_transport/msg/rosidl_typesupport_introspection_c__visibility_control.h
[8267.883s] -- Symlinking: /home/ubuntu/ros2_ws/install/theora_image_transport/include/theora_image_transport/msg/detail/packet__builder.hpp
[8267.955s] -- Symlinking: /home/ubuntu/ros2_ws/install/theora_image_transport/include/theora_image_transport/msg/detail/packet__struct.hpp
[8268.024s] -- Symlinking: /home/ubuntu/ros2_ws/install/theora_image_transport/include/theora_image_transport/msg/detail/packet__traits.hpp
[8268.096s] -- Symlinking: /home/ubuntu/ros2_ws/install/theora_image_transport/include/theora_image_transport/msg/packet.hpp
[8268.186s] -- Symlinking: /home/ubuntu/ros2_ws/install/theora_image_transport/include/theora_image_transport/msg/detail/packet__rosidl_typesupport_introspection_cpp.hpp
[8268.258s] -- Symlinking: /home/ubuntu/ros2_ws/install/theora_image_transport/share/theora_image_transport/environment/pythonpath.sh
[8268.328s] -- Symlinking: /home/ubuntu/ros2_ws/install/theora_image_transport/share/theora_image_transport/environment/pythonpath.dsv
[8268.397s] -- Symlinking: /home/ubuntu/ros2_ws/install/theora_image_transport/lib/python3.8/site-packages/theora_image_transport/__init__.py
[8268.479s] -- Symlinking: /home/ubuntu/ros2_ws/install/theora_image_transport/lib/python3.8/site-packages/theora_image_transport/msg/__init__.py
[8268.552s] -- Symlinking: /home/ubuntu/ros2_ws/install/theora_image_transport/lib/python3.8/site-packages/theora_image_transport/msg/_packet.py
[8268.626s] -- Symlinking: /home/ubuntu/ros2_ws/install/theora_image_transport/lib/python3.8/site-packages/theora_image_transport/theora_image_transport_s__rosidl_typesupport_fastrtps_c.cpython-38-aarch64-linux-gnu.so
[8268.705s] -- Symlinking: /home/ubuntu/ros2_ws/install/theora_image_transport/lib/python3.8/site-packages/theora_image_transport/theora_image_transport_s__rosidl_typesupport_introspection_c.cpython-38-aarch64-linux-gnu.so
[8268.785s] -- Symlinking: /home/ubuntu/ros2_ws/install/theora_image_transport/lib/python3.8/site-packages/theora_image_transport/theora_image_transport_s__rosidl_typesupport_c.cpython-38-aarch64-linux-gnu.so
[8268.864s] -- Symlinking: /home/ubuntu/ros2_ws/install/theora_image_transport/lib/libtheora_image_transport__python.so
[8268.952s] -- Symlinking: /home/ubuntu/ros2_ws/install/theora_image_transport/share/theora_image_transport/msg/Packet.idl
[8269.031s] -- Symlinking: /home/ubuntu/ros2_ws/install/theora_image_transport/share/theora_image_transport/msg/Packet.msg
[8269.108s] -- Symlinking: /home/ubuntu/ros2_ws/install/theora_image_transport/lib/theora_image_transport/libtheora_image_transport_component.so
[8269.181s] -- Symlinking: /home/ubuntu/ros2_ws/install/theora_image_transport/bin/ogg_saver
[8269.255s] -- Symlinking: /home/ubuntu/ros2_ws/install/theora_image_transport/include/theora_image_transport/theora_publisher.h
[8269.327s] -- Symlinking: /home/ubuntu/ros2_ws/install/theora_image_transport/include/theora_image_transport/theora_subscriber.h
[8269.396s] -- Symlinking: /home/ubuntu/ros2_ws/install/theora_image_transport/share/theora_image_transport//theora_plugins.xml
[8269.470s] -- Symlinking: /home/ubuntu/ros2_ws/install/theora_image_transport/share/ament_index/resource_index/package_run_dependencies/theora_image_transport
[8269.547s] -- Symlinking: /home/ubuntu/ros2_ws/install/theora_image_transport/share/ament_index/resource_index/parent_prefix_path/theora_image_transport
[8269.639s] -- Symlinking: /home/ubuntu/ros2_ws/install/theora_image_transport/share/theora_image_transport/environment/ament_prefix_path.sh
[8269.712s] -- Symlinking: /home/ubuntu/ros2_ws/install/theora_image_transport/share/theora_image_transport/environment/ament_prefix_path.dsv
[8269.781s] -- Symlinking: /home/ubuntu/ros2_ws/install/theora_image_transport/share/theora_image_transport/environment/path.sh
[8269.853s] -- Symlinking: /home/ubuntu/ros2_ws/install/theora_image_transport/share/theora_image_transport/environment/path.dsv
[8269.926s] -- Symlinking: /home/ubuntu/ros2_ws/install/theora_image_transport/share/theora_image_transport/local_setup.bash
[8269.995s] -- Symlinking: /home/ubuntu/ros2_ws/install/theora_image_transport/share/theora_image_transport/local_setup.sh
[8270.064s] -- Symlinking: /home/ubuntu/ros2_ws/install/theora_image_transport/share/theora_image_transport/local_setup.zsh
[8270.134s] -- Symlinking: /home/ubuntu/ros2_ws/install/theora_image_transport/share/theora_image_transport/local_setup.dsv
[8270.203s] -- Symlinking: /home/ubuntu/ros2_ws/install/theora_image_transport/share/theora_image_transport/package.dsv
[8270.280s] -- Symlinking: /home/ubuntu/ros2_ws/install/theora_image_transport/share/ament_index/resource_index/packages/theora_image_transport
[8270.357s] -- Symlinking: /home/ubuntu/ros2_ws/install/theora_image_transport/share/ament_index/resource_index/image_transport__pluginlib__plugin/theora_image_transport
[8270.435s] -- Symlinking: /home/ubuntu/ros2_ws/install/theora_image_transport/share/theora_image_transport/cmake/rosidl_cmake-extras.cmake
[8270.511s] -- Symlinking: /home/ubuntu/ros2_ws/install/theora_image_transport/share/theora_image_transport/cmake/ament_cmake_export_dependencies-extras.cmake
[8270.587s] -- Symlinking: /home/ubuntu/ros2_ws/install/theora_image_transport/share/theora_image_transport/cmake/ament_cmake_export_libraries-extras.cmake
[8270.664s] -- Symlinking: /home/ubuntu/ros2_ws/install/theora_image_transport/share/theora_image_transport/cmake/ament_cmake_export_targets-extras.cmake
[8270.740s] -- Symlinking: /home/ubuntu/ros2_ws/install/theora_image_transport/share/theora_image_transport/cmake/ament_cmake_export_include_directories-extras.cmake
[8271.008s] -- Symlinking: /home/ubuntu/ros2_ws/install/theora_image_transport/share/theora_image_transport/cmake/rosidl_cmake_export_typesupport_libraries-extras.cmake
[8271.082s] -- Symlinking: /home/ubuntu/ros2_ws/install/theora_image_transport/share/theora_image_transport/cmake/rosidl_cmake_export_typesupport_targets-extras.cmake
[8271.154s] -- Symlinking: /home/ubuntu/ros2_ws/install/theora_image_transport/share/theora_image_transport/cmake/theora_image_transportConfig.cmake
[8271.227s] -- Symlinking: /home/ubuntu/ros2_ws/install/theora_image_transport/share/theora_image_transport/cmake/theora_image_transportConfig-version.cmake
[8271.296s] -- Symlinking: /home/ubuntu/ros2_ws/install/theora_image_transport/share/theora_image_transport/package.xml
[8271.365s] -- Installing: /home/ubuntu/ros2_ws/install/theora_image_transport/lib/libtheora_image_transport__rosidl_generator_c.so
[8271.370s] -- Set runtime path of "/home/ubuntu/ros2_ws/install/theora_image_transport/lib/libtheora_image_transport__rosidl_generator_c.so" to ""
[8271.372s] -- Installing: /home/ubuntu/ros2_ws/install/theora_image_transport/lib/libtheora_image_transport__rosidl_typesupport_introspection_c.so
[8271.378s] -- Set runtime path of "/home/ubuntu/ros2_ws/install/theora_image_transport/lib/libtheora_image_transport__rosidl_typesupport_introspection_c.so" to ""
[8271.380s] -- Installing: /home/ubuntu/ros2_ws/install/theora_image_transport/lib/libtheora_image_transport__rosidl_typesupport_c.so
[8271.383s] -- Set runtime path of "/home/ubuntu/ros2_ws/install/theora_image_transport/lib/libtheora_image_transport__rosidl_typesupport_c.so" to ""
[8271.384s] -- Installing: /home/ubuntu/ros2_ws/install/theora_image_transport/lib/libtheora_image_transport__rosidl_typesupport_introspection_cpp.so
[8271.401s] -- Set runtime path of "/home/ubuntu/ros2_ws/install/theora_image_transport/lib/libtheora_image_transport__rosidl_typesupport_introspection_cpp.so" to ""
[8271.403s] -- Installing: /home/ubuntu/ros2_ws/install/theora_image_transport/lib/libtheora_image_transport__rosidl_typesupport_cpp.so
[8271.409s] -- Set runtime path of "/home/ubuntu/ros2_ws/install/theora_image_transport/lib/libtheora_image_transport__rosidl_typesupport_cpp.so" to ""
[8272.527s] Compiling '/home/ubuntu/ros2_ws/install/theora_image_transport/lib/python3.8/site-packages/theora_image_transport/__init__.py'...
[8272.589s] -- Installing: /home/ubuntu/ros2_ws/install/theora_image_transport/share/theora_image_transport/cmake/theora_image_transport__rosidl_generator_cExport.cmake
[8272.596s] -- Installing: /home/ubuntu/ros2_ws/install/theora_image_transport/share/theora_image_transport/cmake/theora_image_transport__rosidl_generator_cExport-noconfig.cmake
[8272.602s] -- Installing: /home/ubuntu/ros2_ws/install/theora_image_transport/share/theora_image_transport/cmake/theora_image_transport__rosidl_typesupport_introspection_cExport.cmake
[8272.611s] -- Installing: /home/ubuntu/ros2_ws/install/theora_image_transport/share/theora_image_transport/cmake/theora_image_transport__rosidl_typesupport_introspection_cExport-noconfig.cmake
[8272.618s] -- Installing: /home/ubuntu/ros2_ws/install/theora_image_transport/share/theora_image_transport/cmake/theora_image_transport__rosidl_typesupport_cExport.cmake
[8272.625s] -- Installing: /home/ubuntu/ros2_ws/install/theora_image_transport/share/theora_image_transport/cmake/theora_image_transport__rosidl_typesupport_cExport-noconfig.cmake
[8272.633s] -- Installing: /home/ubuntu/ros2_ws/install/theora_image_transport/share/theora_image_transport/cmake/theora_image_transport__rosidl_generator_cppExport.cmake
[8272.642s] -- Installing: /home/ubuntu/ros2_ws/install/theora_image_transport/share/theora_image_transport/cmake/theora_image_transport__rosidl_typesupport_introspection_cppExport.cmake
[8272.649s] -- Installing: /home/ubuntu/ros2_ws/install/theora_image_transport/share/theora_image_transport/cmake/theora_image_transport__rosidl_typesupport_introspection_cppExport-noconfig.cmake
[8272.656s] -- Installing: /home/ubuntu/ros2_ws/install/theora_image_transport/share/theora_image_transport/cmake/theora_image_transport__rosidl_typesupport_cppExport.cmake
[8272.664s] -- Installing: /home/ubuntu/ros2_ws/install/theora_image_transport/share/theora_image_transport/cmake/theora_image_transport__rosidl_typesupport_cppExport-noconfig.cmake
[8272.740s] Invoked command in '/home/ubuntu/ros2_ws/build/theora_image_transport' returned '0': CMAKE_PREFIX_PATH=/home/ubuntu/ros2_ws/install/image_transport:/home/ubuntu/ros2_ws/install/cv_bridge:/home/ubuntu/ros2_ws/install/vision_opencv:/home/ubuntu/ros2_ws/install/v4l2_camera:/home/ubuntu/ros2_ws/install/image_transport_plugins:/home/ubuntu/ros2_ws/install/theora_image_transport:/home/ubuntu/ros2_ws/install/image_common:/home/ubuntu/ros2_ws/install/compressed_image_transport:/home/ubuntu/ros2_ws/install/compressed_depth_image_transport:/home/ubuntu/ros2_ws/install/image_geometry:/home/ubuntu/ros2_ws/install/camera_info_manager:/home/ubuntu/ros2_ws/install/camera_calibration_parsers:/home/ubuntu/turtlebot3_ws/install/turtlebot3:/home/ubuntu/turtlebot3_ws/install/turtlebot3_bringup:/home/ubuntu/turtlebot3_ws/install/turtlebot3_node:/home/ubuntu/turtlebot3_ws/install/turtlebot3_description:/home/ubuntu/turtlebot3_ws/install/ld08_driver:/home/ubuntu/ros2_ws/install/opencv_tests:/home/ubuntu/turtlebot3_ws/install/turtlebot3_teleop:/home/ubuntu/turtlebot3_ws/install/turtlebot3_example:/opt/ros/foxy LD_LIBRARY_PATH=/home/ubuntu/ros2_ws/install/image_transport/lib:/home/ubuntu/ros2_ws/install/cv_bridge/lib:/home/ubuntu/ros2_ws/install/v4l2_camera/lib:/home/ubuntu/ros2_ws/install/theora_image_transport/lib:/home/ubuntu/ros2_ws/install/compressed_image_transport/lib:/home/ubuntu/ros2_ws/install/compressed_depth_image_transport/lib:/home/ubuntu/ros2_ws/install/image_geometry/lib:/home/ubuntu/ros2_ws/install/camera_info_manager/lib:/home/ubuntu/ros2_ws/install/camera_calibration_parsers/lib:/opt/ros/foxy/opt/yaml_cpp_vendor/lib:/opt/ros/foxy/lib/aarch64-linux-gnu:/opt/ros/foxy/lib PYTHONPATH=/home/ubuntu/ros2_ws/install/cv_bridge/lib/python3.8/site-packages:/home/ubuntu/ros2_ws/install/theora_image_transport/lib/python3.8/site-packages:/home/ubuntu/ros2_ws/build/opencv_tests:/home/ubuntu/ros2_ws/install/opencv_tests/lib/python3.8/site-packages:/home/ubuntu/ros2_ws/install/image_geometry/lib/python3.8/site-packages:/home/ubuntu/turtlebot3_ws/build/turtlebot3_teleop:/home/ubuntu/turtlebot3_ws/install/turtlebot3_teleop/lib/python3.8/site-packages:/home/ubuntu/turtlebot3_ws/build/turtlebot3_example:/home/ubuntu/turtlebot3_ws/install/turtlebot3_example/lib/python3.8/site-packages:/opt/ros/foxy/lib/python3.8/site-packages /usr/bin/cmake --install /home/ubuntu/ros2_ws/build/theora_image_transport
