[0.657s] Invoking command in '/home/a/aruco_ws/src/ros2_aruco/ar_track_copy': PYTHONPATH=/home/a/aruco_ws/build/ar_track/prefix_override:/home/a/aruco_ws/install/ar_track/lib/python3.8/site-packages:${PYTHONPATH} /usr/bin/python3 -W ignore:setup.py install is deprecated setup.py egg_info --egg-base ../../../build/ar_track build --build-base /home/a/aruco_ws/build/ar_track/build install --record /home/a/aruco_ws/build/ar_track/install.log --single-version-externally-managed install_data
[0.822s] running egg_info
[0.822s] creating ../../../build/ar_track/ar_track.egg-info
[0.822s] writing ../../../build/ar_track/ar_track.egg-info/PKG-INFO
[0.822s] writing dependency_links to ../../../build/ar_track/ar_track.egg-info/dependency_links.txt
[0.822s] writing entry points to ../../../build/ar_track/ar_track.egg-info/entry_points.txt
[0.822s] writing requirements to ../../../build/ar_track/ar_track.egg-info/requires.txt
[0.822s] writing top-level names to ../../../build/ar_track/ar_track.egg-info/top_level.txt
[0.823s] writing manifest file '../../../build/ar_track/ar_track.egg-info/SOURCES.txt'
[0.823s] reading manifest file '../../../build/ar_track/ar_track.egg-info/SOURCES.txt'
[0.823s] writing manifest file '../../../build/ar_track/ar_track.egg-info/SOURCES.txt'
[0.823s] running build
[0.823s] running install
[0.824s] running install_data
[0.824s] creating /home/a/aruco_ws/install/ar_track/share/ament_index
[0.824s] creating /home/a/aruco_ws/install/ar_track/share/ament_index/resource_index
[0.824s] creating /home/a/aruco_ws/install/ar_track/share/ament_index/resource_index/packages
[0.824s] copying ar_track/resource/ar_track -> /home/a/aruco_ws/install/ar_track/share/ament_index/resource_index/packages
[0.824s] copying package.xml -> /home/a/aruco_ws/install/ar_track/share/ar_track
[0.824s] running install_egg_info
[0.825s] Copying ../../../build/ar_track/ar_track.egg-info to /home/a/aruco_ws/install/ar_track/lib/python3.8/site-packages/ar_track-0.0.0-py3.8.egg-info
[0.826s] running install_scripts
[0.837s] Installing pub_tb3_pose2d script to /home/a/aruco_ws/install/ar_track/lib/ar_track
[0.838s] Installing stop_tb3 script to /home/a/aruco_ws/install/ar_track/lib/ar_track
[0.838s] Installing track_marker script to /home/a/aruco_ws/install/ar_track/lib/ar_track
[0.838s] writing list of installed files to '/home/a/aruco_ws/build/ar_track/install.log'
[0.850s] Invoked command in '/home/a/aruco_ws/src/ros2_aruco/ar_track_copy' returned '0': PYTHONPATH=/home/a/aruco_ws/build/ar_track/prefix_override:/home/a/aruco_ws/install/ar_track/lib/python3.8/site-packages:${PYTHONPATH} /usr/bin/python3 -W ignore:setup.py install is deprecated setup.py egg_info --egg-base ../../../build/ar_track build --build-base /home/a/aruco_ws/build/ar_track/build install --record /home/a/aruco_ws/build/ar_track/install.log --single-version-externally-managed install_data
