[0.676s] Invoking command in '/home/a/aruco_ws/src/ros2_aruco/ros2_aruco': PYTHONPATH=/home/a/aruco_ws/build/ros2_aruco/prefix_override:/home/a/aruco_ws/install/ros2_aruco/lib/python3.8/site-packages:${PYTHONPATH} /usr/bin/python3 -W ignore:setup.py install is deprecated setup.py egg_info --egg-base ../../../build/ros2_aruco build --build-base /home/a/aruco_ws/build/ros2_aruco/build install --record /home/a/aruco_ws/build/ros2_aruco/install.log --single-version-externally-managed install_data
[0.834s] running egg_info
[0.835s] writing ../../../build/ros2_aruco/ros2_aruco.egg-info/PKG-INFO
[0.835s] writing dependency_links to ../../../build/ros2_aruco/ros2_aruco.egg-info/dependency_links.txt
[0.835s] writing entry points to ../../../build/ros2_aruco/ros2_aruco.egg-info/entry_points.txt
[0.835s] writing requirements to ../../../build/ros2_aruco/ros2_aruco.egg-info/requires.txt
[0.835s] writing top-level names to ../../../build/ros2_aruco/ros2_aruco.egg-info/top_level.txt
[0.836s] reading manifest file '../../../build/ros2_aruco/ros2_aruco.egg-info/SOURCES.txt'
[0.837s] writing manifest file '../../../build/ros2_aruco/ros2_aruco.egg-info/SOURCES.txt'
[0.837s] running build
[0.837s] running build_py
[0.837s] running install
[0.837s] running install_lib
[0.838s] running install_data
[0.838s] running install_egg_info
[0.839s] removing '/home/a/aruco_ws/install/ros2_aruco/lib/python3.8/site-packages/ros2_aruco-0.1.0-py3.8.egg-info' (and everything under it)
[0.839s] Copying ../../../build/ros2_aruco/ros2_aruco.egg-info to /home/a/aruco_ws/install/ros2_aruco/lib/python3.8/site-packages/ros2_aruco-0.1.0-py3.8.egg-info
[0.840s] running install_scripts
[0.851s] Installing aruco_generate_marker script to /home/a/aruco_ws/install/ros2_aruco/lib/ros2_aruco
[0.851s] Installing aruco_node script to /home/a/aruco_ws/install/ros2_aruco/lib/ros2_aruco
[0.851s] writing list of installed files to '/home/a/aruco_ws/build/ros2_aruco/install.log'
