[0.382s] Invoking command in '/home/ubuntu/ros2_ws/build/image_geometry': CMAKE_PREFIX_PATH=${CMAKE_PREFIX_PATH}:/home/ubuntu/ros2_ws/install/opencv_tests:/home/ubuntu/ros2_ws/install/camera_calibration:/home/ubuntu/turtlebot3_ws/install/turtlebot3_teleop:/home/ubuntu/turtlebot3_ws/install/turtlebot3_example:/opt/ros/foxy /usr/bin/cmake --build /home/ubuntu/ros2_ws/build/image_geometry -- -j4 -l4
[2.457s] [ 36%] Built target gtest_main
[2.472s] [ 36%] Built target gtest
[2.557s] [ 63%] Built target image_geometry
[3.655s] [ 81%] Built target image_geometry-utest-equi
[3.943s] [100%] Built target image_geometry-utest
[4.190s] Invoked command in '/home/ubuntu/ros2_ws/build/image_geometry' returned '0': CMAKE_PREFIX_PATH=${CMAKE_PREFIX_PATH}:/home/ubuntu/ros2_ws/install/opencv_tests:/home/ubuntu/ros2_ws/install/camera_calibration:/home/ubuntu/turtlebot3_ws/install/turtlebot3_teleop:/home/ubuntu/turtlebot3_ws/install/turtlebot3_example:/opt/ros/foxy /usr/bin/cmake --build /home/ubuntu/ros2_ws/build/image_geometry -- -j4 -l4
[5.513s] Invoking command in '/home/ubuntu/ros2_ws/build/image_geometry': CMAKE_PREFIX_PATH=${CMAKE_PREFIX_PATH}:/home/ubuntu/ros2_ws/install/opencv_tests:/home/ubuntu/ros2_ws/install/camera_calibration:/home/ubuntu/turtlebot3_ws/install/turtlebot3_teleop:/home/ubuntu/turtlebot3_ws/install/turtlebot3_example:/opt/ros/foxy /usr/bin/cmake --install /home/ubuntu/ros2_ws/build/image_geometry
[5.716s] -- Install configuration: ""
[5.724s] -- Execute custom install script
[5.743s] -- Up-to-date symlink: /home/ubuntu/ros2_ws/install/image_geometry/share/image_geometry/environment/pythonpath.sh
[5.748s] -- Up-to-date symlink: /home/ubuntu/ros2_ws/install/image_geometry/share/image_geometry/environment/pythonpath.dsv
[5.755s] -- Up-to-date symlink: /home/ubuntu/ros2_ws/install/image_geometry/lib/python3.8/site-packages/image_geometry/__init__.py
[5.760s] -- Up-to-date symlink: /home/ubuntu/ros2_ws/install/image_geometry/lib/python3.8/site-packages/image_geometry/cameramodels.py
[5.770s] -- Up-to-date symlink: /home/ubuntu/ros2_ws/install/image_geometry/include/image_geometry/pinhole_camera_model.h
[5.778s] -- Up-to-date symlink: /home/ubuntu/ros2_ws/install/image_geometry/include/image_geometry/stereo_camera_model.h
[5.793s] -- Up-to-date symlink: /home/ubuntu/ros2_ws/install/image_geometry/include/image_geometry/visibility_control.hpp
[5.800s] -- Up-to-date symlink: /home/ubuntu/ros2_ws/install/image_geometry/lib/libimage_geometry.so
[5.806s] -- Up-to-date symlink: /home/ubuntu/ros2_ws/install/image_geometry/share/image_geometry/environment/library_path.sh
[5.816s] -- Up-to-date symlink: /home/ubuntu/ros2_ws/install/image_geometry/share/image_geometry/environment/library_path.dsv
[5.823s] -- Up-to-date symlink: /home/ubuntu/ros2_ws/install/image_geometry/share/ament_index/resource_index/package_run_dependencies/image_geometry
[5.852s] -- Up-to-date symlink: /home/ubuntu/ros2_ws/install/image_geometry/share/ament_index/resource_index/parent_prefix_path/image_geometry
[5.855s] -- Up-to-date symlink: /home/ubuntu/ros2_ws/install/image_geometry/share/image_geometry/environment/ament_prefix_path.sh
[5.858s] -- Up-to-date symlink: /home/ubuntu/ros2_ws/install/image_geometry/share/image_geometry/environment/ament_prefix_path.dsv
[5.864s] -- Up-to-date symlink: /home/ubuntu/ros2_ws/install/image_geometry/share/image_geometry/environment/path.sh
[5.877s] -- Up-to-date symlink: /home/ubuntu/ros2_ws/install/image_geometry/share/image_geometry/environment/path.dsv
[5.889s] -- Up-to-date symlink: /home/ubuntu/ros2_ws/install/image_geometry/share/image_geometry/local_setup.bash
[5.896s] -- Up-to-date symlink: /home/ubuntu/ros2_ws/install/image_geometry/share/image_geometry/local_setup.sh
[5.901s] -- Up-to-date symlink: /home/ubuntu/ros2_ws/install/image_geometry/share/image_geometry/local_setup.zsh
[5.915s] -- Up-to-date symlink: /home/ubuntu/ros2_ws/install/image_geometry/share/image_geometry/local_setup.dsv
[5.917s] -- Symlinking: /home/ubuntu/ros2_ws/install/image_geometry/share/image_geometry/package.dsv
[6.100s] -- Up-to-date symlink: /home/ubuntu/ros2_ws/install/image_geometry/share/ament_index/resource_index/packages/image_geometry
[6.121s] -- Up-to-date symlink: /home/ubuntu/ros2_ws/install/image_geometry/share/image_geometry/cmake/ament_cmake_export_libraries-extras.cmake
[6.137s] -- Up-to-date symlink: /home/ubuntu/ros2_ws/install/image_geometry/share/image_geometry/cmake/ament_cmake_export_dependencies-extras.cmake
[6.140s] -- Up-to-date symlink: /home/ubuntu/ros2_ws/install/image_geometry/share/image_geometry/cmake/ament_cmake_export_include_directories-extras.cmake
[6.147s] -- Up-to-date symlink: /home/ubuntu/ros2_ws/install/image_geometry/share/image_geometry/cmake/image_geometryConfig.cmake
[6.155s] -- Up-to-date symlink: /home/ubuntu/ros2_ws/install/image_geometry/share/image_geometry/cmake/image_geometryConfig-version.cmake
[6.176s] -- Up-to-date symlink: /home/ubuntu/ros2_ws/install/image_geometry/share/image_geometry/package.xml
[6.742s] Listing '/home/ubuntu/ros2_ws/install/image_geometry/lib/python3.8/site-packages/image_geometry'...
[6.974s] Invoked command in '/home/ubuntu/ros2_ws/build/image_geometry' returned '0': CMAKE_PREFIX_PATH=${CMAKE_PREFIX_PATH}:/home/ubuntu/ros2_ws/install/opencv_tests:/home/ubuntu/ros2_ws/install/camera_calibration:/home/ubuntu/turtlebot3_ws/install/turtlebot3_teleop:/home/ubuntu/turtlebot3_ws/install/turtlebot3_example:/opt/ros/foxy /usr/bin/cmake --install /home/ubuntu/ros2_ws/build/image_geometry
