[0.250s] Invoking command in '/home/ubuntu/ros2_ws/build/theora_image_transport': CMAKE_PREFIX_PATH=/home/ubuntu/ros2_ws/install/image_transport:/home/ubuntu/ros2_ws/install/cv_bridge:/home/ubuntu/ros2_ws/install/vision_opencv:/home/ubuntu/ros2_ws/install/v4l2_camera:/home/ubuntu/ros2_ws/install/image_pipeline:/home/ubuntu/ros2_ws/install/stereo_image_proc:/home/ubuntu/ros2_ws/install/image_proc:/home/ubuntu/ros2_ws/install/tracetools_image_pipeline:/home/ubuntu/ros2_ws/install/image_transport_plugins:/home/ubuntu/ros2_ws/install/theora_image_transport:/home/ubuntu/ros2_ws/install/image_view:/home/ubuntu/ros2_ws/install/image_rotate:/home/ubuntu/ros2_ws/install/image_publisher:/home/ubuntu/ros2_ws/install/image_common:/home/ubuntu/ros2_ws/install/depth_image_proc:/home/ubuntu/ros2_ws/install/compressed_image_transport:/home/ubuntu/ros2_ws/install/compressed_depth_image_transport:/home/ubuntu/ros2_ws/install/image_geometry:/home/ubuntu/ros2_ws/install/camera_info_manager:/home/ubuntu/ros2_ws/install/camera_calibration_parsers:/home/ubuntu/cv_cam_ws/install/opencv_cam:/home/ubuntu/cv_cam_ws/install/ros2_shared:/home/ubuntu/turtlebot3_ws/install/turtlebot3:/home/ubuntu/turtlebot3_ws/install/turtlebot3_bringup:/home/ubuntu/turtlebot3_ws/install/turtlebot3_node:/home/ubuntu/turtlebot3_ws/install/turtlebot3_description:/home/ubuntu/turtlebot3_ws/install/ld08_driver:/home/ubuntu/ros2_ws/install/opencv_tests:/home/ubuntu/ros2_ws/install/camera_calibration:/home/ubuntu/turtlebot3_ws/install/turtlebot3_teleop:/home/ubuntu/turtlebot3_ws/install/turtlebot3_example:/opt/ros/foxy LD_LIBRARY_PATH=/home/ubuntu/ros2_ws/install/image_transport/lib:/home/ubuntu/ros2_ws/install/cv_bridge/lib:/home/ubuntu/ros2_ws/install/v4l2_camera/lib:/home/ubuntu/ros2_ws/install/stereo_image_proc/lib:/home/ubuntu/ros2_ws/install/image_proc/lib:/home/ubuntu/ros2_ws/install/tracetools_image_pipeline/lib:/home/ubuntu/ros2_ws/install/theora_image_transport/lib:/home/ubuntu/ros2_ws/install/image_view/lib:/home/ubuntu/ros2_ws/install/image_rotate/lib:/home/ubuntu/ros2_ws/install/image_publisher/lib:/home/ubuntu/ros2_ws/install/depth_image_proc/lib:/home/ubuntu/ros2_ws/install/compressed_image_transport/lib:/home/ubuntu/ros2_ws/install/compressed_depth_image_transport/lib:/home/ubuntu/ros2_ws/install/image_geometry/lib:/home/ubuntu/ros2_ws/install/camera_info_manager/lib:/home/ubuntu/ros2_ws/install/camera_calibration_parsers/lib:/home/ubuntu/cv_cam_ws/install/opencv_cam/lib:/opt/ros/foxy/opt/yaml_cpp_vendor/lib:/opt/ros/foxy/lib/aarch64-linux-gnu:/opt/ros/foxy/lib PYTHONPATH=/home/ubuntu/ros2_ws/install/cv_bridge/lib/python3.8/site-packages:/home/ubuntu/ros2_ws/install/theora_image_transport/lib/python3.8/site-packages:/home/ubuntu/ros2_ws/build/opencv_tests:/home/ubuntu/ros2_ws/install/opencv_tests/lib/python3.8/site-packages:/home/ubuntu/ros2_ws/build/camera_calibration/src:/home/ubuntu/ros2_ws/install/camera_calibration/lib/python3.8/site-packages:/home/ubuntu/ros2_ws/install/image_geometry/lib/python3.8/site-packages:/home/ubuntu/turtlebot3_ws/build/turtlebot3_teleop:/home/ubuntu/turtlebot3_ws/install/turtlebot3_teleop/lib/python3.8/site-packages:/home/ubuntu/turtlebot3_ws/build/turtlebot3_example:/home/ubuntu/turtlebot3_ws/install/turtlebot3_example/lib/python3.8/site-packages:/opt/ros/foxy/lib/python3.8/site-packages /usr/bin/cmake --build /home/ubuntu/ros2_ws/build/theora_image_transport -- -j4 -l4
[1.230s] [  2%] Built target theora_image_transport__cpp
[1.684s] [ 10%] Built target theora_image_transport__rosidl_generator_c
[2.213s] [ 18%] Built target theora_image_transport__rosidl_typesupport_fastrtps_cpp
[2.628s] [ 27%] Built target theora_image_transport__rosidl_typesupport_introspection_c
[3.187s] [ 35%] Built target theora_image_transport__rosidl_typesupport_c
[3.713s] [ 43%] Built target theora_image_transport__rosidl_typesupport_fastrtps_c
[4.096s] [ 51%] Built target theora_image_transport__rosidl_typesupport_cpp
[4.481s] [ 59%] Built target theora_image_transport__rosidl_typesupport_introspection_cpp
[4.803s] [ 59%] Built target theora_image_transport
[5.152s] [ 62%] Built target theora_image_transport__py
[5.599s] [ 67%] Built target ogg_saver
[5.995s] [ 72%] Built target theora_image_transport__python
[6.555s] [ 83%] Built target theora_image_transport_component
[7.093s] [ 89%] Built target theora_image_transport__rosidl_typesupport_fastrtps_c__pyext
[7.767s] [ 94%] Built target theora_image_transport__rosidl_typesupport_introspection_c__pyext
[8.246s] [100%] Built target theora_image_transport__rosidl_typesupport_c__pyext
[8.454s] Invoked command in '/home/ubuntu/ros2_ws/build/theora_image_transport' returned '0': CMAKE_PREFIX_PATH=/home/ubuntu/ros2_ws/install/image_transport:/home/ubuntu/ros2_ws/install/cv_bridge:/home/ubuntu/ros2_ws/install/vision_opencv:/home/ubuntu/ros2_ws/install/v4l2_camera:/home/ubuntu/ros2_ws/install/image_pipeline:/home/ubuntu/ros2_ws/install/stereo_image_proc:/home/ubuntu/ros2_ws/install/image_proc:/home/ubuntu/ros2_ws/install/tracetools_image_pipeline:/home/ubuntu/ros2_ws/install/image_transport_plugins:/home/ubuntu/ros2_ws/install/theora_image_transport:/home/ubuntu/ros2_ws/install/image_view:/home/ubuntu/ros2_ws/install/image_rotate:/home/ubuntu/ros2_ws/install/image_publisher:/home/ubuntu/ros2_ws/install/image_common:/home/ubuntu/ros2_ws/install/depth_image_proc:/home/ubuntu/ros2_ws/install/compressed_image_transport:/home/ubuntu/ros2_ws/install/compressed_depth_image_transport:/home/ubuntu/ros2_ws/install/image_geometry:/home/ubuntu/ros2_ws/install/camera_info_manager:/home/ubuntu/ros2_ws/install/camera_calibration_parsers:/home/ubuntu/cv_cam_ws/install/opencv_cam:/home/ubuntu/cv_cam_ws/install/ros2_shared:/home/ubuntu/turtlebot3_ws/install/turtlebot3:/home/ubuntu/turtlebot3_ws/install/turtlebot3_bringup:/home/ubuntu/turtlebot3_ws/install/turtlebot3_node:/home/ubuntu/turtlebot3_ws/install/turtlebot3_description:/home/ubuntu/turtlebot3_ws/install/ld08_driver:/home/ubuntu/ros2_ws/install/opencv_tests:/home/ubuntu/ros2_ws/install/camera_calibration:/home/ubuntu/turtlebot3_ws/install/turtlebot3_teleop:/home/ubuntu/turtlebot3_ws/install/turtlebot3_example:/opt/ros/foxy LD_LIBRARY_PATH=/home/ubuntu/ros2_ws/install/image_transport/lib:/home/ubuntu/ros2_ws/install/cv_bridge/lib:/home/ubuntu/ros2_ws/install/v4l2_camera/lib:/home/ubuntu/ros2_ws/install/stereo_image_proc/lib:/home/ubuntu/ros2_ws/install/image_proc/lib:/home/ubuntu/ros2_ws/install/tracetools_image_pipeline/lib:/home/ubuntu/ros2_ws/install/theora_image_transport/lib:/home/ubuntu/ros2_ws/install/image_view/lib:/home/ubuntu/ros2_ws/install/image_rotate/lib:/home/ubuntu/ros2_ws/install/image_publisher/lib:/home/ubuntu/ros2_ws/install/depth_image_proc/lib:/home/ubuntu/ros2_ws/install/compressed_image_transport/lib:/home/ubuntu/ros2_ws/install/compressed_depth_image_transport/lib:/home/ubuntu/ros2_ws/install/image_geometry/lib:/home/ubuntu/ros2_ws/install/camera_info_manager/lib:/home/ubuntu/ros2_ws/install/camera_calibration_parsers/lib:/home/ubuntu/cv_cam_ws/install/opencv_cam/lib:/opt/ros/foxy/opt/yaml_cpp_vendor/lib:/opt/ros/foxy/lib/aarch64-linux-gnu:/opt/ros/foxy/lib PYTHONPATH=/home/ubuntu/ros2_ws/install/cv_bridge/lib/python3.8/site-packages:/home/ubuntu/ros2_ws/install/theora_image_transport/lib/python3.8/site-packages:/home/ubuntu/ros2_ws/build/opencv_tests:/home/ubuntu/ros2_ws/install/opencv_tests/lib/python3.8/site-packages:/home/ubuntu/ros2_ws/build/camera_calibration/src:/home/ubuntu/ros2_ws/install/camera_calibration/lib/python3.8/site-packages:/home/ubuntu/ros2_ws/install/image_geometry/lib/python3.8/site-packages:/home/ubuntu/turtlebot3_ws/build/turtlebot3_teleop:/home/ubuntu/turtlebot3_ws/install/turtlebot3_teleop/lib/python3.8/site-packages:/home/ubuntu/turtlebot3_ws/build/turtlebot3_example:/home/ubuntu/turtlebot3_ws/install/turtlebot3_example/lib/python3.8/site-packages:/opt/ros/foxy/lib/python3.8/site-packages /usr/bin/cmake --build /home/ubuntu/ros2_ws/build/theora_image_transport -- -j4 -l4
[10.235s] Invoking command in '/home/ubuntu/ros2_ws/build/theora_image_transport': CMAKE_PREFIX_PATH=/home/ubuntu/ros2_ws/install/image_transport:/home/ubuntu/ros2_ws/install/cv_bridge:/home/ubuntu/ros2_ws/install/vision_opencv:/home/ubuntu/ros2_ws/install/v4l2_camera:/home/ubuntu/ros2_ws/install/image_pipeline:/home/ubuntu/ros2_ws/install/stereo_image_proc:/home/ubuntu/ros2_ws/install/image_proc:/home/ubuntu/ros2_ws/install/tracetools_image_pipeline:/home/ubuntu/ros2_ws/install/image_transport_plugins:/home/ubuntu/ros2_ws/install/theora_image_transport:/home/ubuntu/ros2_ws/install/image_view:/home/ubuntu/ros2_ws/install/image_rotate:/home/ubuntu/ros2_ws/install/image_publisher:/home/ubuntu/ros2_ws/install/image_common:/home/ubuntu/ros2_ws/install/depth_image_proc:/home/ubuntu/ros2_ws/install/compressed_image_transport:/home/ubuntu/ros2_ws/install/compressed_depth_image_transport:/home/ubuntu/ros2_ws/install/image_geometry:/home/ubuntu/ros2_ws/install/camera_info_manager:/home/ubuntu/ros2_ws/install/camera_calibration_parsers:/home/ubuntu/cv_cam_ws/install/opencv_cam:/home/ubuntu/cv_cam_ws/install/ros2_shared:/home/ubuntu/turtlebot3_ws/install/turtlebot3:/home/ubuntu/turtlebot3_ws/install/turtlebot3_bringup:/home/ubuntu/turtlebot3_ws/install/turtlebot3_node:/home/ubuntu/turtlebot3_ws/install/turtlebot3_description:/home/ubuntu/turtlebot3_ws/install/ld08_driver:/home/ubuntu/ros2_ws/install/opencv_tests:/home/ubuntu/ros2_ws/install/camera_calibration:/home/ubuntu/turtlebot3_ws/install/turtlebot3_teleop:/home/ubuntu/turtlebot3_ws/install/turtlebot3_example:/opt/ros/foxy LD_LIBRARY_PATH=/home/ubuntu/ros2_ws/install/image_transport/lib:/home/ubuntu/ros2_ws/install/cv_bridge/lib:/home/ubuntu/ros2_ws/install/v4l2_camera/lib:/home/ubuntu/ros2_ws/install/stereo_image_proc/lib:/home/ubuntu/ros2_ws/install/image_proc/lib:/home/ubuntu/ros2_ws/install/tracetools_image_pipeline/lib:/home/ubuntu/ros2_ws/install/theora_image_transport/lib:/home/ubuntu/ros2_ws/install/image_view/lib:/home/ubuntu/ros2_ws/install/image_rotate/lib:/home/ubuntu/ros2_ws/install/image_publisher/lib:/home/ubuntu/ros2_ws/install/depth_image_proc/lib:/home/ubuntu/ros2_ws/install/compressed_image_transport/lib:/home/ubuntu/ros2_ws/install/compressed_depth_image_transport/lib:/home/ubuntu/ros2_ws/install/image_geometry/lib:/home/ubuntu/ros2_ws/install/camera_info_manager/lib:/home/ubuntu/ros2_ws/install/camera_calibration_parsers/lib:/home/ubuntu/cv_cam_ws/install/opencv_cam/lib:/opt/ros/foxy/opt/yaml_cpp_vendor/lib:/opt/ros/foxy/lib/aarch64-linux-gnu:/opt/ros/foxy/lib PYTHONPATH=/home/ubuntu/ros2_ws/install/cv_bridge/lib/python3.8/site-packages:/home/ubuntu/ros2_ws/install/theora_image_transport/lib/python3.8/site-packages:/home/ubuntu/ros2_ws/build/opencv_tests:/home/ubuntu/ros2_ws/install/opencv_tests/lib/python3.8/site-packages:/home/ubuntu/ros2_ws/build/camera_calibration/src:/home/ubuntu/ros2_ws/install/camera_calibration/lib/python3.8/site-packages:/home/ubuntu/ros2_ws/install/image_geometry/lib/python3.8/site-packages:/home/ubuntu/turtlebot3_ws/build/turtlebot3_teleop:/home/ubuntu/turtlebot3_ws/install/turtlebot3_teleop/lib/python3.8/site-packages:/home/ubuntu/turtlebot3_ws/build/turtlebot3_example:/home/ubuntu/turtlebot3_ws/install/turtlebot3_example/lib/python3.8/site-packages:/opt/ros/foxy/lib/python3.8/site-packages /usr/bin/cmake --install /home/ubuntu/ros2_ws/build/theora_image_transport
[10.429s] -- Install configuration: ""
[10.433s] -- Execute custom install script
[10.443s] -- Up-to-date symlink: /home/ubuntu/ros2_ws/install/theora_image_transport/share/ament_index/resource_index/rosidl_interfaces/theora_image_transport
[10.450s] -- Up-to-date symlink: /home/ubuntu/ros2_ws/install/theora_image_transport/include/theora_image_transport/msg/detail/packet__functions.h
[10.455s] -- Up-to-date symlink: /home/ubuntu/ros2_ws/install/theora_image_transport/include/theora_image_transport/msg/detail/packet__struct.h
[10.471s] -- Up-to-date symlink: /home/ubuntu/ros2_ws/install/theora_image_transport/include/theora_image_transport/msg/detail/packet__type_support.h
[10.476s] -- Up-to-date symlink: /home/ubuntu/ros2_ws/install/theora_image_transport/include/theora_image_transport/msg/packet.h
[10.479s] -- Up-to-date symlink: /home/ubuntu/ros2_ws/install/theora_image_transport/include/theora_image_transport/msg/rosidl_generator_c__visibility_control.h
[10.485s] -- Up-to-date symlink: /home/ubuntu/ros2_ws/install/theora_image_transport/share/theora_image_transport/environment/library_path.sh
[10.488s] -- Up-to-date symlink: /home/ubuntu/ros2_ws/install/theora_image_transport/share/theora_image_transport/environment/library_path.dsv
[10.502s] -- Up-to-date symlink: /home/ubuntu/ros2_ws/install/theora_image_transport/include/theora_image_transport/msg/detail/packet__rosidl_typesupport_fastrtps_c.h
[10.512s] -- Up-to-date symlink: /home/ubuntu/ros2_ws/install/theora_image_transport/include/theora_image_transport/msg/rosidl_typesupport_fastrtps_c__visibility_control.h
[10.537s] -- Up-to-date symlink: /home/ubuntu/ros2_ws/install/theora_image_transport/lib/libtheora_image_transport__rosidl_typesupport_fastrtps_c.so
[10.548s] -- Up-to-date symlink: /home/ubuntu/ros2_ws/install/theora_image_transport/include/theora_image_transport/msg/detail/packet__rosidl_typesupport_fastrtps_cpp.hpp
[10.552s] -- Up-to-date symlink: /home/ubuntu/ros2_ws/install/theora_image_transport/include/theora_image_transport/msg/rosidl_typesupport_fastrtps_cpp__visibility_control.h
[10.567s] -- Up-to-date symlink: /home/ubuntu/ros2_ws/install/theora_image_transport/lib/libtheora_image_transport__rosidl_typesupport_fastrtps_cpp.so
[10.580s] -- Up-to-date symlink: /home/ubuntu/ros2_ws/install/theora_image_transport/include/theora_image_transport/msg/detail/packet__rosidl_typesupport_introspection_c.h
[10.589s] -- Up-to-date symlink: /home/ubuntu/ros2_ws/install/theora_image_transport/include/theora_image_transport/msg/rosidl_typesupport_introspection_c__visibility_control.h
[10.603s] -- Up-to-date symlink: /home/ubuntu/ros2_ws/install/theora_image_transport/include/theora_image_transport/msg/detail/packet__builder.hpp
[10.607s] -- Up-to-date symlink: /home/ubuntu/ros2_ws/install/theora_image_transport/include/theora_image_transport/msg/detail/packet__struct.hpp
[10.613s] -- Up-to-date symlink: /home/ubuntu/ros2_ws/install/theora_image_transport/include/theora_image_transport/msg/detail/packet__traits.hpp
[10.626s] -- Up-to-date symlink: /home/ubuntu/ros2_ws/install/theora_image_transport/include/theora_image_transport/msg/packet.hpp
[10.642s] -- Up-to-date symlink: /home/ubuntu/ros2_ws/install/theora_image_transport/include/theora_image_transport/msg/detail/packet__rosidl_typesupport_introspection_cpp.hpp
[10.651s] -- Up-to-date symlink: /home/ubuntu/ros2_ws/install/theora_image_transport/share/theora_image_transport/environment/pythonpath.sh
[10.658s] -- Up-to-date symlink: /home/ubuntu/ros2_ws/install/theora_image_transport/share/theora_image_transport/environment/pythonpath.dsv
[10.669s] -- Up-to-date symlink: /home/ubuntu/ros2_ws/install/theora_image_transport/lib/python3.8/site-packages/theora_image_transport/__init__.py
[10.681s] -- Up-to-date symlink: /home/ubuntu/ros2_ws/install/theora_image_transport/lib/python3.8/site-packages/theora_image_transport/msg/__init__.py
[10.688s] -- Up-to-date symlink: /home/ubuntu/ros2_ws/install/theora_image_transport/lib/python3.8/site-packages/theora_image_transport/msg/_packet.py
[10.700s] -- Up-to-date symlink: /home/ubuntu/ros2_ws/install/theora_image_transport/lib/python3.8/site-packages/theora_image_transport/theora_image_transport_s__rosidl_typesupport_fastrtps_c.cpython-38-aarch64-linux-gnu.so
[10.709s] -- Up-to-date symlink: /home/ubuntu/ros2_ws/install/theora_image_transport/lib/python3.8/site-packages/theora_image_transport/theora_image_transport_s__rosidl_typesupport_introspection_c.cpython-38-aarch64-linux-gnu.so
[10.719s] -- Up-to-date symlink: /home/ubuntu/ros2_ws/install/theora_image_transport/lib/python3.8/site-packages/theora_image_transport/theora_image_transport_s__rosidl_typesupport_c.cpython-38-aarch64-linux-gnu.so
[10.731s] -- Up-to-date symlink: /home/ubuntu/ros2_ws/install/theora_image_transport/lib/libtheora_image_transport__python.so
[10.739s] -- Up-to-date symlink: /home/ubuntu/ros2_ws/install/theora_image_transport/share/theora_image_transport/msg/Packet.idl
[10.747s] -- Up-to-date symlink: /home/ubuntu/ros2_ws/install/theora_image_transport/share/theora_image_transport/msg/Packet.msg
[10.758s] -- Up-to-date symlink: /home/ubuntu/ros2_ws/install/theora_image_transport/lib/theora_image_transport/libtheora_image_transport_component.so
[10.763s] -- Up-to-date symlink: /home/ubuntu/ros2_ws/install/theora_image_transport/bin/ogg_saver
[10.785s] -- Up-to-date symlink: /home/ubuntu/ros2_ws/install/theora_image_transport/include/theora_image_transport/theora_publisher.h
[10.793s] -- Up-to-date symlink: /home/ubuntu/ros2_ws/install/theora_image_transport/include/theora_image_transport/theora_subscriber.h
[10.800s] -- Up-to-date symlink: /home/ubuntu/ros2_ws/install/theora_image_transport/share/theora_image_transport//theora_plugins.xml
[10.808s] -- Up-to-date symlink: /home/ubuntu/ros2_ws/install/theora_image_transport/share/ament_index/resource_index/package_run_dependencies/theora_image_transport
[10.816s] -- Up-to-date symlink: /home/ubuntu/ros2_ws/install/theora_image_transport/share/ament_index/resource_index/parent_prefix_path/theora_image_transport
[10.822s] -- Up-to-date symlink: /home/ubuntu/ros2_ws/install/theora_image_transport/share/theora_image_transport/environment/ament_prefix_path.sh
[10.829s] -- Up-to-date symlink: /home/ubuntu/ros2_ws/install/theora_image_transport/share/theora_image_transport/environment/ament_prefix_path.dsv
[10.835s] -- Up-to-date symlink: /home/ubuntu/ros2_ws/install/theora_image_transport/share/theora_image_transport/environment/path.sh
[10.841s] -- Up-to-date symlink: /home/ubuntu/ros2_ws/install/theora_image_transport/share/theora_image_transport/environment/path.dsv
[10.849s] -- Up-to-date symlink: /home/ubuntu/ros2_ws/install/theora_image_transport/share/theora_image_transport/local_setup.bash
[10.858s] -- Up-to-date symlink: /home/ubuntu/ros2_ws/install/theora_image_transport/share/theora_image_transport/local_setup.sh
[10.864s] -- Up-to-date symlink: /home/ubuntu/ros2_ws/install/theora_image_transport/share/theora_image_transport/local_setup.zsh
[10.882s] -- Up-to-date symlink: /home/ubuntu/ros2_ws/install/theora_image_transport/share/theora_image_transport/local_setup.dsv
[10.883s] -- Symlinking: /home/ubuntu/ros2_ws/install/theora_image_transport/share/theora_image_transport/package.dsv
[11.060s] -- Up-to-date symlink: /home/ubuntu/ros2_ws/install/theora_image_transport/share/ament_index/resource_index/packages/theora_image_transport
[11.070s] -- Up-to-date symlink: /home/ubuntu/ros2_ws/install/theora_image_transport/share/ament_index/resource_index/image_transport__pluginlib__plugin/theora_image_transport
[11.087s] -- Up-to-date symlink: /home/ubuntu/ros2_ws/install/theora_image_transport/share/theora_image_transport/cmake/rosidl_cmake-extras.cmake
[11.103s] -- Up-to-date symlink: /home/ubuntu/ros2_ws/install/theora_image_transport/share/theora_image_transport/cmake/ament_cmake_export_dependencies-extras.cmake
[11.114s] -- Up-to-date symlink: /home/ubuntu/ros2_ws/install/theora_image_transport/share/theora_image_transport/cmake/ament_cmake_export_libraries-extras.cmake
[11.117s] -- Up-to-date symlink: /home/ubuntu/ros2_ws/install/theora_image_transport/share/theora_image_transport/cmake/ament_cmake_export_targets-extras.cmake
[11.124s] -- Up-to-date symlink: /home/ubuntu/ros2_ws/install/theora_image_transport/share/theora_image_transport/cmake/ament_cmake_export_include_directories-extras.cmake
[11.130s] -- Up-to-date symlink: /home/ubuntu/ros2_ws/install/theora_image_transport/share/theora_image_transport/cmake/rosidl_cmake_export_typesupport_libraries-extras.cmake
[11.134s] -- Up-to-date symlink: /home/ubuntu/ros2_ws/install/theora_image_transport/share/theora_image_transport/cmake/rosidl_cmake_export_typesupport_targets-extras.cmake
[11.142s] -- Up-to-date symlink: /home/ubuntu/ros2_ws/install/theora_image_transport/share/theora_image_transport/cmake/theora_image_transportConfig.cmake
[11.164s] -- Up-to-date symlink: /home/ubuntu/ros2_ws/install/theora_image_transport/share/theora_image_transport/cmake/theora_image_transportConfig-version.cmake
[11.180s] -- Up-to-date symlink: /home/ubuntu/ros2_ws/install/theora_image_transport/share/theora_image_transport/package.xml
[11.197s] -- Up-to-date: /home/ubuntu/ros2_ws/install/theora_image_transport/lib/libtheora_image_transport__rosidl_generator_c.so
[11.203s] -- Up-to-date: /home/ubuntu/ros2_ws/install/theora_image_transport/lib/libtheora_image_transport__rosidl_typesupport_introspection_c.so
[11.205s] -- Up-to-date: /home/ubuntu/ros2_ws/install/theora_image_transport/lib/libtheora_image_transport__rosidl_typesupport_c.so
[11.216s] -- Up-to-date: /home/ubuntu/ros2_ws/install/theora_image_transport/lib/libtheora_image_transport__rosidl_typesupport_introspection_cpp.so
[11.223s] -- Up-to-date: /home/ubuntu/ros2_ws/install/theora_image_transport/lib/libtheora_image_transport__rosidl_typesupport_cpp.so
[11.871s] -- Up-to-date: /home/ubuntu/ros2_ws/install/theora_image_transport/share/theora_image_transport/cmake/theora_image_transport__rosidl_generator_cExport.cmake
[11.876s] -- Up-to-date: /home/ubuntu/ros2_ws/install/theora_image_transport/share/theora_image_transport/cmake/theora_image_transport__rosidl_generator_cExport-noconfig.cmake
[11.886s] -- Up-to-date: /home/ubuntu/ros2_ws/install/theora_image_transport/share/theora_image_transport/cmake/theora_image_transport__rosidl_typesupport_introspection_cExport.cmake
[11.893s] -- Up-to-date: /home/ubuntu/ros2_ws/install/theora_image_transport/share/theora_image_transport/cmake/theora_image_transport__rosidl_typesupport_introspection_cExport-noconfig.cmake
[11.896s] -- Up-to-date: /home/ubuntu/ros2_ws/install/theora_image_transport/share/theora_image_transport/cmake/theora_image_transport__rosidl_typesupport_cExport.cmake
[11.898s] -- Up-to-date: /home/ubuntu/ros2_ws/install/theora_image_transport/share/theora_image_transport/cmake/theora_image_transport__rosidl_typesupport_cExport-noconfig.cmake
[11.909s] -- Up-to-date: /home/ubuntu/ros2_ws/install/theora_image_transport/share/theora_image_transport/cmake/theora_image_transport__rosidl_generator_cppExport.cmake
[11.914s] -- Up-to-date: /home/ubuntu/ros2_ws/install/theora_image_transport/share/theora_image_transport/cmake/theora_image_transport__rosidl_typesupport_introspection_cppExport.cmake
[11.917s] -- Up-to-date: /home/ubuntu/ros2_ws/install/theora_image_transport/share/theora_image_transport/cmake/theora_image_transport__rosidl_typesupport_introspection_cppExport-noconfig.cmake
[11.925s] -- Up-to-date: /home/ubuntu/ros2_ws/install/theora_image_transport/share/theora_image_transport/cmake/theora_image_transport__rosidl_typesupport_cppExport.cmake
[11.930s] -- Up-to-date: /home/ubuntu/ros2_ws/install/theora_image_transport/share/theora_image_transport/cmake/theora_image_transport__rosidl_typesupport_cppExport-noconfig.cmake
[11.964s] Invoked command in '/home/ubuntu/ros2_ws/build/theora_image_transport' returned '0': CMAKE_PREFIX_PATH=/home/ubuntu/ros2_ws/install/image_transport:/home/ubuntu/ros2_ws/install/cv_bridge:/home/ubuntu/ros2_ws/install/vision_opencv:/home/ubuntu/ros2_ws/install/v4l2_camera:/home/ubuntu/ros2_ws/install/image_pipeline:/home/ubuntu/ros2_ws/install/stereo_image_proc:/home/ubuntu/ros2_ws/install/image_proc:/home/ubuntu/ros2_ws/install/tracetools_image_pipeline:/home/ubuntu/ros2_ws/install/image_transport_plugins:/home/ubuntu/ros2_ws/install/theora_image_transport:/home/ubuntu/ros2_ws/install/image_view:/home/ubuntu/ros2_ws/install/image_rotate:/home/ubuntu/ros2_ws/install/image_publisher:/home/ubuntu/ros2_ws/install/image_common:/home/ubuntu/ros2_ws/install/depth_image_proc:/home/ubuntu/ros2_ws/install/compressed_image_transport:/home/ubuntu/ros2_ws/install/compressed_depth_image_transport:/home/ubuntu/ros2_ws/install/image_geometry:/home/ubuntu/ros2_ws/install/camera_info_manager:/home/ubuntu/ros2_ws/install/camera_calibration_parsers:/home/ubuntu/cv_cam_ws/install/opencv_cam:/home/ubuntu/cv_cam_ws/install/ros2_shared:/home/ubuntu/turtlebot3_ws/install/turtlebot3:/home/ubuntu/turtlebot3_ws/install/turtlebot3_bringup:/home/ubuntu/turtlebot3_ws/install/turtlebot3_node:/home/ubuntu/turtlebot3_ws/install/turtlebot3_description:/home/ubuntu/turtlebot3_ws/install/ld08_driver:/home/ubuntu/ros2_ws/install/opencv_tests:/home/ubuntu/ros2_ws/install/camera_calibration:/home/ubuntu/turtlebot3_ws/install/turtlebot3_teleop:/home/ubuntu/turtlebot3_ws/install/turtlebot3_example:/opt/ros/foxy LD_LIBRARY_PATH=/home/ubuntu/ros2_ws/install/image_transport/lib:/home/ubuntu/ros2_ws/install/cv_bridge/lib:/home/ubuntu/ros2_ws/install/v4l2_camera/lib:/home/ubuntu/ros2_ws/install/stereo_image_proc/lib:/home/ubuntu/ros2_ws/install/image_proc/lib:/home/ubuntu/ros2_ws/install/tracetools_image_pipeline/lib:/home/ubuntu/ros2_ws/install/theora_image_transport/lib:/home/ubuntu/ros2_ws/install/image_view/lib:/home/ubuntu/ros2_ws/install/image_rotate/lib:/home/ubuntu/ros2_ws/install/image_publisher/lib:/home/ubuntu/ros2_ws/install/depth_image_proc/lib:/home/ubuntu/ros2_ws/install/compressed_image_transport/lib:/home/ubuntu/ros2_ws/install/compressed_depth_image_transport/lib:/home/ubuntu/ros2_ws/install/image_geometry/lib:/home/ubuntu/ros2_ws/install/camera_info_manager/lib:/home/ubuntu/ros2_ws/install/camera_calibration_parsers/lib:/home/ubuntu/cv_cam_ws/install/opencv_cam/lib:/opt/ros/foxy/opt/yaml_cpp_vendor/lib:/opt/ros/foxy/lib/aarch64-linux-gnu:/opt/ros/foxy/lib PYTHONPATH=/home/ubuntu/ros2_ws/install/cv_bridge/lib/python3.8/site-packages:/home/ubuntu/ros2_ws/install/theora_image_transport/lib/python3.8/site-packages:/home/ubuntu/ros2_ws/build/opencv_tests:/home/ubuntu/ros2_ws/install/opencv_tests/lib/python3.8/site-packages:/home/ubuntu/ros2_ws/build/camera_calibration/src:/home/ubuntu/ros2_ws/install/camera_calibration/lib/python3.8/site-packages:/home/ubuntu/ros2_ws/install/image_geometry/lib/python3.8/site-packages:/home/ubuntu/turtlebot3_ws/build/turtlebot3_teleop:/home/ubuntu/turtlebot3_ws/install/turtlebot3_teleop/lib/python3.8/site-packages:/home/ubuntu/turtlebot3_ws/build/turtlebot3_example:/home/ubuntu/turtlebot3_ws/install/turtlebot3_example/lib/python3.8/site-packages:/opt/ros/foxy/lib/python3.8/site-packages /usr/bin/cmake --install /home/ubuntu/ros2_ws/build/theora_image_transport
