[0.165s] Invoking command in '/home/ubuntu/ros2_ws/build/v4l2_camera': CMAKE_PREFIX_PATH=/home/ubuntu/ros2_ws/install/camera_info_manager:/home/ubuntu/ros2_ws/install/image_transport:/home/ubuntu/ros2_ws/install/camera_calibration_parsers:/home/ubuntu/ros2_ws/install/vision_opencv:/home/ubuntu/ros2_ws/install/v4l2_camera:/home/ubuntu/ros2_ws/install/image_transport_plugins:/home/ubuntu/ros2_ws/install/theora_image_transport:/home/ubuntu/ros2_ws/install/image_common:/home/ubuntu/ros2_ws/install/compressed_image_transport:/home/ubuntu/ros2_ws/install/compressed_depth_image_transport:/home/ubuntu/ros2_ws/install/image_geometry:/home/ubuntu/ros2_ws/install/cv_bridge:/home/ubuntu/turtlebot3_ws/install/turtlebot3:/home/ubuntu/turtlebot3_ws/install/turtlebot3_bringup:/home/ubuntu/turtlebot3_ws/install/turtlebot3_node:/home/ubuntu/turtlebot3_ws/install/turtlebot3_description:/home/ubuntu/turtlebot3_ws/install/ld08_driver:/home/ubuntu/ros2_ws/install/opencv_tests:/home/ubuntu/turtlebot3_ws/install/turtlebot3_teleop:/home/ubuntu/turtlebot3_ws/install/turtlebot3_example:/opt/ros/foxy LD_LIBRARY_PATH=/home/ubuntu/ros2_ws/install/camera_info_manager/lib:/home/ubuntu/ros2_ws/install/image_transport/lib:/home/ubuntu/ros2_ws/install/camera_calibration_parsers/lib:/home/ubuntu/ros2_ws/install/v4l2_camera/lib:/home/ubuntu/ros2_ws/install/theora_image_transport/lib:/home/ubuntu/ros2_ws/install/compressed_image_transport/lib:/home/ubuntu/ros2_ws/install/compressed_depth_image_transport/lib:/home/ubuntu/ros2_ws/install/image_geometry/lib:/home/ubuntu/ros2_ws/install/cv_bridge/lib:/opt/ros/foxy/opt/yaml_cpp_vendor/lib:/opt/ros/foxy/lib/aarch64-linux-gnu:/opt/ros/foxy/lib /usr/bin/cmake /home/ubuntu/ros2_ws/src/src/v4l2_camera -DAMENT_CMAKE_SYMLINK_INSTALL=1 -DCMAKE_INSTALL_PREFIX=/home/ubuntu/ros2_ws/install/v4l2_camera
[0.753s] -- The C compiler identification is GNU 9.4.0
[1.324s] -- The CXX compiler identification is GNU 9.4.0
[1.401s] -- Check for working C compiler: /usr/bin/cc
[2.183s] -- Check for working C compiler: /usr/bin/cc -- works
[2.192s] -- Detecting C compiler ABI info
[2.951s] -- Detecting C compiler ABI info - done
[3.072s] -- Detecting C compile features
[3.080s] -- Detecting C compile features - done
[3.107s] -- Check for working CXX compiler: /usr/bin/c++
[3.945s] -- Check for working CXX compiler: /usr/bin/c++ -- works
[3.966s] -- Detecting CXX compiler ABI info
[4.782s] -- Detecting CXX compiler ABI info - done
[4.888s] -- Detecting CXX compile features
[4.894s] -- Detecting CXX compile features - done
[4.952s] -- Found ament_cmake: 0.9.8 (/opt/ros/foxy/share/ament_cmake/cmake)
[5.391s] -- Found PythonInterp: /usr/bin/python3 (found suitable version "3.8.10", minimum required is "3") 
[5.393s] -- Using PYTHON_EXECUTABLE: /usr/bin/python3
[7.519s] -- Override CMake install command with custom implementation using symlinks instead of copying resources
[8.103s] -- Found ament_cmake_ros: 0.9.2 (/opt/ros/foxy/share/ament_cmake_ros/cmake)
[8.323s] -- Found rclcpp: 2.3.1 (/opt/ros/foxy/share/rclcpp/cmake)
[9.141s] -- Using all available rosidl_typesupport_c: rosidl_typesupport_fastrtps_c;rosidl_typesupport_introspection_c
[9.311s] -- Found rosidl_adapter: 1.2.1 (/opt/ros/foxy/share/rosidl_adapter/cmake)
[10.337s] -- Found OpenSSL: /usr/lib/aarch64-linux-gnu/libcrypto.so (found version "1.1.1f")  
[10.665s] -- Found FastRTPS: /opt/ros/foxy/include  
[11.709s] -- Using all available rosidl_typesupport_cpp: rosidl_typesupport_fastrtps_cpp;rosidl_typesupport_introspection_cpp
[13.113s] -- Found rmw_implementation_cmake: 1.0.3 (/opt/ros/foxy/share/rmw_implementation_cmake/cmake)
[13.166s] -- Using RMW implementation 'rmw_fastrtps_cpp' as default
[13.175s] -- Looking for pthread.h
[15.090s] -- Looking for pthread.h - found
[15.098s] -- Performing Test CMAKE_HAVE_LIBC_PTHREAD
[17.002s] -- Performing Test CMAKE_HAVE_LIBC_PTHREAD - Failed
[17.014s] -- Looking for pthread_create in pthreads
[18.783s] -- Looking for pthread_create in pthreads - not found
[18.788s] -- Looking for pthread_create in pthread
[20.574s] -- Looking for pthread_create in pthread - found
[20.617s] -- Found Threads: TRUE  
[24.875s] -- Found rclcpp_components: 2.3.1 (/opt/ros/foxy/share/rclcpp_components/cmake)
[59.554s] -- Found image_transport: 2.4.0 (/home/ubuntu/ros2_ws/install/image_transport/share/image_transport/cmake)
[77.334s] -- Found camera_info_manager: 2.4.0 (/home/ubuntu/ros2_ws/install/camera_info_manager/share/camera_info_manager/cmake)
[83.436s] -- Setting yaml-cpp_DIR to: '/opt/ros/foxy/share/yaml_cpp_vendor/cmake/../../../opt/yaml_cpp_vendor/lib/cmake/yaml-cpp'
[84.533s] -- Found ament_lint_auto: 0.9.6 (/opt/ros/foxy/share/ament_lint_auto/cmake)
[92.747s] -- Added test 'cppcheck' to perform static code analysis on C / C++ code
[92.753s] -- Configured cppcheck include dirs: $<BUILD_INTERFACE:/home/ubuntu/ros2_ws/src/src/v4l2_camera/include>
[92.754s] -- Configured cppcheck exclude dirs and/or files: 
[92.820s] -- Added test 'cpplint' to check C / C++ code against the Google style
[92.821s] -- Configured cpplint exclude dirs and/or files: 
[92.877s] -- Added test 'lint_cmake' to check CMake code style
[92.949s] -- Added test 'uncrustify' to check C / C++ code style
[92.950s] -- Configured uncrustify additional arguments: 
[92.971s] -- Added test 'xmllint' to check XML markup files
[94.305s] -- Configuring done
[96.414s] -- Generating done
[96.439s] -- Build files have been written to: /home/ubuntu/ros2_ws/build/v4l2_camera
[112.900s] Invoked command in '/home/ubuntu/ros2_ws/build/v4l2_camera' returned '0': CMAKE_PREFIX_PATH=/home/ubuntu/ros2_ws/install/camera_info_manager:/home/ubuntu/ros2_ws/install/image_transport:/home/ubuntu/ros2_ws/install/camera_calibration_parsers:/home/ubuntu/ros2_ws/install/vision_opencv:/home/ubuntu/ros2_ws/install/v4l2_camera:/home/ubuntu/ros2_ws/install/image_transport_plugins:/home/ubuntu/ros2_ws/install/theora_image_transport:/home/ubuntu/ros2_ws/install/image_common:/home/ubuntu/ros2_ws/install/compressed_image_transport:/home/ubuntu/ros2_ws/install/compressed_depth_image_transport:/home/ubuntu/ros2_ws/install/image_geometry:/home/ubuntu/ros2_ws/install/cv_bridge:/home/ubuntu/turtlebot3_ws/install/turtlebot3:/home/ubuntu/turtlebot3_ws/install/turtlebot3_bringup:/home/ubuntu/turtlebot3_ws/install/turtlebot3_node:/home/ubuntu/turtlebot3_ws/install/turtlebot3_description:/home/ubuntu/turtlebot3_ws/install/ld08_driver:/home/ubuntu/ros2_ws/install/opencv_tests:/home/ubuntu/turtlebot3_ws/install/turtlebot3_teleop:/home/ubuntu/turtlebot3_ws/install/turtlebot3_example:/opt/ros/foxy LD_LIBRARY_PATH=/home/ubuntu/ros2_ws/install/camera_info_manager/lib:/home/ubuntu/ros2_ws/install/image_transport/lib:/home/ubuntu/ros2_ws/install/camera_calibration_parsers/lib:/home/ubuntu/ros2_ws/install/v4l2_camera/lib:/home/ubuntu/ros2_ws/install/theora_image_transport/lib:/home/ubuntu/ros2_ws/install/compressed_image_transport/lib:/home/ubuntu/ros2_ws/install/compressed_depth_image_transport/lib:/home/ubuntu/ros2_ws/install/image_geometry/lib:/home/ubuntu/ros2_ws/install/cv_bridge/lib:/opt/ros/foxy/opt/yaml_cpp_vendor/lib:/opt/ros/foxy/lib/aarch64-linux-gnu:/opt/ros/foxy/lib /usr/bin/cmake /home/ubuntu/ros2_ws/src/src/v4l2_camera -DAMENT_CMAKE_SYMLINK_INSTALL=1 -DCMAKE_INSTALL_PREFIX=/home/ubuntu/ros2_ws/install/v4l2_camera
[112.952s] Invoking command in '/home/ubuntu/ros2_ws/build/v4l2_camera': CMAKE_PREFIX_PATH=/home/ubuntu/ros2_ws/install/camera_info_manager:/home/ubuntu/ros2_ws/install/image_transport:/home/ubuntu/ros2_ws/install/camera_calibration_parsers:/home/ubuntu/ros2_ws/install/vision_opencv:/home/ubuntu/ros2_ws/install/v4l2_camera:/home/ubuntu/ros2_ws/install/image_transport_plugins:/home/ubuntu/ros2_ws/install/theora_image_transport:/home/ubuntu/ros2_ws/install/image_common:/home/ubuntu/ros2_ws/install/compressed_image_transport:/home/ubuntu/ros2_ws/install/compressed_depth_image_transport:/home/ubuntu/ros2_ws/install/image_geometry:/home/ubuntu/ros2_ws/install/cv_bridge:/home/ubuntu/turtlebot3_ws/install/turtlebot3:/home/ubuntu/turtlebot3_ws/install/turtlebot3_bringup:/home/ubuntu/turtlebot3_ws/install/turtlebot3_node:/home/ubuntu/turtlebot3_ws/install/turtlebot3_description:/home/ubuntu/turtlebot3_ws/install/ld08_driver:/home/ubuntu/ros2_ws/install/opencv_tests:/home/ubuntu/turtlebot3_ws/install/turtlebot3_teleop:/home/ubuntu/turtlebot3_ws/install/turtlebot3_example:/opt/ros/foxy LD_LIBRARY_PATH=/home/ubuntu/ros2_ws/install/camera_info_manager/lib:/home/ubuntu/ros2_ws/install/image_transport/lib:/home/ubuntu/ros2_ws/install/camera_calibration_parsers/lib:/home/ubuntu/ros2_ws/install/v4l2_camera/lib:/home/ubuntu/ros2_ws/install/theora_image_transport/lib:/home/ubuntu/ros2_ws/install/compressed_image_transport/lib:/home/ubuntu/ros2_ws/install/compressed_depth_image_transport/lib:/home/ubuntu/ros2_ws/install/image_geometry/lib:/home/ubuntu/ros2_ws/install/cv_bridge/lib:/opt/ros/foxy/opt/yaml_cpp_vendor/lib:/opt/ros/foxy/lib/aarch64-linux-gnu:/opt/ros/foxy/lib /usr/bin/cmake --build /home/ubuntu/ros2_ws/build/v4l2_camera -- -j4 -l4
[130.456s] [35m[1mScanning dependencies of target v4l2_camera[0m
[143.720s] [ 14%] [32mBuilding CXX object CMakeFiles/v4l2_camera.dir/src/v4l2_camera.cpp.o[0m
[228.217s] [ 28%] [32mBuilding CXX object CMakeFiles/v4l2_camera.dir/src/v4l2_camera_device.cpp.o[0m
[261.248s] [ 42%] [32m[1mLinking CXX shared library libv4l2_camera.so[0m
[268.681s] [ 42%] Built target v4l2_camera
[269.004s] [35m[1mScanning dependencies of target v4l2_camera_compose_test[0m
[272.624s] [ 57%] [32mBuilding CXX object CMakeFiles/v4l2_camera_compose_test.dir/src/v4l2_camera_compose_test.cpp.o[0m
[334.074s] [ 71%] [32m[1mLinking CXX executable v4l2_camera_compose_test[0m
[340.943s] [ 71%] Built target v4l2_camera_compose_test
[341.149s] [35m[1mScanning dependencies of target v4l2_camera_node[0m
[342.544s] [ 85%] [32mBuilding CXX object CMakeFiles/v4l2_camera_node.dir/src/v4l2_camera_node.cpp.o[0m
[434.933s] [100%] [32m[1mLinking CXX executable v4l2_camera_node[0m
[439.829s] [100%] Built target v4l2_camera_node
[445.881s] Invoked command in '/home/ubuntu/ros2_ws/build/v4l2_camera' returned '0': CMAKE_PREFIX_PATH=/home/ubuntu/ros2_ws/install/camera_info_manager:/home/ubuntu/ros2_ws/install/image_transport:/home/ubuntu/ros2_ws/install/camera_calibration_parsers:/home/ubuntu/ros2_ws/install/vision_opencv:/home/ubuntu/ros2_ws/install/v4l2_camera:/home/ubuntu/ros2_ws/install/image_transport_plugins:/home/ubuntu/ros2_ws/install/theora_image_transport:/home/ubuntu/ros2_ws/install/image_common:/home/ubuntu/ros2_ws/install/compressed_image_transport:/home/ubuntu/ros2_ws/install/compressed_depth_image_transport:/home/ubuntu/ros2_ws/install/image_geometry:/home/ubuntu/ros2_ws/install/cv_bridge:/home/ubuntu/turtlebot3_ws/install/turtlebot3:/home/ubuntu/turtlebot3_ws/install/turtlebot3_bringup:/home/ubuntu/turtlebot3_ws/install/turtlebot3_node:/home/ubuntu/turtlebot3_ws/install/turtlebot3_description:/home/ubuntu/turtlebot3_ws/install/ld08_driver:/home/ubuntu/ros2_ws/install/opencv_tests:/home/ubuntu/turtlebot3_ws/install/turtlebot3_teleop:/home/ubuntu/turtlebot3_ws/install/turtlebot3_example:/opt/ros/foxy LD_LIBRARY_PATH=/home/ubuntu/ros2_ws/install/camera_info_manager/lib:/home/ubuntu/ros2_ws/install/image_transport/lib:/home/ubuntu/ros2_ws/install/camera_calibration_parsers/lib:/home/ubuntu/ros2_ws/install/v4l2_camera/lib:/home/ubuntu/ros2_ws/install/theora_image_transport/lib:/home/ubuntu/ros2_ws/install/compressed_image_transport/lib:/home/ubuntu/ros2_ws/install/compressed_depth_image_transport/lib:/home/ubuntu/ros2_ws/install/image_geometry/lib:/home/ubuntu/ros2_ws/install/cv_bridge/lib:/opt/ros/foxy/opt/yaml_cpp_vendor/lib:/opt/ros/foxy/lib/aarch64-linux-gnu:/opt/ros/foxy/lib /usr/bin/cmake --build /home/ubuntu/ros2_ws/build/v4l2_camera -- -j4 -l4
[450.143s] Invoking command in '/home/ubuntu/ros2_ws/build/v4l2_camera': CMAKE_PREFIX_PATH=/home/ubuntu/ros2_ws/install/camera_info_manager:/home/ubuntu/ros2_ws/install/image_transport:/home/ubuntu/ros2_ws/install/camera_calibration_parsers:/home/ubuntu/ros2_ws/install/vision_opencv:/home/ubuntu/ros2_ws/install/v4l2_camera:/home/ubuntu/ros2_ws/install/image_transport_plugins:/home/ubuntu/ros2_ws/install/theora_image_transport:/home/ubuntu/ros2_ws/install/image_common:/home/ubuntu/ros2_ws/install/compressed_image_transport:/home/ubuntu/ros2_ws/install/compressed_depth_image_transport:/home/ubuntu/ros2_ws/install/image_geometry:/home/ubuntu/ros2_ws/install/cv_bridge:/home/ubuntu/turtlebot3_ws/install/turtlebot3:/home/ubuntu/turtlebot3_ws/install/turtlebot3_bringup:/home/ubuntu/turtlebot3_ws/install/turtlebot3_node:/home/ubuntu/turtlebot3_ws/install/turtlebot3_description:/home/ubuntu/turtlebot3_ws/install/ld08_driver:/home/ubuntu/ros2_ws/install/opencv_tests:/home/ubuntu/turtlebot3_ws/install/turtlebot3_teleop:/home/ubuntu/turtlebot3_ws/install/turtlebot3_example:/opt/ros/foxy LD_LIBRARY_PATH=/home/ubuntu/ros2_ws/install/camera_info_manager/lib:/home/ubuntu/ros2_ws/install/image_transport/lib:/home/ubuntu/ros2_ws/install/camera_calibration_parsers/lib:/home/ubuntu/ros2_ws/install/v4l2_camera/lib:/home/ubuntu/ros2_ws/install/theora_image_transport/lib:/home/ubuntu/ros2_ws/install/compressed_image_transport/lib:/home/ubuntu/ros2_ws/install/compressed_depth_image_transport/lib:/home/ubuntu/ros2_ws/install/image_geometry/lib:/home/ubuntu/ros2_ws/install/cv_bridge/lib:/opt/ros/foxy/opt/yaml_cpp_vendor/lib:/opt/ros/foxy/lib/aarch64-linux-gnu:/opt/ros/foxy/lib /usr/bin/cmake --install /home/ubuntu/ros2_ws/build/v4l2_camera
[450.385s] -- Install configuration: ""
[450.394s] -- Execute custom install script
[450.447s] -- Symlinking: /home/ubuntu/ros2_ws/install/v4l2_camera/include/v4l2_camera/control.hpp
[450.515s] -- Symlinking: /home/ubuntu/ros2_ws/install/v4l2_camera/include/v4l2_camera/fourcc.hpp
[450.580s] -- Symlinking: /home/ubuntu/ros2_ws/install/v4l2_camera/include/v4l2_camera/image_format.hpp
[450.645s] -- Symlinking: /home/ubuntu/ros2_ws/install/v4l2_camera/include/v4l2_camera/pixel_format.hpp
[450.710s] -- Symlinking: /home/ubuntu/ros2_ws/install/v4l2_camera/include/v4l2_camera/v4l2_camera.hpp
[450.776s] -- Symlinking: /home/ubuntu/ros2_ws/install/v4l2_camera/include/v4l2_camera/v4l2_camera_device.hpp
[450.840s] -- Symlinking: /home/ubuntu/ros2_ws/install/v4l2_camera/include/v4l2_camera/visibility_control.h
[450.958s] -- Symlinking: /home/ubuntu/ros2_ws/install/v4l2_camera/share/v4l2_camera/environment/library_path.sh
[451.035s] -- Symlinking: /home/ubuntu/ros2_ws/install/v4l2_camera/share/v4l2_camera/environment/library_path.dsv
[451.148s] -- Symlinking: /home/ubuntu/ros2_ws/install/v4l2_camera/share/ament_index/resource_index/package_run_dependencies/v4l2_camera
[451.220s] -- Symlinking: /home/ubuntu/ros2_ws/install/v4l2_camera/share/ament_index/resource_index/parent_prefix_path/v4l2_camera
[451.326s] -- Symlinking: /home/ubuntu/ros2_ws/install/v4l2_camera/share/v4l2_camera/environment/ament_prefix_path.sh
[451.400s] -- Symlinking: /home/ubuntu/ros2_ws/install/v4l2_camera/share/v4l2_camera/environment/ament_prefix_path.dsv
[451.469s] -- Symlinking: /home/ubuntu/ros2_ws/install/v4l2_camera/share/v4l2_camera/environment/path.sh
[451.534s] -- Symlinking: /home/ubuntu/ros2_ws/install/v4l2_camera/share/v4l2_camera/environment/path.dsv
[451.604s] -- Symlinking: /home/ubuntu/ros2_ws/install/v4l2_camera/share/v4l2_camera/local_setup.bash
[451.670s] -- Symlinking: /home/ubuntu/ros2_ws/install/v4l2_camera/share/v4l2_camera/local_setup.sh
[451.735s] -- Symlinking: /home/ubuntu/ros2_ws/install/v4l2_camera/share/v4l2_camera/local_setup.zsh
[451.802s] -- Symlinking: /home/ubuntu/ros2_ws/install/v4l2_camera/share/v4l2_camera/local_setup.dsv
[451.868s] -- Symlinking: /home/ubuntu/ros2_ws/install/v4l2_camera/share/v4l2_camera/package.dsv
[451.939s] -- Symlinking: /home/ubuntu/ros2_ws/install/v4l2_camera/share/ament_index/resource_index/packages/v4l2_camera
[452.018s] -- Symlinking: /home/ubuntu/ros2_ws/install/v4l2_camera/share/ament_index/resource_index/rclcpp_components/v4l2_camera
[452.095s] -- Symlinking: /home/ubuntu/ros2_ws/install/v4l2_camera/share/v4l2_camera/cmake/ament_cmake_export_include_directories-extras.cmake
[452.176s] -- Symlinking: /home/ubuntu/ros2_ws/install/v4l2_camera/share/v4l2_camera/cmake/ament_cmake_export_targets-extras.cmake
[452.252s] -- Symlinking: /home/ubuntu/ros2_ws/install/v4l2_camera/share/v4l2_camera/cmake/ament_cmake_export_libraries-extras.cmake
[452.326s] -- Symlinking: /home/ubuntu/ros2_ws/install/v4l2_camera/share/v4l2_camera/cmake/ament_cmake_export_dependencies-extras.cmake
[452.404s] -- Symlinking: /home/ubuntu/ros2_ws/install/v4l2_camera/share/v4l2_camera/cmake/v4l2_cameraConfig.cmake
[452.474s] -- Symlinking: /home/ubuntu/ros2_ws/install/v4l2_camera/share/v4l2_camera/cmake/v4l2_cameraConfig-version.cmake
[452.541s] -- Symlinking: /home/ubuntu/ros2_ws/install/v4l2_camera/share/v4l2_camera/package.xml
[452.606s] -- Installing: /home/ubuntu/ros2_ws/install/v4l2_camera/lib/libv4l2_camera.so
[452.721s] -- Set runtime path of "/home/ubuntu/ros2_ws/install/v4l2_camera/lib/libv4l2_camera.so" to ""
[452.722s] -- Installing: /home/ubuntu/ros2_ws/install/v4l2_camera/lib/v4l2_camera/v4l2_camera_node
[452.724s] -- Set runtime path of "/home/ubuntu/ros2_ws/install/v4l2_camera/lib/v4l2_camera/v4l2_camera_node" to ""
[452.725s] -- Installing: /home/ubuntu/ros2_ws/install/v4l2_camera/lib/v4l2_camera/v4l2_camera_compose_test
[452.969s] -- Set runtime path of "/home/ubuntu/ros2_ws/install/v4l2_camera/lib/v4l2_camera/v4l2_camera_compose_test" to ""
[453.003s] -- Installing: /home/ubuntu/ros2_ws/install/v4l2_camera/share/v4l2_camera/cmake/export_v4l2_cameraExport.cmake
[453.015s] -- Installing: /home/ubuntu/ros2_ws/install/v4l2_camera/share/v4l2_camera/cmake/export_v4l2_cameraExport-noconfig.cmake
[453.131s] Invoked command in '/home/ubuntu/ros2_ws/build/v4l2_camera' returned '0': CMAKE_PREFIX_PATH=/home/ubuntu/ros2_ws/install/camera_info_manager:/home/ubuntu/ros2_ws/install/image_transport:/home/ubuntu/ros2_ws/install/camera_calibration_parsers:/home/ubuntu/ros2_ws/install/vision_opencv:/home/ubuntu/ros2_ws/install/v4l2_camera:/home/ubuntu/ros2_ws/install/image_transport_plugins:/home/ubuntu/ros2_ws/install/theora_image_transport:/home/ubuntu/ros2_ws/install/image_common:/home/ubuntu/ros2_ws/install/compressed_image_transport:/home/ubuntu/ros2_ws/install/compressed_depth_image_transport:/home/ubuntu/ros2_ws/install/image_geometry:/home/ubuntu/ros2_ws/install/cv_bridge:/home/ubuntu/turtlebot3_ws/install/turtlebot3:/home/ubuntu/turtlebot3_ws/install/turtlebot3_bringup:/home/ubuntu/turtlebot3_ws/install/turtlebot3_node:/home/ubuntu/turtlebot3_ws/install/turtlebot3_description:/home/ubuntu/turtlebot3_ws/install/ld08_driver:/home/ubuntu/ros2_ws/install/opencv_tests:/home/ubuntu/turtlebot3_ws/install/turtlebot3_teleop:/home/ubuntu/turtlebot3_ws/install/turtlebot3_example:/opt/ros/foxy LD_LIBRARY_PATH=/home/ubuntu/ros2_ws/install/camera_info_manager/lib:/home/ubuntu/ros2_ws/install/image_transport/lib:/home/ubuntu/ros2_ws/install/camera_calibration_parsers/lib:/home/ubuntu/ros2_ws/install/v4l2_camera/lib:/home/ubuntu/ros2_ws/install/theora_image_transport/lib:/home/ubuntu/ros2_ws/install/compressed_image_transport/lib:/home/ubuntu/ros2_ws/install/compressed_depth_image_transport/lib:/home/ubuntu/ros2_ws/install/image_geometry/lib:/home/ubuntu/ros2_ws/install/cv_bridge/lib:/opt/ros/foxy/opt/yaml_cpp_vendor/lib:/opt/ros/foxy/lib/aarch64-linux-gnu:/opt/ros/foxy/lib /usr/bin/cmake --install /home/ubuntu/ros2_ws/build/v4l2_camera
