[2.824s] Invoking command in '/home/ubuntu/ros2_ws/build/camera_calibration': CMAKE_PREFIX_PATH=/home/ubuntu/ros2_ws/install/image_geometry:/home/ubuntu/ros2_ws/install/cv_bridge:/home/ubuntu/cv_cam_ws/install/opencv_cam:/home/ubuntu/cv_cam_ws/install/ros2_shared:/home/ubuntu/ros2_ws/install/vision_opencv:/home/ubuntu/ros2_ws/install/v4l2_camera:/home/ubuntu/ros2_ws/install/image_transport_plugins:/home/ubuntu/ros2_ws/install/theora_image_transport:/home/ubuntu/ros2_ws/install/image_common:/home/ubuntu/ros2_ws/install/compressed_image_transport:/home/ubuntu/ros2_ws/install/compressed_depth_image_transport:/home/ubuntu/ros2_ws/install/image_transport:/home/ubuntu/ros2_ws/install/camera_info_manager:/home/ubuntu/ros2_ws/install/camera_calibration_parsers:/home/ubuntu/turtlebot3_ws/install/turtlebot3:/home/ubuntu/turtlebot3_ws/install/turtlebot3_bringup:/home/ubuntu/turtlebot3_ws/install/turtlebot3_node:/home/ubuntu/turtlebot3_ws/install/turtlebot3_description:/home/ubuntu/turtlebot3_ws/install/ld08_driver LD_LIBRARY_PATH=/home/ubuntu/ros2_ws/install/image_geometry/lib:/home/ubuntu/ros2_ws/install/cv_bridge/lib:/home/ubuntu/cv_cam_ws/install/opencv_cam/lib:/home/ubuntu/ros2_ws/install/v4l2_camera/lib:/home/ubuntu/ros2_ws/install/theora_image_transport/lib:/home/ubuntu/ros2_ws/install/compressed_image_transport/lib:/home/ubuntu/ros2_ws/install/compressed_depth_image_transport/lib:/home/ubuntu/ros2_ws/install/image_transport/lib:/home/ubuntu/ros2_ws/install/camera_info_manager/lib:/home/ubuntu/ros2_ws/install/camera_calibration_parsers/lib:/opt/ros/foxy/opt/yaml_cpp_vendor/lib:/opt/ros/foxy/lib/aarch64-linux-gnu:/opt/ros/foxy/lib PYTHONPATH=/home/ubuntu/ros2_ws/install/camera_calibration/lib/python3.8/site-packages:/home/ubuntu/ros2_ws/install/image_geometry/lib/python3.8/site-packages:/home/ubuntu/ros2_ws/install/cv_bridge/lib/python3.8/site-packages:/home/ubuntu/ros2_ws/install/theora_image_transport/lib/python3.8/site-packages:/home/ubuntu/ros2_ws/install/opencv_tests/lib/python3.8/site-packages:/home/ubuntu/turtlebot3_ws/build/turtlebot3_teleop:/home/ubuntu/turtlebot3_ws/install/turtlebot3_teleop/lib/python3.8/site-packages:/home/ubuntu/turtlebot3_ws/build/turtlebot3_example:/home/ubuntu/turtlebot3_ws/install/turtlebot3_example/lib/python3.8/site-packages:/opt/ros/foxy/lib/python3.8/site-packages /usr/bin/python3 setup.py develop --prefix /home/ubuntu/ros2_ws/install/camera_calibration --editable --build-directory /home/ubuntu/ros2_ws/build/camera_calibration/build --no-deps install_data --install-dir /home/ubuntu/ros2_ws/install/camera_calibration
[5.747s] running develop
[7.273s] running egg_info
[7.275s] creating src/camera_calibration.egg-info
[7.278s] writing src/camera_calibration.egg-info/PKG-INFO
[7.285s] writing dependency_links to src/camera_calibration.egg-info/dependency_links.txt
[7.289s] writing entry points to src/camera_calibration.egg-info/entry_points.txt
[7.291s] writing requirements to src/camera_calibration.egg-info/requires.txt
[7.294s] writing top-level names to src/camera_calibration.egg-info/top_level.txt
[7.323s] writing manifest file 'src/camera_calibration.egg-info/SOURCES.txt'
[7.768s] reading manifest file 'src/camera_calibration.egg-info/SOURCES.txt'
[7.779s] writing manifest file 'src/camera_calibration.egg-info/SOURCES.txt'
[7.806s] running build_ext
[7.812s] Creating /home/ubuntu/ros2_ws/install/camera_calibration/lib/python3.8/site-packages/site.py
[7.849s] Creating /home/ubuntu/ros2_ws/install/camera_calibration/lib/python3.8/site-packages/camera-calibration.egg-link (link to src)
[7.861s] Installing cameracalibrator script to /home/ubuntu/ros2_ws/install/camera_calibration/lib/camera_calibration
[7.864s] Installing cameracheck script to /home/ubuntu/ros2_ws/install/camera_calibration/lib/camera_calibration
[7.869s] 
[7.871s] Installed /home/ubuntu/ros2_ws/build/camera_calibration/src
[7.873s] running install_data
[7.889s] creating /home/ubuntu/ros2_ws/install/camera_calibration/share/ament_index
[7.892s] creating /home/ubuntu/ros2_ws/install/camera_calibration/share/ament_index/resource_index
[7.895s] creating /home/ubuntu/ros2_ws/install/camera_calibration/share/ament_index/resource_index/packages
[7.898s] copying resource/camera_calibration -> /home/ubuntu/ros2_ws/install/camera_calibration/share/ament_index/resource_index/packages
[7.900s] copying package.xml -> /home/ubuntu/ros2_ws/install/camera_calibration/share/camera_calibration
[8.269s] Invoked command in '/home/ubuntu/ros2_ws/build/camera_calibration' returned '0': CMAKE_PREFIX_PATH=/home/ubuntu/ros2_ws/install/image_geometry:/home/ubuntu/ros2_ws/install/cv_bridge:/home/ubuntu/cv_cam_ws/install/opencv_cam:/home/ubuntu/cv_cam_ws/install/ros2_shared:/home/ubuntu/ros2_ws/install/vision_opencv:/home/ubuntu/ros2_ws/install/v4l2_camera:/home/ubuntu/ros2_ws/install/image_transport_plugins:/home/ubuntu/ros2_ws/install/theora_image_transport:/home/ubuntu/ros2_ws/install/image_common:/home/ubuntu/ros2_ws/install/compressed_image_transport:/home/ubuntu/ros2_ws/install/compressed_depth_image_transport:/home/ubuntu/ros2_ws/install/image_transport:/home/ubuntu/ros2_ws/install/camera_info_manager:/home/ubuntu/ros2_ws/install/camera_calibration_parsers:/home/ubuntu/turtlebot3_ws/install/turtlebot3:/home/ubuntu/turtlebot3_ws/install/turtlebot3_bringup:/home/ubuntu/turtlebot3_ws/install/turtlebot3_node:/home/ubuntu/turtlebot3_ws/install/turtlebot3_description:/home/ubuntu/turtlebot3_ws/install/ld08_driver LD_LIBRARY_PATH=/home/ubuntu/ros2_ws/install/image_geometry/lib:/home/ubuntu/ros2_ws/install/cv_bridge/lib:/home/ubuntu/cv_cam_ws/install/opencv_cam/lib:/home/ubuntu/ros2_ws/install/v4l2_camera/lib:/home/ubuntu/ros2_ws/install/theora_image_transport/lib:/home/ubuntu/ros2_ws/install/compressed_image_transport/lib:/home/ubuntu/ros2_ws/install/compressed_depth_image_transport/lib:/home/ubuntu/ros2_ws/install/image_transport/lib:/home/ubuntu/ros2_ws/install/camera_info_manager/lib:/home/ubuntu/ros2_ws/install/camera_calibration_parsers/lib:/opt/ros/foxy/opt/yaml_cpp_vendor/lib:/opt/ros/foxy/lib/aarch64-linux-gnu:/opt/ros/foxy/lib PYTHONPATH=/home/ubuntu/ros2_ws/install/camera_calibration/lib/python3.8/site-packages:/home/ubuntu/ros2_ws/install/image_geometry/lib/python3.8/site-packages:/home/ubuntu/ros2_ws/install/cv_bridge/lib/python3.8/site-packages:/home/ubuntu/ros2_ws/install/theora_image_transport/lib/python3.8/site-packages:/home/ubuntu/ros2_ws/install/opencv_tests/lib/python3.8/site-packages:/home/ubuntu/turtlebot3_ws/build/turtlebot3_teleop:/home/ubuntu/turtlebot3_ws/install/turtlebot3_teleop/lib/python3.8/site-packages:/home/ubuntu/turtlebot3_ws/build/turtlebot3_example:/home/ubuntu/turtlebot3_ws/install/turtlebot3_example/lib/python3.8/site-packages:/opt/ros/foxy/lib/python3.8/site-packages /usr/bin/python3 setup.py develop --prefix /home/ubuntu/ros2_ws/install/camera_calibration --editable --build-directory /home/ubuntu/ros2_ws/build/camera_calibration/build --no-deps install_data --install-dir /home/ubuntu/ros2_ws/install/camera_calibration
