[0.104s] Invoking command in '/home/ubuntu/ros2_ws/build/camera_info_manager': CMAKE_PREFIX_PATH=/home/ubuntu/ros2_ws/install/camera_calibration_parsers:/home/ubuntu/ros2_ws/install/vision_opencv:/home/ubuntu/ros2_ws/install/v4l2_camera:/home/ubuntu/ros2_ws/install/image_transport_plugins:/home/ubuntu/ros2_ws/install/theora_image_transport:/home/ubuntu/ros2_ws/install/image_common:/home/ubuntu/ros2_ws/install/compressed_image_transport:/home/ubuntu/ros2_ws/install/compressed_depth_image_transport:/home/ubuntu/ros2_ws/install/image_transport:/home/ubuntu/ros2_ws/install/image_geometry:/home/ubuntu/ros2_ws/install/cv_bridge:/home/ubuntu/ros2_ws/install/camera_info_manager:/home/ubuntu/turtlebot3_ws/install/turtlebot3:/home/ubuntu/turtlebot3_ws/install/turtlebot3_bringup:/home/ubuntu/turtlebot3_ws/install/turtlebot3_node:/home/ubuntu/turtlebot3_ws/install/turtlebot3_description:/home/ubuntu/turtlebot3_ws/install/ld08_driver:/home/ubuntu/ros2_ws/install/opencv_tests:/home/ubuntu/turtlebot3_ws/install/turtlebot3_teleop:/home/ubuntu/turtlebot3_ws/install/turtlebot3_example:/opt/ros/foxy LD_LIBRARY_PATH=/home/ubuntu/ros2_ws/install/camera_calibration_parsers/lib:/home/ubuntu/ros2_ws/install/v4l2_camera/lib:/home/ubuntu/ros2_ws/install/theora_image_transport/lib:/home/ubuntu/ros2_ws/install/compressed_image_transport/lib:/home/ubuntu/ros2_ws/install/compressed_depth_image_transport/lib:/home/ubuntu/ros2_ws/install/image_transport/lib:/home/ubuntu/ros2_ws/install/image_geometry/lib:/home/ubuntu/ros2_ws/install/cv_bridge/lib:/home/ubuntu/ros2_ws/install/camera_info_manager/lib:/opt/ros/foxy/opt/yaml_cpp_vendor/lib:/opt/ros/foxy/lib/aarch64-linux-gnu:/opt/ros/foxy/lib /usr/bin/cmake /home/ubuntu/ros2_ws/src/image_common/camera_info_manager -DAMENT_CMAKE_SYMLINK_INSTALL=1 -DCMAKE_INSTALL_PREFIX=/home/ubuntu/ros2_ws/install/camera_info_manager
[0.642s] -- The C compiler identification is GNU 9.4.0
[1.178s] -- The CXX compiler identification is GNU 9.4.0
[1.229s] -- Check for working C compiler: /usr/bin/cc
[1.873s] -- Check for working C compiler: /usr/bin/cc -- works
[1.880s] -- Detecting C compiler ABI info
[2.523s] -- Detecting C compiler ABI info - done
[2.621s] -- Detecting C compile features
[2.624s] -- Detecting C compile features - done
[2.647s] -- Check for working CXX compiler: /usr/bin/c++
[3.367s] -- Check for working CXX compiler: /usr/bin/c++ -- works
[3.376s] -- Detecting CXX compiler ABI info
[4.121s] -- Detecting CXX compiler ABI info - done
[4.226s] -- Detecting CXX compile features
[4.230s] -- Detecting CXX compile features - done
[4.278s] -- Found ament_cmake_ros: 0.9.2 (/opt/ros/foxy/share/ament_cmake_ros/cmake)
[4.819s] -- Found PythonInterp: /usr/bin/python3 (found suitable version "3.8.10", minimum required is "3") 
[4.820s] -- Using PYTHON_EXECUTABLE: /usr/bin/python3
[6.586s] -- Override CMake install command with custom implementation using symlinks instead of copying resources
[7.165s] -- Found ament_index_cpp: 1.0.2 (/opt/ros/foxy/share/ament_index_cpp/cmake)
[7.198s] -- Found camera_calibration_parsers: 2.4.0 (/home/ubuntu/ros2_ws/install/camera_calibration_parsers/share/camera_calibration_parsers/cmake)
[8.115s] -- Using all available rosidl_typesupport_c: rosidl_typesupport_fastrtps_c;rosidl_typesupport_introspection_c
[8.279s] -- Found rosidl_adapter: 1.2.1 (/opt/ros/foxy/share/rosidl_adapter/cmake)
[9.387s] -- Found OpenSSL: /usr/lib/aarch64-linux-gnu/libcrypto.so (found version "1.1.1f")  
[9.709s] -- Found FastRTPS: /opt/ros/foxy/include  
[10.865s] -- Using all available rosidl_typesupport_cpp: rosidl_typesupport_fastrtps_cpp;rosidl_typesupport_introspection_cpp
[11.685s] -- Found rmw_implementation_cmake: 1.0.3 (/opt/ros/foxy/share/rmw_implementation_cmake/cmake)
[11.715s] -- Using RMW implementation 'rmw_fastrtps_cpp' as default
[11.730s] -- Looking for pthread.h
[12.411s] -- Looking for pthread.h - found
[12.414s] -- Performing Test CMAKE_HAVE_LIBC_PTHREAD
[13.099s] -- Performing Test CMAKE_HAVE_LIBC_PTHREAD - Failed
[13.101s] -- Looking for pthread_create in pthreads
[13.642s] -- Looking for pthread_create in pthreads - not found
[13.644s] -- Looking for pthread_create in pthread
[14.303s] -- Looking for pthread_create in pthread - found
[14.311s] -- Found Threads: TRUE  
[17.523s] -- Setting yaml-cpp_DIR to: '/opt/ros/foxy/share/yaml_cpp_vendor/cmake/../../../opt/yaml_cpp_vendor/lib/cmake/yaml-cpp'
[17.866s] -- Found ament_cmake_cpplint: 0.9.6 (/opt/ros/foxy/share/ament_cmake_cpplint/cmake)
[17.913s] -- Found ament_cmake_lint_cmake: 0.9.6 (/opt/ros/foxy/share/ament_cmake_lint_cmake/cmake)
[17.961s] -- Found ament_cmake_uncrustify: 0.9.6 (/opt/ros/foxy/share/ament_cmake_uncrustify/cmake)
[18.751s] -- Configuring done
[18.946s] -- Generating done
[18.962s] -- Build files have been written to: /home/ubuntu/ros2_ws/build/camera_info_manager
[19.032s] Invoked command in '/home/ubuntu/ros2_ws/build/camera_info_manager' returned '0': CMAKE_PREFIX_PATH=/home/ubuntu/ros2_ws/install/camera_calibration_parsers:/home/ubuntu/ros2_ws/install/vision_opencv:/home/ubuntu/ros2_ws/install/v4l2_camera:/home/ubuntu/ros2_ws/install/image_transport_plugins:/home/ubuntu/ros2_ws/install/theora_image_transport:/home/ubuntu/ros2_ws/install/image_common:/home/ubuntu/ros2_ws/install/compressed_image_transport:/home/ubuntu/ros2_ws/install/compressed_depth_image_transport:/home/ubuntu/ros2_ws/install/image_transport:/home/ubuntu/ros2_ws/install/image_geometry:/home/ubuntu/ros2_ws/install/cv_bridge:/home/ubuntu/ros2_ws/install/camera_info_manager:/home/ubuntu/turtlebot3_ws/install/turtlebot3:/home/ubuntu/turtlebot3_ws/install/turtlebot3_bringup:/home/ubuntu/turtlebot3_ws/install/turtlebot3_node:/home/ubuntu/turtlebot3_ws/install/turtlebot3_description:/home/ubuntu/turtlebot3_ws/install/ld08_driver:/home/ubuntu/ros2_ws/install/opencv_tests:/home/ubuntu/turtlebot3_ws/install/turtlebot3_teleop:/home/ubuntu/turtlebot3_ws/install/turtlebot3_example:/opt/ros/foxy LD_LIBRARY_PATH=/home/ubuntu/ros2_ws/install/camera_calibration_parsers/lib:/home/ubuntu/ros2_ws/install/v4l2_camera/lib:/home/ubuntu/ros2_ws/install/theora_image_transport/lib:/home/ubuntu/ros2_ws/install/compressed_image_transport/lib:/home/ubuntu/ros2_ws/install/compressed_depth_image_transport/lib:/home/ubuntu/ros2_ws/install/image_transport/lib:/home/ubuntu/ros2_ws/install/image_geometry/lib:/home/ubuntu/ros2_ws/install/cv_bridge/lib:/home/ubuntu/ros2_ws/install/camera_info_manager/lib:/opt/ros/foxy/opt/yaml_cpp_vendor/lib:/opt/ros/foxy/lib/aarch64-linux-gnu:/opt/ros/foxy/lib /usr/bin/cmake /home/ubuntu/ros2_ws/src/image_common/camera_info_manager -DAMENT_CMAKE_SYMLINK_INSTALL=1 -DCMAKE_INSTALL_PREFIX=/home/ubuntu/ros2_ws/install/camera_info_manager
[19.053s] Invoking command in '/home/ubuntu/ros2_ws/build/camera_info_manager': CMAKE_PREFIX_PATH=/home/ubuntu/ros2_ws/install/camera_calibration_parsers:/home/ubuntu/ros2_ws/install/vision_opencv:/home/ubuntu/ros2_ws/install/v4l2_camera:/home/ubuntu/ros2_ws/install/image_transport_plugins:/home/ubuntu/ros2_ws/install/theora_image_transport:/home/ubuntu/ros2_ws/install/image_common:/home/ubuntu/ros2_ws/install/compressed_image_transport:/home/ubuntu/ros2_ws/install/compressed_depth_image_transport:/home/ubuntu/ros2_ws/install/image_transport:/home/ubuntu/ros2_ws/install/image_geometry:/home/ubuntu/ros2_ws/install/cv_bridge:/home/ubuntu/ros2_ws/install/camera_info_manager:/home/ubuntu/turtlebot3_ws/install/turtlebot3:/home/ubuntu/turtlebot3_ws/install/turtlebot3_bringup:/home/ubuntu/turtlebot3_ws/install/turtlebot3_node:/home/ubuntu/turtlebot3_ws/install/turtlebot3_description:/home/ubuntu/turtlebot3_ws/install/ld08_driver:/home/ubuntu/ros2_ws/install/opencv_tests:/home/ubuntu/turtlebot3_ws/install/turtlebot3_teleop:/home/ubuntu/turtlebot3_ws/install/turtlebot3_example:/opt/ros/foxy LD_LIBRARY_PATH=/home/ubuntu/ros2_ws/install/camera_calibration_parsers/lib:/home/ubuntu/ros2_ws/install/v4l2_camera/lib:/home/ubuntu/ros2_ws/install/theora_image_transport/lib:/home/ubuntu/ros2_ws/install/compressed_image_transport/lib:/home/ubuntu/ros2_ws/install/compressed_depth_image_transport/lib:/home/ubuntu/ros2_ws/install/image_transport/lib:/home/ubuntu/ros2_ws/install/image_geometry/lib:/home/ubuntu/ros2_ws/install/cv_bridge/lib:/home/ubuntu/ros2_ws/install/camera_info_manager/lib:/opt/ros/foxy/opt/yaml_cpp_vendor/lib:/opt/ros/foxy/lib/aarch64-linux-gnu:/opt/ros/foxy/lib /usr/bin/cmake --build /home/ubuntu/ros2_ws/build/camera_info_manager -- -j4 -l4
[19.422s] [35m[1mScanning dependencies of target camera_info_manager[0m
[19.814s] [ 50%] [32mBuilding CXX object CMakeFiles/camera_info_manager.dir/src/camera_info_manager.cpp.o[0m
[36.708s] [100%] [32m[1mLinking CXX shared library libcamera_info_manager.so[0m
[39.112s] [100%] Built target camera_info_manager
[39.199s] Invoked command in '/home/ubuntu/ros2_ws/build/camera_info_manager' returned '0': CMAKE_PREFIX_PATH=/home/ubuntu/ros2_ws/install/camera_calibration_parsers:/home/ubuntu/ros2_ws/install/vision_opencv:/home/ubuntu/ros2_ws/install/v4l2_camera:/home/ubuntu/ros2_ws/install/image_transport_plugins:/home/ubuntu/ros2_ws/install/theora_image_transport:/home/ubuntu/ros2_ws/install/image_common:/home/ubuntu/ros2_ws/install/compressed_image_transport:/home/ubuntu/ros2_ws/install/compressed_depth_image_transport:/home/ubuntu/ros2_ws/install/image_transport:/home/ubuntu/ros2_ws/install/image_geometry:/home/ubuntu/ros2_ws/install/cv_bridge:/home/ubuntu/ros2_ws/install/camera_info_manager:/home/ubuntu/turtlebot3_ws/install/turtlebot3:/home/ubuntu/turtlebot3_ws/install/turtlebot3_bringup:/home/ubuntu/turtlebot3_ws/install/turtlebot3_node:/home/ubuntu/turtlebot3_ws/install/turtlebot3_description:/home/ubuntu/turtlebot3_ws/install/ld08_driver:/home/ubuntu/ros2_ws/install/opencv_tests:/home/ubuntu/turtlebot3_ws/install/turtlebot3_teleop:/home/ubuntu/turtlebot3_ws/install/turtlebot3_example:/opt/ros/foxy LD_LIBRARY_PATH=/home/ubuntu/ros2_ws/install/camera_calibration_parsers/lib:/home/ubuntu/ros2_ws/install/v4l2_camera/lib:/home/ubuntu/ros2_ws/install/theora_image_transport/lib:/home/ubuntu/ros2_ws/install/compressed_image_transport/lib:/home/ubuntu/ros2_ws/install/compressed_depth_image_transport/lib:/home/ubuntu/ros2_ws/install/image_transport/lib:/home/ubuntu/ros2_ws/install/image_geometry/lib:/home/ubuntu/ros2_ws/install/cv_bridge/lib:/home/ubuntu/ros2_ws/install/camera_info_manager/lib:/opt/ros/foxy/opt/yaml_cpp_vendor/lib:/opt/ros/foxy/lib/aarch64-linux-gnu:/opt/ros/foxy/lib /usr/bin/cmake --build /home/ubuntu/ros2_ws/build/camera_info_manager -- -j4 -l4
[39.475s] Invoking command in '/home/ubuntu/ros2_ws/build/camera_info_manager': CMAKE_PREFIX_PATH=/home/ubuntu/ros2_ws/install/camera_calibration_parsers:/home/ubuntu/ros2_ws/install/vision_opencv:/home/ubuntu/ros2_ws/install/v4l2_camera:/home/ubuntu/ros2_ws/install/image_transport_plugins:/home/ubuntu/ros2_ws/install/theora_image_transport:/home/ubuntu/ros2_ws/install/image_common:/home/ubuntu/ros2_ws/install/compressed_image_transport:/home/ubuntu/ros2_ws/install/compressed_depth_image_transport:/home/ubuntu/ros2_ws/install/image_transport:/home/ubuntu/ros2_ws/install/image_geometry:/home/ubuntu/ros2_ws/install/cv_bridge:/home/ubuntu/ros2_ws/install/camera_info_manager:/home/ubuntu/turtlebot3_ws/install/turtlebot3:/home/ubuntu/turtlebot3_ws/install/turtlebot3_bringup:/home/ubuntu/turtlebot3_ws/install/turtlebot3_node:/home/ubuntu/turtlebot3_ws/install/turtlebot3_description:/home/ubuntu/turtlebot3_ws/install/ld08_driver:/home/ubuntu/ros2_ws/install/opencv_tests:/home/ubuntu/turtlebot3_ws/install/turtlebot3_teleop:/home/ubuntu/turtlebot3_ws/install/turtlebot3_example:/opt/ros/foxy LD_LIBRARY_PATH=/home/ubuntu/ros2_ws/install/camera_calibration_parsers/lib:/home/ubuntu/ros2_ws/install/v4l2_camera/lib:/home/ubuntu/ros2_ws/install/theora_image_transport/lib:/home/ubuntu/ros2_ws/install/compressed_image_transport/lib:/home/ubuntu/ros2_ws/install/compressed_depth_image_transport/lib:/home/ubuntu/ros2_ws/install/image_transport/lib:/home/ubuntu/ros2_ws/install/image_geometry/lib:/home/ubuntu/ros2_ws/install/cv_bridge/lib:/home/ubuntu/ros2_ws/install/camera_info_manager/lib:/opt/ros/foxy/opt/yaml_cpp_vendor/lib:/opt/ros/foxy/lib/aarch64-linux-gnu:/opt/ros/foxy/lib /usr/bin/cmake --install /home/ubuntu/ros2_ws/build/camera_info_manager
[39.547s] -- Install configuration: ""
[39.551s] -- Execute custom install script
[39.556s] -- Symlinking: /home/ubuntu/ros2_ws/install/camera_info_manager/lib/libcamera_info_manager.so
[39.634s] -- Symlinking: /home/ubuntu/ros2_ws/install/camera_info_manager/include/camera_info_manager/camera_info_manager.h
[39.707s] -- Symlinking: /home/ubuntu/ros2_ws/install/camera_info_manager/include/camera_info_manager/camera_info_manager.hpp
[39.781s] -- Symlinking: /home/ubuntu/ros2_ws/install/camera_info_manager/include/camera_info_manager/visibility_control.h
[39.858s] -- Symlinking: /home/ubuntu/ros2_ws/install/camera_info_manager/share/camera_info_manager/environment/library_path.sh
[39.933s] -- Symlinking: /home/ubuntu/ros2_ws/install/camera_info_manager/share/camera_info_manager/environment/library_path.dsv
[40.009s] -- Symlinking: /home/ubuntu/ros2_ws/install/camera_info_manager/share/ament_index/resource_index/package_run_dependencies/camera_info_manager
[40.086s] -- Symlinking: /home/ubuntu/ros2_ws/install/camera_info_manager/share/ament_index/resource_index/parent_prefix_path/camera_info_manager
[40.162s] -- Symlinking: /home/ubuntu/ros2_ws/install/camera_info_manager/share/camera_info_manager/environment/ament_prefix_path.sh
[40.238s] -- Symlinking: /home/ubuntu/ros2_ws/install/camera_info_manager/share/camera_info_manager/environment/ament_prefix_path.dsv
[40.314s] -- Symlinking: /home/ubuntu/ros2_ws/install/camera_info_manager/share/camera_info_manager/environment/path.sh
[40.390s] -- Symlinking: /home/ubuntu/ros2_ws/install/camera_info_manager/share/camera_info_manager/environment/path.dsv
[40.466s] -- Symlinking: /home/ubuntu/ros2_ws/install/camera_info_manager/share/camera_info_manager/local_setup.bash
[40.542s] -- Symlinking: /home/ubuntu/ros2_ws/install/camera_info_manager/share/camera_info_manager/local_setup.sh
[40.616s] -- Symlinking: /home/ubuntu/ros2_ws/install/camera_info_manager/share/camera_info_manager/local_setup.zsh
[40.695s] -- Symlinking: /home/ubuntu/ros2_ws/install/camera_info_manager/share/camera_info_manager/local_setup.dsv
[40.774s] -- Symlinking: /home/ubuntu/ros2_ws/install/camera_info_manager/share/camera_info_manager/package.dsv
[40.854s] -- Symlinking: /home/ubuntu/ros2_ws/install/camera_info_manager/share/ament_index/resource_index/packages/camera_info_manager
[40.934s] -- Symlinking: /home/ubuntu/ros2_ws/install/camera_info_manager/share/camera_info_manager/cmake/ament_cmake_export_include_directories-extras.cmake
[41.016s] -- Symlinking: /home/ubuntu/ros2_ws/install/camera_info_manager/share/camera_info_manager/cmake/ament_cmake_export_dependencies-extras.cmake
[41.096s] -- Symlinking: /home/ubuntu/ros2_ws/install/camera_info_manager/share/camera_info_manager/cmake/ament_cmake_export_libraries-extras.cmake
[41.174s] -- Symlinking: /home/ubuntu/ros2_ws/install/camera_info_manager/share/camera_info_manager/cmake/camera_info_managerConfig.cmake
[41.252s] -- Symlinking: /home/ubuntu/ros2_ws/install/camera_info_manager/share/camera_info_manager/cmake/camera_info_managerConfig-version.cmake
[41.332s] -- Symlinking: /home/ubuntu/ros2_ws/install/camera_info_manager/share/camera_info_manager/package.xml
[41.431s] Invoked command in '/home/ubuntu/ros2_ws/build/camera_info_manager' returned '0': CMAKE_PREFIX_PATH=/home/ubuntu/ros2_ws/install/camera_calibration_parsers:/home/ubuntu/ros2_ws/install/vision_opencv:/home/ubuntu/ros2_ws/install/v4l2_camera:/home/ubuntu/ros2_ws/install/image_transport_plugins:/home/ubuntu/ros2_ws/install/theora_image_transport:/home/ubuntu/ros2_ws/install/image_common:/home/ubuntu/ros2_ws/install/compressed_image_transport:/home/ubuntu/ros2_ws/install/compressed_depth_image_transport:/home/ubuntu/ros2_ws/install/image_transport:/home/ubuntu/ros2_ws/install/image_geometry:/home/ubuntu/ros2_ws/install/cv_bridge:/home/ubuntu/ros2_ws/install/camera_info_manager:/home/ubuntu/turtlebot3_ws/install/turtlebot3:/home/ubuntu/turtlebot3_ws/install/turtlebot3_bringup:/home/ubuntu/turtlebot3_ws/install/turtlebot3_node:/home/ubuntu/turtlebot3_ws/install/turtlebot3_description:/home/ubuntu/turtlebot3_ws/install/ld08_driver:/home/ubuntu/ros2_ws/install/opencv_tests:/home/ubuntu/turtlebot3_ws/install/turtlebot3_teleop:/home/ubuntu/turtlebot3_ws/install/turtlebot3_example:/opt/ros/foxy LD_LIBRARY_PATH=/home/ubuntu/ros2_ws/install/camera_calibration_parsers/lib:/home/ubuntu/ros2_ws/install/v4l2_camera/lib:/home/ubuntu/ros2_ws/install/theora_image_transport/lib:/home/ubuntu/ros2_ws/install/compressed_image_transport/lib:/home/ubuntu/ros2_ws/install/compressed_depth_image_transport/lib:/home/ubuntu/ros2_ws/install/image_transport/lib:/home/ubuntu/ros2_ws/install/image_geometry/lib:/home/ubuntu/ros2_ws/install/cv_bridge/lib:/home/ubuntu/ros2_ws/install/camera_info_manager/lib:/opt/ros/foxy/opt/yaml_cpp_vendor/lib:/opt/ros/foxy/lib/aarch64-linux-gnu:/opt/ros/foxy/lib /usr/bin/cmake --install /home/ubuntu/ros2_ws/build/camera_info_manager
