[2.209s] DEBUG:colcon:Command line arguments: ['/usr/bin/colcon', 'build']
[2.210s] DEBUG:colcon:Parsed command line arguments: Namespace(ament_cmake_args=None, base_paths=['.'], build_base='build', catkin_cmake_args=None, catkin_skip_building_tests=False, cmake_args=None, cmake_clean_cache=False, cmake_clean_first=False, cmake_force_configure=False, cmake_target=None, cmake_target_skip_unavailable=False, continue_on_error=False, event_handlers=None, executor='parallel', ignore_user_meta=False, install_base='install', log_base=None, log_level=None, main=<bound method BuildVerb.main of <colcon_core.verb.build.BuildVerb object at 0xffffba3f13d0>>, merge_install=False, metas=['./colcon.meta'], packages_above=None, packages_above_and_dependencies=None, packages_above_depth=None, packages_end=None, packages_ignore=None, packages_ignore_regex=None, packages_select=None, packages_select_build_failed=False, packages_select_by_dep=None, packages_select_regex=None, packages_select_test_failures=False, packages_skip=None, packages_skip_build_finished=False, packages_skip_by_dep=None, packages_skip_regex=None, packages_skip_test_passed=False, packages_skip_up_to=None, packages_start=None, packages_up_to=None, packages_up_to_regex=None, parallel_workers=4, paths=None, symlink_install=False, test_result_base=None, verb_extension=<colcon_core.verb.build.BuildVerb object at 0xffffba3f13d0>, verb_name='build', verb_parser=<colcon_defaults.argument_parser.defaults.DefaultArgumentsDecorator object at 0xffffba3f1910>)
[2.251s] Level 1:colcon.colcon_core.package_discovery:discover_packages(colcon_meta) check parameters
[2.251s] Level 1:colcon.colcon_core.package_discovery:discover_packages(recursive) check parameters
[2.252s] Level 1:colcon.colcon_core.package_discovery:discover_packages(ignore) check parameters
[2.252s] Level 1:colcon.colcon_core.package_discovery:discover_packages(path) check parameters
[2.252s] Level 1:colcon.colcon_core.package_discovery:discover_packages(colcon_meta) discover
[2.253s] Level 1:colcon.colcon_core.package_discovery:discover_packages(recursive) discover
[2.253s] INFO:colcon.colcon_core.package_discovery:Crawling recursively for packages in '/home/ubuntu/cv_cam_ws'
[2.254s] Level 1:colcon.colcon_core.package_identification:_identify(.) by extensions ['ignore', 'ignore_ament_install']
[2.254s] Level 1:colcon.colcon_core.package_identification:_identify(.) by extension 'ignore'
[2.255s] Level 1:colcon.colcon_core.package_identification:_identify(.) by extension 'ignore_ament_install'
[2.255s] Level 1:colcon.colcon_core.package_identification:_identify(.) by extensions ['colcon_pkg']
[2.255s] Level 1:colcon.colcon_core.package_identification:_identify(.) by extension 'colcon_pkg'
[2.256s] Level 1:colcon.colcon_core.package_identification:_identify(.) by extensions ['colcon_meta']
[2.256s] Level 1:colcon.colcon_core.package_identification:_identify(.) by extension 'colcon_meta'
[2.256s] Level 1:colcon.colcon_core.package_identification:_identify(.) by extensions ['ros']
[2.257s] Level 1:colcon.colcon_core.package_identification:_identify(.) by extension 'ros'
[2.336s] Level 1:colcon.colcon_core.package_identification:_identify(.) by extensions ['cmake', 'python']
[2.337s] Level 1:colcon.colcon_core.package_identification:_identify(.) by extension 'cmake'
[2.337s] Level 1:colcon.colcon_core.package_identification:_identify(.) by extension 'python'
[2.337s] Level 1:colcon.colcon_core.package_identification:_identify(.) by extensions ['python_setup_py']
[2.337s] Level 1:colcon.colcon_core.package_identification:_identify(.) by extension 'python_setup_py'
[2.338s] Level 1:colcon.colcon_core.package_identification:_identify(build) by extensions ['ignore', 'ignore_ament_install']
[2.339s] Level 1:colcon.colcon_core.package_identification:_identify(build) by extension 'ignore'
[2.339s] Level 1:colcon.colcon_core.package_identification:_identify(build) ignored
[2.341s] Level 1:colcon.colcon_core.package_identification:_identify(install) by extensions ['ignore', 'ignore_ament_install']
[2.341s] Level 1:colcon.colcon_core.package_identification:_identify(install) by extension 'ignore'
[2.342s] Level 1:colcon.colcon_core.package_identification:_identify(install) ignored
[2.343s] Level 1:colcon.colcon_core.package_identification:_identify(log) by extensions ['ignore', 'ignore_ament_install']
[2.343s] Level 1:colcon.colcon_core.package_identification:_identify(log) by extension 'ignore'
[2.344s] Level 1:colcon.colcon_core.package_identification:_identify(log) ignored
[2.344s] Level 1:colcon.colcon_core.package_identification:_identify(src) by extensions ['ignore', 'ignore_ament_install']
[2.345s] Level 1:colcon.colcon_core.package_identification:_identify(src) by extension 'ignore'
[2.345s] Level 1:colcon.colcon_core.package_identification:_identify(src) by extension 'ignore_ament_install'
[2.346s] Level 1:colcon.colcon_core.package_identification:_identify(src) by extensions ['colcon_pkg']
[2.346s] Level 1:colcon.colcon_core.package_identification:_identify(src) by extension 'colcon_pkg'
[2.346s] Level 1:colcon.colcon_core.package_identification:_identify(src) by extensions ['colcon_meta']
[2.347s] Level 1:colcon.colcon_core.package_identification:_identify(src) by extension 'colcon_meta'
[2.347s] Level 1:colcon.colcon_core.package_identification:_identify(src) by extensions ['ros']
[2.347s] Level 1:colcon.colcon_core.package_identification:_identify(src) by extension 'ros'
[2.348s] Level 1:colcon.colcon_core.package_identification:_identify(src) by extensions ['cmake', 'python']
[2.348s] Level 1:colcon.colcon_core.package_identification:_identify(src) by extension 'cmake'
[2.349s] Level 1:colcon.colcon_core.package_identification:_identify(src) by extension 'python'
[2.349s] Level 1:colcon.colcon_core.package_identification:_identify(src) by extensions ['python_setup_py']
[2.349s] Level 1:colcon.colcon_core.package_identification:_identify(src) by extension 'python_setup_py'
[2.350s] Level 1:colcon.colcon_core.package_identification:_identify(src/ROS2_turtlebot3_project) by extensions ['ignore', 'ignore_ament_install']
[2.351s] Level 1:colcon.colcon_core.package_identification:_identify(src/ROS2_turtlebot3_project) by extension 'ignore'
[2.351s] Level 1:colcon.colcon_core.package_identification:_identify(src/ROS2_turtlebot3_project) by extension 'ignore_ament_install'
[2.352s] Level 1:colcon.colcon_core.package_identification:_identify(src/ROS2_turtlebot3_project) by extensions ['colcon_pkg']
[2.352s] Level 1:colcon.colcon_core.package_identification:_identify(src/ROS2_turtlebot3_project) by extension 'colcon_pkg'
[2.352s] Level 1:colcon.colcon_core.package_identification:_identify(src/ROS2_turtlebot3_project) by extensions ['colcon_meta']
[2.353s] Level 1:colcon.colcon_core.package_identification:_identify(src/ROS2_turtlebot3_project) by extension 'colcon_meta'
[2.353s] Level 1:colcon.colcon_core.package_identification:_identify(src/ROS2_turtlebot3_project) by extensions ['ros']
[2.353s] Level 1:colcon.colcon_core.package_identification:_identify(src/ROS2_turtlebot3_project) by extension 'ros'
[2.354s] Level 1:colcon.colcon_core.package_identification:_identify(src/ROS2_turtlebot3_project) by extensions ['cmake', 'python']
[2.354s] Level 1:colcon.colcon_core.package_identification:_identify(src/ROS2_turtlebot3_project) by extension 'cmake'
[2.354s] Level 1:colcon.colcon_core.package_identification:_identify(src/ROS2_turtlebot3_project) by extension 'python'
[2.355s] Level 1:colcon.colcon_core.package_identification:_identify(src/ROS2_turtlebot3_project) by extensions ['python_setup_py']
[2.355s] Level 1:colcon.colcon_core.package_identification:_identify(src/ROS2_turtlebot3_project) by extension 'python_setup_py'
[2.356s] Level 1:colcon.colcon_core.package_identification:_identify(src/ROS2_turtlebot3_project/cv_cam_ws) by extensions ['ignore', 'ignore_ament_install']
[2.357s] Level 1:colcon.colcon_core.package_identification:_identify(src/ROS2_turtlebot3_project/cv_cam_ws) by extension 'ignore'
[2.357s] Level 1:colcon.colcon_core.package_identification:_identify(src/ROS2_turtlebot3_project/cv_cam_ws) by extension 'ignore_ament_install'
[2.358s] Level 1:colcon.colcon_core.package_identification:_identify(src/ROS2_turtlebot3_project/cv_cam_ws) by extensions ['colcon_pkg']
[2.358s] Level 1:colcon.colcon_core.package_identification:_identify(src/ROS2_turtlebot3_project/cv_cam_ws) by extension 'colcon_pkg'
[2.358s] Level 1:colcon.colcon_core.package_identification:_identify(src/ROS2_turtlebot3_project/cv_cam_ws) by extensions ['colcon_meta']
[2.358s] Level 1:colcon.colcon_core.package_identification:_identify(src/ROS2_turtlebot3_project/cv_cam_ws) by extension 'colcon_meta'
[2.359s] Level 1:colcon.colcon_core.package_identification:_identify(src/ROS2_turtlebot3_project/cv_cam_ws) by extensions ['ros']
[2.359s] Level 1:colcon.colcon_core.package_identification:_identify(src/ROS2_turtlebot3_project/cv_cam_ws) by extension 'ros'
[2.360s] Level 1:colcon.colcon_core.package_identification:_identify(src/ROS2_turtlebot3_project/cv_cam_ws) by extensions ['cmake', 'python']
[2.360s] Level 1:colcon.colcon_core.package_identification:_identify(src/ROS2_turtlebot3_project/cv_cam_ws) by extension 'cmake'
[2.361s] Level 1:colcon.colcon_core.package_identification:_identify(src/ROS2_turtlebot3_project/cv_cam_ws) by extension 'python'
[2.361s] Level 1:colcon.colcon_core.package_identification:_identify(src/ROS2_turtlebot3_project/cv_cam_ws) by extensions ['python_setup_py']
[2.361s] Level 1:colcon.colcon_core.package_identification:_identify(src/ROS2_turtlebot3_project/cv_cam_ws) by extension 'python_setup_py'
[2.362s] Level 1:colcon.colcon_core.package_identification:_identify(src/ROS2_turtlebot3_project/cv_cam_ws/src) by extensions ['ignore', 'ignore_ament_install']
[2.363s] Level 1:colcon.colcon_core.package_identification:_identify(src/ROS2_turtlebot3_project/cv_cam_ws/src) by extension 'ignore'
[2.363s] Level 1:colcon.colcon_core.package_identification:_identify(src/ROS2_turtlebot3_project/cv_cam_ws/src) by extension 'ignore_ament_install'
[2.364s] Level 1:colcon.colcon_core.package_identification:_identify(src/ROS2_turtlebot3_project/cv_cam_ws/src) by extensions ['colcon_pkg']
[2.364s] Level 1:colcon.colcon_core.package_identification:_identify(src/ROS2_turtlebot3_project/cv_cam_ws/src) by extension 'colcon_pkg'
[2.364s] Level 1:colcon.colcon_core.package_identification:_identify(src/ROS2_turtlebot3_project/cv_cam_ws/src) by extensions ['colcon_meta']
[2.365s] Level 1:colcon.colcon_core.package_identification:_identify(src/ROS2_turtlebot3_project/cv_cam_ws/src) by extension 'colcon_meta'
[2.365s] Level 1:colcon.colcon_core.package_identification:_identify(src/ROS2_turtlebot3_project/cv_cam_ws/src) by extensions ['ros']
[2.365s] Level 1:colcon.colcon_core.package_identification:_identify(src/ROS2_turtlebot3_project/cv_cam_ws/src) by extension 'ros'
[2.366s] Level 1:colcon.colcon_core.package_identification:_identify(src/ROS2_turtlebot3_project/cv_cam_ws/src) by extensions ['cmake', 'python']
[2.366s] Level 1:colcon.colcon_core.package_identification:_identify(src/ROS2_turtlebot3_project/cv_cam_ws/src) by extension 'cmake'
[2.367s] Level 1:colcon.colcon_core.package_identification:_identify(src/ROS2_turtlebot3_project/cv_cam_ws/src) by extension 'python'
[2.367s] Level 1:colcon.colcon_core.package_identification:_identify(src/ROS2_turtlebot3_project/cv_cam_ws/src) by extensions ['python_setup_py']
[2.367s] Level 1:colcon.colcon_core.package_identification:_identify(src/ROS2_turtlebot3_project/cv_cam_ws/src) by extension 'python_setup_py'
[2.368s] Level 1:colcon.colcon_core.package_identification:_identify(src/ROS2_turtlebot3_project/cv_cam_ws/src/opencv_cam) by extensions ['ignore', 'ignore_ament_install']
[2.369s] Level 1:colcon.colcon_core.package_identification:_identify(src/ROS2_turtlebot3_project/cv_cam_ws/src/opencv_cam) by extension 'ignore'
[2.369s] Level 1:colcon.colcon_core.package_identification:_identify(src/ROS2_turtlebot3_project/cv_cam_ws/src/opencv_cam) by extension 'ignore_ament_install'
[2.370s] Level 1:colcon.colcon_core.package_identification:_identify(src/ROS2_turtlebot3_project/cv_cam_ws/src/opencv_cam) by extensions ['colcon_pkg']
[2.370s] Level 1:colcon.colcon_core.package_identification:_identify(src/ROS2_turtlebot3_project/cv_cam_ws/src/opencv_cam) by extension 'colcon_pkg'
[2.371s] Level 1:colcon.colcon_core.package_identification:_identify(src/ROS2_turtlebot3_project/cv_cam_ws/src/opencv_cam) by extensions ['colcon_meta']
[2.371s] Level 1:colcon.colcon_core.package_identification:_identify(src/ROS2_turtlebot3_project/cv_cam_ws/src/opencv_cam) by extension 'colcon_meta'
[2.371s] Level 1:colcon.colcon_core.package_identification:_identify(src/ROS2_turtlebot3_project/cv_cam_ws/src/opencv_cam) by extensions ['ros']
[2.372s] Level 1:colcon.colcon_core.package_identification:_identify(src/ROS2_turtlebot3_project/cv_cam_ws/src/opencv_cam) by extension 'ros'
[2.390s] DEBUG:colcon.colcon_core.package_identification:Package 'src/ROS2_turtlebot3_project/cv_cam_ws/src/opencv_cam' with type 'ros.ament_cmake' and name 'opencv_cam'
[2.391s] Level 1:colcon.colcon_core.package_identification:_identify(src/ROS2_turtlebot3_project/cv_cam_ws/src/ros2_shared) by extensions ['ignore', 'ignore_ament_install']
[2.392s] Level 1:colcon.colcon_core.package_identification:_identify(src/ROS2_turtlebot3_project/cv_cam_ws/src/ros2_shared) by extension 'ignore'
[2.392s] Level 1:colcon.colcon_core.package_identification:_identify(src/ROS2_turtlebot3_project/cv_cam_ws/src/ros2_shared) by extension 'ignore_ament_install'
[2.393s] Level 1:colcon.colcon_core.package_identification:_identify(src/ROS2_turtlebot3_project/cv_cam_ws/src/ros2_shared) by extensions ['colcon_pkg']
[2.393s] Level 1:colcon.colcon_core.package_identification:_identify(src/ROS2_turtlebot3_project/cv_cam_ws/src/ros2_shared) by extension 'colcon_pkg'
[2.393s] Level 1:colcon.colcon_core.package_identification:_identify(src/ROS2_turtlebot3_project/cv_cam_ws/src/ros2_shared) by extensions ['colcon_meta']
[2.393s] Level 1:colcon.colcon_core.package_identification:_identify(src/ROS2_turtlebot3_project/cv_cam_ws/src/ros2_shared) by extension 'colcon_meta'
[2.394s] Level 1:colcon.colcon_core.package_identification:_identify(src/ROS2_turtlebot3_project/cv_cam_ws/src/ros2_shared) by extensions ['ros']
[2.394s] Level 1:colcon.colcon_core.package_identification:_identify(src/ROS2_turtlebot3_project/cv_cam_ws/src/ros2_shared) by extension 'ros'
[2.398s] DEBUG:colcon.colcon_core.package_identification:Package 'src/ROS2_turtlebot3_project/cv_cam_ws/src/ros2_shared' with type 'ros.ament_cmake' and name 'ros2_shared'
[2.399s] Level 1:colcon.colcon_core.package_discovery:discover_packages(recursive) using defaults
[2.399s] Level 1:colcon.colcon_core.package_discovery:discover_packages(ignore) discover
[2.399s] Level 1:colcon.colcon_core.package_discovery:discover_packages(ignore) using defaults
[2.399s] Level 1:colcon.colcon_core.package_discovery:discover_packages(path) discover
[2.400s] Level 1:colcon.colcon_core.package_discovery:discover_packages(path) using defaults
[2.548s] Level 5:colcon.colcon_core.verb:set package 'ros2_shared' build argument 'cmake_args' from command line to 'None'
[2.549s] Level 5:colcon.colcon_core.verb:set package 'ros2_shared' build argument 'cmake_target' from command line to 'None'
[2.549s] Level 5:colcon.colcon_core.verb:set package 'ros2_shared' build argument 'cmake_target_skip_unavailable' from command line to 'False'
[2.549s] Level 5:colcon.colcon_core.verb:set package 'ros2_shared' build argument 'cmake_clean_cache' from command line to 'False'
[2.549s] Level 5:colcon.colcon_core.verb:set package 'ros2_shared' build argument 'cmake_clean_first' from command line to 'False'
[2.549s] Level 5:colcon.colcon_core.verb:set package 'ros2_shared' build argument 'cmake_force_configure' from command line to 'False'
[2.550s] Level 5:colcon.colcon_core.verb:set package 'ros2_shared' build argument 'ament_cmake_args' from command line to 'None'
[2.550s] Level 5:colcon.colcon_core.verb:set package 'ros2_shared' build argument 'catkin_cmake_args' from command line to 'None'
[2.550s] Level 5:colcon.colcon_core.verb:set package 'ros2_shared' build argument 'catkin_skip_building_tests' from command line to 'False'
[2.551s] DEBUG:colcon.colcon_core.verb:Building package 'ros2_shared' with the following arguments: {'ament_cmake_args': None, 'build_base': '/home/ubuntu/cv_cam_ws/build/ros2_shared', 'catkin_cmake_args': None, 'catkin_skip_building_tests': False, 'cmake_args': None, 'cmake_clean_cache': False, 'cmake_clean_first': False, 'cmake_force_configure': False, 'cmake_target': None, 'cmake_target_skip_unavailable': False, 'install_base': '/home/ubuntu/cv_cam_ws/install/ros2_shared', 'merge_install': False, 'path': '/home/ubuntu/cv_cam_ws/src/ROS2_turtlebot3_project/cv_cam_ws/src/ros2_shared', 'symlink_install': False, 'test_result_base': None}
[2.570s] Level 5:colcon.colcon_core.verb:set package 'opencv_cam' build argument 'cmake_args' from command line to 'None'
[2.571s] Level 5:colcon.colcon_core.verb:set package 'opencv_cam' build argument 'cmake_target' from command line to 'None'
[2.571s] Level 5:colcon.colcon_core.verb:set package 'opencv_cam' build argument 'cmake_target_skip_unavailable' from command line to 'False'
[2.571s] Level 5:colcon.colcon_core.verb:set package 'opencv_cam' build argument 'cmake_clean_cache' from command line to 'False'
[2.571s] Level 5:colcon.colcon_core.verb:set package 'opencv_cam' build argument 'cmake_clean_first' from command line to 'False'
[2.572s] Level 5:colcon.colcon_core.verb:set package 'opencv_cam' build argument 'cmake_force_configure' from command line to 'False'
[2.572s] Level 5:colcon.colcon_core.verb:set package 'opencv_cam' build argument 'ament_cmake_args' from command line to 'None'
[2.572s] Level 5:colcon.colcon_core.verb:set package 'opencv_cam' build argument 'catkin_cmake_args' from command line to 'None'
[2.572s] Level 5:colcon.colcon_core.verb:set package 'opencv_cam' build argument 'catkin_skip_building_tests' from command line to 'False'
[2.572s] DEBUG:colcon.colcon_core.verb:Building package 'opencv_cam' with the following arguments: {'ament_cmake_args': None, 'build_base': '/home/ubuntu/cv_cam_ws/build/opencv_cam', 'catkin_cmake_args': None, 'catkin_skip_building_tests': False, 'cmake_args': None, 'cmake_clean_cache': False, 'cmake_clean_first': False, 'cmake_force_configure': False, 'cmake_target': None, 'cmake_target_skip_unavailable': False, 'install_base': '/home/ubuntu/cv_cam_ws/install/opencv_cam', 'merge_install': False, 'path': '/home/ubuntu/cv_cam_ws/src/ROS2_turtlebot3_project/cv_cam_ws/src/opencv_cam', 'symlink_install': False, 'test_result_base': None}
[2.575s] INFO:colcon.colcon_core.executor:Executing jobs using 'parallel' executor
[2.588s] DEBUG:colcon.colcon_parallel_executor.executor.parallel:run_until_complete
[2.590s] INFO:colcon.colcon_ros.task.ament_cmake.build:Building ROS package in '/home/ubuntu/cv_cam_ws/src/ROS2_turtlebot3_project/cv_cam_ws/src/ros2_shared' with build type 'ament_cmake'
[2.591s] INFO:colcon.colcon_cmake.task.cmake.build:Building CMake package in '/home/ubuntu/cv_cam_ws/src/ROS2_turtlebot3_project/cv_cam_ws/src/ros2_shared'
[2.617s] INFO:colcon.colcon_core.plugin_system:Skipping extension 'colcon_core.shell.bat': Not used on non-Windows systems
[2.618s] INFO:colcon.colcon_core.shell:Skip shell extension 'powershell' for command environment: Not usable outside of PowerShell
[2.619s] DEBUG:colcon.colcon_core.shell:Skip shell extension 'dsv' for command environment
[2.654s] DEBUG:colcon.colcon_core.shell:Ignoring prefix path '/opt/ros/foxy'
[2.717s] DEBUG:colcon.colcon_core.event_handler.log_command:Invoking command in '/home/ubuntu/cv_cam_ws/build/ros2_shared': CMAKE_PREFIX_PATH=${CMAKE_PREFIX_PATH}:/home/ubuntu/ros2_ws/install/opencv_tests:/home/ubuntu/turtlebot3_ws/install/turtlebot3_teleop:/home/ubuntu/turtlebot3_ws/install/turtlebot3_example:/opt/ros/foxy /usr/bin/cmake --build /home/ubuntu/cv_cam_ws/build/ros2_shared -- -j4 -l4
[3.049s] DEBUG:colcon.colcon_core.event_handler.log_command:Invoked command in '/home/ubuntu/cv_cam_ws/build/ros2_shared' returned '0': CMAKE_PREFIX_PATH=${CMAKE_PREFIX_PATH}:/home/ubuntu/ros2_ws/install/opencv_tests:/home/ubuntu/turtlebot3_ws/install/turtlebot3_teleop:/home/ubuntu/turtlebot3_ws/install/turtlebot3_example:/opt/ros/foxy /usr/bin/cmake --build /home/ubuntu/cv_cam_ws/build/ros2_shared -- -j4 -l4
[3.375s] DEBUG:colcon.colcon_core.event_handler.log_command:Invoking command in '/home/ubuntu/cv_cam_ws/build/ros2_shared': CMAKE_PREFIX_PATH=${CMAKE_PREFIX_PATH}:/home/ubuntu/ros2_ws/install/opencv_tests:/home/ubuntu/turtlebot3_ws/install/turtlebot3_teleop:/home/ubuntu/turtlebot3_ws/install/turtlebot3_example:/opt/ros/foxy /usr/bin/cmake --install /home/ubuntu/cv_cam_ws/build/ros2_shared
[3.468s] Level 1:colcon.colcon_core.environment:create_environment_scripts_only(ros2_shared)
[3.473s] DEBUG:colcon.colcon_core.event_handler.log_command:Invoked command in '/home/ubuntu/cv_cam_ws/build/ros2_shared' returned '0': CMAKE_PREFIX_PATH=${CMAKE_PREFIX_PATH}:/home/ubuntu/ros2_ws/install/opencv_tests:/home/ubuntu/turtlebot3_ws/install/turtlebot3_teleop:/home/ubuntu/turtlebot3_ws/install/turtlebot3_example:/opt/ros/foxy /usr/bin/cmake --install /home/ubuntu/cv_cam_ws/build/ros2_shared
[3.500s] Level 1:colcon.colcon_core.environment:checking '/home/ubuntu/cv_cam_ws/install/ros2_shared' for CMake module files
[3.504s] Level 1:colcon.colcon_core.environment:checking '/home/ubuntu/cv_cam_ws/install/ros2_shared' for CMake config files
[3.506s] Level 1:colcon.colcon_core.shell:create_environment_hook('ros2_shared', 'cmake_prefix_path')
[3.510s] INFO:colcon.colcon_core.shell:Creating environment hook '/home/ubuntu/cv_cam_ws/install/ros2_shared/share/ros2_shared/hook/cmake_prefix_path.ps1'
[3.514s] INFO:colcon.colcon_core.shell:Creating environment descriptor '/home/ubuntu/cv_cam_ws/install/ros2_shared/share/ros2_shared/hook/cmake_prefix_path.dsv'
[3.518s] INFO:colcon.colcon_core.shell:Creating environment hook '/home/ubuntu/cv_cam_ws/install/ros2_shared/share/ros2_shared/hook/cmake_prefix_path.sh'
[3.524s] Level 1:colcon.colcon_core.environment:checking '/home/ubuntu/cv_cam_ws/install/ros2_shared/bin'
[3.525s] Level 1:colcon.colcon_core.environment:checking '/home/ubuntu/cv_cam_ws/install/ros2_shared/lib/pkgconfig/ros2_shared.pc'
[3.526s] Level 1:colcon.colcon_core.environment:checking '/home/ubuntu/cv_cam_ws/install/ros2_shared/lib/python3.8/site-packages'
[3.530s] INFO:colcon.colcon_core.shell:Creating package script '/home/ubuntu/cv_cam_ws/install/ros2_shared/share/ros2_shared/package.ps1'
[3.536s] INFO:colcon.colcon_core.shell:Creating package descriptor '/home/ubuntu/cv_cam_ws/install/ros2_shared/share/ros2_shared/package.dsv'
[3.540s] INFO:colcon.colcon_core.shell:Creating package script '/home/ubuntu/cv_cam_ws/install/ros2_shared/share/ros2_shared/package.sh'
[3.546s] INFO:colcon.colcon_core.shell:Creating package script '/home/ubuntu/cv_cam_ws/install/ros2_shared/share/ros2_shared/package.bash'
[3.553s] INFO:colcon.colcon_core.shell:Creating package script '/home/ubuntu/cv_cam_ws/install/ros2_shared/share/ros2_shared/package.zsh'
[3.558s] Level 1:colcon.colcon_core.environment:create_file_with_runtime_dependencies(/home/ubuntu/cv_cam_ws/install/ros2_shared/share/colcon-core/packages/ros2_shared)
[3.800s] Level 1:colcon.colcon_core.environment:create_environment_scripts_only(ros2_shared)
[3.809s] Level 1:colcon.colcon_core.environment:checking '/home/ubuntu/cv_cam_ws/install/ros2_shared' for CMake module files
[3.814s] Level 1:colcon.colcon_core.environment:checking '/home/ubuntu/cv_cam_ws/install/ros2_shared' for CMake config files
[3.815s] Level 1:colcon.colcon_core.shell:create_environment_hook('ros2_shared', 'cmake_prefix_path')
[3.819s] INFO:colcon.colcon_core.shell:Creating environment hook '/home/ubuntu/cv_cam_ws/install/ros2_shared/share/ros2_shared/hook/cmake_prefix_path.ps1'
[3.822s] INFO:colcon.colcon_core.shell:Creating environment descriptor '/home/ubuntu/cv_cam_ws/install/ros2_shared/share/ros2_shared/hook/cmake_prefix_path.dsv'
[3.825s] INFO:colcon.colcon_core.shell:Creating environment hook '/home/ubuntu/cv_cam_ws/install/ros2_shared/share/ros2_shared/hook/cmake_prefix_path.sh'
[3.829s] Level 1:colcon.colcon_core.environment:checking '/home/ubuntu/cv_cam_ws/install/ros2_shared/bin'
[3.830s] Level 1:colcon.colcon_core.environment:checking '/home/ubuntu/cv_cam_ws/install/ros2_shared/lib/pkgconfig/ros2_shared.pc'
[3.831s] Level 1:colcon.colcon_core.environment:checking '/home/ubuntu/cv_cam_ws/install/ros2_shared/lib/python3.8/site-packages'
[3.835s] INFO:colcon.colcon_core.shell:Creating package script '/home/ubuntu/cv_cam_ws/install/ros2_shared/share/ros2_shared/package.ps1'
[3.839s] INFO:colcon.colcon_core.shell:Creating package descriptor '/home/ubuntu/cv_cam_ws/install/ros2_shared/share/ros2_shared/package.dsv'
[3.842s] INFO:colcon.colcon_core.shell:Creating package script '/home/ubuntu/cv_cam_ws/install/ros2_shared/share/ros2_shared/package.sh'
[3.846s] INFO:colcon.colcon_core.shell:Creating package script '/home/ubuntu/cv_cam_ws/install/ros2_shared/share/ros2_shared/package.bash'
[3.850s] INFO:colcon.colcon_core.shell:Creating package script '/home/ubuntu/cv_cam_ws/install/ros2_shared/share/ros2_shared/package.zsh'
[3.853s] Level 1:colcon.colcon_core.environment:create_file_with_runtime_dependencies(/home/ubuntu/cv_cam_ws/install/ros2_shared/share/colcon-core/packages/ros2_shared)
[3.855s] INFO:colcon.colcon_ros.task.ament_cmake.build:Building ROS package in '/home/ubuntu/cv_cam_ws/src/ROS2_turtlebot3_project/cv_cam_ws/src/opencv_cam' with build type 'ament_cmake'
[3.856s] INFO:colcon.colcon_cmake.task.cmake.build:Building CMake package in '/home/ubuntu/cv_cam_ws/src/ROS2_turtlebot3_project/cv_cam_ws/src/opencv_cam'
[3.860s] INFO:colcon.colcon_core.shell:Skip shell extension 'powershell' for command environment: Not usable outside of PowerShell
[3.861s] DEBUG:colcon.colcon_core.shell:Skip shell extension 'dsv' for command environment
[3.894s] DEBUG:colcon.colcon_core.shell:Ignoring prefix path '/opt/ros/foxy'
[3.961s] DEBUG:colcon.colcon_core.event_handler.log_command:Invoking command in '/home/ubuntu/cv_cam_ws/build/opencv_cam': CMAKE_PREFIX_PATH=/home/ubuntu/cv_cam_ws/install/ros2_shared:/home/ubuntu/cv_cam_ws/install/opencv_cam:/home/ubuntu/ros2_ws/install/vision_opencv:/home/ubuntu/ros2_ws/install/v4l2_camera:/home/ubuntu/ros2_ws/install/image_transport_plugins:/home/ubuntu/ros2_ws/install/theora_image_transport:/home/ubuntu/ros2_ws/install/image_common:/home/ubuntu/ros2_ws/install/compressed_image_transport:/home/ubuntu/ros2_ws/install/compressed_depth_image_transport:/home/ubuntu/ros2_ws/install/image_transport:/home/ubuntu/ros2_ws/install/image_geometry:/home/ubuntu/ros2_ws/install/cv_bridge:/home/ubuntu/ros2_ws/install/camera_info_manager:/home/ubuntu/ros2_ws/install/camera_calibration_parsers:/home/ubuntu/turtlebot3_ws/install/turtlebot3:/home/ubuntu/turtlebot3_ws/install/turtlebot3_bringup:/home/ubuntu/turtlebot3_ws/install/turtlebot3_node:/home/ubuntu/turtlebot3_ws/install/turtlebot3_description:/home/ubuntu/turtlebot3_ws/install/ld08_driver:/home/ubuntu/ros2_ws/install/opencv_tests:/home/ubuntu/turtlebot3_ws/install/turtlebot3_teleop:/home/ubuntu/turtlebot3_ws/install/turtlebot3_example:/opt/ros/foxy /usr/bin/cmake --build /home/ubuntu/cv_cam_ws/build/opencv_cam -- -j4 -l4
[4.919s] DEBUG:colcon.colcon_core.event_handler.log_command:Invoked command in '/home/ubuntu/cv_cam_ws/build/opencv_cam' returned '0': CMAKE_PREFIX_PATH=/home/ubuntu/cv_cam_ws/install/ros2_shared:/home/ubuntu/cv_cam_ws/install/opencv_cam:/home/ubuntu/ros2_ws/install/vision_opencv:/home/ubuntu/ros2_ws/install/v4l2_camera:/home/ubuntu/ros2_ws/install/image_transport_plugins:/home/ubuntu/ros2_ws/install/theora_image_transport:/home/ubuntu/ros2_ws/install/image_common:/home/ubuntu/ros2_ws/install/compressed_image_transport:/home/ubuntu/ros2_ws/install/compressed_depth_image_transport:/home/ubuntu/ros2_ws/install/image_transport:/home/ubuntu/ros2_ws/install/image_geometry:/home/ubuntu/ros2_ws/install/cv_bridge:/home/ubuntu/ros2_ws/install/camera_info_manager:/home/ubuntu/ros2_ws/install/camera_calibration_parsers:/home/ubuntu/turtlebot3_ws/install/turtlebot3:/home/ubuntu/turtlebot3_ws/install/turtlebot3_bringup:/home/ubuntu/turtlebot3_ws/install/turtlebot3_node:/home/ubuntu/turtlebot3_ws/install/turtlebot3_description:/home/ubuntu/turtlebot3_ws/install/ld08_driver:/home/ubuntu/ros2_ws/install/opencv_tests:/home/ubuntu/turtlebot3_ws/install/turtlebot3_teleop:/home/ubuntu/turtlebot3_ws/install/turtlebot3_example:/opt/ros/foxy /usr/bin/cmake --build /home/ubuntu/cv_cam_ws/build/opencv_cam -- -j4 -l4
[5.326s] DEBUG:colcon.colcon_core.event_handler.log_command:Invoking command in '/home/ubuntu/cv_cam_ws/build/opencv_cam': CMAKE_PREFIX_PATH=/home/ubuntu/cv_cam_ws/install/ros2_shared:/home/ubuntu/cv_cam_ws/install/opencv_cam:/home/ubuntu/ros2_ws/install/vision_opencv:/home/ubuntu/ros2_ws/install/v4l2_camera:/home/ubuntu/ros2_ws/install/image_transport_plugins:/home/ubuntu/ros2_ws/install/theora_image_transport:/home/ubuntu/ros2_ws/install/image_common:/home/ubuntu/ros2_ws/install/compressed_image_transport:/home/ubuntu/ros2_ws/install/compressed_depth_image_transport:/home/ubuntu/ros2_ws/install/image_transport:/home/ubuntu/ros2_ws/install/image_geometry:/home/ubuntu/ros2_ws/install/cv_bridge:/home/ubuntu/ros2_ws/install/camera_info_manager:/home/ubuntu/ros2_ws/install/camera_calibration_parsers:/home/ubuntu/turtlebot3_ws/install/turtlebot3:/home/ubuntu/turtlebot3_ws/install/turtlebot3_bringup:/home/ubuntu/turtlebot3_ws/install/turtlebot3_node:/home/ubuntu/turtlebot3_ws/install/turtlebot3_description:/home/ubuntu/turtlebot3_ws/install/ld08_driver:/home/ubuntu/ros2_ws/install/opencv_tests:/home/ubuntu/turtlebot3_ws/install/turtlebot3_teleop:/home/ubuntu/turtlebot3_ws/install/turtlebot3_example:/opt/ros/foxy /usr/bin/cmake --install /home/ubuntu/cv_cam_ws/build/opencv_cam
[5.442s] Level 1:colcon.colcon_core.environment:create_environment_scripts_only(opencv_cam)
[5.449s] Level 1:colcon.colcon_core.environment:checking '/home/ubuntu/cv_cam_ws/install/opencv_cam' for CMake module files
[5.452s] DEBUG:colcon.colcon_core.event_handler.log_command:Invoked command in '/home/ubuntu/cv_cam_ws/build/opencv_cam' returned '0': CMAKE_PREFIX_PATH=/home/ubuntu/cv_cam_ws/install/ros2_shared:/home/ubuntu/cv_cam_ws/install/opencv_cam:/home/ubuntu/ros2_ws/install/vision_opencv:/home/ubuntu/ros2_ws/install/v4l2_camera:/home/ubuntu/ros2_ws/install/image_transport_plugins:/home/ubuntu/ros2_ws/install/theora_image_transport:/home/ubuntu/ros2_ws/install/image_common:/home/ubuntu/ros2_ws/install/compressed_image_transport:/home/ubuntu/ros2_ws/install/compressed_depth_image_transport:/home/ubuntu/ros2_ws/install/image_transport:/home/ubuntu/ros2_ws/install/image_geometry:/home/ubuntu/ros2_ws/install/cv_bridge:/home/ubuntu/ros2_ws/install/camera_info_manager:/home/ubuntu/ros2_ws/install/camera_calibration_parsers:/home/ubuntu/turtlebot3_ws/install/turtlebot3:/home/ubuntu/turtlebot3_ws/install/turtlebot3_bringup:/home/ubuntu/turtlebot3_ws/install/turtlebot3_node:/home/ubuntu/turtlebot3_ws/install/turtlebot3_description:/home/ubuntu/turtlebot3_ws/install/ld08_driver:/home/ubuntu/ros2_ws/install/opencv_tests:/home/ubuntu/turtlebot3_ws/install/turtlebot3_teleop:/home/ubuntu/turtlebot3_ws/install/turtlebot3_example:/opt/ros/foxy /usr/bin/cmake --install /home/ubuntu/cv_cam_ws/build/opencv_cam
[5.456s] Level 1:colcon.colcon_core.environment:checking '/home/ubuntu/cv_cam_ws/install/opencv_cam' for CMake config files
[5.458s] Level 1:colcon.colcon_core.shell:create_environment_hook('opencv_cam', 'cmake_prefix_path')
[5.462s] INFO:colcon.colcon_core.shell:Creating environment hook '/home/ubuntu/cv_cam_ws/install/opencv_cam/share/opencv_cam/hook/cmake_prefix_path.ps1'
[5.465s] INFO:colcon.colcon_core.shell:Creating environment descriptor '/home/ubuntu/cv_cam_ws/install/opencv_cam/share/opencv_cam/hook/cmake_prefix_path.dsv'
[5.468s] INFO:colcon.colcon_core.shell:Creating environment hook '/home/ubuntu/cv_cam_ws/install/opencv_cam/share/opencv_cam/hook/cmake_prefix_path.sh'
[5.473s] Level 1:colcon.colcon_core.environment:checking '/home/ubuntu/cv_cam_ws/install/opencv_cam/lib'
[5.474s] Level 1:colcon.colcon_core.shell:create_environment_hook('opencv_cam', 'ld_library_path_lib')
[5.478s] INFO:colcon.colcon_core.shell:Creating environment hook '/home/ubuntu/cv_cam_ws/install/opencv_cam/share/opencv_cam/hook/ld_library_path_lib.ps1'
[5.481s] INFO:colcon.colcon_core.shell:Creating environment descriptor '/home/ubuntu/cv_cam_ws/install/opencv_cam/share/opencv_cam/hook/ld_library_path_lib.dsv'
[5.484s] INFO:colcon.colcon_core.shell:Creating environment hook '/home/ubuntu/cv_cam_ws/install/opencv_cam/share/opencv_cam/hook/ld_library_path_lib.sh'
[5.487s] Level 1:colcon.colcon_core.environment:checking '/home/ubuntu/cv_cam_ws/install/opencv_cam/bin'
[5.488s] Level 1:colcon.colcon_core.environment:checking '/home/ubuntu/cv_cam_ws/install/opencv_cam/lib/pkgconfig/opencv_cam.pc'
[5.489s] Level 1:colcon.colcon_core.environment:checking '/home/ubuntu/cv_cam_ws/install/opencv_cam/lib/python3.8/site-packages'
[5.493s] INFO:colcon.colcon_core.shell:Creating package script '/home/ubuntu/cv_cam_ws/install/opencv_cam/share/opencv_cam/package.ps1'
[5.497s] INFO:colcon.colcon_core.shell:Creating package descriptor '/home/ubuntu/cv_cam_ws/install/opencv_cam/share/opencv_cam/package.dsv'
[5.501s] INFO:colcon.colcon_core.shell:Creating package script '/home/ubuntu/cv_cam_ws/install/opencv_cam/share/opencv_cam/package.sh'
[5.505s] INFO:colcon.colcon_core.shell:Creating package script '/home/ubuntu/cv_cam_ws/install/opencv_cam/share/opencv_cam/package.bash'
[5.508s] INFO:colcon.colcon_core.shell:Creating package script '/home/ubuntu/cv_cam_ws/install/opencv_cam/share/opencv_cam/package.zsh'
[5.511s] Level 1:colcon.colcon_core.environment:create_file_with_runtime_dependencies(/home/ubuntu/cv_cam_ws/install/opencv_cam/share/colcon-core/packages/opencv_cam)
[5.878s] Level 1:colcon.colcon_core.environment:create_environment_scripts_only(opencv_cam)
[5.886s] Level 1:colcon.colcon_core.environment:checking '/home/ubuntu/cv_cam_ws/install/opencv_cam' for CMake module files
[5.894s] Level 1:colcon.colcon_core.environment:checking '/home/ubuntu/cv_cam_ws/install/opencv_cam' for CMake config files
[5.895s] Level 1:colcon.colcon_core.shell:create_environment_hook('opencv_cam', 'cmake_prefix_path')
[5.899s] INFO:colcon.colcon_core.shell:Creating environment hook '/home/ubuntu/cv_cam_ws/install/opencv_cam/share/opencv_cam/hook/cmake_prefix_path.ps1'
[5.902s] INFO:colcon.colcon_core.shell:Creating environment descriptor '/home/ubuntu/cv_cam_ws/install/opencv_cam/share/opencv_cam/hook/cmake_prefix_path.dsv'
[5.905s] INFO:colcon.colcon_core.shell:Creating environment hook '/home/ubuntu/cv_cam_ws/install/opencv_cam/share/opencv_cam/hook/cmake_prefix_path.sh'
[5.910s] Level 1:colcon.colcon_core.environment:checking '/home/ubuntu/cv_cam_ws/install/opencv_cam/lib'
[5.910s] Level 1:colcon.colcon_core.shell:create_environment_hook('opencv_cam', 'ld_library_path_lib')
[5.914s] INFO:colcon.colcon_core.shell:Creating environment hook '/home/ubuntu/cv_cam_ws/install/opencv_cam/share/opencv_cam/hook/ld_library_path_lib.ps1'
[5.917s] INFO:colcon.colcon_core.shell:Creating environment descriptor '/home/ubuntu/cv_cam_ws/install/opencv_cam/share/opencv_cam/hook/ld_library_path_lib.dsv'
[5.920s] INFO:colcon.colcon_core.shell:Creating environment hook '/home/ubuntu/cv_cam_ws/install/opencv_cam/share/opencv_cam/hook/ld_library_path_lib.sh'
[5.923s] Level 1:colcon.colcon_core.environment:checking '/home/ubuntu/cv_cam_ws/install/opencv_cam/bin'
[5.923s] Level 1:colcon.colcon_core.environment:checking '/home/ubuntu/cv_cam_ws/install/opencv_cam/lib/pkgconfig/opencv_cam.pc'
[5.924s] Level 1:colcon.colcon_core.environment:checking '/home/ubuntu/cv_cam_ws/install/opencv_cam/lib/python3.8/site-packages'
[5.929s] INFO:colcon.colcon_core.shell:Creating package script '/home/ubuntu/cv_cam_ws/install/opencv_cam/share/opencv_cam/package.ps1'
[5.933s] INFO:colcon.colcon_core.shell:Creating package descriptor '/home/ubuntu/cv_cam_ws/install/opencv_cam/share/opencv_cam/package.dsv'
[5.938s] INFO:colcon.colcon_core.shell:Creating package script '/home/ubuntu/cv_cam_ws/install/opencv_cam/share/opencv_cam/package.sh'
[5.942s] INFO:colcon.colcon_core.shell:Creating package script '/home/ubuntu/cv_cam_ws/install/opencv_cam/share/opencv_cam/package.bash'
[5.946s] INFO:colcon.colcon_core.shell:Creating package script '/home/ubuntu/cv_cam_ws/install/opencv_cam/share/opencv_cam/package.zsh'
[5.949s] Level 1:colcon.colcon_core.environment:create_file_with_runtime_dependencies(/home/ubuntu/cv_cam_ws/install/opencv_cam/share/colcon-core/packages/opencv_cam)
[5.952s] DEBUG:colcon.colcon_parallel_executor.executor.parallel:closing loop
[5.953s] DEBUG:colcon.colcon_parallel_executor.executor.parallel:loop closed
[5.954s] DEBUG:colcon.colcon_parallel_executor.executor.parallel:run_until_complete finished with '0'
[5.955s] DEBUG:colcon.colcon_core.event_reactor:joining thread
[6.001s] INFO:colcon.colcon_core.plugin_system:Skipping extension 'colcon_notification.desktop_notification.notify_send': Could not find 'notify-send'
[6.001s] INFO:colcon.colcon_core.plugin_system:Skipping extension 'colcon_notification.desktop_notification.terminal_notifier': Not used on non-Darwin systems
[6.002s] INFO:colcon.colcon_core.plugin_system:Skipping extension 'colcon_notification.desktop_notification.win32': Not used on non-Windows systems
[6.002s] INFO:colcon.colcon_notification.desktop_notification:Sending desktop notification using 'notify2'
[6.006s] DEBUG:colcon.colcon_notification.desktop_notification.notify2:Failed to initialize notify2: org.freedesktop.DBus.Error.ServiceUnknown: The name org.freedesktop.Notifications was not provided by any .service files
[6.007s] DEBUG:colcon.colcon_core.event_reactor:joined thread
[6.011s] INFO:colcon.colcon_core.shell:Creating prefix script '/home/ubuntu/cv_cam_ws/install/local_setup.ps1'
[6.017s] INFO:colcon.colcon_core.shell:Creating prefix util module '/home/ubuntu/cv_cam_ws/install/_local_setup_util_ps1.py'
[6.027s] INFO:colcon.colcon_core.shell:Creating prefix chain script '/home/ubuntu/cv_cam_ws/install/setup.ps1'
[6.059s] INFO:colcon.colcon_core.shell:Creating prefix script '/home/ubuntu/cv_cam_ws/install/local_setup.sh'
[6.063s] INFO:colcon.colcon_core.shell:Creating prefix util module '/home/ubuntu/cv_cam_ws/install/_local_setup_util_sh.py'
[6.067s] INFO:colcon.colcon_core.shell:Creating prefix chain script '/home/ubuntu/cv_cam_ws/install/setup.sh'
[6.092s] INFO:colcon.colcon_core.shell:Creating prefix script '/home/ubuntu/cv_cam_ws/install/local_setup.bash'
[6.096s] INFO:colcon.colcon_core.shell:Creating prefix chain script '/home/ubuntu/cv_cam_ws/install/setup.bash'
[6.121s] INFO:colcon.colcon_core.shell:Creating prefix script '/home/ubuntu/cv_cam_ws/install/local_setup.zsh'
[6.125s] INFO:colcon.colcon_core.shell:Creating prefix chain script '/home/ubuntu/cv_cam_ws/install/setup.zsh'
